2023/03/03 17:27:49 Received {c0 n0 {"type":"init","node_id":"n0","node_ids":["n0"],"msg_id":1}}
2023/03/03 17:27:49 Node n0 initialized
2023/03/03 17:27:49 Sent {"src":"n0","dest":"c0","body":{"in_reply_to":1,"type":"init_ok"}}
2023/03/03 17:27:49 Received {c1 n0 {"type":"topology","topology":{"n0":[]},"msg_id":1}}
2023/03/03 17:27:49 Sent {"src":"n0","dest":"c1","body":{"in_reply_to":1,"msg_id":1,"type":"topology_ok"}}
2023/03/03 17:27:49 Received {c2 n0 {"type":"read","msg_id":1}}
2023/03/03 17:27:49 Sent {"src":"n0","dest":"c2","body":{"in_reply_to":1,"messages":[],"msg_id":1,"type":"read_ok"}}
2023/03/03 17:27:49 Received {c2 n0 {"type":"broadcast","message":0,"msg_id":2}}
2023/03/03 17:27:49 Sent {"src":"n0","dest":"c2","body":{"in_reply_to":2,"message":0,"type":"broadcast_ok"}}
2023/03/03 17:27:50 Received {c3 n0 {"type":"broadcast","message":1,"msg_id":1}}
2023/03/03 17:27:50 Sent {"src":"n0","dest":"c3","body":{"in_reply_to":1,"message":1,"type":"broadcast_ok"}}
2023/03/03 17:27:50 Received {c4 n0 {"type":"broadcast","message":2,"msg_id":1}}
2023/03/03 17:27:50 Sent {"src":"n0","dest":"c4","body":{"in_reply_to":1,"message":2,"type":"broadcast_ok"}}
2023/03/03 17:27:50 Received {c5 n0 {"type":"read","msg_id":1}}
2023/03/03 17:27:50 Sent {"src":"n0","dest":"c5","body":{"in_reply_to":1,"messages":[0,0,0,0,1,2],"msg_id":1,"type":"read_ok"}}
2023/03/03 17:27:50 Received {c5 n0 {"type":"read","msg_id":2}}
2023/03/03 17:27:50 Sent {"src":"n0","dest":"c5","body":{"in_reply_to":2,"messages":[0,0,0,0,1,2],"msg_id":2,"type":"read_ok"}}
2023/03/03 17:27:50 Received {c5 n0 {"type":"read","msg_id":3}}
2023/03/03 17:27:50 Sent {"src":"n0","dest":"c5","body":{"in_reply_to":3,"messages":[0,0,0,0,1,2],"msg_id":3,"type":"read_ok"}}
2023/03/03 17:27:50 Received {c5 n0 {"type":"read","msg_id":4}}
2023/03/03 17:27:50 Sent {"src":"n0","dest":"c5","body":{"in_reply_to":4,"messages":[0,0,0,0,1,2],"msg_id":4,"type":"read_ok"}}
2023/03/03 17:27:50 Received {c5 n0 {"type":"broadcast","message":3,"msg_id":5}}
2023/03/03 17:27:50 Sent {"src":"n0","dest":"c5","body":{"in_reply_to":5,"message":3,"type":"broadcast_ok"}}
2023/03/03 17:27:51 Received {c6 n0 {"type":"read","msg_id":1}}
2023/03/03 17:27:51 Sent {"src":"n0","dest":"c6","body":{"in_reply_to":1,"messages":[0,0,0,0,2,3,0,1],"msg_id":1,"type":"read_ok"}}
2023/03/03 17:27:51 Received {c6 n0 {"type":"broadcast","message":4,"msg_id":2}}
2023/03/03 17:27:51 Sent {"src":"n0","dest":"c6","body":{"in_reply_to":2,"message":4,"type":"broadcast_ok"}}
2023/03/03 17:27:51 Received {c7 n0 {"type":"read","msg_id":1}}
2023/03/03 17:27:51 Sent {"src":"n0","dest":"c7","body":{"in_reply_to":1,"messages":[0,0,0,0,0,0,1,2,3,4],"msg_id":1,"type":"read_ok"}}
2023/03/03 17:27:51 Received {c7 n0 {"type":"broadcast","message":5,"msg_id":2}}
2023/03/03 17:27:51 Sent {"src":"n0","dest":"c7","body":{"in_reply_to":2,"message":5,"type":"broadcast_ok"}}
2023/03/03 17:27:51 Received {c8 n0 {"type":"read","msg_id":1}}
2023/03/03 17:27:51 Sent {"src":"n0","dest":"c8","body":{"in_reply_to":1,"messages":[0,0,0,0,0,0,1,2,3,4,5,0],"msg_id":1,"type":"read_ok"}}
2023/03/03 17:27:51 Received {c8 n0 {"type":"read","msg_id":2}}
2023/03/03 17:27:51 Sent {"src":"n0","dest":"c8","body":{"in_reply_to":2,"messages":[0,0,0,0,0,0,0,1,2,3,4,5],"msg_id":2,"type":"read_ok"}}
2023/03/03 17:27:51 Received {c8 n0 {"type":"broadcast","message":6,"msg_id":3}}
2023/03/03 17:27:51 Sent {"src":"n0","dest":"c8","body":{"in_reply_to":3,"message":6,"type":"broadcast_ok"}}
2023/03/03 17:27:51 Received {c9 n0 {"type":"broadcast","message":7,"msg_id":1}}
2023/03/03 17:27:51 Sent {"src":"n0","dest":"c9","body":{"in_reply_to":1,"message":7,"type":"broadcast_ok"}}
2023/03/03 17:27:51 Received {c10 n0 {"type":"broadcast","message":8,"msg_id":1}}
2023/03/03 17:27:51 Sent {"src":"n0","dest":"c10","body":{"in_reply_to":1,"message":8,"type":"broadcast_ok"}}
2023/03/03 17:27:52 Received {c11 n0 {"type":"broadcast","message":9,"msg_id":1}}
2023/03/03 17:27:52 Sent {"src":"n0","dest":"c11","body":{"in_reply_to":1,"message":9,"type":"broadcast_ok"}}
2023/03/03 17:27:52 Received {c12 n0 {"type":"broadcast","message":10,"msg_id":1}}
2023/03/03 17:27:52 Sent {"src":"n0","dest":"c12","body":{"in_reply_to":1,"message":10,"type":"broadcast_ok"}}
