2023-03-03 17:58:35,186{GMT}	INFO	[jepsen test runner] jepsen.core: Test version 107bec742b20def7dd46ccfa2f0a350c542ba4cf (plus uncommitted changes)
2023-03-03 17:58:35,186{GMT}	INFO	[jepsen test runner] jepsen.core: Command line:
lein run test -w broadcast --bin /home/jln/.go/bin/maelstrom-broadcast --node-count 1 --time-limit 20 --rate 10
2023-03-03 17:58:35,231{GMT}	INFO	[jepsen test runner] jepsen.core: Running test:
{:args []
 :remote
 #jepsen.control.retry.Remote{:remote #jepsen.control.scp.Remote{:cmd-remote #jepsen.control.sshj.SSHJRemote{:concurrency-limit 6,
                                                                                                             :conn-spec nil,
                                                                                                             :client nil,
                                                                                                             :semaphore nil},
                                                                 :conn-spec nil},
                              :conn nil}
 :log-net-send false
 :node-count 1
 :availability nil
 :max-txn-length 4
 :concurrency 1
 :db
 #object[maelstrom.db$db$reify__16142
         "0x4a03c4bc"
         "maelstrom.db$db$reify__16142@4a03c4bc"]
 :max-writes-per-key 16
 :leave-db-running? false
 :name "broadcast"
 :logging-json? false
 :start-time
 #object[org.joda.time.DateTime "0x453ca7f" "2023-03-03T17:58:35.174-05:00"]
 :nemesis-interval 10
 :net
 #object[maelstrom.net$jepsen_net$reify__15251
         "0x5d41b929"
         "maelstrom.net$jepsen_net$reify__15251@5d41b929"]
 :client
 #object[maelstrom.workload.broadcast$client$reify__16644
         "0x6dd0e2f4"
         "maelstrom.workload.broadcast$client$reify__16644@6dd0e2f4"]
 :barrier
 #object[java.util.concurrent.CyclicBarrier
         "0x333813e7"
         "java.util.concurrent.CyclicBarrier@333813e7"]
 :log-stderr false
 :pure-generators true
 :ssh {:dummy? true}
 :rate 10.0
 :checker
 #object[jepsen.checker$compose$reify__11881
         "0x292237cd"
         "jepsen.checker$compose$reify__11881@292237cd"]
 :argv
 ("test"
  "-w"
  "broadcast"
  "--bin"
  "/home/jln/.go/bin/maelstrom-broadcast"
  "--node-count"
  "1"
  "--time-limit"
  "20"
  "--rate"
  "10")
 :nemesis
 (jepsen.nemesis.ReflCompose
  {:fm {:start-partition 0,
        :stop-partition 0,
        :kill 1,
        :start 1,
        :pause 1,
        :resume 1},
   :nemeses [#unprintable "jepsen.nemesis.combined$partition_nemesis$reify__16416@797a5b31"
             #unprintable "jepsen.nemesis.combined$db_nemesis$reify__16397@13d7d1a8"]})
 :nodes ["n0"]
 :test-count 1
 :latency {:mean 0, :dist :constant}
 :bin "/home/jln/.go/bin/maelstrom-broadcast"
 :generator
 ((jepsen.generator.Synchronize
   {:gen (jepsen.generator.TimeLimit
          {:limit 20000000000,
           :cutoff nil,
           :gen (jepsen.generator.Any
                 {:gens [(jepsen.generator.OnThreads
                          {:f #{:nemesis},
                           :context-filter #object[jepsen.generator.context$make_thread_filter$lazy_filter__9167
                                                   "0x72e4905c"
                                                   "jepsen.generator.context$make_thread_filter$lazy_filter__9167@72e4905c"],
                           :gen nil})
                         (jepsen.generator.OnThreads
                          {:f #jepsen.generator.context.AllBut{:element :nemesis},
                           :context-filter #object[jepsen.generator.context$make_thread_filter$lazy_filter__9167
                                                   "0x279b83ea"
                                                   "jepsen.generator.context$make_thread_filter$lazy_filter__9167@279b83ea"],
                           :gen (jepsen.generator.Stagger
                                 {:dt 200000000,
                                  :next-time nil,
                                  :gen (jepsen.generator.Mix
                                        {:i 1,
                                         :gens [({:f :broadcast, :value 0}
                                                 {:f :broadcast, :value 1}
                                                 {:f :broadcast, :value 2}
                                                 {:f :broadcast, :value 3}
                                                 {:f :broadcast, :value 4}
                                                 {:f :broadcast, :value 5}
                                                 {:f :broadcast, :value 6}
                                                 {:f :broadcast, :value 7}
                                                 ...)
                                                ({:f :read}
                                                 {:f :read}
                                                 {:f :read}
                                                 {:f :read}
                                                 {:f :read}
                                                 {:f :read}
                                                 {:f :read}
                                                 {:f :read}
                                                 ...)]})})})]})})})
  (jepsen.generator.Synchronize
   {:gen (jepsen.generator.OnThreads
          {:f #{:nemesis},
           :context-filter #object[jepsen.generator.context$make_thread_filter$lazy_filter__9167
                                   "0x40f40221"
                                   "jepsen.generator.context$make_thread_filter$lazy_filter__9167@40f40221"],
           :gen ()})})
  (jepsen.generator.Synchronize
   {:gen {:type :log, :value "Waiting for recovery..."}})
  (jepsen.generator.Synchronize {:gen {:type :sleep, :value 10}})
  (jepsen.generator.Synchronize
   {:gen (jepsen.generator.OnThreads
          {:f #jepsen.generator.context.AllBut{:element :nemesis},
           :context-filter #object[jepsen.generator.context$make_thread_filter$lazy_filter__9167
                                   "0x16441c13"
                                   "jepsen.generator.context$make_thread_filter$lazy_filter__9167@16441c13"],
           :gen (jepsen.generator.EachThread
                 {:fresh-gen {:f :read, :final? true},
                  :context-filters #object[clojure.core$promise$reify__8591
                                           "0x6d3b59e2"
                                           {:status :pending, :val nil}],
                  :gens {}})})}))
 :log-net-recv false
 :os
 #object[maelstrom.net$jepsen_os$reify__15254
         "0x164dfad2"
         "maelstrom.net$jepsen_os$reify__15254@164dfad2"]
 :time-limit 20
 :workload :broadcast
 :consistency-models [:strict-serializable]
 :topology :grid}

2023-03-03 17:58:36,300{GMT}	INFO	[jepsen node n0] maelstrom.net: Starting Maelstrom network
2023-03-03 17:58:36,300{GMT}	INFO	[jepsen test runner] jepsen.db: Tearing down DB
2023-03-03 17:58:36,301{GMT}	INFO	[jepsen test runner] jepsen.db: Setting up DB
2023-03-03 17:58:36,302{GMT}	INFO	[jepsen node n0] maelstrom.service: Starting services: (lin-kv lin-tso lww-kv seq-kv)
2023-03-03 17:58:36,303{GMT}	INFO	[jepsen node n0] maelstrom.db: Setting up n0
2023-03-03 17:58:36,303{GMT}	INFO	[jepsen node n0] maelstrom.process: launching /home/jln/.go/bin/maelstrom-broadcast []
2023-03-03 17:58:36,314{GMT}	INFO	[jepsen test runner] jepsen.core: Relative time begins now
2023-03-03 17:58:36,322{GMT}	INFO	[jepsen worker 0] jepsen.util: 0	:invoke	:read	nil
2023-03-03 17:58:36,324{GMT}	INFO	[jepsen worker 0] jepsen.util: 0	:ok	:read	[]
2023-03-03 17:58:36,444{GMT}	INFO	[jepsen worker 0] jepsen.util: 0	:invoke	:read	nil
2023-03-03 17:58:36,445{GMT}	INFO	[jepsen worker 0] jepsen.util: 0	:ok	:read	[]
2023-03-03 17:58:36,533{GMT}	INFO	[jepsen worker 0] jepsen.util: 0	:invoke	:read	nil
2023-03-03 17:58:36,534{GMT}	INFO	[jepsen worker 0] jepsen.util: 0	:ok	:read	[]
2023-03-03 17:58:36,633{GMT}	INFO	[jepsen worker 0] jepsen.util: 0	:invoke	:read	nil
2023-03-03 17:58:36,635{GMT}	INFO	[jepsen worker 0] jepsen.util: 0	:ok	:read	[]
2023-03-03 17:58:36,641{GMT}	INFO	[jepsen worker 0] jepsen.util: 0	:invoke	:read	nil
2023-03-03 17:58:36,642{GMT}	INFO	[jepsen worker 0] jepsen.util: 0	:ok	:read	[]
2023-03-03 17:58:36,841{GMT}	INFO	[jepsen worker 0] jepsen.util: 0	:invoke	:broadcast	0
2023-03-03 17:58:36,843{GMT}	INFO	[jepsen worker 0] jepsen.util: 0	:ok	:broadcast	0
2023-03-03 17:58:37,005{GMT}	INFO	[jepsen worker 0] jepsen.util: 0	:invoke	:read	nil
2023-03-03 17:58:37,006{GMT}	INFO	[jepsen worker 0] jepsen.util: 0	:ok	:read	[0]
2023-03-03 17:58:37,032{GMT}	INFO	[jepsen worker 0] jepsen.util: 0	:invoke	:read	nil
2023-03-03 17:58:37,033{GMT}	INFO	[jepsen worker 0] jepsen.util: 0	:ok	:read	[0]
2023-03-03 17:58:37,202{GMT}	INFO	[jepsen worker 0] jepsen.util: 0	:invoke	:broadcast	1
2023-03-03 17:58:37,203{GMT}	INFO	[jepsen worker 0] jepsen.util: 0	:ok	:broadcast	1
2023-03-03 17:58:37,256{GMT}	INFO	[jepsen worker 0] jepsen.util: 0	:invoke	:broadcast	2
2023-03-03 17:58:37,257{GMT}	INFO	[jepsen worker 0] jepsen.util: 0	:ok	:broadcast	2
2023-03-03 17:58:37,424{GMT}	INFO	[jepsen worker 0] jepsen.util: 0	:invoke	:broadcast	3
2023-03-03 17:58:37,425{GMT}	INFO	[jepsen worker 0] jepsen.util: 0	:ok	:broadcast	3
2023-03-03 17:58:37,506{GMT}	INFO	[jepsen worker 0] jepsen.util: 0	:invoke	:read	nil
2023-03-03 17:58:37,507{GMT}	INFO	[jepsen worker 0] jepsen.util: 0	:ok	:read	[0 0 0 0]
2023-03-03 17:58:37,659{GMT}	INFO	[jepsen worker 0] jepsen.util: 0	:invoke	:read	nil
2023-03-03 17:58:37,660{GMT}	INFO	[jepsen worker 0] jepsen.util: 0	:ok	:read	[0 0 0 0]
2023-03-03 17:58:37,697{GMT}	INFO	[jepsen worker 0] jepsen.util: 0	:invoke	:broadcast	4
2023-03-03 17:58:37,698{GMT}	INFO	[jepsen worker 0] jepsen.util: 0	:ok	:broadcast	4
2023-03-03 17:58:37,897{GMT}	INFO	[jepsen worker 0] jepsen.util: 0	:invoke	:broadcast	5
2023-03-03 17:58:37,898{GMT}	INFO	[jepsen worker 0] jepsen.util: 0	:ok	:broadcast	5
2023-03-03 17:58:37,943{GMT}	INFO	[jepsen worker 0] jepsen.util: 0	:invoke	:broadcast	6
2023-03-03 17:58:37,944{GMT}	INFO	[jepsen worker 0] jepsen.util: 0	:ok	:broadcast	6
2023-03-03 17:58:38,031{GMT}	INFO	[jepsen worker 0] jepsen.util: 0	:invoke	:broadcast	7
2023-03-03 17:58:38,032{GMT}	INFO	[jepsen worker 0] jepsen.util: 0	:ok	:broadcast	7
2023-03-03 17:58:38,158{GMT}	INFO	[jepsen worker 0] jepsen.util: 0	:invoke	:broadcast	8
2023-03-03 17:58:38,159{GMT}	INFO	[jepsen worker 0] jepsen.util: 0	:ok	:broadcast	8
2023-03-03 17:58:38,267{GMT}	INFO	[jepsen worker 0] jepsen.util: 0	:invoke	:read	nil
2023-03-03 17:58:38,268{GMT}	INFO	[jepsen worker 0] jepsen.util: 0	:ok	:read	[0 0 0 0 0 0 0 0 0]
2023-03-03 17:58:38,322{GMT}	INFO	[jepsen worker 0] jepsen.util: 0	:invoke	:broadcast	9
2023-03-03 17:58:38,323{GMT}	INFO	[jepsen worker 0] jepsen.util: 0	:ok	:broadcast	9
2023-03-03 17:58:38,457{GMT}	INFO	[jepsen worker 0] jepsen.util: 0	:invoke	:read	nil
2023-03-03 17:58:38,458{GMT}	INFO	[jepsen worker 0] jepsen.util: 0	:ok	:read	[0 0 0 0 0 0 0 0 0 0]
2023-03-03 17:58:38,543{GMT}	INFO	[jepsen worker 0] jepsen.util: 0	:invoke	:read	nil
2023-03-03 17:58:38,544{GMT}	INFO	[jepsen worker 0] jepsen.util: 0	:ok	:read	[0 0 0 0 0 0 0 0 0 0]
2023-03-03 17:58:38,707{GMT}	INFO	[jepsen worker 0] jepsen.util: 0	:invoke	:broadcast	10
2023-03-03 17:58:38,708{GMT}	INFO	[jepsen worker 0] jepsen.util: 0	:ok	:broadcast	10
2023-03-03 17:58:38,779{GMT}	INFO	[jepsen worker 0] jepsen.util: 0	:invoke	:broadcast	11
2023-03-03 17:58:38,779{GMT}	INFO	[jepsen worker 0] jepsen.util: 0	:ok	:broadcast	11
2023-03-03 17:58:38,781{GMT}	INFO	[jepsen worker 0] jepsen.util: 0	:invoke	:broadcast	12
2023-03-03 17:58:38,782{GMT}	INFO	[jepsen worker 0] jepsen.util: 0	:ok	:broadcast	12
2023-03-03 17:58:38,972{GMT}	INFO	[jepsen worker 0] jepsen.util: 0	:invoke	:read	nil
2023-03-03 17:58:38,973{GMT}	INFO	[jepsen worker 0] jepsen.util: 0	:ok	:read	[0 0 0 0 0 0 0 0 0 0 0 0 0]
2023-03-03 17:58:39,095{GMT}	INFO	[jepsen worker 0] jepsen.util: 0	:invoke	:read	nil
2023-03-03 17:58:39,096{GMT}	INFO	[jepsen worker 0] jepsen.util: 0	:ok	:read	[0 0 0 0 0 0 0 0 0 0 0 0 0]
2023-03-03 17:58:39,266{GMT}	INFO	[jepsen worker 0] jepsen.util: 0	:invoke	:broadcast	13
2023-03-03 17:58:39,267{GMT}	INFO	[jepsen worker 0] jepsen.util: 0	:ok	:broadcast	13
2023-03-03 17:58:39,330{GMT}	INFO	[jepsen worker 0] jepsen.util: 0	:invoke	:broadcast	14
2023-03-03 17:58:39,331{GMT}	INFO	[jepsen worker 0] jepsen.util: 0	:ok	:broadcast	14
2023-03-03 17:58:39,471{GMT}	INFO	[jepsen worker 0] jepsen.util: 0	:invoke	:read	nil
2023-03-03 17:58:39,473{GMT}	INFO	[jepsen worker 0] jepsen.util: 0	:ok	:read	[0 0 0 0 0 0 0 0 0 0 0 0 0 0 0]
2023-03-03 17:58:39,551{GMT}	INFO	[jepsen worker 0] jepsen.util: 0	:invoke	:read	nil
2023-03-03 17:58:39,552{GMT}	INFO	[jepsen worker 0] jepsen.util: 0	:ok	:read	[0 0 0 0 0 0 0 0 0 0 0 0 0 0 0]
2023-03-03 17:58:39,618{GMT}	INFO	[jepsen worker 0] jepsen.util: 0	:invoke	:read	nil
2023-03-03 17:58:39,619{GMT}	INFO	[jepsen worker 0] jepsen.util: 0	:ok	:read	[0 0 0 0 0 0 0 0 0 0 0 0 0 0 0]
2023-03-03 17:58:39,766{GMT}	INFO	[jepsen worker 0] jepsen.util: 0	:invoke	:read	nil
2023-03-03 17:58:39,768{GMT}	INFO	[jepsen worker 0] jepsen.util: 0	:ok	:read	[0 0 0 0 0 0 0 0 0 0 0 0 0 0 0]
2023-03-03 17:58:39,838{GMT}	INFO	[jepsen worker 0] jepsen.util: 0	:invoke	:read	nil
2023-03-03 17:58:39,840{GMT}	INFO	[jepsen worker 0] jepsen.util: 0	:ok	:read	[0 0 0 0 0 0 0 0 0 0 0 0 0 0 0]
2023-03-03 17:58:40,030{GMT}	INFO	[jepsen worker 0] jepsen.util: 0	:invoke	:broadcast	15
2023-03-03 17:58:40,032{GMT}	INFO	[jepsen worker 0] jepsen.util: 0	:ok	:broadcast	15
2023-03-03 17:58:40,143{GMT}	INFO	[jepsen worker 0] jepsen.util: 0	:invoke	:broadcast	16
2023-03-03 17:58:40,144{GMT}	INFO	[jepsen worker 0] jepsen.util: 0	:ok	:broadcast	16
2023-03-03 17:58:40,254{GMT}	INFO	[jepsen worker 0] jepsen.util: 0	:invoke	:broadcast	17
2023-03-03 17:58:40,256{GMT}	INFO	[jepsen worker 0] jepsen.util: 0	:ok	:broadcast	17
2023-03-03 17:58:40,420{GMT}	INFO	[jepsen worker 0] jepsen.util: 0	:invoke	:broadcast	18
2023-03-03 17:58:40,422{GMT}	INFO	[jepsen worker 0] jepsen.util: 0	:ok	:broadcast	18
2023-03-03 17:58:40,602{GMT}	INFO	[jepsen worker 0] jepsen.util: 0	:invoke	:read	nil
2023-03-03 17:58:40,603{GMT}	INFO	[jepsen worker 0] jepsen.util: 0	:ok	:read	[0 0 0 0 0 0 0 0 0 0 0 0 0 0 0 0 0 0 0]
2023-03-03 17:58:40,674{GMT}	INFO	[jepsen worker 0] jepsen.util: 0	:invoke	:read	nil
2023-03-03 17:58:40,674{GMT}	INFO	[jepsen worker 0] jepsen.util: 0	:ok	:read	[0 0 0 0 0 0 0 0 0 0 0 0 0 0 0 0 0 0 0]
2023-03-03 17:58:40,681{GMT}	INFO	[jepsen worker 0] jepsen.util: 0	:invoke	:read	nil
2023-03-03 17:58:40,682{GMT}	INFO	[jepsen worker 0] jepsen.util: 0	:ok	:read	[0 0 0 0 0 0 0 0 0 0 0 0 0 0 0 0 0 0 0]
2023-03-03 17:58:40,693{GMT}	INFO	[jepsen worker 0] jepsen.util: 0	:invoke	:broadcast	19
2023-03-03 17:58:40,694{GMT}	INFO	[jepsen worker 0] jepsen.util: 0	:ok	:broadcast	19
2023-03-03 17:58:40,703{GMT}	INFO	[jepsen worker 0] jepsen.util: 0	:invoke	:read	nil
2023-03-03 17:58:40,704{GMT}	INFO	[jepsen worker 0] jepsen.util: 0	:ok	:read	[0 0 0 0 0 0 0 0 0 0 0 0 0 0 0 0 0 0 0 0]
2023-03-03 17:58:40,773{GMT}	INFO	[jepsen worker 0] jepsen.util: 0	:invoke	:broadcast	20
2023-03-03 17:58:40,773{GMT}	INFO	[jepsen worker 0] jepsen.util: 0	:ok	:broadcast	20
2023-03-03 17:58:40,889{GMT}	INFO	[jepsen worker 0] jepsen.util: 0	:invoke	:read	nil
2023-03-03 17:58:40,889{GMT}	INFO	[jepsen worker 0] jepsen.util: 0	:ok	:read	[0 0 0 0 0 0 0 0 0 0 0 0 0 0 0 0 0 0 0 0 0]
2023-03-03 17:58:40,896{GMT}	INFO	[jepsen worker 0] jepsen.util: 0	:invoke	:broadcast	21
2023-03-03 17:58:40,897{GMT}	INFO	[jepsen worker 0] jepsen.util: 0	:ok	:broadcast	21
2023-03-03 17:58:40,991{GMT}	INFO	[jepsen worker 0] jepsen.util: 0	:invoke	:read	nil
2023-03-03 17:58:40,992{GMT}	INFO	[jepsen worker 0] jepsen.util: 0	:ok	:read	[0 0 0 0 0 0 0 0 0 0 0 0 0 0 0 0 0 0 0 0 0 0]
2023-03-03 17:58:41,079{GMT}	INFO	[jepsen worker 0] jepsen.util: 0	:invoke	:broadcast	22
2023-03-03 17:58:41,080{GMT}	INFO	[jepsen worker 0] jepsen.util: 0	:ok	:broadcast	22
2023-03-03 17:58:41,169{GMT}	INFO	[jepsen worker 0] jepsen.util: 0	:invoke	:broadcast	23
2023-03-03 17:58:41,169{GMT}	INFO	[jepsen worker 0] jepsen.util: 0	:ok	:broadcast	23
2023-03-03 17:58:41,235{GMT}	INFO	[jepsen worker 0] jepsen.util: 0	:invoke	:broadcast	24
2023-03-03 17:58:41,235{GMT}	INFO	[jepsen worker 0] jepsen.util: 0	:ok	:broadcast	24
2023-03-03 17:58:41,362{GMT}	INFO	[jepsen worker 0] jepsen.util: 0	:invoke	:read	nil
2023-03-03 17:58:41,362{GMT}	INFO	[jepsen worker 0] jepsen.util: 0	:ok	:read	[0 0 0 0 0 0 0 0 0 0 0 0 0 0 0 0 0 0 0 0 0 0 0 0 0]
2023-03-03 17:58:41,509{GMT}	INFO	[jepsen worker 0] jepsen.util: 0	:invoke	:read	nil
2023-03-03 17:58:41,510{GMT}	INFO	[jepsen worker 0] jepsen.util: 0	:ok	:read	[0 0 0 0 0 0 0 0 0 0 0 0 0 0 0 0 0 0 0 0 0 0 0 0 0]
2023-03-03 17:58:41,540{GMT}	INFO	[jepsen worker 0] jepsen.util: 0	:invoke	:read	nil
2023-03-03 17:58:41,540{GMT}	INFO	[jepsen worker 0] jepsen.util: 0	:ok	:read	[0 0 0 0 0 0 0 0 0 0 0 0 0 0 0 0 0 0 0 0 0 0 0 0 0]
2023-03-03 17:58:41,605{GMT}	INFO	[jepsen worker 0] jepsen.util: 0	:invoke	:read	nil
2023-03-03 17:58:41,606{GMT}	INFO	[jepsen worker 0] jepsen.util: 0	:ok	:read	[0 0 0 0 0 0 0 0 0 0 0 0 0 0 0 0 0 0 0 0 0 0 0 0 0]
2023-03-03 17:58:41,687{GMT}	INFO	[jepsen worker 0] jepsen.util: 0	:invoke	:broadcast	25
2023-03-03 17:58:41,688{GMT}	INFO	[jepsen worker 0] jepsen.util: 0	:ok	:broadcast	25
2023-03-03 17:58:41,740{GMT}	INFO	[jepsen worker 0] jepsen.util: 0	:invoke	:read	nil
2023-03-03 17:58:41,741{GMT}	INFO	[jepsen worker 0] jepsen.util: 0	:ok	:read	[0 0 0 0 0 0 0 0 0 0 0 0 0 0 0 0 0 0 0 0 0 0 0 0 0 0]
2023-03-03 17:58:41,869{GMT}	INFO	[jepsen worker 0] jepsen.util: 0	:invoke	:read	nil
2023-03-03 17:58:41,870{GMT}	INFO	[jepsen worker 0] jepsen.util: 0	:ok	:read	[0 0 0 0 0 0 0 0 0 0 0 0 0 0 0 0 0 0 0 0 0 0 0 0 0 0]
2023-03-03 17:58:42,016{GMT}	INFO	[jepsen worker 0] jepsen.util: 0	:invoke	:broadcast	26
2023-03-03 17:58:42,017{GMT}	INFO	[jepsen worker 0] jepsen.util: 0	:ok	:broadcast	26
2023-03-03 17:58:42,212{GMT}	INFO	[jepsen worker 0] jepsen.util: 0	:invoke	:broadcast	27
2023-03-03 17:58:42,212{GMT}	INFO	[jepsen worker 0] jepsen.util: 0	:ok	:broadcast	27
2023-03-03 17:58:42,282{GMT}	INFO	[jepsen worker 0] jepsen.util: 0	:invoke	:broadcast	28
2023-03-03 17:58:42,283{GMT}	INFO	[jepsen worker 0] jepsen.util: 0	:ok	:broadcast	28
2023-03-03 17:58:42,414{GMT}	INFO	[jepsen worker 0] jepsen.util: 0	:invoke	:read	nil
2023-03-03 17:58:42,415{GMT}	INFO	[jepsen worker 0] jepsen.util: 0	:ok	:read	[0 0 0 0 0 0 0 0 0 0 0 0 0 0 0 0 0 0 0 0 0 0 0 0 0 0 0 0 0]
2023-03-03 17:58:42,433{GMT}	INFO	[jepsen worker 0] jepsen.util: 0	:invoke	:broadcast	29
2023-03-03 17:58:42,433{GMT}	INFO	[jepsen worker 0] jepsen.util: 0	:ok	:broadcast	29
2023-03-03 17:58:42,584{GMT}	INFO	[jepsen worker 0] jepsen.util: 0	:invoke	:read	nil
2023-03-03 17:58:42,585{GMT}	INFO	[jepsen worker 0] jepsen.util: 0	:ok	:read	[0 0 0 0 0 0 0 0 0 0 0 0 0 0 0 0 0 0 0 0 0 0 0 0 0 0 0 0 0 0]
2023-03-03 17:58:42,625{GMT}	INFO	[jepsen worker 0] jepsen.util: 0	:invoke	:read	nil
2023-03-03 17:58:42,626{GMT}	INFO	[jepsen worker 0] jepsen.util: 0	:ok	:read	[0 0 0 0 0 0 0 0 0 0 0 0 0 0 0 0 0 0 0 0 0 0 0 0 0 0 0 0 0 0]
2023-03-03 17:58:42,684{GMT}	INFO	[jepsen worker 0] jepsen.util: 0	:invoke	:broadcast	30
2023-03-03 17:58:42,685{GMT}	INFO	[jepsen worker 0] jepsen.util: 0	:ok	:broadcast	30
2023-03-03 17:58:42,779{GMT}	INFO	[jepsen worker 0] jepsen.util: 0	:invoke	:broadcast	31
2023-03-03 17:58:42,779{GMT}	INFO	[jepsen worker 0] jepsen.util: 0	:ok	:broadcast	31
2023-03-03 17:58:42,785{GMT}	INFO	[jepsen worker 0] jepsen.util: 0	:invoke	:read	nil
2023-03-03 17:58:42,786{GMT}	INFO	[jepsen worker 0] jepsen.util: 0	:ok	:read	[0 0 0 0 0 0 0 0 0 0 0 0 0 0 0 0 0 0 0 0 0 0 0 0 0 0 0 0 0 0 0 0]
2023-03-03 17:58:42,808{GMT}	INFO	[jepsen worker 0] jepsen.util: 0	:invoke	:read	nil
2023-03-03 17:58:42,809{GMT}	INFO	[jepsen worker 0] jepsen.util: 0	:ok	:read	[0 0 0 0 0 0 0 0 0 0 0 0 0 0 0 0 0 0 0 0 0 0 0 0 0 0 0 0 0 0 0 0]
2023-03-03 17:58:42,976{GMT}	INFO	[jepsen worker 0] jepsen.util: 0	:invoke	:broadcast	32
2023-03-03 17:58:42,976{GMT}	INFO	[jepsen worker 0] jepsen.util: 0	:ok	:broadcast	32
2023-03-03 17:58:43,138{GMT}	INFO	[jepsen worker 0] jepsen.util: 0	:invoke	:broadcast	33
2023-03-03 17:58:43,138{GMT}	INFO	[jepsen worker 0] jepsen.util: 0	:ok	:broadcast	33
2023-03-03 17:58:43,219{GMT}	INFO	[jepsen worker 0] jepsen.util: 0	:invoke	:read	nil
2023-03-03 17:58:43,219{GMT}	INFO	[jepsen worker 0] jepsen.util: 0	:ok	:read	[0 0 0 0 0 0 0 0 0 0 0 0 0 0 0 0 0 0 0 0 0 0 0 0 0 0 0 0 0 0 0 0 0 0]
2023-03-03 17:58:43,284{GMT}	INFO	[jepsen worker 0] jepsen.util: 0	:invoke	:read	nil
2023-03-03 17:58:43,285{GMT}	INFO	[jepsen worker 0] jepsen.util: 0	:ok	:read	[0 0 0 0 0 0 0 0 0 0 0 0 0 0 0 0 0 0 0 0 0 0 0 0 0 0 0 0 0 0 0 0 0 0]
2023-03-03 17:58:43,341{GMT}	INFO	[Jepsen shutdown hook] jepsen.core: Downloading DB logs before JVM shutdown...
