2023-03-03 17:02:46,421{GMT}	INFO	[jepsen test runner] jepsen.core: Test version 107bec742b20def7dd46ccfa2f0a350c542ba4cf (plus uncommitted changes)
2023-03-03 17:02:46,421{GMT}	INFO	[jepsen test runner] jepsen.core: Command line:
lein run test -w broadcast --bin /home/jln/.go/bin/maelstrom-broadcast --node-count 1 --time-limit 20 --rate 10
2023-03-03 17:02:46,462{GMT}	INFO	[jepsen test runner] jepsen.core: Running test:
{:args []
 :remote
 #jepsen.control.retry.Remote{:remote #jepsen.control.scp.Remote{:cmd-remote #jepsen.control.sshj.SSHJRemote{:concurrency-limit 6,
                                                                                                             :conn-spec nil,
                                                                                                             :client nil,
                                                                                                             :semaphore nil},
                                                                 :conn-spec nil},
                              :conn nil}
 :log-net-send false
 :node-count 1
 :availability nil
 :max-txn-length 4
 :concurrency 1
 :db
 #object[maelstrom.db$db$reify__16142
         "0x4a03c4bc"
         "maelstrom.db$db$reify__16142@4a03c4bc"]
 :max-writes-per-key 16
 :leave-db-running? false
 :name "broadcast"
 :logging-json? false
 :start-time
 #object[org.joda.time.DateTime "0x453ca7f" "2023-03-03T17:02:46.409-05:00"]
 :nemesis-interval 10
 :net
 #object[maelstrom.net$jepsen_net$reify__15251
         "0x5d41b929"
         "maelstrom.net$jepsen_net$reify__15251@5d41b929"]
 :client
 #object[maelstrom.workload.broadcast$client$reify__16644
         "0x6dd0e2f4"
         "maelstrom.workload.broadcast$client$reify__16644@6dd0e2f4"]
 :barrier
 #object[java.util.concurrent.CyclicBarrier
         "0x333813e7"
         "java.util.concurrent.CyclicBarrier@333813e7"]
 :log-stderr false
 :pure-generators true
 :ssh {:dummy? true}
 :rate 10.0
 :checker
 #object[jepsen.checker$compose$reify__11881
         "0x292237cd"
         "jepsen.checker$compose$reify__11881@292237cd"]
 :argv
 ("test"
  "-w"
  "broadcast"
  "--bin"
  "/home/jln/.go/bin/maelstrom-broadcast"
  "--node-count"
  "1"
  "--time-limit"
  "20"
  "--rate"
  "10")
 :nemesis
 (jepsen.nemesis.ReflCompose
  {:fm {:start-partition 0,
        :stop-partition 0,
        :kill 1,
        :start 1,
        :pause 1,
        :resume 1},
   :nemeses [#unprintable "jepsen.nemesis.combined$partition_nemesis$reify__16416@797a5b31"
             #unprintable "jepsen.nemesis.combined$db_nemesis$reify__16397@13d7d1a8"]})
 :nodes ["n0"]
 :test-count 1
 :latency {:mean 0, :dist :constant}
 :bin "/home/jln/.go/bin/maelstrom-broadcast"
 :generator
 ((jepsen.generator.Synchronize
   {:gen (jepsen.generator.TimeLimit
          {:limit 20000000000,
           :cutoff nil,
           :gen (jepsen.generator.Any
                 {:gens [(jepsen.generator.OnThreads
                          {:f #{:nemesis},
                           :context-filter #object[jepsen.generator.context$make_thread_filter$lazy_filter__9167
                                                   "0x72e4905c"
                                                   "jepsen.generator.context$make_thread_filter$lazy_filter__9167@72e4905c"],
                           :gen nil})
                         (jepsen.generator.OnThreads
                          {:f #jepsen.generator.context.AllBut{:element :nemesis},
                           :context-filter #object[jepsen.generator.context$make_thread_filter$lazy_filter__9167
                                                   "0x279b83ea"
                                                   "jepsen.generator.context$make_thread_filter$lazy_filter__9167@279b83ea"],
                           :gen (jepsen.generator.Stagger
                                 {:dt 200000000,
                                  :next-time nil,
                                  :gen (jepsen.generator.Mix
                                        {:i 1,
                                         :gens [({:f :broadcast, :value 0}
                                                 {:f :broadcast, :value 1}
                                                 {:f :broadcast, :value 2}
                                                 {:f :broadcast, :value 3}
                                                 {:f :broadcast, :value 4}
                                                 {:f :broadcast, :value 5}
                                                 {:f :broadcast, :value 6}
                                                 {:f :broadcast, :value 7}
                                                 ...)
                                                ({:f :read}
                                                 {:f :read}
                                                 {:f :read}
                                                 {:f :read}
                                                 {:f :read}
                                                 {:f :read}
                                                 {:f :read}
                                                 {:f :read}
                                                 ...)]})})})]})})})
  (jepsen.generator.Synchronize
   {:gen (jepsen.generator.OnThreads
          {:f #{:nemesis},
           :context-filter #object[jepsen.generator.context$make_thread_filter$lazy_filter__9167
                                   "0x40f40221"
                                   "jepsen.generator.context$make_thread_filter$lazy_filter__9167@40f40221"],
           :gen ()})})
  (jepsen.generator.Synchronize
   {:gen {:type :log, :value "Waiting for recovery..."}})
  (jepsen.generator.Synchronize {:gen {:type :sleep, :value 10}})
  (jepsen.generator.Synchronize
   {:gen (jepsen.generator.OnThreads
          {:f #jepsen.generator.context.AllBut{:element :nemesis},
           :context-filter #object[jepsen.generator.context$make_thread_filter$lazy_filter__9167
                                   "0x16441c13"
                                   "jepsen.generator.context$make_thread_filter$lazy_filter__9167@16441c13"],
           :gen (jepsen.generator.EachThread
                 {:fresh-gen {:f :read, :final? true},
                  :context-filters #object[clojure.core$promise$reify__8591
                                           "0x6d3b59e2"
                                           {:status :pending, :val nil}],
                  :gens {}})})}))
 :log-net-recv false
 :os
 #object[maelstrom.net$jepsen_os$reify__15254
         "0x164dfad2"
         "maelstrom.net$jepsen_os$reify__15254@164dfad2"]
 :time-limit 20
 :workload :broadcast
 :consistency-models [:strict-serializable]
 :topology :grid}

2023-03-03 17:02:47,500{GMT}	INFO	[jepsen node n0] maelstrom.net: Starting Maelstrom network
2023-03-03 17:02:47,500{GMT}	INFO	[jepsen test runner] jepsen.db: Tearing down DB
2023-03-03 17:02:47,501{GMT}	INFO	[jepsen test runner] jepsen.db: Setting up DB
2023-03-03 17:02:47,502{GMT}	INFO	[jepsen node n0] maelstrom.service: Starting services: (lin-kv lin-tso lww-kv seq-kv)
2023-03-03 17:02:47,503{GMT}	INFO	[jepsen node n0] maelstrom.db: Setting up n0
2023-03-03 17:02:47,503{GMT}	INFO	[jepsen node n0] maelstrom.process: launching /home/jln/.go/bin/maelstrom-broadcast []
2023-03-03 17:02:47,514{GMT}	INFO	[jepsen test runner] jepsen.core: Relative time begins now
2023-03-03 17:02:47,523{GMT}	INFO	[jepsen worker 0] jepsen.util: 0	:invoke	:read	nil
2023-03-03 17:02:47,524{GMT}	INFO	[jepsen worker 0] jepsen.util: 0	:ok	:read	[]
2023-03-03 17:02:47,540{GMT}	INFO	[jepsen worker 0] jepsen.util: 0	:invoke	:read	nil
2023-03-03 17:02:47,541{GMT}	INFO	[jepsen worker 0] jepsen.util: 0	:ok	:read	[]
2023-03-03 17:02:47,567{GMT}	INFO	[jepsen worker 0] jepsen.util: 0	:invoke	:broadcast	0
2023-03-03 17:02:47,567{GMT}	INFO	[jepsen worker 0] jepsen.util: 0	:ok	:broadcast	0
2023-03-03 17:02:47,599{GMT}	INFO	[jepsen worker 0] jepsen.util: 0	:invoke	:broadcast	1
2023-03-03 17:02:47,601{GMT}	INFO	[jepsen worker 0] jepsen.util: 0	:ok	:broadcast	1
2023-03-03 17:02:47,770{GMT}	INFO	[jepsen worker 0] jepsen.util: 0	:invoke	:broadcast	2
2023-03-03 17:02:47,771{GMT}	INFO	[jepsen worker 0] jepsen.util: 0	:ok	:broadcast	2
2023-03-03 17:02:47,951{GMT}	INFO	[jepsen worker 0] jepsen.util: 0	:invoke	:broadcast	3
2023-03-03 17:02:47,953{GMT}	INFO	[jepsen worker 0] jepsen.util: 0	:ok	:broadcast	3
2023-03-03 17:02:48,023{GMT}	INFO	[jepsen worker 0] jepsen.util: 0	:invoke	:read	nil
2023-03-03 17:02:48,024{GMT}	INFO	[jepsen worker 0] jepsen.util: 0	:ok	:read	[]
2023-03-03 17:02:48,221{GMT}	INFO	[jepsen worker 0] jepsen.util: 0	:invoke	:read	nil
2023-03-03 17:02:48,222{GMT}	INFO	[jepsen worker 0] jepsen.util: 0	:ok	:read	[]
2023-03-03 17:02:48,281{GMT}	INFO	[jepsen worker 0] jepsen.util: 0	:invoke	:read	nil
2023-03-03 17:02:48,282{GMT}	INFO	[jepsen worker 0] jepsen.util: 0	:ok	:read	[]
2023-03-03 17:02:48,332{GMT}	INFO	[jepsen worker 0] jepsen.util: 0	:invoke	:read	nil
2023-03-03 17:02:48,333{GMT}	INFO	[jepsen worker 0] jepsen.util: 0	:ok	:read	[]
2023-03-03 17:02:48,442{GMT}	INFO	[jepsen worker 0] jepsen.util: 0	:invoke	:read	nil
2023-03-03 17:02:48,444{GMT}	INFO	[jepsen worker 0] jepsen.util: 0	:ok	:read	[]
2023-03-03 17:02:48,587{GMT}	INFO	[jepsen worker 0] jepsen.util: 0	:invoke	:broadcast	4
2023-03-03 17:02:48,588{GMT}	INFO	[jepsen worker 0] jepsen.util: 0	:ok	:broadcast	4
2023-03-03 17:02:48,723{GMT}	INFO	[jepsen worker 0] jepsen.util: 0	:invoke	:broadcast	5
2023-03-03 17:02:48,724{GMT}	INFO	[jepsen worker 0] jepsen.util: 0	:ok	:broadcast	5
2023-03-03 17:02:48,834{GMT}	INFO	[jepsen worker 0] jepsen.util: 0	:invoke	:read	nil
2023-03-03 17:02:48,835{GMT}	INFO	[jepsen worker 0] jepsen.util: 0	:ok	:read	[]
2023-03-03 17:02:48,899{GMT}	INFO	[jepsen worker 0] jepsen.util: 0	:invoke	:broadcast	6
2023-03-03 17:02:48,900{GMT}	INFO	[jepsen worker 0] jepsen.util: 0	:ok	:broadcast	6
2023-03-03 17:02:49,029{GMT}	INFO	[jepsen worker 0] jepsen.util: 0	:invoke	:broadcast	7
2023-03-03 17:02:49,030{GMT}	INFO	[jepsen worker 0] jepsen.util: 0	:ok	:broadcast	7
2023-03-03 17:02:49,210{GMT}	INFO	[jepsen worker 0] jepsen.util: 0	:invoke	:broadcast	8
2023-03-03 17:02:49,211{GMT}	INFO	[jepsen worker 0] jepsen.util: 0	:ok	:broadcast	8
2023-03-03 17:02:49,358{GMT}	INFO	[jepsen worker 0] jepsen.util: 0	:invoke	:read	nil
2023-03-03 17:02:49,359{GMT}	INFO	[jepsen worker 0] jepsen.util: 0	:ok	:read	[]
2023-03-03 17:02:49,527{GMT}	INFO	[jepsen worker 0] jepsen.util: 0	:invoke	:read	nil
2023-03-03 17:02:49,528{GMT}	INFO	[jepsen worker 0] jepsen.util: 0	:ok	:read	[]
2023-03-03 17:02:49,663{GMT}	INFO	[jepsen worker 0] jepsen.util: 0	:invoke	:read	nil
2023-03-03 17:02:49,664{GMT}	INFO	[jepsen worker 0] jepsen.util: 0	:ok	:read	[]
2023-03-03 17:02:49,723{GMT}	INFO	[jepsen worker 0] jepsen.util: 0	:invoke	:broadcast	9
2023-03-03 17:02:49,724{GMT}	INFO	[jepsen worker 0] jepsen.util: 0	:ok	:broadcast	9
2023-03-03 17:02:49,918{GMT}	INFO	[jepsen worker 0] jepsen.util: 0	:invoke	:broadcast	10
2023-03-03 17:02:49,919{GMT}	INFO	[jepsen worker 0] jepsen.util: 0	:ok	:broadcast	10
2023-03-03 17:02:50,015{GMT}	INFO	[jepsen worker 0] jepsen.util: 0	:invoke	:broadcast	11
2023-03-03 17:02:50,016{GMT}	INFO	[jepsen worker 0] jepsen.util: 0	:ok	:broadcast	11
2023-03-03 17:02:50,156{GMT}	INFO	[jepsen worker 0] jepsen.util: 0	:invoke	:broadcast	12
2023-03-03 17:02:50,157{GMT}	INFO	[jepsen worker 0] jepsen.util: 0	:ok	:broadcast	12
2023-03-03 17:02:50,278{GMT}	INFO	[jepsen worker 0] jepsen.util: 0	:invoke	:broadcast	13
2023-03-03 17:02:50,279{GMT}	INFO	[jepsen worker 0] jepsen.util: 0	:ok	:broadcast	13
2023-03-03 17:02:50,360{GMT}	INFO	[jepsen worker 0] jepsen.util: 0	:invoke	:broadcast	14
2023-03-03 17:02:50,360{GMT}	INFO	[jepsen worker 0] jepsen.util: 0	:ok	:broadcast	14
2023-03-03 17:02:50,387{GMT}	INFO	[jepsen worker 0] jepsen.util: 0	:invoke	:broadcast	15
2023-03-03 17:02:50,388{GMT}	INFO	[jepsen worker 0] jepsen.util: 0	:ok	:broadcast	15
2023-03-03 17:02:50,505{GMT}	INFO	[jepsen worker 0] jepsen.util: 0	:invoke	:broadcast	16
2023-03-03 17:02:50,506{GMT}	INFO	[jepsen worker 0] jepsen.util: 0	:ok	:broadcast	16
2023-03-03 17:02:50,610{GMT}	INFO	[jepsen worker 0] jepsen.util: 0	:invoke	:broadcast	17
2023-03-03 17:02:50,611{GMT}	INFO	[jepsen worker 0] jepsen.util: 0	:ok	:broadcast	17
2023-03-03 17:02:50,673{GMT}	INFO	[jepsen worker 0] jepsen.util: 0	:invoke	:read	nil
2023-03-03 17:02:50,674{GMT}	INFO	[jepsen worker 0] jepsen.util: 0	:ok	:read	[]
2023-03-03 17:02:50,811{GMT}	INFO	[jepsen worker 0] jepsen.util: 0	:invoke	:read	nil
2023-03-03 17:02:50,812{GMT}	INFO	[jepsen worker 0] jepsen.util: 0	:ok	:read	[]
2023-03-03 17:02:50,858{GMT}	INFO	[jepsen worker 0] jepsen.util: 0	:invoke	:read	nil
2023-03-03 17:02:50,859{GMT}	INFO	[jepsen worker 0] jepsen.util: 0	:ok	:read	[]
2023-03-03 17:02:50,988{GMT}	INFO	[jepsen worker 0] jepsen.util: 0	:invoke	:broadcast	18
2023-03-03 17:02:50,989{GMT}	INFO	[jepsen worker 0] jepsen.util: 0	:ok	:broadcast	18
2023-03-03 17:02:51,072{GMT}	INFO	[jepsen worker 0] jepsen.util: 0	:invoke	:read	nil
2023-03-03 17:02:51,074{GMT}	INFO	[jepsen worker 0] jepsen.util: 0	:ok	:read	[]
2023-03-03 17:02:51,229{GMT}	INFO	[jepsen worker 0] jepsen.util: 0	:invoke	:broadcast	19
2023-03-03 17:02:51,231{GMT}	INFO	[jepsen worker 0] jepsen.util: 0	:ok	:broadcast	19
2023-03-03 17:02:51,271{GMT}	INFO	[jepsen worker 0] jepsen.util: 0	:invoke	:read	nil
2023-03-03 17:02:51,272{GMT}	INFO	[jepsen worker 0] jepsen.util: 0	:ok	:read	[]
2023-03-03 17:02:51,379{GMT}	INFO	[jepsen worker 0] jepsen.util: 0	:invoke	:broadcast	20
2023-03-03 17:02:51,380{GMT}	INFO	[jepsen worker 0] jepsen.util: 0	:ok	:broadcast	20
2023-03-03 17:02:51,399{GMT}	INFO	[jepsen worker 0] jepsen.util: 0	:invoke	:read	nil
2023-03-03 17:02:51,399{GMT}	INFO	[jepsen worker 0] jepsen.util: 0	:ok	:read	[]
2023-03-03 17:02:51,481{GMT}	INFO	[jepsen worker 0] jepsen.util: 0	:invoke	:broadcast	21
2023-03-03 17:02:51,482{GMT}	INFO	[jepsen worker 0] jepsen.util: 0	:ok	:broadcast	21
2023-03-03 17:02:51,621{GMT}	INFO	[jepsen worker 0] jepsen.util: 0	:invoke	:broadcast	22
2023-03-03 17:02:51,622{GMT}	INFO	[jepsen worker 0] jepsen.util: 0	:ok	:broadcast	22
2023-03-03 17:02:51,644{GMT}	INFO	[jepsen worker 0] jepsen.util: 0	:invoke	:broadcast	23
2023-03-03 17:02:51,644{GMT}	INFO	[jepsen worker 0] jepsen.util: 0	:ok	:broadcast	23
2023-03-03 17:02:51,828{GMT}	INFO	[jepsen worker 0] jepsen.util: 0	:invoke	:read	nil
2023-03-03 17:02:51,830{GMT}	INFO	[jepsen worker 0] jepsen.util: 0	:ok	:read	[]
2023-03-03 17:02:51,970{GMT}	INFO	[jepsen worker 0] jepsen.util: 0	:invoke	:broadcast	24
2023-03-03 17:02:51,971{GMT}	INFO	[jepsen worker 0] jepsen.util: 0	:ok	:broadcast	24
2023-03-03 17:02:52,042{GMT}	INFO	[jepsen worker 0] jepsen.util: 0	:invoke	:read	nil
2023-03-03 17:02:52,043{GMT}	INFO	[jepsen worker 0] jepsen.util: 0	:ok	:read	[]
2023-03-03 17:02:52,211{GMT}	INFO	[jepsen worker 0] jepsen.util: 0	:invoke	:broadcast	25
2023-03-03 17:02:52,212{GMT}	INFO	[jepsen worker 0] jepsen.util: 0	:ok	:broadcast	25
2023-03-03 17:02:52,297{GMT}	INFO	[jepsen worker 0] jepsen.util: 0	:invoke	:broadcast	26
2023-03-03 17:02:52,298{GMT}	INFO	[jepsen worker 0] jepsen.util: 0	:ok	:broadcast	26
2023-03-03 17:02:52,350{GMT}	INFO	[jepsen worker 0] jepsen.util: 0	:invoke	:broadcast	27
2023-03-03 17:02:52,351{GMT}	INFO	[jepsen worker 0] jepsen.util: 0	:ok	:broadcast	27
2023-03-03 17:02:52,352{GMT}	INFO	[jepsen worker 0] jepsen.util: 0	:invoke	:broadcast	28
2023-03-03 17:02:52,353{GMT}	INFO	[jepsen worker 0] jepsen.util: 0	:ok	:broadcast	28
2023-03-03 17:02:52,546{GMT}	INFO	[jepsen worker 0] jepsen.util: 0	:invoke	:read	nil
2023-03-03 17:02:52,547{GMT}	INFO	[jepsen worker 0] jepsen.util: 0	:ok	:read	[]
2023-03-03 17:02:52,566{GMT}	INFO	[jepsen worker 0] jepsen.util: 0	:invoke	:read	nil
2023-03-03 17:02:52,567{GMT}	INFO	[jepsen worker 0] jepsen.util: 0	:ok	:read	[]
2023-03-03 17:02:52,642{GMT}	INFO	[jepsen worker 0] jepsen.util: 0	:invoke	:read	nil
2023-03-03 17:02:52,643{GMT}	INFO	[jepsen worker 0] jepsen.util: 0	:ok	:read	[]
2023-03-03 17:02:52,733{GMT}	INFO	[jepsen worker 0] jepsen.util: 0	:invoke	:broadcast	29
2023-03-03 17:02:52,734{GMT}	INFO	[jepsen worker 0] jepsen.util: 0	:ok	:broadcast	29
2023-03-03 17:02:52,901{GMT}	INFO	[jepsen worker 0] jepsen.util: 0	:invoke	:broadcast	30
2023-03-03 17:02:52,902{GMT}	INFO	[jepsen worker 0] jepsen.util: 0	:ok	:broadcast	30
2023-03-03 17:02:53,100{GMT}	INFO	[jepsen worker 0] jepsen.util: 0	:invoke	:broadcast	31
2023-03-03 17:02:53,101{GMT}	INFO	[jepsen worker 0] jepsen.util: 0	:ok	:broadcast	31
2023-03-03 17:02:53,195{GMT}	INFO	[jepsen worker 0] jepsen.util: 0	:invoke	:broadcast	32
2023-03-03 17:02:53,196{GMT}	INFO	[jepsen worker 0] jepsen.util: 0	:ok	:broadcast	32
2023-03-03 17:02:53,311{GMT}	INFO	[jepsen worker 0] jepsen.util: 0	:invoke	:read	nil
2023-03-03 17:02:53,312{GMT}	INFO	[jepsen worker 0] jepsen.util: 0	:ok	:read	[]
2023-03-03 17:02:53,491{GMT}	INFO	[jepsen worker 0] jepsen.util: 0	:invoke	:broadcast	33
2023-03-03 17:02:53,492{GMT}	INFO	[jepsen worker 0] jepsen.util: 0	:ok	:broadcast	33
2023-03-03 17:02:53,644{GMT}	INFO	[jepsen worker 0] jepsen.util: 0	:invoke	:broadcast	34
2023-03-03 17:02:53,645{GMT}	INFO	[jepsen worker 0] jepsen.util: 0	:ok	:broadcast	34
2023-03-03 17:02:53,732{GMT}	INFO	[jepsen worker 0] jepsen.util: 0	:invoke	:broadcast	35
2023-03-03 17:02:53,733{GMT}	INFO	[jepsen worker 0] jepsen.util: 0	:ok	:broadcast	35
2023-03-03 17:02:53,902{GMT}	INFO	[jepsen worker 0] jepsen.util: 0	:invoke	:read	nil
2023-03-03 17:02:53,903{GMT}	INFO	[jepsen worker 0] jepsen.util: 0	:ok	:read	[]
2023-03-03 17:02:53,952{GMT}	INFO	[jepsen worker 0] jepsen.util: 0	:invoke	:read	nil
2023-03-03 17:02:53,953{GMT}	INFO	[jepsen worker 0] jepsen.util: 0	:ok	:read	[]
2023-03-03 17:02:53,983{GMT}	INFO	[jepsen worker 0] jepsen.util: 0	:invoke	:read	nil
2023-03-03 17:02:53,984{GMT}	INFO	[jepsen worker 0] jepsen.util: 0	:ok	:read	[]
2023-03-03 17:02:54,076{GMT}	INFO	[jepsen worker 0] jepsen.util: 0	:invoke	:broadcast	36
2023-03-03 17:02:54,077{GMT}	INFO	[jepsen worker 0] jepsen.util: 0	:ok	:broadcast	36
2023-03-03 17:02:54,133{GMT}	INFO	[jepsen worker 0] jepsen.util: 0	:invoke	:broadcast	37
2023-03-03 17:02:54,134{GMT}	INFO	[jepsen worker 0] jepsen.util: 0	:ok	:broadcast	37
2023-03-03 17:02:54,254{GMT}	INFO	[jepsen worker 0] jepsen.util: 0	:invoke	:read	nil
2023-03-03 17:02:54,255{GMT}	INFO	[jepsen worker 0] jepsen.util: 0	:ok	:read	[]
2023-03-03 17:02:54,307{GMT}	INFO	[jepsen worker 0] jepsen.util: 0	:invoke	:broadcast	38
2023-03-03 17:02:54,308{GMT}	INFO	[jepsen worker 0] jepsen.util: 0	:ok	:broadcast	38
2023-03-03 17:02:54,457{GMT}	INFO	[jepsen worker 0] jepsen.util: 0	:invoke	:broadcast	39
2023-03-03 17:02:54,458{GMT}	INFO	[jepsen worker 0] jepsen.util: 0	:ok	:broadcast	39
2023-03-03 17:02:54,459{GMT}	INFO	[jepsen worker 0] jepsen.util: 0	:invoke	:broadcast	40
2023-03-03 17:02:54,460{GMT}	INFO	[jepsen worker 0] jepsen.util: 0	:ok	:broadcast	40
2023-03-03 17:02:54,486{GMT}	INFO	[jepsen worker 0] jepsen.util: 0	:invoke	:broadcast	41
2023-03-03 17:02:54,486{GMT}	INFO	[jepsen worker 0] jepsen.util: 0	:ok	:broadcast	41
2023-03-03 17:02:54,519{GMT}	INFO	[jepsen worker 0] jepsen.util: 0	:invoke	:read	nil
2023-03-03 17:02:54,519{GMT}	INFO	[jepsen worker 0] jepsen.util: 0	:ok	:read	[]
2023-03-03 17:02:54,617{GMT}	INFO	[jepsen worker 0] jepsen.util: 0	:invoke	:read	nil
2023-03-03 17:02:54,618{GMT}	INFO	[jepsen worker 0] jepsen.util: 0	:ok	:read	[]
2023-03-03 17:02:54,812{GMT}	INFO	[jepsen worker 0] jepsen.util: 0	:invoke	:read	nil
2023-03-03 17:02:54,813{GMT}	INFO	[jepsen worker 0] jepsen.util: 0	:ok	:read	[]
2023-03-03 17:02:54,825{GMT}	INFO	[jepsen worker 0] jepsen.util: 0	:invoke	:broadcast	42
2023-03-03 17:02:54,826{GMT}	INFO	[jepsen worker 0] jepsen.util: 0	:ok	:broadcast	42
2023-03-03 17:02:55,017{GMT}	INFO	[jepsen worker 0] jepsen.util: 0	:invoke	:read	nil
2023-03-03 17:02:55,018{GMT}	INFO	[jepsen worker 0] jepsen.util: 0	:ok	:read	[]
2023-03-03 17:02:55,194{GMT}	INFO	[jepsen worker 0] jepsen.util: 0	:invoke	:broadcast	43
2023-03-03 17:02:55,195{GMT}	INFO	[jepsen worker 0] jepsen.util: 0	:ok	:broadcast	43
2023-03-03 17:02:55,381{GMT}	INFO	[jepsen worker 0] jepsen.util: 0	:invoke	:broadcast	44
2023-03-03 17:02:55,382{GMT}	INFO	[jepsen worker 0] jepsen.util: 0	:ok	:broadcast	44
2023-03-03 17:02:55,434{GMT}	INFO	[jepsen worker 0] jepsen.util: 0	:invoke	:broadcast	45
2023-03-03 17:02:55,434{GMT}	INFO	[jepsen worker 0] jepsen.util: 0	:ok	:broadcast	45
2023-03-03 17:02:55,440{GMT}	INFO	[jepsen worker 0] jepsen.util: 0	:invoke	:broadcast	46
2023-03-03 17:02:55,440{GMT}	INFO	[jepsen worker 0] jepsen.util: 0	:ok	:broadcast	46
2023-03-03 17:02:55,455{GMT}	INFO	[jepsen worker 0] jepsen.util: 0	:invoke	:broadcast	47
2023-03-03 17:02:55,455{GMT}	INFO	[jepsen worker 0] jepsen.util: 0	:ok	:broadcast	47
2023-03-03 17:02:55,464{GMT}	INFO	[jepsen worker 0] jepsen.util: 0	:invoke	:broadcast	48
2023-03-03 17:02:55,464{GMT}	INFO	[jepsen worker 0] jepsen.util: 0	:ok	:broadcast	48
2023-03-03 17:02:55,577{GMT}	INFO	[jepsen worker 0] jepsen.util: 0	:invoke	:broadcast	49
2023-03-03 17:02:55,578{GMT}	INFO	[jepsen worker 0] jepsen.util: 0	:ok	:broadcast	49
2023-03-03 17:02:55,707{GMT}	INFO	[jepsen worker 0] jepsen.util: 0	:invoke	:broadcast	50
2023-03-03 17:02:55,708{GMT}	INFO	[jepsen worker 0] jepsen.util: 0	:ok	:broadcast	50
2023-03-03 17:02:55,759{GMT}	INFO	[jepsen worker 0] jepsen.util: 0	:invoke	:broadcast	51
2023-03-03 17:02:55,760{GMT}	INFO	[jepsen worker 0] jepsen.util: 0	:ok	:broadcast	51
2023-03-03 17:02:55,808{GMT}	INFO	[jepsen worker 0] jepsen.util: 0	:invoke	:broadcast	52
2023-03-03 17:02:55,809{GMT}	INFO	[jepsen worker 0] jepsen.util: 0	:ok	:broadcast	52
2023-03-03 17:02:55,884{GMT}	INFO	[jepsen worker 0] jepsen.util: 0	:invoke	:broadcast	53
2023-03-03 17:02:55,885{GMT}	INFO	[jepsen worker 0] jepsen.util: 0	:ok	:broadcast	53
2023-03-03 17:02:56,071{GMT}	INFO	[jepsen worker 0] jepsen.util: 0	:invoke	:read	nil
2023-03-03 17:02:56,072{GMT}	INFO	[jepsen worker 0] jepsen.util: 0	:ok	:read	[]
2023-03-03 17:02:56,210{GMT}	INFO	[jepsen worker 0] jepsen.util: 0	:invoke	:broadcast	54
2023-03-03 17:02:56,211{GMT}	INFO	[jepsen worker 0] jepsen.util: 0	:ok	:broadcast	54
2023-03-03 17:02:56,212{GMT}	INFO	[jepsen worker 0] jepsen.util: 0	:invoke	:broadcast	55
2023-03-03 17:02:56,213{GMT}	INFO	[jepsen worker 0] jepsen.util: 0	:ok	:broadcast	55
2023-03-03 17:02:56,380{GMT}	INFO	[jepsen worker 0] jepsen.util: 0	:invoke	:broadcast	56
2023-03-03 17:02:56,382{GMT}	INFO	[jepsen worker 0] jepsen.util: 0	:ok	:broadcast	56
2023-03-03 17:02:56,405{GMT}	INFO	[jepsen worker 0] jepsen.util: 0	:invoke	:read	nil
2023-03-03 17:02:56,406{GMT}	INFO	[jepsen worker 0] jepsen.util: 0	:ok	:read	[]
2023-03-03 17:02:56,468{GMT}	INFO	[jepsen worker 0] jepsen.util: 0	:invoke	:read	nil
2023-03-03 17:02:56,469{GMT}	INFO	[jepsen worker 0] jepsen.util: 0	:ok	:read	[]
2023-03-03 17:02:56,588{GMT}	INFO	[jepsen worker 0] jepsen.util: 0	:invoke	:broadcast	57
2023-03-03 17:02:56,588{GMT}	INFO	[jepsen worker 0] jepsen.util: 0	:ok	:broadcast	57
2023-03-03 17:02:56,747{GMT}	INFO	[jepsen worker 0] jepsen.util: 0	:invoke	:broadcast	58
2023-03-03 17:02:56,748{GMT}	INFO	[jepsen worker 0] jepsen.util: 0	:ok	:broadcast	58
2023-03-03 17:02:56,918{GMT}	INFO	[jepsen worker 0] jepsen.util: 0	:invoke	:broadcast	59
2023-03-03 17:02:56,919{GMT}	INFO	[jepsen worker 0] jepsen.util: 0	:ok	:broadcast	59
2023-03-03 17:02:57,043{GMT}	INFO	[jepsen worker 0] jepsen.util: 0	:invoke	:read	nil
2023-03-03 17:02:57,044{GMT}	INFO	[jepsen worker 0] jepsen.util: 0	:ok	:read	[]
2023-03-03 17:02:57,065{GMT}	INFO	[jepsen worker 0] jepsen.util: 0	:invoke	:read	nil
2023-03-03 17:02:57,065{GMT}	INFO	[jepsen worker 0] jepsen.util: 0	:ok	:read	[]
2023-03-03 17:02:57,131{GMT}	INFO	[jepsen worker 0] jepsen.util: 0	:invoke	:read	nil
2023-03-03 17:02:57,132{GMT}	INFO	[jepsen worker 0] jepsen.util: 0	:ok	:read	[]
2023-03-03 17:02:57,297{GMT}	INFO	[jepsen worker 0] jepsen.util: 0	:invoke	:broadcast	60
2023-03-03 17:02:57,298{GMT}	INFO	[jepsen worker 0] jepsen.util: 0	:ok	:broadcast	60
2023-03-03 17:02:57,410{GMT}	INFO	[jepsen worker 0] jepsen.util: 0	:invoke	:broadcast	61
2023-03-03 17:02:57,411{GMT}	INFO	[jepsen worker 0] jepsen.util: 0	:ok	:broadcast	61
2023-03-03 17:02:57,583{GMT}	INFO	[jepsen worker 0] jepsen.util: 0	:invoke	:broadcast	62
2023-03-03 17:02:57,584{GMT}	INFO	[jepsen worker 0] jepsen.util: 0	:ok	:broadcast	62
2023-03-03 17:02:57,777{GMT}	INFO	[jepsen worker 0] jepsen.util: 0	:invoke	:read	nil
2023-03-03 17:02:57,778{GMT}	INFO	[jepsen worker 0] jepsen.util: 0	:ok	:read	[]
2023-03-03 17:02:57,849{GMT}	INFO	[jepsen worker 0] jepsen.util: 0	:invoke	:read	nil
2023-03-03 17:02:57,850{GMT}	INFO	[jepsen worker 0] jepsen.util: 0	:ok	:read	[]
2023-03-03 17:02:57,954{GMT}	INFO	[jepsen worker 0] jepsen.util: 0	:invoke	:broadcast	63
2023-03-03 17:02:57,955{GMT}	INFO	[jepsen worker 0] jepsen.util: 0	:ok	:broadcast	63
2023-03-03 17:02:58,017{GMT}	INFO	[jepsen worker 0] jepsen.util: 0	:invoke	:broadcast	64
2023-03-03 17:02:58,018{GMT}	INFO	[jepsen worker 0] jepsen.util: 0	:ok	:broadcast	64
2023-03-03 17:02:58,105{GMT}	INFO	[jepsen worker 0] jepsen.util: 0	:invoke	:broadcast	65
2023-03-03 17:02:58,106{GMT}	INFO	[jepsen worker 0] jepsen.util: 0	:ok	:broadcast	65
2023-03-03 17:02:58,289{GMT}	INFO	[jepsen worker 0] jepsen.util: 0	:invoke	:read	nil
2023-03-03 17:02:58,290{GMT}	INFO	[jepsen worker 0] jepsen.util: 0	:ok	:read	[]
2023-03-03 17:02:58,324{GMT}	INFO	[jepsen worker 0] jepsen.util: 0	:invoke	:read	nil
2023-03-03 17:02:58,325{GMT}	INFO	[jepsen worker 0] jepsen.util: 0	:ok	:read	[]
2023-03-03 17:02:58,354{GMT}	INFO	[jepsen worker 0] jepsen.util: 0	:invoke	:broadcast	66
2023-03-03 17:02:58,354{GMT}	INFO	[jepsen worker 0] jepsen.util: 0	:ok	:broadcast	66
2023-03-03 17:02:58,543{GMT}	INFO	[jepsen worker 0] jepsen.util: 0	:invoke	:broadcast	67
2023-03-03 17:02:58,544{GMT}	INFO	[jepsen worker 0] jepsen.util: 0	:ok	:broadcast	67
2023-03-03 17:02:58,614{GMT}	INFO	[jepsen worker 0] jepsen.util: 0	:invoke	:broadcast	68
2023-03-03 17:02:58,615{GMT}	INFO	[jepsen worker 0] jepsen.util: 0	:ok	:broadcast	68
2023-03-03 17:02:58,797{GMT}	INFO	[jepsen worker 0] jepsen.util: 0	:invoke	:broadcast	69
2023-03-03 17:02:58,797{GMT}	INFO	[jepsen worker 0] jepsen.util: 0	:ok	:broadcast	69
2023-03-03 17:02:58,893{GMT}	INFO	[jepsen worker 0] jepsen.util: 0	:invoke	:broadcast	70
2023-03-03 17:02:58,894{GMT}	INFO	[jepsen worker 0] jepsen.util: 0	:ok	:broadcast	70
2023-03-03 17:02:58,922{GMT}	INFO	[jepsen worker 0] jepsen.util: 0	:invoke	:read	nil
2023-03-03 17:02:58,922{GMT}	INFO	[jepsen worker 0] jepsen.util: 0	:ok	:read	[]
2023-03-03 17:02:59,122{GMT}	INFO	[jepsen worker 0] jepsen.util: 0	:invoke	:read	nil
2023-03-03 17:02:59,123{GMT}	INFO	[jepsen worker 0] jepsen.util: 0	:ok	:read	[]
2023-03-03 17:02:59,265{GMT}	INFO	[jepsen worker 0] jepsen.util: 0	:invoke	:read	nil
2023-03-03 17:02:59,266{GMT}	INFO	[jepsen worker 0] jepsen.util: 0	:ok	:read	[]
2023-03-03 17:02:59,317{GMT}	INFO	[jepsen worker 0] jepsen.util: 0	:invoke	:read	nil
2023-03-03 17:02:59,318{GMT}	INFO	[jepsen worker 0] jepsen.util: 0	:ok	:read	[]
2023-03-03 17:02:59,466{GMT}	INFO	[jepsen worker 0] jepsen.util: 0	:invoke	:read	nil
2023-03-03 17:02:59,467{GMT}	INFO	[jepsen worker 0] jepsen.util: 0	:ok	:read	[]
2023-03-03 17:02:59,664{GMT}	INFO	[jepsen worker 0] jepsen.util: 0	:invoke	:read	nil
2023-03-03 17:02:59,665{GMT}	INFO	[jepsen worker 0] jepsen.util: 0	:ok	:read	[]
2023-03-03 17:02:59,759{GMT}	INFO	[jepsen worker 0] jepsen.util: 0	:invoke	:broadcast	71
2023-03-03 17:02:59,760{GMT}	INFO	[jepsen worker 0] jepsen.util: 0	:ok	:broadcast	71
2023-03-03 17:02:59,826{GMT}	INFO	[jepsen worker 0] jepsen.util: 0	:invoke	:broadcast	72
2023-03-03 17:02:59,827{GMT}	INFO	[jepsen worker 0] jepsen.util: 0	:ok	:broadcast	72
2023-03-03 17:02:59,986{GMT}	INFO	[jepsen worker 0] jepsen.util: 0	:invoke	:read	nil
2023-03-03 17:02:59,987{GMT}	INFO	[jepsen worker 0] jepsen.util: 0	:ok	:read	[]
2023-03-03 17:03:00,173{GMT}	INFO	[jepsen worker 0] jepsen.util: 0	:invoke	:read	nil
2023-03-03 17:03:00,174{GMT}	INFO	[jepsen worker 0] jepsen.util: 0	:ok	:read	[]
2023-03-03 17:03:00,234{GMT}	INFO	[jepsen worker 0] jepsen.util: 0	:invoke	:read	nil
2023-03-03 17:03:00,235{GMT}	INFO	[jepsen worker 0] jepsen.util: 0	:ok	:read	[]
2023-03-03 17:03:00,327{GMT}	INFO	[jepsen worker 0] jepsen.util: 0	:invoke	:read	nil
2023-03-03 17:03:00,328{GMT}	INFO	[jepsen worker 0] jepsen.util: 0	:ok	:read	[]
2023-03-03 17:03:00,342{GMT}	INFO	[jepsen worker 0] jepsen.util: 0	:invoke	:read	nil
2023-03-03 17:03:00,343{GMT}	INFO	[jepsen worker 0] jepsen.util: 0	:ok	:read	[]
2023-03-03 17:03:00,407{GMT}	INFO	[jepsen worker 0] jepsen.util: 0	:invoke	:read	nil
2023-03-03 17:03:00,408{GMT}	INFO	[jepsen worker 0] jepsen.util: 0	:ok	:read	[]
2023-03-03 17:03:00,527{GMT}	INFO	[jepsen worker 0] jepsen.util: 0	:invoke	:broadcast	73
2023-03-03 17:03:00,528{GMT}	INFO	[jepsen worker 0] jepsen.util: 0	:ok	:broadcast	73
2023-03-03 17:03:00,652{GMT}	INFO	[jepsen worker 0] jepsen.util: 0	:invoke	:read	nil
2023-03-03 17:03:00,653{GMT}	INFO	[jepsen worker 0] jepsen.util: 0	:ok	:read	[]
2023-03-03 17:03:00,723{GMT}	INFO	[jepsen worker 0] jepsen.util: 0	:invoke	:read	nil
2023-03-03 17:03:00,724{GMT}	INFO	[jepsen worker 0] jepsen.util: 0	:ok	:read	[]
2023-03-03 17:03:00,749{GMT}	INFO	[jepsen worker 0] jepsen.util: 0	:invoke	:read	nil
2023-03-03 17:03:00,749{GMT}	INFO	[jepsen worker 0] jepsen.util: 0	:ok	:read	[]
2023-03-03 17:03:00,794{GMT}	INFO	[jepsen worker 0] jepsen.util: 0	:invoke	:broadcast	74
2023-03-03 17:03:00,794{GMT}	INFO	[jepsen worker 0] jepsen.util: 0	:ok	:broadcast	74
2023-03-03 17:03:00,947{GMT}	INFO	[jepsen worker 0] jepsen.util: 0	:invoke	:broadcast	75
2023-03-03 17:03:00,948{GMT}	INFO	[jepsen worker 0] jepsen.util: 0	:ok	:broadcast	75
2023-03-03 17:03:01,039{GMT}	INFO	[jepsen worker 0] jepsen.util: 0	:invoke	:broadcast	76
2023-03-03 17:03:01,040{GMT}	INFO	[jepsen worker 0] jepsen.util: 0	:ok	:broadcast	76
2023-03-03 17:03:01,166{GMT}	INFO	[jepsen worker 0] jepsen.util: 0	:invoke	:read	nil
2023-03-03 17:03:01,167{GMT}	INFO	[jepsen worker 0] jepsen.util: 0	:ok	:read	[]
2023-03-03 17:03:01,340{GMT}	INFO	[jepsen worker 0] jepsen.util: 0	:invoke	:read	nil
2023-03-03 17:03:01,341{GMT}	INFO	[jepsen worker 0] jepsen.util: 0	:ok	:read	[]
2023-03-03 17:03:01,527{GMT}	INFO	[jepsen worker 0] jepsen.util: 0	:invoke	:read	nil
2023-03-03 17:03:01,528{GMT}	INFO	[jepsen worker 0] jepsen.util: 0	:ok	:read	[]
2023-03-03 17:03:01,598{GMT}	INFO	[jepsen worker 0] jepsen.util: 0	:invoke	:broadcast	77
2023-03-03 17:03:01,598{GMT}	INFO	[jepsen worker 0] jepsen.util: 0	:ok	:broadcast	77
2023-03-03 17:03:01,719{GMT}	INFO	[jepsen worker 0] jepsen.util: 0	:invoke	:read	nil
2023-03-03 17:03:01,720{GMT}	INFO	[jepsen worker 0] jepsen.util: 0	:ok	:read	[]
2023-03-03 17:03:01,858{GMT}	INFO	[jepsen worker 0] jepsen.util: 0	:invoke	:broadcast	78
2023-03-03 17:03:01,859{GMT}	INFO	[jepsen worker 0] jepsen.util: 0	:ok	:broadcast	78
2023-03-03 17:03:01,901{GMT}	INFO	[jepsen worker 0] jepsen.util: 0	:invoke	:read	nil
2023-03-03 17:03:01,902{GMT}	INFO	[jepsen worker 0] jepsen.util: 0	:ok	:read	[]
2023-03-03 17:03:01,972{GMT}	INFO	[jepsen worker 0] jepsen.util: 0	:invoke	:broadcast	79
2023-03-03 17:03:01,973{GMT}	INFO	[jepsen worker 0] jepsen.util: 0	:ok	:broadcast	79
2023-03-03 17:03:02,128{GMT}	INFO	[jepsen worker 0] jepsen.util: 0	:invoke	:broadcast	80
2023-03-03 17:03:02,129{GMT}	INFO	[jepsen worker 0] jepsen.util: 0	:ok	:broadcast	80
2023-03-03 17:03:02,230{GMT}	INFO	[jepsen worker 0] jepsen.util: 0	:invoke	:broadcast	81
2023-03-03 17:03:02,230{GMT}	INFO	[jepsen worker 0] jepsen.util: 0	:ok	:broadcast	81
2023-03-03 17:03:02,257{GMT}	INFO	[jepsen worker 0] jepsen.util: 0	:invoke	:read	nil
2023-03-03 17:03:02,258{GMT}	INFO	[jepsen worker 0] jepsen.util: 0	:ok	:read	[]
2023-03-03 17:03:02,359{GMT}	INFO	[jepsen worker 0] jepsen.util: 0	:invoke	:broadcast	82
2023-03-03 17:03:02,360{GMT}	INFO	[jepsen worker 0] jepsen.util: 0	:ok	:broadcast	82
2023-03-03 17:03:02,413{GMT}	INFO	[jepsen worker 0] jepsen.util: 0	:invoke	:read	nil
2023-03-03 17:03:02,414{GMT}	INFO	[jepsen worker 0] jepsen.util: 0	:ok	:read	[]
2023-03-03 17:03:02,443{GMT}	INFO	[jepsen worker 0] jepsen.util: 0	:invoke	:broadcast	83
2023-03-03 17:03:02,443{GMT}	INFO	[jepsen worker 0] jepsen.util: 0	:ok	:broadcast	83
2023-03-03 17:03:02,560{GMT}	INFO	[jepsen worker 0] jepsen.util: 0	:invoke	:broadcast	84
2023-03-03 17:03:02,561{GMT}	INFO	[jepsen worker 0] jepsen.util: 0	:ok	:broadcast	84
2023-03-03 17:03:02,575{GMT}	INFO	[jepsen worker 0] jepsen.util: 0	:invoke	:read	nil
2023-03-03 17:03:02,576{GMT}	INFO	[jepsen worker 0] jepsen.util: 0	:ok	:read	[]
2023-03-03 17:03:02,688{GMT}	INFO	[jepsen worker 0] jepsen.util: 0	:invoke	:read	nil
2023-03-03 17:03:02,689{GMT}	INFO	[jepsen worker 0] jepsen.util: 0	:ok	:read	[]
2023-03-03 17:03:02,745{GMT}	INFO	[jepsen worker 0] jepsen.util: 0	:invoke	:read	nil
2023-03-03 17:03:02,745{GMT}	INFO	[jepsen worker 0] jepsen.util: 0	:ok	:read	[]
2023-03-03 17:03:02,850{GMT}	INFO	[jepsen worker 0] jepsen.util: 0	:invoke	:read	nil
2023-03-03 17:03:02,851{GMT}	INFO	[jepsen worker 0] jepsen.util: 0	:ok	:read	[]
2023-03-03 17:03:02,907{GMT}	INFO	[jepsen worker 0] jepsen.util: 0	:invoke	:read	nil
2023-03-03 17:03:02,907{GMT}	INFO	[jepsen worker 0] jepsen.util: 0	:ok	:read	[]
2023-03-03 17:03:03,094{GMT}	INFO	[jepsen worker 0] jepsen.util: 0	:invoke	:broadcast	85
2023-03-03 17:03:03,095{GMT}	INFO	[jepsen worker 0] jepsen.util: 0	:ok	:broadcast	85
2023-03-03 17:03:03,205{GMT}	INFO	[jepsen worker 0] jepsen.util: 0	:invoke	:broadcast	86
2023-03-03 17:03:03,206{GMT}	INFO	[jepsen worker 0] jepsen.util: 0	:ok	:broadcast	86
2023-03-03 17:03:03,291{GMT}	INFO	[jepsen worker 0] jepsen.util: 0	:invoke	:broadcast	87
2023-03-03 17:03:03,292{GMT}	INFO	[jepsen worker 0] jepsen.util: 0	:ok	:broadcast	87
2023-03-03 17:03:03,399{GMT}	INFO	[jepsen worker 0] jepsen.util: 0	:invoke	:broadcast	88
2023-03-03 17:03:03,400{GMT}	INFO	[jepsen worker 0] jepsen.util: 0	:ok	:broadcast	88
2023-03-03 17:03:03,595{GMT}	INFO	[jepsen worker 0] jepsen.util: 0	:invoke	:read	nil
2023-03-03 17:03:03,596{GMT}	INFO	[jepsen worker 0] jepsen.util: 0	:ok	:read	[]
2023-03-03 17:03:03,695{GMT}	INFO	[jepsen worker 0] jepsen.util: 0	:invoke	:read	nil
2023-03-03 17:03:03,696{GMT}	INFO	[jepsen worker 0] jepsen.util: 0	:ok	:read	[]
2023-03-03 17:03:03,746{GMT}	INFO	[jepsen worker 0] jepsen.util: 0	:invoke	:broadcast	89
2023-03-03 17:03:03,747{GMT}	INFO	[jepsen worker 0] jepsen.util: 0	:ok	:broadcast	89
2023-03-03 17:03:03,779{GMT}	INFO	[jepsen worker 0] jepsen.util: 0	:invoke	:read	nil
2023-03-03 17:03:03,780{GMT}	INFO	[jepsen worker 0] jepsen.util: 0	:ok	:read	[]
2023-03-03 17:03:03,838{GMT}	INFO	[jepsen worker 0] jepsen.util: 0	:invoke	:read	nil
2023-03-03 17:03:03,839{GMT}	INFO	[jepsen worker 0] jepsen.util: 0	:ok	:read	[]
2023-03-03 17:03:03,903{GMT}	INFO	[jepsen worker 0] jepsen.util: 0	:invoke	:broadcast	90
2023-03-03 17:03:03,904{GMT}	INFO	[jepsen worker 0] jepsen.util: 0	:ok	:broadcast	90
2023-03-03 17:03:03,916{GMT}	INFO	[jepsen worker 0] jepsen.util: 0	:invoke	:broadcast	91
2023-03-03 17:03:03,917{GMT}	INFO	[jepsen worker 0] jepsen.util: 0	:ok	:broadcast	91
2023-03-03 17:03:04,096{GMT}	INFO	[jepsen worker 0] jepsen.util: 0	:invoke	:broadcast	92
2023-03-03 17:03:04,096{GMT}	INFO	[jepsen worker 0] jepsen.util: 0	:ok	:broadcast	92
2023-03-03 17:03:04,155{GMT}	INFO	[jepsen worker 0] jepsen.util: 0	:invoke	:broadcast	93
2023-03-03 17:03:04,155{GMT}	INFO	[jepsen worker 0] jepsen.util: 0	:ok	:broadcast	93
2023-03-03 17:03:04,173{GMT}	INFO	[jepsen worker 0] jepsen.util: 0	:invoke	:broadcast	94
2023-03-03 17:03:04,174{GMT}	INFO	[jepsen worker 0] jepsen.util: 0	:ok	:broadcast	94
2023-03-03 17:03:04,197{GMT}	INFO	[jepsen worker 0] jepsen.util: 0	:invoke	:read	nil
2023-03-03 17:03:04,197{GMT}	INFO	[jepsen worker 0] jepsen.util: 0	:ok	:read	[]
2023-03-03 17:03:04,279{GMT}	INFO	[jepsen worker 0] jepsen.util: 0	:invoke	:broadcast	95
2023-03-03 17:03:04,280{GMT}	INFO	[jepsen worker 0] jepsen.util: 0	:ok	:broadcast	95
2023-03-03 17:03:04,300{GMT}	INFO	[jepsen worker 0] jepsen.util: 0	:invoke	:broadcast	96
2023-03-03 17:03:04,301{GMT}	INFO	[jepsen worker 0] jepsen.util: 0	:ok	:broadcast	96
2023-03-03 17:03:04,310{GMT}	INFO	[jepsen worker 0] jepsen.util: 0	:invoke	:read	nil
2023-03-03 17:03:04,310{GMT}	INFO	[jepsen worker 0] jepsen.util: 0	:ok	:read	[]
2023-03-03 17:03:04,414{GMT}	INFO	[jepsen worker 0] jepsen.util: 0	:invoke	:read	nil
2023-03-03 17:03:04,415{GMT}	INFO	[jepsen worker 0] jepsen.util: 0	:ok	:read	[]
2023-03-03 17:03:04,428{GMT}	INFO	[jepsen worker 0] jepsen.util: 0	:invoke	:read	nil
2023-03-03 17:03:04,429{GMT}	INFO	[jepsen worker 0] jepsen.util: 0	:ok	:read	[]
2023-03-03 17:03:04,555{GMT}	INFO	[jepsen worker 0] jepsen.util: 0	:invoke	:broadcast	97
2023-03-03 17:03:04,555{GMT}	INFO	[jepsen worker 0] jepsen.util: 0	:ok	:broadcast	97
2023-03-03 17:03:04,653{GMT}	INFO	[jepsen worker 0] jepsen.util: 0	:invoke	:read	nil
2023-03-03 17:03:04,654{GMT}	INFO	[jepsen worker 0] jepsen.util: 0	:ok	:read	[]
2023-03-03 17:03:04,853{GMT}	INFO	[jepsen worker 0] jepsen.util: 0	:invoke	:broadcast	98
2023-03-03 17:03:04,854{GMT}	INFO	[jepsen worker 0] jepsen.util: 0	:ok	:broadcast	98
2023-03-03 17:03:04,971{GMT}	INFO	[jepsen worker 0] jepsen.util: 0	:invoke	:broadcast	99
2023-03-03 17:03:04,972{GMT}	INFO	[jepsen worker 0] jepsen.util: 0	:ok	:broadcast	99
2023-03-03 17:03:05,013{GMT}	INFO	[jepsen worker 0] jepsen.util: 0	:invoke	:broadcast	100
2023-03-03 17:03:05,014{GMT}	INFO	[jepsen worker 0] jepsen.util: 0	:ok	:broadcast	100
2023-03-03 17:03:05,038{GMT}	INFO	[jepsen worker 0] jepsen.util: 0	:invoke	:broadcast	101
2023-03-03 17:03:05,038{GMT}	INFO	[jepsen worker 0] jepsen.util: 0	:ok	:broadcast	101
2023-03-03 17:03:05,096{GMT}	INFO	[jepsen worker 0] jepsen.util: 0	:invoke	:read	nil
2023-03-03 17:03:05,097{GMT}	INFO	[jepsen worker 0] jepsen.util: 0	:ok	:read	[]
2023-03-03 17:03:05,166{GMT}	INFO	[jepsen worker 0] jepsen.util: 0	:invoke	:broadcast	102
2023-03-03 17:03:05,166{GMT}	INFO	[jepsen worker 0] jepsen.util: 0	:ok	:broadcast	102
2023-03-03 17:03:05,254{GMT}	INFO	[jepsen worker 0] jepsen.util: 0	:invoke	:read	nil
2023-03-03 17:03:05,255{GMT}	INFO	[jepsen worker 0] jepsen.util: 0	:ok	:read	[]
2023-03-03 17:03:05,335{GMT}	INFO	[jepsen worker 0] jepsen.util: 0	:invoke	:broadcast	103
2023-03-03 17:03:05,336{GMT}	INFO	[jepsen worker 0] jepsen.util: 0	:ok	:broadcast	103
2023-03-03 17:03:05,488{GMT}	INFO	[jepsen worker 0] jepsen.util: 0	:invoke	:read	nil
2023-03-03 17:03:05,489{GMT}	INFO	[jepsen worker 0] jepsen.util: 0	:ok	:read	[]
2023-03-03 17:03:05,565{GMT}	INFO	[jepsen worker 0] jepsen.util: 0	:invoke	:broadcast	104
2023-03-03 17:03:05,566{GMT}	INFO	[jepsen worker 0] jepsen.util: 0	:ok	:broadcast	104
2023-03-03 17:03:05,570{GMT}	INFO	[jepsen worker 0] jepsen.util: 0	:invoke	:broadcast	105
2023-03-03 17:03:05,570{GMT}	INFO	[jepsen worker 0] jepsen.util: 0	:ok	:broadcast	105
2023-03-03 17:03:05,695{GMT}	INFO	[jepsen worker 0] jepsen.util: 0	:invoke	:read	nil
2023-03-03 17:03:05,696{GMT}	INFO	[jepsen worker 0] jepsen.util: 0	:ok	:read	[]
2023-03-03 17:03:05,780{GMT}	INFO	[jepsen worker 0] jepsen.util: 0	:invoke	:read	nil
2023-03-03 17:03:05,781{GMT}	INFO	[jepsen worker 0] jepsen.util: 0	:ok	:read	[]
2023-03-03 17:03:05,844{GMT}	INFO	[jepsen worker 0] jepsen.util: 0	:invoke	:broadcast	106
2023-03-03 17:03:05,845{GMT}	INFO	[jepsen worker 0] jepsen.util: 0	:ok	:broadcast	106
2023-03-03 17:03:05,858{GMT}	INFO	[jepsen worker 0] jepsen.util: 0	:invoke	:read	nil
2023-03-03 17:03:05,859{GMT}	INFO	[jepsen worker 0] jepsen.util: 0	:ok	:read	[]
2023-03-03 17:03:06,043{GMT}	INFO	[jepsen worker 0] jepsen.util: 0	:invoke	:broadcast	107
2023-03-03 17:03:06,044{GMT}	INFO	[jepsen worker 0] jepsen.util: 0	:ok	:broadcast	107
2023-03-03 17:03:06,180{GMT}	INFO	[jepsen worker 0] jepsen.util: 0	:invoke	:broadcast	108
2023-03-03 17:03:06,180{GMT}	INFO	[jepsen worker 0] jepsen.util: 0	:ok	:broadcast	108
2023-03-03 17:03:06,263{GMT}	INFO	[jepsen worker 0] jepsen.util: 0	:invoke	:read	nil
2023-03-03 17:03:06,264{GMT}	INFO	[jepsen worker 0] jepsen.util: 0	:ok	:read	[]
2023-03-03 17:03:06,340{GMT}	INFO	[jepsen worker 0] jepsen.util: 0	:invoke	:broadcast	109
2023-03-03 17:03:06,341{GMT}	INFO	[jepsen worker 0] jepsen.util: 0	:ok	:broadcast	109
2023-03-03 17:03:06,351{GMT}	INFO	[jepsen worker 0] jepsen.util: 0	:invoke	:broadcast	110
2023-03-03 17:03:06,351{GMT}	INFO	[jepsen worker 0] jepsen.util: 0	:ok	:broadcast	110
2023-03-03 17:03:06,428{GMT}	INFO	[jepsen worker 0] jepsen.util: 0	:invoke	:read	nil
2023-03-03 17:03:06,429{GMT}	INFO	[jepsen worker 0] jepsen.util: 0	:ok	:read	[]
2023-03-03 17:03:06,551{GMT}	INFO	[jepsen worker 0] jepsen.util: 0	:invoke	:read	nil
2023-03-03 17:03:06,551{GMT}	INFO	[jepsen worker 0] jepsen.util: 0	:ok	:read	[]
2023-03-03 17:03:06,650{GMT}	INFO	[jepsen worker 0] jepsen.util: 0	:invoke	:read	nil
2023-03-03 17:03:06,650{GMT}	INFO	[jepsen worker 0] jepsen.util: 0	:ok	:read	[]
2023-03-03 17:03:06,831{GMT}	INFO	[jepsen worker 0] jepsen.util: 0	:invoke	:read	nil
2023-03-03 17:03:06,832{GMT}	INFO	[jepsen worker 0] jepsen.util: 0	:ok	:read	[]
2023-03-03 17:03:06,866{GMT}	INFO	[jepsen worker 0] jepsen.util: 0	:invoke	:broadcast	111
2023-03-03 17:03:06,866{GMT}	INFO	[jepsen worker 0] jepsen.util: 0	:ok	:broadcast	111
2023-03-03 17:03:06,950{GMT}	INFO	[jepsen worker 0] jepsen.util: 0	:invoke	:broadcast	112
2023-03-03 17:03:06,950{GMT}	INFO	[jepsen worker 0] jepsen.util: 0	:ok	:broadcast	112
2023-03-03 17:03:06,951{GMT}	INFO	[jepsen worker 0] jepsen.util: 0	:invoke	:read	nil
2023-03-03 17:03:06,951{GMT}	INFO	[jepsen worker 0] jepsen.util: 0	:ok	:read	[]
2023-03-03 17:03:07,124{GMT}	INFO	[jepsen worker 0] jepsen.util: 0	:invoke	:read	nil
2023-03-03 17:03:07,124{GMT}	INFO	[jepsen worker 0] jepsen.util: 0	:ok	:read	[]
2023-03-03 17:03:07,152{GMT}	INFO	[jepsen worker 0] jepsen.util: 0	:invoke	:broadcast	113
2023-03-03 17:03:07,152{GMT}	INFO	[jepsen worker 0] jepsen.util: 0	:ok	:broadcast	113
2023-03-03 17:03:07,242{GMT}	INFO	[jepsen worker 0] jepsen.util: 0	:invoke	:read	nil
2023-03-03 17:03:07,243{GMT}	INFO	[jepsen worker 0] jepsen.util: 0	:ok	:read	[]
2023-03-03 17:03:07,362{GMT}	INFO	[jepsen worker 0] jepsen.util: 0	:invoke	:read	nil
2023-03-03 17:03:07,363{GMT}	INFO	[jepsen worker 0] jepsen.util: 0	:ok	:read	[]
2023-03-03 17:03:07,363{GMT}	INFO	[jepsen worker 0] jepsen.generator.interpreter: Waiting for recovery...
2023-03-03 17:03:17,365{GMT}	INFO	[jepsen worker 0] jepsen.util: 0	:invoke	:read	nil
2023-03-03 17:03:17,365{GMT}	INFO	[jepsen worker 0] jepsen.util: 0	:ok	:read	[]
2023-03-03 17:03:17,390{GMT}	INFO	[jepsen test runner] jepsen.core: Run complete, writing
2023-03-03 17:03:17,420{GMT}	INFO	[jepsen node n0] maelstrom.db: Tearing down n0
2023-03-03 17:03:18,508{GMT}	INFO	[jepsen node n0] maelstrom.net: Shutting down Maelstrom network
2023-03-03 17:03:18,508{GMT}	INFO	[jepsen test runner] jepsen.core: Analyzing...
2023-03-03 17:03:18,624{GMT}	INFO	[jepsen test runner] jepsen.core: Analysis complete
2023-03-03 17:03:18,631{GMT}	INFO	[jepsen results] jepsen.store: Wrote /home/jln/Projects/gossip-glomers/maelstrom-broadcast/store/broadcast/20230303T170246.409-0500/results.edn
2023-03-03 17:03:18,656{GMT}	INFO	[jepsen test runner] jepsen.core: {:perf {:latency-graph {:valid? true},
        :rate-graph {:valid? true},
        :valid? true},
 :timeline {:valid? true},
 :exceptions {:valid? true},
 :stats {:valid? true,
         :count 207,
         :ok-count 207,
         :fail-count 0,
         :info-count 0,
         :by-f {:broadcast {:valid? true,
                            :count 114,
                            :ok-count 114,
                            :fail-count 0,
                            :info-count 0},
                :read {:valid? true,
                       :count 93,
                       :ok-count 93,
                       :fail-count 0,
                       :info-count 0}}},
 :availability {:valid? true, :ok-fraction 1.0},
 :net {:all {:send-count 418,
             :recv-count 418,
             :msg-count 418,
             :msgs-per-op 2.0193236},
       :clients {:send-count 418, :recv-count 418, :msg-count 418},
       :servers {:send-count 0,
                 :recv-count 0,
                 :msg-count 0,
                 :msgs-per-op 0.0},
       :valid? true},
 :workload {:worst-stale (),
            :duplicated-count 0,
            :valid? false,
            :lost-count 114,
            :lost (0
                   1
                   2
                   3
                   4
                   5
                   6
                   7
                   8
                   9
                   10
                   11
                   12
                   13
                   14
                   15
                   16
                   17
                   18
                   19
                   20
                   21
                   22
                   23
                   24
                   25
                   26
                   27
                   28
                   29
                   30
                   31
                   32
                   33
                   34
                   35
                   36
                   37
                   38
                   39
                   40
                   41
                   42
                   43
                   44
                   45
                   46
                   47
                   48
                   49
                   50
                   51
                   52
                   53
                   54
                   55
                   56
                   57
                   58
                   59
                   60
                   61
                   62
                   63
                   64
                   65
                   66
                   67
                   68
                   69
                   70
                   71
                   72
                   73
                   74
                   75
                   76
                   77
                   78
                   79
                   80
                   81
                   82
                   83
                   84
                   85
                   86
                   87
                   88
                   89
                   90
                   91
                   92
                   93
                   94
                   95
                   96
                   97
                   98
                   99
                   100
                   101
                   102
                   103
                   104
                   105
                   106
                   107
                   108
                   109
                   110
                   111
                   112
                   113),
            :stable-count 0,
            :stale-count 0,
            :stale (),
            :never-read-count 0,
            :attempt-count 114,
            :lost-latencies {0 0, 0.5 0, 0.95 0, 0.99 0, 1 0},
            :never-read (),
            :duplicated {}},
 :valid? false}


Analysis invalid! (ﾉಥ益ಥ）ﾉ ┻━┻
