2023-03-03 17:08:53,418{GMT}	INFO	[jepsen test runner] jepsen.core: Test version 107bec742b20def7dd46ccfa2f0a350c542ba4cf (plus uncommitted changes)
2023-03-03 17:08:53,418{GMT}	INFO	[jepsen test runner] jepsen.core: Command line:
lein run test -w broadcast --bin /home/jln/.go/bin/maelstrom-broadcast --node-count 1 --time-limit 20 --rate 10
2023-03-03 17:08:53,461{GMT}	INFO	[jepsen test runner] jepsen.core: Running test:
{:args []
 :remote
 #jepsen.control.retry.Remote{:remote #jepsen.control.scp.Remote{:cmd-remote #jepsen.control.sshj.SSHJRemote{:concurrency-limit 6,
                                                                                                             :conn-spec nil,
                                                                                                             :client nil,
                                                                                                             :semaphore nil},
                                                                 :conn-spec nil},
                              :conn nil}
 :log-net-send false
 :node-count 1
 :availability nil
 :max-txn-length 4
 :concurrency 1
 :db
 #object[maelstrom.db$db$reify__16142
         "0x4a03c4bc"
         "maelstrom.db$db$reify__16142@4a03c4bc"]
 :max-writes-per-key 16
 :leave-db-running? false
 :name "broadcast"
 :logging-json? false
 :start-time
 #object[org.joda.time.DateTime "0x453ca7f" "2023-03-03T17:08:53.407-05:00"]
 :nemesis-interval 10
 :net
 #object[maelstrom.net$jepsen_net$reify__15251
         "0x5d41b929"
         "maelstrom.net$jepsen_net$reify__15251@5d41b929"]
 :client
 #object[maelstrom.workload.broadcast$client$reify__16644
         "0x6dd0e2f4"
         "maelstrom.workload.broadcast$client$reify__16644@6dd0e2f4"]
 :barrier
 #object[java.util.concurrent.CyclicBarrier
         "0x333813e7"
         "java.util.concurrent.CyclicBarrier@333813e7"]
 :log-stderr false
 :pure-generators true
 :ssh {:dummy? true}
 :rate 10.0
 :checker
 #object[jepsen.checker$compose$reify__11881
         "0x292237cd"
         "jepsen.checker$compose$reify__11881@292237cd"]
 :argv
 ("test"
  "-w"
  "broadcast"
  "--bin"
  "/home/jln/.go/bin/maelstrom-broadcast"
  "--node-count"
  "1"
  "--time-limit"
  "20"
  "--rate"
  "10")
 :nemesis
 (jepsen.nemesis.ReflCompose
  {:fm {:start-partition 0,
        :stop-partition 0,
        :kill 1,
        :start 1,
        :pause 1,
        :resume 1},
   :nemeses [#unprintable "jepsen.nemesis.combined$partition_nemesis$reify__16416@797a5b31"
             #unprintable "jepsen.nemesis.combined$db_nemesis$reify__16397@13d7d1a8"]})
 :nodes ["n0"]
 :test-count 1
 :latency {:mean 0, :dist :constant}
 :bin "/home/jln/.go/bin/maelstrom-broadcast"
 :generator
 ((jepsen.generator.Synchronize
   {:gen (jepsen.generator.TimeLimit
          {:limit 20000000000,
           :cutoff nil,
           :gen (jepsen.generator.Any
                 {:gens [(jepsen.generator.OnThreads
                          {:f #{:nemesis},
                           :context-filter #object[jepsen.generator.context$make_thread_filter$lazy_filter__9167
                                                   "0x72e4905c"
                                                   "jepsen.generator.context$make_thread_filter$lazy_filter__9167@72e4905c"],
                           :gen nil})
                         (jepsen.generator.OnThreads
                          {:f #jepsen.generator.context.AllBut{:element :nemesis},
                           :context-filter #object[jepsen.generator.context$make_thread_filter$lazy_filter__9167
                                                   "0x279b83ea"
                                                   "jepsen.generator.context$make_thread_filter$lazy_filter__9167@279b83ea"],
                           :gen (jepsen.generator.Stagger
                                 {:dt 200000000,
                                  :next-time nil,
                                  :gen (jepsen.generator.Mix
                                        {:i 1,
                                         :gens [({:f :broadcast, :value 0}
                                                 {:f :broadcast, :value 1}
                                                 {:f :broadcast, :value 2}
                                                 {:f :broadcast, :value 3}
                                                 {:f :broadcast, :value 4}
                                                 {:f :broadcast, :value 5}
                                                 {:f :broadcast, :value 6}
                                                 {:f :broadcast, :value 7}
                                                 ...)
                                                ({:f :read}
                                                 {:f :read}
                                                 {:f :read}
                                                 {:f :read}
                                                 {:f :read}
                                                 {:f :read}
                                                 {:f :read}
                                                 {:f :read}
                                                 ...)]})})})]})})})
  (jepsen.generator.Synchronize
   {:gen (jepsen.generator.OnThreads
          {:f #{:nemesis},
           :context-filter #object[jepsen.generator.context$make_thread_filter$lazy_filter__9167
                                   "0x40f40221"
                                   "jepsen.generator.context$make_thread_filter$lazy_filter__9167@40f40221"],
           :gen ()})})
  (jepsen.generator.Synchronize
   {:gen {:type :log, :value "Waiting for recovery..."}})
  (jepsen.generator.Synchronize {:gen {:type :sleep, :value 10}})
  (jepsen.generator.Synchronize
   {:gen (jepsen.generator.OnThreads
          {:f #jepsen.generator.context.AllBut{:element :nemesis},
           :context-filter #object[jepsen.generator.context$make_thread_filter$lazy_filter__9167
                                   "0x16441c13"
                                   "jepsen.generator.context$make_thread_filter$lazy_filter__9167@16441c13"],
           :gen (jepsen.generator.EachThread
                 {:fresh-gen {:f :read, :final? true},
                  :context-filters #object[clojure.core$promise$reify__8591
                                           "0x6d3b59e2"
                                           {:status :pending, :val nil}],
                  :gens {}})})}))
 :log-net-recv false
 :os
 #object[maelstrom.net$jepsen_os$reify__15254
         "0x164dfad2"
         "maelstrom.net$jepsen_os$reify__15254@164dfad2"]
 :time-limit 20
 :workload :broadcast
 :consistency-models [:strict-serializable]
 :topology :grid}

2023-03-03 17:08:54,543{GMT}	INFO	[jepsen node n0] maelstrom.net: Starting Maelstrom network
2023-03-03 17:08:54,544{GMT}	INFO	[jepsen test runner] jepsen.db: Tearing down DB
2023-03-03 17:08:54,545{GMT}	INFO	[jepsen test runner] jepsen.db: Setting up DB
2023-03-03 17:08:54,546{GMT}	INFO	[jepsen node n0] maelstrom.service: Starting services: (lin-kv lin-tso lww-kv seq-kv)
2023-03-03 17:08:54,547{GMT}	INFO	[jepsen node n0] maelstrom.db: Setting up n0
2023-03-03 17:08:54,547{GMT}	INFO	[jepsen node n0] maelstrom.process: launching /home/jln/.go/bin/maelstrom-broadcast []
2023-03-03 17:08:54,558{GMT}	INFO	[jepsen test runner] jepsen.core: Relative time begins now
2023-03-03 17:08:54,566{GMT}	INFO	[jepsen worker 0] jepsen.util: 0	:invoke	:read	nil
2023-03-03 17:08:54,568{GMT}	INFO	[jepsen worker 0] jepsen.util: 0	:ok	:read	nil
2023-03-03 17:08:54,693{GMT}	INFO	[jepsen worker 0] jepsen.util: 0	:invoke	:read	nil
2023-03-03 17:08:54,694{GMT}	INFO	[jepsen worker 0] jepsen.util: 0	:ok	:read	nil
2023-03-03 17:08:54,873{GMT}	INFO	[jepsen worker 0] jepsen.util: 0	:invoke	:read	nil
2023-03-03 17:08:54,874{GMT}	INFO	[jepsen worker 0] jepsen.util: 0	:ok	:read	nil
2023-03-03 17:08:54,884{GMT}	INFO	[jepsen worker 0] jepsen.util: 0	:invoke	:read	nil
2023-03-03 17:08:54,885{GMT}	INFO	[jepsen worker 0] jepsen.util: 0	:ok	:read	nil
2023-03-03 17:08:54,976{GMT}	INFO	[jepsen worker 0] jepsen.util: 0	:invoke	:broadcast	0
2023-03-03 17:08:54,977{GMT}	INFO	[jepsen worker 0] jepsen.util: 0	:ok	:broadcast	0
2023-03-03 17:08:55,042{GMT}	INFO	[jepsen worker 0] jepsen.util: 0	:invoke	:broadcast	1
2023-03-03 17:08:55,044{GMT}	INFO	[jepsen worker 0] jepsen.util: 0	:ok	:broadcast	1
2023-03-03 17:08:55,126{GMT}	INFO	[jepsen worker 0] jepsen.util: 0	:invoke	:broadcast	2
2023-03-03 17:08:55,127{GMT}	INFO	[jepsen worker 0] jepsen.util: 0	:ok	:broadcast	2
2023-03-03 17:08:55,203{GMT}	INFO	[jepsen worker 0] jepsen.util: 0	:invoke	:broadcast	3
2023-03-03 17:08:55,204{GMT}	INFO	[jepsen worker 0] jepsen.util: 0	:ok	:broadcast	3
2023-03-03 17:08:55,233{GMT}	INFO	[jepsen worker 0] jepsen.util: 0	:invoke	:broadcast	4
2023-03-03 17:08:55,234{GMT}	INFO	[jepsen worker 0] jepsen.util: 0	:ok	:broadcast	4
2023-03-03 17:08:55,237{GMT}	INFO	[jepsen worker 0] jepsen.util: 0	:invoke	:read	nil
2023-03-03 17:08:55,238{GMT}	INFO	[jepsen worker 0] jepsen.util: 0	:ok	:read	nil
2023-03-03 17:08:55,430{GMT}	INFO	[jepsen worker 0] jepsen.util: 0	:invoke	:broadcast	5
2023-03-03 17:08:55,432{GMT}	INFO	[jepsen worker 0] jepsen.util: 0	:ok	:broadcast	5
2023-03-03 17:08:55,624{GMT}	INFO	[jepsen worker 0] jepsen.util: 0	:invoke	:broadcast	6
2023-03-03 17:08:55,625{GMT}	INFO	[jepsen worker 0] jepsen.util: 0	:ok	:broadcast	6
2023-03-03 17:08:55,760{GMT}	INFO	[jepsen worker 0] jepsen.util: 0	:invoke	:broadcast	7
2023-03-03 17:08:55,762{GMT}	INFO	[jepsen worker 0] jepsen.util: 0	:ok	:broadcast	7
2023-03-03 17:08:55,800{GMT}	INFO	[jepsen worker 0] jepsen.util: 0	:invoke	:read	nil
2023-03-03 17:08:55,802{GMT}	INFO	[jepsen worker 0] jepsen.util: 0	:ok	:read	nil
2023-03-03 17:08:55,970{GMT}	INFO	[jepsen worker 0] jepsen.util: 0	:invoke	:broadcast	8
2023-03-03 17:08:55,971{GMT}	INFO	[jepsen worker 0] jepsen.util: 0	:ok	:broadcast	8
2023-03-03 17:08:56,031{GMT}	INFO	[jepsen worker 0] jepsen.util: 0	:invoke	:broadcast	9
2023-03-03 17:08:56,032{GMT}	INFO	[jepsen worker 0] jepsen.util: 0	:ok	:broadcast	9
2023-03-03 17:08:56,204{GMT}	INFO	[jepsen worker 0] jepsen.util: 0	:invoke	:read	nil
2023-03-03 17:08:56,205{GMT}	INFO	[jepsen worker 0] jepsen.util: 0	:ok	:read	nil
2023-03-03 17:08:56,302{GMT}	INFO	[jepsen worker 0] jepsen.util: 0	:invoke	:broadcast	10
2023-03-03 17:08:56,303{GMT}	INFO	[jepsen worker 0] jepsen.util: 0	:ok	:broadcast	10
2023-03-03 17:08:56,341{GMT}	INFO	[jepsen worker 0] jepsen.util: 0	:invoke	:broadcast	11
2023-03-03 17:08:56,342{GMT}	INFO	[jepsen worker 0] jepsen.util: 0	:ok	:broadcast	11
2023-03-03 17:08:56,418{GMT}	INFO	[jepsen worker 0] jepsen.util: 0	:invoke	:read	nil
2023-03-03 17:08:56,419{GMT}	INFO	[jepsen worker 0] jepsen.util: 0	:ok	:read	nil
2023-03-03 17:08:56,579{GMT}	INFO	[jepsen worker 0] jepsen.util: 0	:invoke	:read	nil
2023-03-03 17:08:56,580{GMT}	INFO	[jepsen worker 0] jepsen.util: 0	:ok	:read	nil
2023-03-03 17:08:56,716{GMT}	INFO	[jepsen worker 0] jepsen.util: 0	:invoke	:read	nil
2023-03-03 17:08:56,717{GMT}	INFO	[jepsen worker 0] jepsen.util: 0	:ok	:read	nil
2023-03-03 17:08:56,893{GMT}	INFO	[jepsen worker 0] jepsen.util: 0	:invoke	:broadcast	12
2023-03-03 17:08:56,894{GMT}	INFO	[jepsen worker 0] jepsen.util: 0	:ok	:broadcast	12
2023-03-03 17:08:57,085{GMT}	INFO	[jepsen worker 0] jepsen.util: 0	:invoke	:read	nil
2023-03-03 17:08:57,087{GMT}	INFO	[jepsen worker 0] jepsen.util: 0	:ok	:read	nil
2023-03-03 17:08:57,196{GMT}	INFO	[jepsen worker 0] jepsen.util: 0	:invoke	:read	nil
2023-03-03 17:08:57,197{GMT}	INFO	[jepsen worker 0] jepsen.util: 0	:ok	:read	nil
2023-03-03 17:08:57,202{GMT}	INFO	[jepsen worker 0] jepsen.util: 0	:invoke	:read	nil
2023-03-03 17:08:57,203{GMT}	INFO	[jepsen worker 0] jepsen.util: 0	:ok	:read	nil
2023-03-03 17:08:57,291{GMT}	INFO	[jepsen worker 0] jepsen.util: 0	:invoke	:broadcast	13
2023-03-03 17:08:57,291{GMT}	INFO	[jepsen worker 0] jepsen.util: 0	:ok	:broadcast	13
2023-03-03 17:08:57,424{GMT}	INFO	[jepsen worker 0] jepsen.util: 0	:invoke	:read	nil
2023-03-03 17:08:57,425{GMT}	INFO	[jepsen worker 0] jepsen.util: 0	:ok	:read	nil
2023-03-03 17:08:57,516{GMT}	INFO	[jepsen worker 0] jepsen.util: 0	:invoke	:read	nil
2023-03-03 17:08:57,517{GMT}	INFO	[jepsen worker 0] jepsen.util: 0	:ok	:read	nil
2023-03-03 17:08:57,655{GMT}	INFO	[jepsen worker 0] jepsen.util: 0	:invoke	:read	nil
2023-03-03 17:08:57,656{GMT}	INFO	[jepsen worker 0] jepsen.util: 0	:ok	:read	nil
2023-03-03 17:08:57,673{GMT}	INFO	[jepsen worker 0] jepsen.util: 0	:invoke	:read	nil
2023-03-03 17:08:57,674{GMT}	INFO	[jepsen worker 0] jepsen.util: 0	:ok	:read	nil
2023-03-03 17:08:57,676{GMT}	INFO	[jepsen worker 0] jepsen.util: 0	:invoke	:broadcast	14
2023-03-03 17:08:57,676{GMT}	INFO	[jepsen worker 0] jepsen.util: 0	:ok	:broadcast	14
2023-03-03 17:08:57,871{GMT}	INFO	[jepsen worker 0] jepsen.util: 0	:invoke	:read	nil
2023-03-03 17:08:57,873{GMT}	INFO	[jepsen worker 0] jepsen.util: 0	:ok	:read	nil
2023-03-03 17:08:58,059{GMT}	INFO	[jepsen worker 0] jepsen.util: 0	:invoke	:read	nil
2023-03-03 17:08:58,061{GMT}	INFO	[jepsen worker 0] jepsen.util: 0	:ok	:read	nil
2023-03-03 17:08:58,177{GMT}	INFO	[jepsen worker 0] jepsen.util: 0	:invoke	:read	nil
2023-03-03 17:08:58,178{GMT}	INFO	[jepsen worker 0] jepsen.util: 0	:ok	:read	nil
2023-03-03 17:08:58,279{GMT}	INFO	[jepsen worker 0] jepsen.util: 0	:invoke	:read	nil
2023-03-03 17:08:58,280{GMT}	INFO	[jepsen worker 0] jepsen.util: 0	:ok	:read	nil
2023-03-03 17:08:58,412{GMT}	INFO	[jepsen worker 0] jepsen.util: 0	:invoke	:broadcast	15
2023-03-03 17:08:58,413{GMT}	INFO	[jepsen worker 0] jepsen.util: 0	:ok	:broadcast	15
2023-03-03 17:08:58,559{GMT}	INFO	[jepsen worker 0] jepsen.util: 0	:invoke	:read	nil
2023-03-03 17:08:58,560{GMT}	INFO	[jepsen worker 0] jepsen.util: 0	:ok	:read	nil
2023-03-03 17:08:58,606{GMT}	INFO	[jepsen worker 0] jepsen.util: 0	:invoke	:broadcast	16
2023-03-03 17:08:58,607{GMT}	INFO	[jepsen worker 0] jepsen.util: 0	:ok	:broadcast	16
2023-03-03 17:08:58,711{GMT}	INFO	[jepsen worker 0] jepsen.util: 0	:invoke	:read	nil
2023-03-03 17:08:58,712{GMT}	INFO	[jepsen worker 0] jepsen.util: 0	:ok	:read	nil
2023-03-03 17:08:58,754{GMT}	INFO	[jepsen worker 0] jepsen.util: 0	:invoke	:broadcast	17
2023-03-03 17:08:58,755{GMT}	INFO	[jepsen worker 0] jepsen.util: 0	:ok	:broadcast	17
2023-03-03 17:08:58,950{GMT}	INFO	[jepsen worker 0] jepsen.util: 0	:invoke	:read	nil
2023-03-03 17:08:58,951{GMT}	INFO	[jepsen worker 0] jepsen.util: 0	:ok	:read	nil
2023-03-03 17:08:58,973{GMT}	INFO	[jepsen worker 0] jepsen.util: 0	:invoke	:broadcast	18
2023-03-03 17:08:58,974{GMT}	INFO	[jepsen worker 0] jepsen.util: 0	:ok	:broadcast	18
2023-03-03 17:08:58,982{GMT}	INFO	[jepsen worker 0] jepsen.util: 0	:invoke	:broadcast	19
2023-03-03 17:08:58,982{GMT}	INFO	[jepsen worker 0] jepsen.util: 0	:ok	:broadcast	19
2023-03-03 17:08:59,028{GMT}	INFO	[jepsen worker 0] jepsen.util: 0	:invoke	:read	nil
2023-03-03 17:08:59,029{GMT}	INFO	[jepsen worker 0] jepsen.util: 0	:ok	:read	nil
2023-03-03 17:08:59,124{GMT}	INFO	[jepsen worker 0] jepsen.util: 0	:invoke	:broadcast	20
2023-03-03 17:08:59,125{GMT}	INFO	[jepsen worker 0] jepsen.util: 0	:ok	:broadcast	20
2023-03-03 17:08:59,244{GMT}	INFO	[jepsen worker 0] jepsen.util: 0	:invoke	:broadcast	21
2023-03-03 17:08:59,245{GMT}	INFO	[jepsen worker 0] jepsen.util: 0	:ok	:broadcast	21
2023-03-03 17:08:59,393{GMT}	INFO	[jepsen worker 0] jepsen.util: 0	:invoke	:broadcast	22
2023-03-03 17:08:59,394{GMT}	INFO	[jepsen worker 0] jepsen.util: 0	:ok	:broadcast	22
2023-03-03 17:08:59,489{GMT}	INFO	[jepsen worker 0] jepsen.util: 0	:invoke	:read	nil
2023-03-03 17:08:59,490{GMT}	INFO	[jepsen worker 0] jepsen.util: 0	:ok	:read	nil
2023-03-03 17:08:59,604{GMT}	INFO	[jepsen worker 0] jepsen.util: 0	:invoke	:read	nil
2023-03-03 17:08:59,605{GMT}	INFO	[jepsen worker 0] jepsen.util: 0	:ok	:read	nil
2023-03-03 17:08:59,634{GMT}	INFO	[jepsen worker 0] jepsen.util: 0	:invoke	:read	nil
2023-03-03 17:08:59,635{GMT}	INFO	[jepsen worker 0] jepsen.util: 0	:ok	:read	nil
2023-03-03 17:08:59,754{GMT}	INFO	[jepsen worker 0] jepsen.util: 0	:invoke	:broadcast	23
2023-03-03 17:08:59,755{GMT}	INFO	[jepsen worker 0] jepsen.util: 0	:ok	:broadcast	23
2023-03-03 17:08:59,945{GMT}	INFO	[jepsen worker 0] jepsen.util: 0	:invoke	:broadcast	24
2023-03-03 17:08:59,946{GMT}	INFO	[jepsen worker 0] jepsen.util: 0	:ok	:broadcast	24
2023-03-03 17:08:59,953{GMT}	INFO	[jepsen worker 0] jepsen.util: 0	:invoke	:broadcast	25
2023-03-03 17:08:59,953{GMT}	INFO	[jepsen worker 0] jepsen.util: 0	:ok	:broadcast	25
2023-03-03 17:09:00,005{GMT}	INFO	[jepsen worker 0] jepsen.util: 0	:invoke	:broadcast	26
2023-03-03 17:09:00,005{GMT}	INFO	[jepsen worker 0] jepsen.util: 0	:ok	:broadcast	26
2023-03-03 17:09:00,155{GMT}	INFO	[jepsen worker 0] jepsen.util: 0	:invoke	:broadcast	27
2023-03-03 17:09:00,156{GMT}	INFO	[jepsen worker 0] jepsen.util: 0	:ok	:broadcast	27
2023-03-03 17:09:00,275{GMT}	INFO	[jepsen worker 0] jepsen.util: 0	:invoke	:read	nil
2023-03-03 17:09:00,276{GMT}	INFO	[jepsen worker 0] jepsen.util: 0	:ok	:read	nil
2023-03-03 17:09:00,445{GMT}	INFO	[jepsen worker 0] jepsen.util: 0	:invoke	:read	nil
2023-03-03 17:09:00,446{GMT}	INFO	[jepsen worker 0] jepsen.util: 0	:ok	:read	nil
2023-03-03 17:09:00,603{GMT}	INFO	[jepsen worker 0] jepsen.util: 0	:invoke	:read	nil
2023-03-03 17:09:00,604{GMT}	INFO	[jepsen worker 0] jepsen.util: 0	:ok	:read	nil
2023-03-03 17:09:00,794{GMT}	INFO	[jepsen worker 0] jepsen.util: 0	:invoke	:broadcast	28
2023-03-03 17:09:00,795{GMT}	INFO	[jepsen worker 0] jepsen.util: 0	:ok	:broadcast	28
2023-03-03 17:09:00,986{GMT}	INFO	[jepsen worker 0] jepsen.util: 0	:invoke	:read	nil
2023-03-03 17:09:00,987{GMT}	INFO	[jepsen worker 0] jepsen.util: 0	:ok	:read	nil
2023-03-03 17:09:01,159{GMT}	INFO	[jepsen worker 0] jepsen.util: 0	:invoke	:read	nil
2023-03-03 17:09:01,160{GMT}	INFO	[jepsen worker 0] jepsen.util: 0	:ok	:read	nil
2023-03-03 17:09:01,220{GMT}	INFO	[jepsen worker 0] jepsen.util: 0	:invoke	:broadcast	29
2023-03-03 17:09:01,220{GMT}	INFO	[jepsen worker 0] jepsen.util: 0	:ok	:broadcast	29
2023-03-03 17:09:01,329{GMT}	INFO	[jepsen worker 0] jepsen.util: 0	:invoke	:read	nil
2023-03-03 17:09:01,330{GMT}	INFO	[jepsen worker 0] jepsen.util: 0	:ok	:read	nil
2023-03-03 17:09:01,389{GMT}	INFO	[jepsen worker 0] jepsen.util: 0	:invoke	:read	nil
2023-03-03 17:09:01,390{GMT}	INFO	[jepsen worker 0] jepsen.util: 0	:ok	:read	nil
2023-03-03 17:09:01,413{GMT}	INFO	[jepsen worker 0] jepsen.util: 0	:invoke	:broadcast	30
2023-03-03 17:09:01,414{GMT}	INFO	[jepsen worker 0] jepsen.util: 0	:ok	:broadcast	30
2023-03-03 17:09:01,459{GMT}	INFO	[jepsen worker 0] jepsen.util: 0	:invoke	:broadcast	31
2023-03-03 17:09:01,460{GMT}	INFO	[jepsen worker 0] jepsen.util: 0	:ok	:broadcast	31
2023-03-03 17:09:01,526{GMT}	INFO	[jepsen worker 0] jepsen.util: 0	:invoke	:read	nil
2023-03-03 17:09:01,526{GMT}	INFO	[jepsen worker 0] jepsen.util: 0	:ok	:read	nil
2023-03-03 17:09:01,604{GMT}	INFO	[jepsen worker 0] jepsen.util: 0	:invoke	:broadcast	32
2023-03-03 17:09:01,605{GMT}	INFO	[jepsen worker 0] jepsen.util: 0	:ok	:broadcast	32
2023-03-03 17:09:01,715{GMT}	INFO	[jepsen worker 0] jepsen.util: 0	:invoke	:read	nil
2023-03-03 17:09:01,716{GMT}	INFO	[jepsen worker 0] jepsen.util: 0	:ok	:read	nil
2023-03-03 17:09:01,824{GMT}	INFO	[jepsen worker 0] jepsen.util: 0	:invoke	:broadcast	33
2023-03-03 17:09:01,825{GMT}	INFO	[jepsen worker 0] jepsen.util: 0	:ok	:broadcast	33
2023-03-03 17:09:01,828{GMT}	INFO	[jepsen worker 0] jepsen.util: 0	:invoke	:read	nil
2023-03-03 17:09:01,829{GMT}	INFO	[jepsen worker 0] jepsen.util: 0	:ok	:read	nil
2023-03-03 17:09:01,865{GMT}	INFO	[jepsen worker 0] jepsen.util: 0	:invoke	:broadcast	34
2023-03-03 17:09:01,866{GMT}	INFO	[jepsen worker 0] jepsen.util: 0	:ok	:broadcast	34
2023-03-03 17:09:02,002{GMT}	INFO	[jepsen worker 0] jepsen.util: 0	:invoke	:broadcast	35
2023-03-03 17:09:02,003{GMT}	INFO	[jepsen worker 0] jepsen.util: 0	:ok	:broadcast	35
2023-03-03 17:09:02,117{GMT}	INFO	[jepsen worker 0] jepsen.util: 0	:invoke	:broadcast	36
2023-03-03 17:09:02,118{GMT}	INFO	[jepsen worker 0] jepsen.util: 0	:ok	:broadcast	36
2023-03-03 17:09:02,158{GMT}	INFO	[jepsen worker 0] jepsen.util: 0	:invoke	:read	nil
2023-03-03 17:09:02,158{GMT}	INFO	[jepsen worker 0] jepsen.util: 0	:ok	:read	nil
2023-03-03 17:09:02,346{GMT}	INFO	[jepsen worker 0] jepsen.util: 0	:invoke	:broadcast	37
2023-03-03 17:09:02,347{GMT}	INFO	[jepsen worker 0] jepsen.util: 0	:ok	:broadcast	37
2023-03-03 17:09:02,417{GMT}	INFO	[jepsen worker 0] jepsen.util: 0	:invoke	:read	nil
2023-03-03 17:09:02,418{GMT}	INFO	[jepsen worker 0] jepsen.util: 0	:ok	:read	nil
2023-03-03 17:09:02,541{GMT}	INFO	[jepsen worker 0] jepsen.util: 0	:invoke	:broadcast	38
2023-03-03 17:09:02,542{GMT}	INFO	[jepsen worker 0] jepsen.util: 0	:ok	:broadcast	38
2023-03-03 17:09:02,660{GMT}	INFO	[jepsen worker 0] jepsen.util: 0	:invoke	:read	nil
2023-03-03 17:09:02,661{GMT}	INFO	[jepsen worker 0] jepsen.util: 0	:ok	:read	nil
2023-03-03 17:09:02,775{GMT}	INFO	[jepsen worker 0] jepsen.util: 0	:invoke	:read	nil
2023-03-03 17:09:02,776{GMT}	INFO	[jepsen worker 0] jepsen.util: 0	:ok	:read	nil
2023-03-03 17:09:02,841{GMT}	INFO	[jepsen worker 0] jepsen.util: 0	:invoke	:read	nil
2023-03-03 17:09:02,842{GMT}	INFO	[jepsen worker 0] jepsen.util: 0	:ok	:read	nil
2023-03-03 17:09:02,926{GMT}	INFO	[jepsen worker 0] jepsen.util: 0	:invoke	:broadcast	39
2023-03-03 17:09:02,927{GMT}	INFO	[jepsen worker 0] jepsen.util: 0	:ok	:broadcast	39
2023-03-03 17:09:03,036{GMT}	INFO	[jepsen worker 0] jepsen.util: 0	:invoke	:read	nil
2023-03-03 17:09:03,038{GMT}	INFO	[jepsen worker 0] jepsen.util: 0	:ok	:read	nil
2023-03-03 17:09:03,059{GMT}	INFO	[jepsen worker 0] jepsen.util: 0	:invoke	:read	nil
2023-03-03 17:09:03,059{GMT}	INFO	[jepsen worker 0] jepsen.util: 0	:ok	:read	nil
2023-03-03 17:09:03,137{GMT}	INFO	[jepsen worker 0] jepsen.util: 0	:invoke	:read	nil
2023-03-03 17:09:03,138{GMT}	INFO	[jepsen worker 0] jepsen.util: 0	:ok	:read	nil
2023-03-03 17:09:03,288{GMT}	INFO	[jepsen worker 0] jepsen.util: 0	:invoke	:broadcast	40
2023-03-03 17:09:03,289{GMT}	INFO	[jepsen worker 0] jepsen.util: 0	:ok	:broadcast	40
2023-03-03 17:09:03,402{GMT}	INFO	[jepsen worker 0] jepsen.util: 0	:invoke	:read	nil
2023-03-03 17:09:03,403{GMT}	INFO	[jepsen worker 0] jepsen.util: 0	:ok	:read	nil
2023-03-03 17:09:03,574{GMT}	INFO	[jepsen worker 0] jepsen.util: 0	:invoke	:read	nil
2023-03-03 17:09:03,574{GMT}	INFO	[jepsen worker 0] jepsen.util: 0	:ok	:read	nil
2023-03-03 17:09:03,761{GMT}	INFO	[jepsen worker 0] jepsen.util: 0	:invoke	:read	nil
2023-03-03 17:09:03,762{GMT}	INFO	[jepsen worker 0] jepsen.util: 0	:ok	:read	nil
2023-03-03 17:09:03,847{GMT}	INFO	[jepsen worker 0] jepsen.util: 0	:invoke	:read	nil
2023-03-03 17:09:03,847{GMT}	INFO	[jepsen worker 0] jepsen.util: 0	:ok	:read	nil
2023-03-03 17:09:03,983{GMT}	INFO	[jepsen worker 0] jepsen.util: 0	:invoke	:broadcast	41
2023-03-03 17:09:03,984{GMT}	INFO	[jepsen worker 0] jepsen.util: 0	:ok	:broadcast	41
2023-03-03 17:09:04,179{GMT}	INFO	[jepsen worker 0] jepsen.util: 0	:invoke	:read	nil
2023-03-03 17:09:04,179{GMT}	INFO	[jepsen worker 0] jepsen.util: 0	:ok	:read	nil
2023-03-03 17:09:04,245{GMT}	INFO	[jepsen worker 0] jepsen.util: 0	:invoke	:broadcast	42
2023-03-03 17:09:04,246{GMT}	INFO	[jepsen worker 0] jepsen.util: 0	:ok	:broadcast	42
2023-03-03 17:09:04,369{GMT}	INFO	[jepsen worker 0] jepsen.util: 0	:invoke	:read	nil
2023-03-03 17:09:04,370{GMT}	INFO	[jepsen worker 0] jepsen.util: 0	:ok	:read	nil
2023-03-03 17:09:04,541{GMT}	INFO	[jepsen worker 0] jepsen.util: 0	:invoke	:read	nil
2023-03-03 17:09:04,542{GMT}	INFO	[jepsen worker 0] jepsen.util: 0	:ok	:read	nil
2023-03-03 17:09:04,592{GMT}	INFO	[jepsen worker 0] jepsen.util: 0	:invoke	:read	nil
2023-03-03 17:09:04,592{GMT}	INFO	[jepsen worker 0] jepsen.util: 0	:ok	:read	nil
2023-03-03 17:09:04,778{GMT}	INFO	[jepsen worker 0] jepsen.util: 0	:invoke	:broadcast	43
2023-03-03 17:09:04,779{GMT}	INFO	[jepsen worker 0] jepsen.util: 0	:ok	:broadcast	43
2023-03-03 17:09:04,779{GMT}	INFO	[jepsen worker 0] jepsen.util: 0	:invoke	:broadcast	44
2023-03-03 17:09:04,779{GMT}	INFO	[jepsen worker 0] jepsen.util: 0	:ok	:broadcast	44
2023-03-03 17:09:04,943{GMT}	INFO	[jepsen worker 0] jepsen.util: 0	:invoke	:read	nil
2023-03-03 17:09:04,944{GMT}	INFO	[jepsen worker 0] jepsen.util: 0	:ok	:read	nil
2023-03-03 17:09:04,970{GMT}	INFO	[jepsen worker 0] jepsen.util: 0	:invoke	:broadcast	45
2023-03-03 17:09:04,971{GMT}	INFO	[jepsen worker 0] jepsen.util: 0	:ok	:broadcast	45
2023-03-03 17:09:04,986{GMT}	INFO	[jepsen worker 0] jepsen.util: 0	:invoke	:broadcast	46
2023-03-03 17:09:04,986{GMT}	INFO	[jepsen worker 0] jepsen.util: 0	:ok	:broadcast	46
2023-03-03 17:09:05,186{GMT}	INFO	[jepsen worker 0] jepsen.util: 0	:invoke	:read	nil
2023-03-03 17:09:05,187{GMT}	INFO	[jepsen worker 0] jepsen.util: 0	:ok	:read	nil
2023-03-03 17:09:05,215{GMT}	INFO	[jepsen worker 0] jepsen.util: 0	:invoke	:broadcast	47
2023-03-03 17:09:05,216{GMT}	INFO	[jepsen worker 0] jepsen.util: 0	:ok	:broadcast	47
2023-03-03 17:09:05,254{GMT}	INFO	[jepsen worker 0] jepsen.util: 0	:invoke	:read	nil
2023-03-03 17:09:05,254{GMT}	INFO	[jepsen worker 0] jepsen.util: 0	:ok	:read	nil
2023-03-03 17:09:05,398{GMT}	INFO	[jepsen worker 0] jepsen.util: 0	:invoke	:broadcast	48
2023-03-03 17:09:05,399{GMT}	INFO	[jepsen worker 0] jepsen.util: 0	:ok	:broadcast	48
2023-03-03 17:09:05,526{GMT}	INFO	[jepsen worker 0] jepsen.util: 0	:invoke	:read	nil
2023-03-03 17:09:05,527{GMT}	INFO	[jepsen worker 0] jepsen.util: 0	:ok	:read	nil
2023-03-03 17:09:05,575{GMT}	INFO	[jepsen worker 0] jepsen.util: 0	:invoke	:read	nil
2023-03-03 17:09:05,576{GMT}	INFO	[jepsen worker 0] jepsen.util: 0	:ok	:read	nil
2023-03-03 17:09:05,621{GMT}	INFO	[jepsen worker 0] jepsen.util: 0	:invoke	:read	nil
2023-03-03 17:09:05,622{GMT}	INFO	[jepsen worker 0] jepsen.util: 0	:ok	:read	nil
2023-03-03 17:09:05,764{GMT}	INFO	[jepsen worker 0] jepsen.util: 0	:invoke	:read	nil
2023-03-03 17:09:05,765{GMT}	INFO	[jepsen worker 0] jepsen.util: 0	:ok	:read	nil
2023-03-03 17:09:05,853{GMT}	INFO	[jepsen worker 0] jepsen.util: 0	:invoke	:read	nil
2023-03-03 17:09:05,854{GMT}	INFO	[jepsen worker 0] jepsen.util: 0	:ok	:read	nil
2023-03-03 17:09:05,996{GMT}	INFO	[jepsen worker 0] jepsen.util: 0	:invoke	:read	nil
2023-03-03 17:09:05,996{GMT}	INFO	[jepsen worker 0] jepsen.util: 0	:ok	:read	nil
2023-03-03 17:09:06,051{GMT}	INFO	[jepsen worker 0] jepsen.util: 0	:invoke	:broadcast	49
2023-03-03 17:09:06,052{GMT}	INFO	[jepsen worker 0] jepsen.util: 0	:ok	:broadcast	49
2023-03-03 17:09:06,107{GMT}	INFO	[jepsen worker 0] jepsen.util: 0	:invoke	:broadcast	50
2023-03-03 17:09:06,108{GMT}	INFO	[jepsen worker 0] jepsen.util: 0	:ok	:broadcast	50
2023-03-03 17:09:06,271{GMT}	INFO	[jepsen worker 0] jepsen.util: 0	:invoke	:read	nil
2023-03-03 17:09:06,272{GMT}	INFO	[jepsen worker 0] jepsen.util: 0	:ok	:read	nil
2023-03-03 17:09:06,336{GMT}	INFO	[jepsen worker 0] jepsen.util: 0	:invoke	:read	nil
2023-03-03 17:09:06,337{GMT}	INFO	[jepsen worker 0] jepsen.util: 0	:ok	:read	nil
2023-03-03 17:09:06,403{GMT}	INFO	[jepsen worker 0] jepsen.util: 0	:invoke	:read	nil
2023-03-03 17:09:06,404{GMT}	INFO	[jepsen worker 0] jepsen.util: 0	:ok	:read	nil
2023-03-03 17:09:06,489{GMT}	INFO	[jepsen worker 0] jepsen.util: 0	:invoke	:broadcast	51
2023-03-03 17:09:06,489{GMT}	INFO	[jepsen worker 0] jepsen.util: 0	:ok	:broadcast	51
2023-03-03 17:09:06,666{GMT}	INFO	[jepsen worker 0] jepsen.util: 0	:invoke	:read	nil
2023-03-03 17:09:06,666{GMT}	INFO	[jepsen worker 0] jepsen.util: 0	:ok	:read	nil
2023-03-03 17:09:06,696{GMT}	INFO	[jepsen worker 0] jepsen.util: 0	:invoke	:read	nil
2023-03-03 17:09:06,697{GMT}	INFO	[jepsen worker 0] jepsen.util: 0	:ok	:read	nil
2023-03-03 17:09:06,857{GMT}	INFO	[jepsen worker 0] jepsen.util: 0	:invoke	:read	nil
2023-03-03 17:09:06,858{GMT}	INFO	[jepsen worker 0] jepsen.util: 0	:ok	:read	nil
2023-03-03 17:09:06,858{GMT}	INFO	[jepsen worker 0] jepsen.util: 0	:invoke	:broadcast	52
2023-03-03 17:09:06,858{GMT}	INFO	[jepsen worker 0] jepsen.util: 0	:ok	:broadcast	52
2023-03-03 17:09:07,003{GMT}	INFO	[jepsen worker 0] jepsen.util: 0	:invoke	:broadcast	53
2023-03-03 17:09:07,004{GMT}	INFO	[jepsen worker 0] jepsen.util: 0	:ok	:broadcast	53
2023-03-03 17:09:07,030{GMT}	INFO	[jepsen worker 0] jepsen.util: 0	:invoke	:broadcast	54
2023-03-03 17:09:07,030{GMT}	INFO	[jepsen worker 0] jepsen.util: 0	:ok	:broadcast	54
2023-03-03 17:09:07,209{GMT}	INFO	[jepsen worker 0] jepsen.util: 0	:invoke	:broadcast	55
2023-03-03 17:09:07,212{GMT}	INFO	[jepsen worker 0] jepsen.util: 0	:ok	:broadcast	55
2023-03-03 17:09:07,392{GMT}	INFO	[jepsen worker 0] jepsen.util: 0	:invoke	:read	nil
2023-03-03 17:09:07,392{GMT}	INFO	[jepsen worker 0] jepsen.util: 0	:ok	:read	nil
2023-03-03 17:09:07,419{GMT}	INFO	[jepsen worker 0] jepsen.util: 0	:invoke	:read	nil
2023-03-03 17:09:07,419{GMT}	INFO	[jepsen worker 0] jepsen.util: 0	:ok	:read	nil
2023-03-03 17:09:07,594{GMT}	INFO	[jepsen worker 0] jepsen.util: 0	:invoke	:broadcast	56
2023-03-03 17:09:07,595{GMT}	INFO	[jepsen worker 0] jepsen.util: 0	:ok	:broadcast	56
2023-03-03 17:09:07,695{GMT}	INFO	[jepsen worker 0] jepsen.util: 0	:invoke	:broadcast	57
2023-03-03 17:09:07,696{GMT}	INFO	[jepsen worker 0] jepsen.util: 0	:ok	:broadcast	57
2023-03-03 17:09:07,730{GMT}	INFO	[jepsen worker 0] jepsen.util: 0	:invoke	:broadcast	58
2023-03-03 17:09:07,731{GMT}	INFO	[jepsen worker 0] jepsen.util: 0	:ok	:broadcast	58
2023-03-03 17:09:07,786{GMT}	INFO	[jepsen worker 0] jepsen.util: 0	:invoke	:read	nil
2023-03-03 17:09:07,787{GMT}	INFO	[jepsen worker 0] jepsen.util: 0	:ok	:read	nil
2023-03-03 17:09:07,881{GMT}	INFO	[jepsen worker 0] jepsen.util: 0	:invoke	:read	nil
2023-03-03 17:09:07,882{GMT}	INFO	[jepsen worker 0] jepsen.util: 0	:ok	:read	nil
2023-03-03 17:09:07,885{GMT}	INFO	[jepsen worker 0] jepsen.util: 0	:invoke	:broadcast	59
2023-03-03 17:09:07,885{GMT}	INFO	[jepsen worker 0] jepsen.util: 0	:ok	:broadcast	59
2023-03-03 17:09:08,012{GMT}	INFO	[jepsen worker 0] jepsen.util: 0	:invoke	:broadcast	60
2023-03-03 17:09:08,013{GMT}	INFO	[jepsen worker 0] jepsen.util: 0	:ok	:broadcast	60
2023-03-03 17:09:08,166{GMT}	INFO	[jepsen worker 0] jepsen.util: 0	:invoke	:read	nil
2023-03-03 17:09:08,167{GMT}	INFO	[jepsen worker 0] jepsen.util: 0	:ok	:read	nil
2023-03-03 17:09:08,343{GMT}	INFO	[jepsen worker 0] jepsen.util: 0	:invoke	:broadcast	61
2023-03-03 17:09:08,343{GMT}	INFO	[jepsen worker 0] jepsen.util: 0	:ok	:broadcast	61
2023-03-03 17:09:08,377{GMT}	INFO	[jepsen worker 0] jepsen.util: 0	:invoke	:broadcast	62
2023-03-03 17:09:08,378{GMT}	INFO	[jepsen worker 0] jepsen.util: 0	:ok	:broadcast	62
2023-03-03 17:09:08,509{GMT}	INFO	[jepsen worker 0] jepsen.util: 0	:invoke	:read	nil
2023-03-03 17:09:08,510{GMT}	INFO	[jepsen worker 0] jepsen.util: 0	:ok	:read	nil
2023-03-03 17:09:08,526{GMT}	INFO	[jepsen worker 0] jepsen.util: 0	:invoke	:read	nil
2023-03-03 17:09:08,526{GMT}	INFO	[jepsen worker 0] jepsen.util: 0	:ok	:read	nil
2023-03-03 17:09:08,702{GMT}	INFO	[jepsen worker 0] jepsen.util: 0	:invoke	:broadcast	63
2023-03-03 17:09:08,703{GMT}	INFO	[jepsen worker 0] jepsen.util: 0	:ok	:broadcast	63
2023-03-03 17:09:08,832{GMT}	INFO	[jepsen worker 0] jepsen.util: 0	:invoke	:broadcast	64
2023-03-03 17:09:08,833{GMT}	INFO	[jepsen worker 0] jepsen.util: 0	:ok	:broadcast	64
2023-03-03 17:09:09,010{GMT}	INFO	[jepsen worker 0] jepsen.util: 0	:invoke	:broadcast	65
2023-03-03 17:09:09,011{GMT}	INFO	[jepsen worker 0] jepsen.util: 0	:ok	:broadcast	65
2023-03-03 17:09:09,153{GMT}	INFO	[jepsen worker 0] jepsen.util: 0	:invoke	:read	nil
2023-03-03 17:09:09,154{GMT}	INFO	[jepsen worker 0] jepsen.util: 0	:ok	:read	nil
2023-03-03 17:09:09,353{GMT}	INFO	[jepsen worker 0] jepsen.util: 0	:invoke	:read	nil
2023-03-03 17:09:09,354{GMT}	INFO	[jepsen worker 0] jepsen.util: 0	:ok	:read	nil
2023-03-03 17:09:09,468{GMT}	INFO	[jepsen worker 0] jepsen.util: 0	:invoke	:broadcast	66
2023-03-03 17:09:09,468{GMT}	INFO	[jepsen worker 0] jepsen.util: 0	:ok	:broadcast	66
2023-03-03 17:09:09,646{GMT}	INFO	[jepsen worker 0] jepsen.util: 0	:invoke	:read	nil
2023-03-03 17:09:09,647{GMT}	INFO	[jepsen worker 0] jepsen.util: 0	:ok	:read	nil
2023-03-03 17:09:09,660{GMT}	INFO	[jepsen worker 0] jepsen.util: 0	:invoke	:broadcast	67
2023-03-03 17:09:09,661{GMT}	INFO	[jepsen worker 0] jepsen.util: 0	:ok	:broadcast	67
2023-03-03 17:09:09,818{GMT}	INFO	[jepsen worker 0] jepsen.util: 0	:invoke	:read	nil
2023-03-03 17:09:09,818{GMT}	INFO	[jepsen worker 0] jepsen.util: 0	:ok	:read	nil
2023-03-03 17:09:09,842{GMT}	INFO	[jepsen worker 0] jepsen.util: 0	:invoke	:broadcast	68
2023-03-03 17:09:09,842{GMT}	INFO	[jepsen worker 0] jepsen.util: 0	:ok	:broadcast	68
2023-03-03 17:09:10,021{GMT}	INFO	[jepsen worker 0] jepsen.util: 0	:invoke	:read	nil
2023-03-03 17:09:10,022{GMT}	INFO	[jepsen worker 0] jepsen.util: 0	:ok	:read	nil
2023-03-03 17:09:10,119{GMT}	INFO	[jepsen worker 0] jepsen.util: 0	:invoke	:broadcast	69
2023-03-03 17:09:10,120{GMT}	INFO	[jepsen worker 0] jepsen.util: 0	:ok	:broadcast	69
2023-03-03 17:09:10,190{GMT}	INFO	[jepsen worker 0] jepsen.util: 0	:invoke	:read	nil
2023-03-03 17:09:10,190{GMT}	INFO	[jepsen worker 0] jepsen.util: 0	:ok	:read	nil
2023-03-03 17:09:10,263{GMT}	INFO	[jepsen worker 0] jepsen.util: 0	:invoke	:read	nil
2023-03-03 17:09:10,264{GMT}	INFO	[jepsen worker 0] jepsen.util: 0	:ok	:read	nil
2023-03-03 17:09:10,327{GMT}	INFO	[jepsen worker 0] jepsen.util: 0	:invoke	:broadcast	70
2023-03-03 17:09:10,327{GMT}	INFO	[jepsen worker 0] jepsen.util: 0	:ok	:broadcast	70
2023-03-03 17:09:10,356{GMT}	INFO	[jepsen worker 0] jepsen.util: 0	:invoke	:read	nil
2023-03-03 17:09:10,356{GMT}	INFO	[jepsen worker 0] jepsen.util: 0	:ok	:read	nil
2023-03-03 17:09:10,446{GMT}	INFO	[jepsen worker 0] jepsen.util: 0	:invoke	:read	nil
2023-03-03 17:09:10,447{GMT}	INFO	[jepsen worker 0] jepsen.util: 0	:ok	:read	nil
2023-03-03 17:09:10,557{GMT}	INFO	[jepsen worker 0] jepsen.util: 0	:invoke	:broadcast	71
2023-03-03 17:09:10,557{GMT}	INFO	[jepsen worker 0] jepsen.util: 0	:ok	:broadcast	71
2023-03-03 17:09:10,592{GMT}	INFO	[jepsen worker 0] jepsen.util: 0	:invoke	:read	nil
2023-03-03 17:09:10,593{GMT}	INFO	[jepsen worker 0] jepsen.util: 0	:ok	:read	nil
2023-03-03 17:09:10,716{GMT}	INFO	[jepsen worker 0] jepsen.util: 0	:invoke	:read	nil
2023-03-03 17:09:10,717{GMT}	INFO	[jepsen worker 0] jepsen.util: 0	:ok	:read	nil
2023-03-03 17:09:10,916{GMT}	INFO	[jepsen worker 0] jepsen.util: 0	:invoke	:read	nil
2023-03-03 17:09:10,916{GMT}	INFO	[jepsen worker 0] jepsen.util: 0	:ok	:read	nil
2023-03-03 17:09:10,991{GMT}	INFO	[jepsen worker 0] jepsen.util: 0	:invoke	:broadcast	72
2023-03-03 17:09:10,992{GMT}	INFO	[jepsen worker 0] jepsen.util: 0	:ok	:broadcast	72
2023-03-03 17:09:11,136{GMT}	INFO	[jepsen worker 0] jepsen.util: 0	:invoke	:broadcast	73
2023-03-03 17:09:11,136{GMT}	INFO	[jepsen worker 0] jepsen.util: 0	:ok	:broadcast	73
2023-03-03 17:09:11,197{GMT}	INFO	[jepsen worker 0] jepsen.util: 0	:invoke	:broadcast	74
2023-03-03 17:09:11,198{GMT}	INFO	[jepsen worker 0] jepsen.util: 0	:ok	:broadcast	74
2023-03-03 17:09:11,231{GMT}	INFO	[jepsen worker 0] jepsen.util: 0	:invoke	:broadcast	75
2023-03-03 17:09:11,232{GMT}	INFO	[jepsen worker 0] jepsen.util: 0	:ok	:broadcast	75
2023-03-03 17:09:11,266{GMT}	INFO	[jepsen worker 0] jepsen.util: 0	:invoke	:read	nil
2023-03-03 17:09:11,267{GMT}	INFO	[jepsen worker 0] jepsen.util: 0	:ok	:read	nil
2023-03-03 17:09:11,423{GMT}	INFO	[jepsen worker 0] jepsen.util: 0	:invoke	:read	nil
2023-03-03 17:09:11,424{GMT}	INFO	[jepsen worker 0] jepsen.util: 0	:ok	:read	nil
2023-03-03 17:09:11,522{GMT}	INFO	[jepsen worker 0] jepsen.util: 0	:invoke	:read	nil
2023-03-03 17:09:11,523{GMT}	INFO	[jepsen worker 0] jepsen.util: 0	:ok	:read	nil
2023-03-03 17:09:11,556{GMT}	INFO	[jepsen worker 0] jepsen.util: 0	:invoke	:read	nil
2023-03-03 17:09:11,557{GMT}	INFO	[jepsen worker 0] jepsen.util: 0	:ok	:read	nil
2023-03-03 17:09:11,706{GMT}	INFO	[jepsen worker 0] jepsen.util: 0	:invoke	:broadcast	76
2023-03-03 17:09:11,707{GMT}	INFO	[jepsen worker 0] jepsen.util: 0	:ok	:broadcast	76
2023-03-03 17:09:11,860{GMT}	INFO	[jepsen worker 0] jepsen.util: 0	:invoke	:broadcast	77
2023-03-03 17:09:11,861{GMT}	INFO	[jepsen worker 0] jepsen.util: 0	:ok	:broadcast	77
2023-03-03 17:09:12,050{GMT}	INFO	[jepsen worker 0] jepsen.util: 0	:invoke	:read	nil
2023-03-03 17:09:12,051{GMT}	INFO	[jepsen worker 0] jepsen.util: 0	:ok	:read	nil
2023-03-03 17:09:12,239{GMT}	INFO	[jepsen worker 0] jepsen.util: 0	:invoke	:read	nil
2023-03-03 17:09:12,240{GMT}	INFO	[jepsen worker 0] jepsen.util: 0	:ok	:read	nil
2023-03-03 17:09:12,375{GMT}	INFO	[jepsen worker 0] jepsen.util: 0	:invoke	:read	nil
2023-03-03 17:09:12,375{GMT}	INFO	[jepsen worker 0] jepsen.util: 0	:ok	:read	nil
2023-03-03 17:09:12,495{GMT}	INFO	[jepsen worker 0] jepsen.util: 0	:invoke	:read	nil
2023-03-03 17:09:12,496{GMT}	INFO	[jepsen worker 0] jepsen.util: 0	:ok	:read	nil
2023-03-03 17:09:12,684{GMT}	INFO	[jepsen worker 0] jepsen.util: 0	:invoke	:broadcast	78
2023-03-03 17:09:12,685{GMT}	INFO	[jepsen worker 0] jepsen.util: 0	:ok	:broadcast	78
2023-03-03 17:09:12,879{GMT}	INFO	[jepsen worker 0] jepsen.util: 0	:invoke	:broadcast	79
2023-03-03 17:09:12,880{GMT}	INFO	[jepsen worker 0] jepsen.util: 0	:ok	:broadcast	79
2023-03-03 17:09:12,922{GMT}	INFO	[jepsen worker 0] jepsen.util: 0	:invoke	:broadcast	80
2023-03-03 17:09:12,922{GMT}	INFO	[jepsen worker 0] jepsen.util: 0	:ok	:broadcast	80
2023-03-03 17:09:13,026{GMT}	INFO	[jepsen worker 0] jepsen.util: 0	:invoke	:read	nil
2023-03-03 17:09:13,027{GMT}	INFO	[jepsen worker 0] jepsen.util: 0	:ok	:read	nil
2023-03-03 17:09:13,200{GMT}	INFO	[jepsen worker 0] jepsen.util: 0	:invoke	:read	nil
2023-03-03 17:09:13,201{GMT}	INFO	[jepsen worker 0] jepsen.util: 0	:ok	:read	nil
2023-03-03 17:09:13,232{GMT}	INFO	[jepsen worker 0] jepsen.util: 0	:invoke	:broadcast	81
2023-03-03 17:09:13,232{GMT}	INFO	[jepsen worker 0] jepsen.util: 0	:ok	:broadcast	81
2023-03-03 17:09:13,272{GMT}	INFO	[jepsen worker 0] jepsen.util: 0	:invoke	:read	nil
2023-03-03 17:09:13,272{GMT}	INFO	[jepsen worker 0] jepsen.util: 0	:ok	:read	nil
2023-03-03 17:09:13,280{GMT}	INFO	[jepsen worker 0] jepsen.util: 0	:invoke	:broadcast	82
2023-03-03 17:09:13,281{GMT}	INFO	[jepsen worker 0] jepsen.util: 0	:ok	:broadcast	82
2023-03-03 17:09:13,321{GMT}	INFO	[jepsen worker 0] jepsen.util: 0	:invoke	:broadcast	83
2023-03-03 17:09:13,321{GMT}	INFO	[jepsen worker 0] jepsen.util: 0	:ok	:broadcast	83
2023-03-03 17:09:13,483{GMT}	INFO	[jepsen worker 0] jepsen.util: 0	:invoke	:read	nil
2023-03-03 17:09:13,484{GMT}	INFO	[jepsen worker 0] jepsen.util: 0	:ok	:read	nil
2023-03-03 17:09:13,505{GMT}	INFO	[jepsen worker 0] jepsen.util: 0	:invoke	:broadcast	84
2023-03-03 17:09:13,506{GMT}	INFO	[jepsen worker 0] jepsen.util: 0	:ok	:broadcast	84
2023-03-03 17:09:13,591{GMT}	INFO	[jepsen worker 0] jepsen.util: 0	:invoke	:read	nil
2023-03-03 17:09:13,592{GMT}	INFO	[jepsen worker 0] jepsen.util: 0	:ok	:read	nil
2023-03-03 17:09:13,740{GMT}	INFO	[jepsen worker 0] jepsen.util: 0	:invoke	:broadcast	85
2023-03-03 17:09:13,741{GMT}	INFO	[jepsen worker 0] jepsen.util: 0	:ok	:broadcast	85
2023-03-03 17:09:13,902{GMT}	INFO	[jepsen worker 0] jepsen.util: 0	:invoke	:broadcast	86
2023-03-03 17:09:13,903{GMT}	INFO	[jepsen worker 0] jepsen.util: 0	:ok	:broadcast	86
2023-03-03 17:09:14,074{GMT}	INFO	[jepsen worker 0] jepsen.util: 0	:invoke	:broadcast	87
2023-03-03 17:09:14,075{GMT}	INFO	[jepsen worker 0] jepsen.util: 0	:ok	:broadcast	87
2023-03-03 17:09:14,093{GMT}	INFO	[jepsen worker 0] jepsen.util: 0	:invoke	:broadcast	88
2023-03-03 17:09:14,094{GMT}	INFO	[jepsen worker 0] jepsen.util: 0	:ok	:broadcast	88
2023-03-03 17:09:14,185{GMT}	INFO	[jepsen worker 0] jepsen.util: 0	:invoke	:read	nil
2023-03-03 17:09:14,186{GMT}	INFO	[jepsen worker 0] jepsen.util: 0	:ok	:read	nil
2023-03-03 17:09:14,258{GMT}	INFO	[jepsen worker 0] jepsen.util: 0	:invoke	:broadcast	89
2023-03-03 17:09:14,259{GMT}	INFO	[jepsen worker 0] jepsen.util: 0	:ok	:broadcast	89
2023-03-03 17:09:14,319{GMT}	INFO	[jepsen worker 0] jepsen.util: 0	:invoke	:read	nil
2023-03-03 17:09:14,320{GMT}	INFO	[jepsen worker 0] jepsen.util: 0	:ok	:read	nil
2023-03-03 17:09:14,378{GMT}	INFO	[jepsen worker 0] jepsen.util: 0	:invoke	:read	nil
2023-03-03 17:09:14,379{GMT}	INFO	[jepsen worker 0] jepsen.util: 0	:ok	:read	nil
2023-03-03 17:09:14,448{GMT}	INFO	[jepsen worker 0] jepsen.util: 0	:invoke	:read	nil
2023-03-03 17:09:14,449{GMT}	INFO	[jepsen worker 0] jepsen.util: 0	:ok	:read	nil
2023-03-03 17:09:14,496{GMT}	INFO	[jepsen worker 0] jepsen.util: 0	:invoke	:broadcast	90
2023-03-03 17:09:14,497{GMT}	INFO	[jepsen worker 0] jepsen.util: 0	:ok	:broadcast	90
2023-03-03 17:09:14,497{GMT}	INFO	[jepsen worker 0] jepsen.generator.interpreter: Waiting for recovery...
2023-03-03 17:09:24,498{GMT}	INFO	[jepsen worker 0] jepsen.util: 0	:invoke	:read	nil
2023-03-03 17:09:24,499{GMT}	INFO	[jepsen worker 0] jepsen.util: 0	:ok	:read	nil
2023-03-03 17:09:24,523{GMT}	INFO	[jepsen test runner] jepsen.core: Run complete, writing
2023-03-03 17:09:24,553{GMT}	INFO	[jepsen node n0] maelstrom.db: Tearing down n0
2023-03-03 17:09:25,552{GMT}	INFO	[jepsen node n0] maelstrom.net: Shutting down Maelstrom network
2023-03-03 17:09:25,552{GMT}	INFO	[jepsen test runner] jepsen.core: Analyzing...
2023-03-03 17:09:25,657{GMT}	INFO	[jepsen test runner] jepsen.core: Analysis complete
2023-03-03 17:09:25,663{GMT}	INFO	[jepsen results] jepsen.store: Wrote /home/jln/Projects/gossip-glomers/maelstrom-broadcast/store/broadcast/20230303T170853.407-0500/results.edn
2023-03-03 17:09:25,688{GMT}	INFO	[jepsen test runner] jepsen.core: {:perf {:latency-graph {:valid? true},
        :rate-graph {:valid? true},
        :valid? true},
 :timeline {:valid? true},
 :exceptions {:valid? true},
 :stats {:valid? true,
         :count 197,
         :ok-count 197,
         :fail-count 0,
         :info-count 0,
         :by-f {:broadcast {:valid? true,
                            :count 91,
                            :ok-count 91,
                            :fail-count 0,
                            :info-count 0},
                :read {:valid? true,
                       :count 106,
                       :ok-count 106,
                       :fail-count 0,
                       :info-count 0}}},
 :availability {:valid? true, :ok-fraction 1.0},
 :net {:all {:send-count 398,
             :recv-count 398,
             :msg-count 398,
             :msgs-per-op 2.0203047},
       :clients {:send-count 398, :recv-count 398, :msg-count 398},
       :servers {:send-count 0,
                 :recv-count 0,
                 :msg-count 0,
                 :msgs-per-op 0.0},
       :valid? true},
 :workload {:worst-stale (),
            :duplicated-count 0,
            :valid? false,
            :lost-count 91,
            :lost (0
                   1
                   2
                   3
                   4
                   5
                   6
                   7
                   8
                   9
                   10
                   11
                   12
                   13
                   14
                   15
                   16
                   17
                   18
                   19
                   20
                   21
                   22
                   23
                   24
                   25
                   26
                   27
                   28
                   29
                   30
                   31
                   32
                   33
                   34
                   35
                   36
                   37
                   38
                   39
                   40
                   41
                   42
                   43
                   44
                   45
                   46
                   47
                   48
                   49
                   50
                   51
                   52
                   53
                   54
                   55
                   56
                   57
                   58
                   59
                   60
                   61
                   62
                   63
                   64
                   65
                   66
                   67
                   68
                   69
                   70
                   71
                   72
                   73
                   74
                   75
                   76
                   77
                   78
                   79
                   80
                   81
                   82
                   83
                   84
                   85
                   86
                   87
                   88
                   89
                   90),
            :stable-count 0,
            :stale-count 0,
            :stale (),
            :never-read-count 0,
            :attempt-count 91,
            :lost-latencies {0 0, 0.5 0, 0.95 0, 0.99 0, 1 0},
            :never-read (),
            :duplicated {}},
 :valid? false}


Analysis invalid! (ﾉಥ益ಥ）ﾉ ┻━┻
