2023/03/03 16:53:49 Received {c0 n0 {"type":"init","node_id":"n0","node_ids":["n0"],"msg_id":1}}
2023/03/03 16:53:49 Node n0 initialized
2023/03/03 16:53:49 Sent {"src":"n0","dest":"c0","body":{"in_reply_to":1,"type":"init_ok"}}
2023/03/03 16:53:49 Received {c1 n0 {"type":"topology","topology":{"n0":[]},"msg_id":1}}
2023/03/03 16:53:49 Sent {"src":"n0","dest":"c1","body":{"in_reply_to":1,"msg_id":1,"type":"topology_ok"}}
2023/03/03 16:53:49 Received {c2 n0 {"type":"read","msg_id":1}}
2023/03/03 16:53:49 Sent {"src":"n0","dest":"c2","body":{"in_reply_to":1,"messages":null,"msg_id":1,"type":"read_ok"}}
2023/03/03 16:53:49 Received {c2 n0 {"type":"broadcast","message":0,"msg_id":2}}
2023/03/03 16:53:49 Sent {"src":"n0","dest":"c2","body":{"in_reply_to":2,"message":0,"msg_id":2,"type":"broadcast_ok"}}
2023/03/03 16:53:49 Received {c3 n0 {"type":"broadcast","message":1,"msg_id":1}}
2023/03/03 16:53:49 Sent {"src":"n0","dest":"c3","body":{"in_reply_to":1,"message":1,"msg_id":1,"type":"broadcast_ok"}}
2023/03/03 16:53:49 Received {c4 n0 {"type":"read","msg_id":1}}
2023/03/03 16:53:49 Sent {"src":"n0","dest":"c4","body":{"in_reply_to":1,"messages":null,"msg_id":1,"type":"read_ok"}}
2023/03/03 16:53:49 Received {c4 n0 {"type":"read","msg_id":2}}
2023/03/03 16:53:49 Sent {"src":"n0","dest":"c4","body":{"in_reply_to":2,"messages":null,"msg_id":2,"type":"read_ok"}}
2023/03/03 16:53:49 Received {c4 n0 {"type":"broadcast","message":2,"msg_id":3}}
2023/03/03 16:53:49 Sent {"src":"n0","dest":"c4","body":{"in_reply_to":3,"message":2,"msg_id":3,"type":"broadcast_ok"}}
2023/03/03 16:53:50 Received {c5 n0 {"type":"read","msg_id":1}}
2023/03/03 16:53:50 Sent {"src":"n0","dest":"c5","body":{"in_reply_to":1,"messages":null,"msg_id":1,"type":"read_ok"}}
2023/03/03 16:53:50 Received {c5 n0 {"type":"read","msg_id":2}}
2023/03/03 16:53:50 Sent {"src":"n0","dest":"c5","body":{"in_reply_to":2,"messages":null,"msg_id":2,"type":"read_ok"}}
2023/03/03 16:53:50 Received {c5 n0 {"type":"broadcast","message":3,"msg_id":3}}
2023/03/03 16:53:50 Sent {"src":"n0","dest":"c5","body":{"in_reply_to":3,"message":3,"msg_id":3,"type":"broadcast_ok"}}
2023/03/03 16:53:50 Received {c6 n0 {"type":"read","msg_id":1}}
2023/03/03 16:53:50 Sent {"src":"n0","dest":"c6","body":{"in_reply_to":1,"messages":null,"msg_id":1,"type":"read_ok"}}
2023/03/03 16:53:50 Received {c6 n0 {"type":"broadcast","message":4,"msg_id":2}}
2023/03/03 16:53:50 Sent {"src":"n0","dest":"c6","body":{"in_reply_to":2,"message":4,"msg_id":2,"type":"broadcast_ok"}}
2023/03/03 16:53:50 Received {c7 n0 {"type":"read","msg_id":1}}
2023/03/03 16:53:50 Sent {"src":"n0","dest":"c7","body":{"in_reply_to":1,"messages":null,"msg_id":1,"type":"read_ok"}}
2023/03/03 16:53:50 Received {c7 n0 {"type":"broadcast","message":5,"msg_id":2}}
2023/03/03 16:53:50 Sent {"src":"n0","dest":"c7","body":{"in_reply_to":2,"message":5,"msg_id":2,"type":"broadcast_ok"}}
2023/03/03 16:53:50 Received {c8 n0 {"type":"broadcast","message":6,"msg_id":1}}
2023/03/03 16:53:50 Sent {"src":"n0","dest":"c8","body":{"in_reply_to":1,"message":6,"msg_id":1,"type":"broadcast_ok"}}
2023/03/03 16:53:50 Received {c9 n0 {"type":"broadcast","message":7,"msg_id":1}}
2023/03/03 16:53:50 Sent {"src":"n0","dest":"c9","body":{"in_reply_to":1,"message":7,"msg_id":1,"type":"broadcast_ok"}}
2023/03/03 16:53:50 Received {c10 n0 {"type":"read","msg_id":1}}
2023/03/03 16:53:50 Sent {"src":"n0","dest":"c10","body":{"in_reply_to":1,"messages":null,"msg_id":1,"type":"read_ok"}}
2023/03/03 16:53:51 Received {c10 n0 {"type":"broadcast","message":8,"msg_id":2}}
2023/03/03 16:53:51 Sent {"src":"n0","dest":"c10","body":{"in_reply_to":2,"message":8,"msg_id":2,"type":"broadcast_ok"}}
2023/03/03 16:53:51 Received {c11 n0 {"type":"broadcast","message":9,"msg_id":1}}
2023/03/03 16:53:51 Sent {"src":"n0","dest":"c11","body":{"in_reply_to":1,"message":9,"msg_id":1,"type":"broadcast_ok"}}
2023/03/03 16:53:51 Received {c12 n0 {"type":"broadcast","message":10,"msg_id":1}}
2023/03/03 16:53:51 Sent {"src":"n0","dest":"c12","body":{"in_reply_to":1,"message":10,"msg_id":1,"type":"broadcast_ok"}}
2023/03/03 16:53:51 Received {c13 n0 {"type":"broadcast","message":11,"msg_id":1}}
2023/03/03 16:53:51 Sent {"src":"n0","dest":"c13","body":{"in_reply_to":1,"message":11,"msg_id":1,"type":"broadcast_ok"}}
2023/03/03 16:53:51 Received {c14 n0 {"type":"broadcast","message":12,"msg_id":1}}
2023/03/03 16:53:51 Sent {"src":"n0","dest":"c14","body":{"in_reply_to":1,"message":12,"msg_id":1,"type":"broadcast_ok"}}
2023/03/03 16:53:51 Received {c15 n0 {"type":"broadcast","message":13,"msg_id":1}}
2023/03/03 16:53:51 Sent {"src":"n0","dest":"c15","body":{"in_reply_to":1,"message":13,"msg_id":1,"type":"broadcast_ok"}}
2023/03/03 16:53:51 Received {c16 n0 {"type":"read","msg_id":1}}
2023/03/03 16:53:51 Sent {"src":"n0","dest":"c16","body":{"in_reply_to":1,"messages":null,"msg_id":1,"type":"read_ok"}}
2023/03/03 16:53:51 Received {c16 n0 {"type":"read","msg_id":2}}
2023/03/03 16:53:51 Sent {"src":"n0","dest":"c16","body":{"in_reply_to":2,"messages":null,"msg_id":2,"type":"read_ok"}}
2023/03/03 16:53:51 Received {c16 n0 {"type":"read","msg_id":3}}
2023/03/03 16:53:51 Sent {"src":"n0","dest":"c16","body":{"in_reply_to":3,"messages":null,"msg_id":3,"type":"read_ok"}}
2023/03/03 16:53:51 Received {c16 n0 {"type":"broadcast","message":14,"msg_id":4}}
2023/03/03 16:53:51 Sent {"src":"n0","dest":"c16","body":{"in_reply_to":4,"message":14,"msg_id":4,"type":"broadcast_ok"}}
2023/03/03 16:53:51 Received {c17 n0 {"type":"read","msg_id":1}}
2023/03/03 16:53:51 Sent {"src":"n0","dest":"c17","body":{"in_reply_to":1,"messages":null,"msg_id":1,"type":"read_ok"}}
2023/03/03 16:53:52 Received {c17 n0 {"type":"broadcast","message":15,"msg_id":2}}
2023/03/03 16:53:52 Sent {"src":"n0","dest":"c17","body":{"in_reply_to":2,"message":15,"msg_id":2,"type":"broadcast_ok"}}
2023/03/03 16:53:52 Received {c18 n0 {"type":"broadcast","message":16,"msg_id":1}}
2023/03/03 16:53:52 Sent {"src":"n0","dest":"c18","body":{"in_reply_to":1,"message":16,"msg_id":1,"type":"broadcast_ok"}}
2023/03/03 16:53:52 Received {c19 n0 {"type":"broadcast","message":17,"msg_id":1}}
2023/03/03 16:53:52 Sent {"src":"n0","dest":"c19","body":{"in_reply_to":1,"message":17,"msg_id":1,"type":"broadcast_ok"}}
2023/03/03 16:53:52 Received {c20 n0 {"type":"broadcast","message":18,"msg_id":1}}
2023/03/03 16:53:52 Sent {"src":"n0","dest":"c20","body":{"in_reply_to":1,"message":18,"msg_id":1,"type":"broadcast_ok"}}
2023/03/03 16:53:52 Received {c21 n0 {"type":"read","msg_id":1}}
2023/03/03 16:53:52 Sent {"src":"n0","dest":"c21","body":{"in_reply_to":1,"messages":null,"msg_id":1,"type":"read_ok"}}
2023/03/03 16:53:52 Received {c21 n0 {"type":"read","msg_id":2}}
2023/03/03 16:53:52 Sent {"src":"n0","dest":"c21","body":{"in_reply_to":2,"messages":null,"msg_id":2,"type":"read_ok"}}
2023/03/03 16:53:52 Received {c21 n0 {"type":"read","msg_id":3}}
2023/03/03 16:53:52 Sent {"src":"n0","dest":"c21","body":{"in_reply_to":3,"messages":null,"msg_id":3,"type":"read_ok"}}
2023/03/03 16:53:52 Received {c21 n0 {"type":"read","msg_id":4}}
2023/03/03 16:53:52 Sent {"src":"n0","dest":"c21","body":{"in_reply_to":4,"messages":null,"msg_id":4,"type":"read_ok"}}
2023/03/03 16:53:53 Received {c21 n0 {"type":"read","msg_id":5}}
2023/03/03 16:53:53 Sent {"src":"n0","dest":"c21","body":{"in_reply_to":5,"messages":null,"msg_id":5,"type":"read_ok"}}
2023/03/03 16:53:53 Received {c21 n0 {"type":"read","msg_id":6}}
2023/03/03 16:53:53 Sent {"src":"n0","dest":"c21","body":{"in_reply_to":6,"messages":null,"msg_id":6,"type":"read_ok"}}
2023/03/03 16:53:53 Received {c21 n0 {"type":"read","msg_id":7}}
2023/03/03 16:53:53 Sent {"src":"n0","dest":"c21","body":{"in_reply_to":7,"messages":null,"msg_id":7,"type":"read_ok"}}
2023/03/03 16:53:53 Received {c21 n0 {"type":"broadcast","message":19,"msg_id":8}}
2023/03/03 16:53:53 Sent {"src":"n0","dest":"c21","body":{"in_reply_to":8,"message":19,"msg_id":8,"type":"broadcast_ok"}}
2023/03/03 16:53:53 Received {c22 n0 {"type":"broadcast","message":20,"msg_id":1}}
2023/03/03 16:53:53 Sent {"src":"n0","dest":"c22","body":{"in_reply_to":1,"message":20,"msg_id":1,"type":"broadcast_ok"}}
2023/03/03 16:53:53 Received {c23 n0 {"type":"broadcast","message":21,"msg_id":1}}
2023/03/03 16:53:53 Sent {"src":"n0","dest":"c23","body":{"in_reply_to":1,"message":21,"msg_id":1,"type":"broadcast_ok"}}
2023/03/03 16:53:53 Received {c24 n0 {"type":"broadcast","message":22,"msg_id":1}}
2023/03/03 16:53:53 Sent {"src":"n0","dest":"c24","body":{"in_reply_to":1,"message":22,"msg_id":1,"type":"broadcast_ok"}}
2023/03/03 16:53:53 Received {c25 n0 {"type":"broadcast","message":23,"msg_id":1}}
2023/03/03 16:53:53 Sent {"src":"n0","dest":"c25","body":{"in_reply_to":1,"message":23,"msg_id":1,"type":"broadcast_ok"}}
2023/03/03 16:53:54 Received {c26 n0 {"type":"read","msg_id":1}}
2023/03/03 16:53:54 Sent {"src":"n0","dest":"c26","body":{"in_reply_to":1,"messages":null,"msg_id":1,"type":"read_ok"}}
2023/03/03 16:53:54 Received {c26 n0 {"type":"read","msg_id":2}}
2023/03/03 16:53:54 Sent {"src":"n0","dest":"c26","body":{"in_reply_to":2,"messages":null,"msg_id":2,"type":"read_ok"}}
2023/03/03 16:53:54 Received {c26 n0 {"type":"broadcast","message":24,"msg_id":3}}
2023/03/03 16:53:54 Sent {"src":"n0","dest":"c26","body":{"in_reply_to":3,"message":24,"msg_id":3,"type":"broadcast_ok"}}
2023/03/03 16:53:54 Received {c27 n0 {"type":"broadcast","message":25,"msg_id":1}}
2023/03/03 16:53:54 Sent {"src":"n0","dest":"c27","body":{"in_reply_to":1,"message":25,"msg_id":1,"type":"broadcast_ok"}}
2023/03/03 16:53:54 Received {c28 n0 {"type":"broadcast","message":26,"msg_id":1}}
2023/03/03 16:53:54 Sent {"src":"n0","dest":"c28","body":{"in_reply_to":1,"message":26,"msg_id":1,"type":"broadcast_ok"}}
2023/03/03 16:53:54 Received {c29 n0 {"type":"broadcast","message":27,"msg_id":1}}
2023/03/03 16:53:54 Sent {"src":"n0","dest":"c29","body":{"in_reply_to":1,"message":27,"msg_id":1,"type":"broadcast_ok"}}
2023/03/03 16:53:54 Received {c30 n0 {"type":"read","msg_id":1}}
2023/03/03 16:53:54 Sent {"src":"n0","dest":"c30","body":{"in_reply_to":1,"messages":null,"msg_id":1,"type":"read_ok"}}
2023/03/03 16:53:54 Received {c30 n0 {"type":"broadcast","message":28,"msg_id":2}}
2023/03/03 16:53:54 Sent {"src":"n0","dest":"c30","body":{"in_reply_to":2,"message":28,"msg_id":2,"type":"broadcast_ok"}}
2023/03/03 16:53:54 Received {c31 n0 {"type":"broadcast","message":29,"msg_id":1}}
2023/03/03 16:53:54 Sent {"src":"n0","dest":"c31","body":{"in_reply_to":1,"message":29,"msg_id":1,"type":"broadcast_ok"}}
2023/03/03 16:53:54 Received {c32 n0 {"type":"read","msg_id":1}}
2023/03/03 16:53:54 Sent {"src":"n0","dest":"c32","body":{"in_reply_to":1,"messages":null,"msg_id":1,"type":"read_ok"}}
2023/03/03 16:53:55 Received {c32 n0 {"type":"read","msg_id":2}}
2023/03/03 16:53:55 Sent {"src":"n0","dest":"c32","body":{"in_reply_to":2,"messages":null,"msg_id":2,"type":"read_ok"}}
2023/03/03 16:53:55 Received {c32 n0 {"type":"read","msg_id":3}}
2023/03/03 16:53:55 Sent {"src":"n0","dest":"c32","body":{"in_reply_to":3,"messages":null,"msg_id":3,"type":"read_ok"}}
2023/03/03 16:53:55 Received {c32 n0 {"type":"broadcast","message":30,"msg_id":4}}
2023/03/03 16:53:55 Sent {"src":"n0","dest":"c32","body":{"in_reply_to":4,"message":30,"msg_id":4,"type":"broadcast_ok"}}
2023/03/03 16:53:55 Received {c33 n0 {"type":"read","msg_id":1}}
2023/03/03 16:53:55 Sent {"src":"n0","dest":"c33","body":{"in_reply_to":1,"messages":null,"msg_id":1,"type":"read_ok"}}
2023/03/03 16:53:55 Received {c33 n0 {"type":"read","msg_id":2}}
2023/03/03 16:53:55 Sent {"src":"n0","dest":"c33","body":{"in_reply_to":2,"messages":null,"msg_id":2,"type":"read_ok"}}
2023/03/03 16:53:55 Received {c33 n0 {"type":"broadcast","message":31,"msg_id":3}}
2023/03/03 16:53:55 Sent {"src":"n0","dest":"c33","body":{"in_reply_to":3,"message":31,"msg_id":3,"type":"broadcast_ok"}}
2023/03/03 16:53:55 Received {c34 n0 {"type":"read","msg_id":1}}
2023/03/03 16:53:55 Sent {"src":"n0","dest":"c34","body":{"in_reply_to":1,"messages":null,"msg_id":1,"type":"read_ok"}}
2023/03/03 16:53:55 Received {c34 n0 {"type":"read","msg_id":2}}
2023/03/03 16:53:55 Sent {"src":"n0","dest":"c34","body":{"in_reply_to":2,"messages":null,"msg_id":2,"type":"read_ok"}}
2023/03/03 16:53:55 Received {c34 n0 {"type":"broadcast","message":32,"msg_id":3}}
2023/03/03 16:53:55 Sent {"src":"n0","dest":"c34","body":{"in_reply_to":3,"message":32,"msg_id":3,"type":"broadcast_ok"}}
2023/03/03 16:53:55 Received {c35 n0 {"type":"read","msg_id":1}}
2023/03/03 16:53:55 Sent {"src":"n0","dest":"c35","body":{"in_reply_to":1,"messages":null,"msg_id":1,"type":"read_ok"}}
2023/03/03 16:53:56 Received {c35 n0 {"type":"broadcast","message":33,"msg_id":2}}
2023/03/03 16:53:56 Sent {"src":"n0","dest":"c35","body":{"in_reply_to":2,"message":33,"msg_id":2,"type":"broadcast_ok"}}
2023/03/03 16:53:56 Received {c36 n0 {"type":"read","msg_id":1}}
2023/03/03 16:53:56 Sent {"src":"n0","dest":"c36","body":{"in_reply_to":1,"messages":null,"msg_id":1,"type":"read_ok"}}
2023/03/03 16:53:56 Received {c36 n0 {"type":"broadcast","message":34,"msg_id":2}}
2023/03/03 16:53:56 Sent {"src":"n0","dest":"c36","body":{"in_reply_to":2,"message":34,"msg_id":2,"type":"broadcast_ok"}}
2023/03/03 16:53:56 Received {c37 n0 {"type":"broadcast","message":35,"msg_id":1}}
2023/03/03 16:53:56 Sent {"src":"n0","dest":"c37","body":{"in_reply_to":1,"message":35,"msg_id":1,"type":"broadcast_ok"}}
2023/03/03 16:53:56 Received {c38 n0 {"type":"broadcast","message":36,"msg_id":1}}
2023/03/03 16:53:56 Sent {"src":"n0","dest":"c38","body":{"in_reply_to":1,"message":36,"msg_id":1,"type":"broadcast_ok"}}
2023/03/03 16:53:56 Received {c39 n0 {"type":"read","msg_id":1}}
2023/03/03 16:53:56 Sent {"src":"n0","dest":"c39","body":{"in_reply_to":1,"messages":null,"msg_id":1,"type":"read_ok"}}
2023/03/03 16:53:56 Received {c39 n0 {"type":"read","msg_id":2}}
2023/03/03 16:53:56 Sent {"src":"n0","dest":"c39","body":{"in_reply_to":2,"messages":null,"msg_id":2,"type":"read_ok"}}
2023/03/03 16:53:56 Received {c39 n0 {"type":"broadcast","message":37,"msg_id":3}}
2023/03/03 16:53:56 Sent {"src":"n0","dest":"c39","body":{"in_reply_to":3,"message":37,"msg_id":3,"type":"broadcast_ok"}}
2023/03/03 16:53:56 Received {c40 n0 {"type":"broadcast","message":38,"msg_id":1}}
2023/03/03 16:53:56 Sent {"src":"n0","dest":"c40","body":{"in_reply_to":1,"message":38,"msg_id":1,"type":"broadcast_ok"}}
2023/03/03 16:53:56 Received {c41 n0 {"type":"read","msg_id":1}}
2023/03/03 16:53:56 Sent {"src":"n0","dest":"c41","body":{"in_reply_to":1,"messages":null,"msg_id":1,"type":"read_ok"}}
2023/03/03 16:53:56 Received {c41 n0 {"type":"read","msg_id":2}}
2023/03/03 16:53:56 Sent {"src":"n0","dest":"c41","body":{"in_reply_to":2,"messages":null,"msg_id":2,"type":"read_ok"}}
2023/03/03 16:53:56 Received {c41 n0 {"type":"read","msg_id":3}}
2023/03/03 16:53:56 Sent {"src":"n0","dest":"c41","body":{"in_reply_to":3,"messages":null,"msg_id":3,"type":"read_ok"}}
2023/03/03 16:53:56 Received {c41 n0 {"type":"broadcast","message":39,"msg_id":4}}
2023/03/03 16:53:56 Sent {"src":"n0","dest":"c41","body":{"in_reply_to":4,"message":39,"msg_id":4,"type":"broadcast_ok"}}
2023/03/03 16:53:57 Received {c42 n0 {"type":"broadcast","message":40,"msg_id":1}}
2023/03/03 16:53:57 Sent {"src":"n0","dest":"c42","body":{"in_reply_to":1,"message":40,"msg_id":1,"type":"broadcast_ok"}}
2023/03/03 16:53:57 Received {c43 n0 {"type":"read","msg_id":1}}
2023/03/03 16:53:57 Sent {"src":"n0","dest":"c43","body":{"in_reply_to":1,"messages":null,"msg_id":1,"type":"read_ok"}}
2023/03/03 16:53:57 Received {c43 n0 {"type":"read","msg_id":2}}
2023/03/03 16:53:57 Sent {"src":"n0","dest":"c43","body":{"in_reply_to":2,"messages":null,"msg_id":2,"type":"read_ok"}}
2023/03/03 16:53:57 Received {c43 n0 {"type":"read","msg_id":3}}
2023/03/03 16:53:57 Sent {"src":"n0","dest":"c43","body":{"in_reply_to":3,"messages":null,"msg_id":3,"type":"read_ok"}}
2023/03/03 16:53:57 Received {c43 n0 {"type":"read","msg_id":4}}
2023/03/03 16:53:57 Sent {"src":"n0","dest":"c43","body":{"in_reply_to":4,"messages":null,"msg_id":4,"type":"read_ok"}}
2023/03/03 16:53:57 Received {c43 n0 {"type":"read","msg_id":5}}
2023/03/03 16:53:57 Sent {"src":"n0","dest":"c43","body":{"in_reply_to":5,"messages":null,"msg_id":5,"type":"read_ok"}}
2023/03/03 16:53:57 Received {c43 n0 {"type":"broadcast","message":41,"msg_id":6}}
2023/03/03 16:53:57 Sent {"src":"n0","dest":"c43","body":{"in_reply_to":6,"message":41,"msg_id":6,"type":"broadcast_ok"}}
2023/03/03 16:53:57 Received {c44 n0 {"type":"broadcast","message":42,"msg_id":1}}
2023/03/03 16:53:57 Sent {"src":"n0","dest":"c44","body":{"in_reply_to":1,"message":42,"msg_id":1,"type":"broadcast_ok"}}
2023/03/03 16:53:57 Received {c45 n0 {"type":"broadcast","message":43,"msg_id":1}}
2023/03/03 16:53:57 Sent {"src":"n0","dest":"c45","body":{"in_reply_to":1,"message":43,"msg_id":1,"type":"broadcast_ok"}}
2023/03/03 16:53:57 Received {c46 n0 {"type":"broadcast","message":44,"msg_id":1}}
2023/03/03 16:53:57 Sent {"src":"n0","dest":"c46","body":{"in_reply_to":1,"message":44,"msg_id":1,"type":"broadcast_ok"}}
2023/03/03 16:53:58 Received {c47 n0 {"type":"read","msg_id":1}}
2023/03/03 16:53:58 Sent {"src":"n0","dest":"c47","body":{"in_reply_to":1,"messages":null,"msg_id":1,"type":"read_ok"}}
2023/03/03 16:53:58 Received {c47 n0 {"type":"broadcast","message":45,"msg_id":2}}
2023/03/03 16:53:58 Sent {"src":"n0","dest":"c47","body":{"in_reply_to":2,"message":45,"msg_id":2,"type":"broadcast_ok"}}
2023/03/03 16:53:58 Received {c48 n0 {"type":"broadcast","message":46,"msg_id":1}}
2023/03/03 16:53:58 Sent {"src":"n0","dest":"c48","body":{"in_reply_to":1,"message":46,"msg_id":1,"type":"broadcast_ok"}}
2023/03/03 16:53:58 Received {c49 n0 {"type":"read","msg_id":1}}
2023/03/03 16:53:58 Sent {"src":"n0","dest":"c49","body":{"in_reply_to":1,"messages":null,"msg_id":1,"type":"read_ok"}}
2023/03/03 16:53:58 Received {c49 n0 {"type":"broadcast","message":47,"msg_id":2}}
2023/03/03 16:53:58 Sent {"src":"n0","dest":"c49","body":{"in_reply_to":2,"message":47,"msg_id":2,"type":"broadcast_ok"}}
2023/03/03 16:53:58 Received {c50 n0 {"type":"read","msg_id":1}}
2023/03/03 16:53:58 Sent {"src":"n0","dest":"c50","body":{"in_reply_to":1,"messages":null,"msg_id":1,"type":"read_ok"}}
2023/03/03 16:53:58 Received {c50 n0 {"type":"broadcast","message":48,"msg_id":2}}
2023/03/03 16:53:58 Sent {"src":"n0","dest":"c50","body":{"in_reply_to":2,"message":48,"msg_id":2,"type":"broadcast_ok"}}
2023/03/03 16:53:58 Received {c51 n0 {"type":"read","msg_id":1}}
2023/03/03 16:53:58 Sent {"src":"n0","dest":"c51","body":{"in_reply_to":1,"messages":null,"msg_id":1,"type":"read_ok"}}
2023/03/03 16:53:58 Received {c51 n0 {"type":"read","msg_id":2}}
2023/03/03 16:53:58 Sent {"src":"n0","dest":"c51","body":{"in_reply_to":2,"messages":null,"msg_id":2,"type":"read_ok"}}
2023/03/03 16:53:58 Received {c51 n0 {"type":"read","msg_id":3}}
2023/03/03 16:53:58 Sent {"src":"n0","dest":"c51","body":{"in_reply_to":3,"messages":null,"msg_id":3,"type":"read_ok"}}
2023/03/03 16:53:58 Received {c51 n0 {"type":"broadcast","message":49,"msg_id":4}}
2023/03/03 16:53:58 Sent {"src":"n0","dest":"c51","body":{"in_reply_to":4,"message":49,"msg_id":4,"type":"broadcast_ok"}}
2023/03/03 16:53:58 Received {c52 n0 {"type":"broadcast","message":50,"msg_id":1}}
2023/03/03 16:53:58 Sent {"src":"n0","dest":"c52","body":{"in_reply_to":1,"message":50,"msg_id":1,"type":"broadcast_ok"}}
2023/03/03 16:53:59 Received {c53 n0 {"type":"read","msg_id":1}}
2023/03/03 16:53:59 Sent {"src":"n0","dest":"c53","body":{"in_reply_to":1,"messages":null,"msg_id":1,"type":"read_ok"}}
2023/03/03 16:53:59 Received {c53 n0 {"type":"read","msg_id":2}}
2023/03/03 16:53:59 Sent {"src":"n0","dest":"c53","body":{"in_reply_to":2,"messages":null,"msg_id":2,"type":"read_ok"}}
2023/03/03 16:53:59 Received {c53 n0 {"type":"broadcast","message":51,"msg_id":3}}
2023/03/03 16:53:59 Sent {"src":"n0","dest":"c53","body":{"in_reply_to":3,"message":51,"msg_id":3,"type":"broadcast_ok"}}
2023/03/03 16:53:59 Received {c54 n0 {"type":"read","msg_id":1}}
2023/03/03 16:53:59 Sent {"src":"n0","dest":"c54","body":{"in_reply_to":1,"messages":null,"msg_id":1,"type":"read_ok"}}
2023/03/03 16:53:59 Received {c54 n0 {"type":"read","msg_id":2}}
2023/03/03 16:53:59 Sent {"src":"n0","dest":"c54","body":{"in_reply_to":2,"messages":null,"msg_id":2,"type":"read_ok"}}
2023/03/03 16:53:59 Received {c54 n0 {"type":"read","msg_id":3}}
2023/03/03 16:53:59 Sent {"src":"n0","dest":"c54","body":{"in_reply_to":3,"messages":null,"msg_id":3,"type":"read_ok"}}
2023/03/03 16:53:59 Received {c54 n0 {"type":"broadcast","message":52,"msg_id":4}}
2023/03/03 16:53:59 Sent {"src":"n0","dest":"c54","body":{"in_reply_to":4,"message":52,"msg_id":4,"type":"broadcast_ok"}}
2023/03/03 16:53:59 Received {c55 n0 {"type":"read","msg_id":1}}
2023/03/03 16:53:59 Sent {"src":"n0","dest":"c55","body":{"in_reply_to":1,"messages":null,"msg_id":1,"type":"read_ok"}}
2023/03/03 16:53:59 Received {c55 n0 {"type":"broadcast","message":53,"msg_id":2}}
2023/03/03 16:53:59 Sent {"src":"n0","dest":"c55","body":{"in_reply_to":2,"message":53,"msg_id":2,"type":"broadcast_ok"}}
2023/03/03 16:53:59 Received {c56 n0 {"type":"read","msg_id":1}}
2023/03/03 16:53:59 Sent {"src":"n0","dest":"c56","body":{"in_reply_to":1,"messages":null,"msg_id":1,"type":"read_ok"}}
2023/03/03 16:53:59 Received {c56 n0 {"type":"broadcast","message":54,"msg_id":2}}
2023/03/03 16:53:59 Sent {"src":"n0","dest":"c56","body":{"in_reply_to":2,"message":54,"msg_id":2,"type":"broadcast_ok"}}
2023/03/03 16:54:00 Received {c57 n0 {"type":"read","msg_id":1}}
2023/03/03 16:54:00 Sent {"src":"n0","dest":"c57","body":{"in_reply_to":1,"messages":null,"msg_id":1,"type":"read_ok"}}
2023/03/03 16:54:00 Received {c57 n0 {"type":"read","msg_id":2}}
2023/03/03 16:54:00 Sent {"src":"n0","dest":"c57","body":{"in_reply_to":2,"messages":null,"msg_id":2,"type":"read_ok"}}
2023/03/03 16:54:00 Received {c57 n0 {"type":"read","msg_id":3}}
2023/03/03 16:54:00 Sent {"src":"n0","dest":"c57","body":{"in_reply_to":3,"messages":null,"msg_id":3,"type":"read_ok"}}
2023/03/03 16:54:00 Received {c57 n0 {"type":"broadcast","message":55,"msg_id":4}}
2023/03/03 16:54:00 Sent {"src":"n0","dest":"c57","body":{"in_reply_to":4,"message":55,"msg_id":4,"type":"broadcast_ok"}}
2023/03/03 16:54:00 Received {c58 n0 {"type":"read","msg_id":1}}
2023/03/03 16:54:00 Sent {"src":"n0","dest":"c58","body":{"in_reply_to":1,"messages":null,"msg_id":1,"type":"read_ok"}}
2023/03/03 16:54:00 Received {c58 n0 {"type":"broadcast","message":56,"msg_id":2}}
2023/03/03 16:54:00 Sent {"src":"n0","dest":"c58","body":{"in_reply_to":2,"message":56,"msg_id":2,"type":"broadcast_ok"}}
2023/03/03 16:54:00 Received {c59 n0 {"type":"broadcast","message":57,"msg_id":1}}
2023/03/03 16:54:00 Sent {"src":"n0","dest":"c59","body":{"in_reply_to":1,"message":57,"msg_id":1,"type":"broadcast_ok"}}
2023/03/03 16:54:00 Received {c60 n0 {"type":"broadcast","message":58,"msg_id":1}}
2023/03/03 16:54:00 Sent {"src":"n0","dest":"c60","body":{"in_reply_to":1,"message":58,"msg_id":1,"type":"broadcast_ok"}}
2023/03/03 16:54:00 Received {c61 n0 {"type":"broadcast","message":59,"msg_id":1}}
2023/03/03 16:54:00 Sent {"src":"n0","dest":"c61","body":{"in_reply_to":1,"message":59,"msg_id":1,"type":"broadcast_ok"}}
2023/03/03 16:54:01 Received {c62 n0 {"type":"broadcast","message":60,"msg_id":1}}
2023/03/03 16:54:01 Sent {"src":"n0","dest":"c62","body":{"in_reply_to":1,"message":60,"msg_id":1,"type":"broadcast_ok"}}
2023/03/03 16:54:01 Received {c63 n0 {"type":"read","msg_id":1}}
2023/03/03 16:54:01 Sent {"src":"n0","dest":"c63","body":{"in_reply_to":1,"messages":null,"msg_id":1,"type":"read_ok"}}
2023/03/03 16:54:01 Received {c63 n0 {"type":"broadcast","message":61,"msg_id":2}}
2023/03/03 16:54:01 Sent {"src":"n0","dest":"c63","body":{"in_reply_to":2,"message":61,"msg_id":2,"type":"broadcast_ok"}}
2023/03/03 16:54:01 Received {c64 n0 {"type":"broadcast","message":62,"msg_id":1}}
2023/03/03 16:54:01 Sent {"src":"n0","dest":"c64","body":{"in_reply_to":1,"message":62,"msg_id":1,"type":"broadcast_ok"}}
2023/03/03 16:54:01 Received {c65 n0 {"type":"broadcast","message":63,"msg_id":1}}
2023/03/03 16:54:01 Sent {"src":"n0","dest":"c65","body":{"in_reply_to":1,"message":63,"msg_id":1,"type":"broadcast_ok"}}
2023/03/03 16:54:01 Received {c66 n0 {"type":"broadcast","message":64,"msg_id":1}}
2023/03/03 16:54:01 Sent {"src":"n0","dest":"c66","body":{"in_reply_to":1,"message":64,"msg_id":1,"type":"broadcast_ok"}}
2023/03/03 16:54:01 Received {c67 n0 {"type":"broadcast","message":65,"msg_id":1}}
2023/03/03 16:54:01 Sent {"src":"n0","dest":"c67","body":{"in_reply_to":1,"message":65,"msg_id":1,"type":"broadcast_ok"}}
2023/03/03 16:54:01 Received {c68 n0 {"type":"read","msg_id":1}}
2023/03/03 16:54:01 Sent {"src":"n0","dest":"c68","body":{"in_reply_to":1,"messages":null,"msg_id":1,"type":"read_ok"}}
2023/03/03 16:54:01 Received {c68 n0 {"type":"broadcast","message":66,"msg_id":2}}
2023/03/03 16:54:01 Sent {"src":"n0","dest":"c68","body":{"in_reply_to":2,"message":66,"msg_id":2,"type":"broadcast_ok"}}
2023/03/03 16:54:02 Received {c69 n0 {"type":"read","msg_id":1}}
2023/03/03 16:54:02 Sent {"src":"n0","dest":"c69","body":{"in_reply_to":1,"messages":null,"msg_id":1,"type":"read_ok"}}
2023/03/03 16:54:02 Received {c69 n0 {"type":"read","msg_id":2}}
2023/03/03 16:54:02 Sent {"src":"n0","dest":"c69","body":{"in_reply_to":2,"messages":null,"msg_id":2,"type":"read_ok"}}
2023/03/03 16:54:02 Received {c69 n0 {"type":"broadcast","message":67,"msg_id":3}}
2023/03/03 16:54:02 Sent {"src":"n0","dest":"c69","body":{"in_reply_to":3,"message":67,"msg_id":3,"type":"broadcast_ok"}}
2023/03/03 16:54:02 Received {c70 n0 {"type":"read","msg_id":1}}
2023/03/03 16:54:02 Sent {"src":"n0","dest":"c70","body":{"in_reply_to":1,"messages":null,"msg_id":1,"type":"read_ok"}}
2023/03/03 16:54:02 Received {c70 n0 {"type":"broadcast","message":68,"msg_id":2}}
2023/03/03 16:54:02 Sent {"src":"n0","dest":"c70","body":{"in_reply_to":2,"message":68,"msg_id":2,"type":"broadcast_ok"}}
2023/03/03 16:54:02 Received {c71 n0 {"type":"broadcast","message":69,"msg_id":1}}
2023/03/03 16:54:02 Sent {"src":"n0","dest":"c71","body":{"in_reply_to":1,"message":69,"msg_id":1,"type":"broadcast_ok"}}
2023/03/03 16:54:02 Received {c72 n0 {"type":"broadcast","message":70,"msg_id":1}}
2023/03/03 16:54:02 Sent {"src":"n0","dest":"c72","body":{"in_reply_to":1,"message":70,"msg_id":1,"type":"broadcast_ok"}}
2023/03/03 16:54:02 Received {c73 n0 {"type":"broadcast","message":71,"msg_id":1}}
2023/03/03 16:54:02 Sent {"src":"n0","dest":"c73","body":{"in_reply_to":1,"message":71,"msg_id":1,"type":"broadcast_ok"}}
2023/03/03 16:54:02 Received {c74 n0 {"type":"read","msg_id":1}}
2023/03/03 16:54:02 Sent {"src":"n0","dest":"c74","body":{"in_reply_to":1,"messages":null,"msg_id":1,"type":"read_ok"}}
2023/03/03 16:54:03 Received {c74 n0 {"type":"broadcast","message":72,"msg_id":2}}
2023/03/03 16:54:03 Sent {"src":"n0","dest":"c74","body":{"in_reply_to":2,"message":72,"msg_id":2,"type":"broadcast_ok"}}
2023/03/03 16:54:03 Received {c75 n0 {"type":"broadcast","message":73,"msg_id":1}}
2023/03/03 16:54:03 Sent {"src":"n0","dest":"c75","body":{"in_reply_to":1,"message":73,"msg_id":1,"type":"broadcast_ok"}}
2023/03/03 16:54:03 Received {c76 n0 {"type":"read","msg_id":1}}
2023/03/03 16:54:03 Sent {"src":"n0","dest":"c76","body":{"in_reply_to":1,"messages":null,"msg_id":1,"type":"read_ok"}}
2023/03/03 16:54:03 Received {c76 n0 {"type":"read","msg_id":2}}
2023/03/03 16:54:03 Sent {"src":"n0","dest":"c76","body":{"in_reply_to":2,"messages":null,"msg_id":2,"type":"read_ok"}}
2023/03/03 16:54:03 Received {c76 n0 {"type":"broadcast","message":74,"msg_id":3}}
2023/03/03 16:54:03 Sent {"src":"n0","dest":"c76","body":{"in_reply_to":3,"message":74,"msg_id":3,"type":"broadcast_ok"}}
2023/03/03 16:54:03 Received {c77 n0 {"type":"broadcast","message":75,"msg_id":1}}
2023/03/03 16:54:03 Sent {"src":"n0","dest":"c77","body":{"in_reply_to":1,"message":75,"msg_id":1,"type":"broadcast_ok"}}
2023/03/03 16:54:03 Received {c78 n0 {"type":"read","msg_id":1}}
2023/03/03 16:54:03 Sent {"src":"n0","dest":"c78","body":{"in_reply_to":1,"messages":null,"msg_id":1,"type":"read_ok"}}
2023/03/03 16:54:03 Received {c78 n0 {"type":"broadcast","message":76,"msg_id":2}}
2023/03/03 16:54:03 Sent {"src":"n0","dest":"c78","body":{"in_reply_to":2,"message":76,"msg_id":2,"type":"broadcast_ok"}}
2023/03/03 16:54:03 Received {c79 n0 {"type":"read","msg_id":1}}
2023/03/03 16:54:03 Sent {"src":"n0","dest":"c79","body":{"in_reply_to":1,"messages":null,"msg_id":1,"type":"read_ok"}}
2023/03/03 16:54:03 Received {c79 n0 {"type":"read","msg_id":2}}
2023/03/03 16:54:03 Sent {"src":"n0","dest":"c79","body":{"in_reply_to":2,"messages":null,"msg_id":2,"type":"read_ok"}}
2023/03/03 16:54:04 Received {c79 n0 {"type":"broadcast","message":77,"msg_id":3}}
2023/03/03 16:54:04 Sent {"src":"n0","dest":"c79","body":{"in_reply_to":3,"message":77,"msg_id":3,"type":"broadcast_ok"}}
2023/03/03 16:54:04 Received {c80 n0 {"type":"read","msg_id":1}}
2023/03/03 16:54:04 Sent {"src":"n0","dest":"c80","body":{"in_reply_to":1,"messages":null,"msg_id":1,"type":"read_ok"}}
2023/03/03 16:54:04 Received {c80 n0 {"type":"read","msg_id":2}}
2023/03/03 16:54:04 Sent {"src":"n0","dest":"c80","body":{"in_reply_to":2,"messages":null,"msg_id":2,"type":"read_ok"}}
2023/03/03 16:54:04 Received {c80 n0 {"type":"broadcast","message":78,"msg_id":3}}
2023/03/03 16:54:04 Sent {"src":"n0","dest":"c80","body":{"in_reply_to":3,"message":78,"msg_id":3,"type":"broadcast_ok"}}
2023/03/03 16:54:04 Received {c81 n0 {"type":"read","msg_id":1}}
2023/03/03 16:54:04 Sent {"src":"n0","dest":"c81","body":{"in_reply_to":1,"messages":null,"msg_id":1,"type":"read_ok"}}
2023/03/03 16:54:04 Received {c81 n0 {"type":"read","msg_id":2}}
2023/03/03 16:54:04 Sent {"src":"n0","dest":"c81","body":{"in_reply_to":2,"messages":null,"msg_id":2,"type":"read_ok"}}
2023/03/03 16:54:04 Received {c81 n0 {"type":"read","msg_id":3}}
2023/03/03 16:54:04 Sent {"src":"n0","dest":"c81","body":{"in_reply_to":3,"messages":null,"msg_id":3,"type":"read_ok"}}
2023/03/03 16:54:04 Received {c81 n0 {"type":"read","msg_id":4}}
2023/03/03 16:54:04 Sent {"src":"n0","dest":"c81","body":{"in_reply_to":4,"messages":null,"msg_id":4,"type":"read_ok"}}
2023/03/03 16:54:04 Received {c81 n0 {"type":"read","msg_id":5}}
2023/03/03 16:54:04 Sent {"src":"n0","dest":"c81","body":{"in_reply_to":5,"messages":null,"msg_id":5,"type":"read_ok"}}
2023/03/03 16:54:04 Received {c81 n0 {"type":"broadcast","message":79,"msg_id":6}}
2023/03/03 16:54:04 Sent {"src":"n0","dest":"c81","body":{"in_reply_to":6,"message":79,"msg_id":6,"type":"broadcast_ok"}}
2023/03/03 16:54:04 Received {c82 n0 {"type":"read","msg_id":1}}
2023/03/03 16:54:04 Sent {"src":"n0","dest":"c82","body":{"in_reply_to":1,"messages":null,"msg_id":1,"type":"read_ok"}}
2023/03/03 16:54:05 Received {c82 n0 {"type":"read","msg_id":2}}
2023/03/03 16:54:05 Sent {"src":"n0","dest":"c82","body":{"in_reply_to":2,"messages":null,"msg_id":2,"type":"read_ok"}}
2023/03/03 16:54:05 Received {c82 n0 {"type":"broadcast","message":80,"msg_id":3}}
2023/03/03 16:54:05 Sent {"src":"n0","dest":"c82","body":{"in_reply_to":3,"message":80,"msg_id":3,"type":"broadcast_ok"}}
2023/03/03 16:54:05 Received {c83 n0 {"type":"broadcast","message":81,"msg_id":1}}
2023/03/03 16:54:05 Sent {"src":"n0","dest":"c83","body":{"in_reply_to":1,"message":81,"msg_id":1,"type":"broadcast_ok"}}
2023/03/03 16:54:05 Received {c84 n0 {"type":"read","msg_id":1}}
2023/03/03 16:54:05 Sent {"src":"n0","dest":"c84","body":{"in_reply_to":1,"messages":null,"msg_id":1,"type":"read_ok"}}
2023/03/03 16:54:05 Received {c84 n0 {"type":"broadcast","message":82,"msg_id":2}}
2023/03/03 16:54:05 Sent {"src":"n0","dest":"c84","body":{"in_reply_to":2,"message":82,"msg_id":2,"type":"broadcast_ok"}}
2023/03/03 16:54:05 Received {c85 n0 {"type":"read","msg_id":1}}
2023/03/03 16:54:05 Sent {"src":"n0","dest":"c85","body":{"in_reply_to":1,"messages":null,"msg_id":1,"type":"read_ok"}}
2023/03/03 16:54:05 Received {c85 n0 {"type":"broadcast","message":83,"msg_id":2}}
2023/03/03 16:54:05 Sent {"src":"n0","dest":"c85","body":{"in_reply_to":2,"message":83,"msg_id":2,"type":"broadcast_ok"}}
2023/03/03 16:54:05 Received {c86 n0 {"type":"broadcast","message":84,"msg_id":1}}
2023/03/03 16:54:05 Sent {"src":"n0","dest":"c86","body":{"in_reply_to":1,"message":84,"msg_id":1,"type":"broadcast_ok"}}
2023/03/03 16:54:05 Received {c87 n0 {"type":"broadcast","message":85,"msg_id":1}}
2023/03/03 16:54:05 Sent {"src":"n0","dest":"c87","body":{"in_reply_to":1,"message":85,"msg_id":1,"type":"broadcast_ok"}}
2023/03/03 16:54:05 Received {c88 n0 {"type":"broadcast","message":86,"msg_id":1}}
2023/03/03 16:54:05 Sent {"src":"n0","dest":"c88","body":{"in_reply_to":1,"message":86,"msg_id":1,"type":"broadcast_ok"}}
2023/03/03 16:54:06 Received {c89 n0 {"type":"read","msg_id":1}}
2023/03/03 16:54:06 Sent {"src":"n0","dest":"c89","body":{"in_reply_to":1,"messages":null,"msg_id":1,"type":"read_ok"}}
2023/03/03 16:54:06 Received {c89 n0 {"type":"broadcast","message":87,"msg_id":2}}
2023/03/03 16:54:06 Sent {"src":"n0","dest":"c89","body":{"in_reply_to":2,"message":87,"msg_id":2,"type":"broadcast_ok"}}
2023/03/03 16:54:06 Received {c90 n0 {"type":"read","msg_id":1}}
2023/03/03 16:54:06 Sent {"src":"n0","dest":"c90","body":{"in_reply_to":1,"messages":null,"msg_id":1,"type":"read_ok"}}
2023/03/03 16:54:06 Received {c90 n0 {"type":"read","msg_id":2}}
2023/03/03 16:54:06 Sent {"src":"n0","dest":"c90","body":{"in_reply_to":2,"messages":null,"msg_id":2,"type":"read_ok"}}
2023/03/03 16:54:06 Received {c90 n0 {"type":"broadcast","message":88,"msg_id":3}}
2023/03/03 16:54:06 Sent {"src":"n0","dest":"c90","body":{"in_reply_to":3,"message":88,"msg_id":3,"type":"broadcast_ok"}}
2023/03/03 16:54:06 Received {c91 n0 {"type":"read","msg_id":1}}
2023/03/03 16:54:06 Sent {"src":"n0","dest":"c91","body":{"in_reply_to":1,"messages":null,"msg_id":1,"type":"read_ok"}}
2023/03/03 16:54:06 Received {c91 n0 {"type":"read","msg_id":2}}
2023/03/03 16:54:06 Sent {"src":"n0","dest":"c91","body":{"in_reply_to":2,"messages":null,"msg_id":2,"type":"read_ok"}}
2023/03/03 16:54:06 Received {c91 n0 {"type":"broadcast","message":89,"msg_id":3}}
2023/03/03 16:54:06 Sent {"src":"n0","dest":"c91","body":{"in_reply_to":3,"message":89,"msg_id":3,"type":"broadcast_ok"}}
2023/03/03 16:54:06 Received {c92 n0 {"type":"read","msg_id":1}}
2023/03/03 16:54:06 Sent {"src":"n0","dest":"c92","body":{"in_reply_to":1,"messages":null,"msg_id":1,"type":"read_ok"}}
2023/03/03 16:54:06 Received {c92 n0 {"type":"broadcast","message":90,"msg_id":2}}
2023/03/03 16:54:06 Sent {"src":"n0","dest":"c92","body":{"in_reply_to":2,"message":90,"msg_id":2,"type":"broadcast_ok"}}
2023/03/03 16:54:06 Received {c93 n0 {"type":"broadcast","message":91,"msg_id":1}}
2023/03/03 16:54:06 Sent {"src":"n0","dest":"c93","body":{"in_reply_to":1,"message":91,"msg_id":1,"type":"broadcast_ok"}}
2023/03/03 16:54:07 Received {c94 n0 {"type":"broadcast","message":92,"msg_id":1}}
2023/03/03 16:54:07 Sent {"src":"n0","dest":"c94","body":{"in_reply_to":1,"message":92,"msg_id":1,"type":"broadcast_ok"}}
2023/03/03 16:54:07 Received {c95 n0 {"type":"broadcast","message":93,"msg_id":1}}
2023/03/03 16:54:07 Sent {"src":"n0","dest":"c95","body":{"in_reply_to":1,"message":93,"msg_id":1,"type":"broadcast_ok"}}
2023/03/03 16:54:07 Received {c96 n0 {"type":"broadcast","message":94,"msg_id":1}}
2023/03/03 16:54:07 Sent {"src":"n0","dest":"c96","body":{"in_reply_to":1,"message":94,"msg_id":1,"type":"broadcast_ok"}}
2023/03/03 16:54:07 Received {c97 n0 {"type":"broadcast","message":95,"msg_id":1}}
2023/03/03 16:54:07 Sent {"src":"n0","dest":"c97","body":{"in_reply_to":1,"message":95,"msg_id":1,"type":"broadcast_ok"}}
2023/03/03 16:54:07 Received {c98 n0 {"type":"read","msg_id":1}}
2023/03/03 16:54:07 Sent {"src":"n0","dest":"c98","body":{"in_reply_to":1,"messages":null,"msg_id":1,"type":"read_ok"}}
2023/03/03 16:54:07 Received {c98 n0 {"type":"broadcast","message":96,"msg_id":2}}
2023/03/03 16:54:07 Sent {"src":"n0","dest":"c98","body":{"in_reply_to":2,"message":96,"msg_id":2,"type":"broadcast_ok"}}
2023/03/03 16:54:07 Received {c99 n0 {"type":"read","msg_id":1}}
2023/03/03 16:54:07 Sent {"src":"n0","dest":"c99","body":{"in_reply_to":1,"messages":null,"msg_id":1,"type":"read_ok"}}
2023/03/03 16:54:07 Received {c99 n0 {"type":"broadcast","message":97,"msg_id":2}}
2023/03/03 16:54:07 Sent {"src":"n0","dest":"c99","body":{"in_reply_to":2,"message":97,"msg_id":2,"type":"broadcast_ok"}}
2023/03/03 16:54:07 Received {c100 n0 {"type":"read","msg_id":1}}
2023/03/03 16:54:07 Sent {"src":"n0","dest":"c100","body":{"in_reply_to":1,"messages":null,"msg_id":1,"type":"read_ok"}}
2023/03/03 16:54:08 Received {c100 n0 {"type":"read","msg_id":2}}
2023/03/03 16:54:08 Sent {"src":"n0","dest":"c100","body":{"in_reply_to":2,"messages":null,"msg_id":2,"type":"read_ok"}}
2023/03/03 16:54:08 Received {c100 n0 {"type":"read","msg_id":3}}
2023/03/03 16:54:08 Sent {"src":"n0","dest":"c100","body":{"in_reply_to":3,"messages":null,"msg_id":3,"type":"read_ok"}}
2023/03/03 16:54:08 Received {c100 n0 {"type":"read","msg_id":4}}
2023/03/03 16:54:08 Sent {"src":"n0","dest":"c100","body":{"in_reply_to":4,"messages":null,"msg_id":4,"type":"read_ok"}}
2023/03/03 16:54:08 Received {c100 n0 {"type":"broadcast","message":98,"msg_id":5}}
2023/03/03 16:54:08 Sent {"src":"n0","dest":"c100","body":{"in_reply_to":5,"message":98,"msg_id":5,"type":"broadcast_ok"}}
2023/03/03 16:54:08 Received {c101 n0 {"type":"broadcast","message":99,"msg_id":1}}
2023/03/03 16:54:08 Sent {"src":"n0","dest":"c101","body":{"in_reply_to":1,"message":99,"msg_id":1,"type":"broadcast_ok"}}
2023/03/03 16:54:08 Received {c102 n0 {"type":"read","msg_id":1}}
2023/03/03 16:54:08 Sent {"src":"n0","dest":"c102","body":{"in_reply_to":1,"messages":null,"msg_id":1,"type":"read_ok"}}
2023/03/03 16:54:08 Received {c102 n0 {"type":"broadcast","message":100,"msg_id":2}}
2023/03/03 16:54:08 Sent {"src":"n0","dest":"c102","body":{"in_reply_to":2,"message":100,"msg_id":2,"type":"broadcast_ok"}}
2023/03/03 16:54:08 Received {c103 n0 {"type":"read","msg_id":1}}
2023/03/03 16:54:08 Sent {"src":"n0","dest":"c103","body":{"in_reply_to":1,"messages":null,"msg_id":1,"type":"read_ok"}}
2023/03/03 16:54:08 Received {c103 n0 {"type":"read","msg_id":2}}
2023/03/03 16:54:08 Sent {"src":"n0","dest":"c103","body":{"in_reply_to":2,"messages":null,"msg_id":2,"type":"read_ok"}}
2023/03/03 16:54:08 Received {c103 n0 {"type":"read","msg_id":3}}
2023/03/03 16:54:08 Sent {"src":"n0","dest":"c103","body":{"in_reply_to":3,"messages":null,"msg_id":3,"type":"read_ok"}}
2023/03/03 16:54:08 Received {c103 n0 {"type":"broadcast","message":101,"msg_id":4}}
2023/03/03 16:54:08 Sent {"src":"n0","dest":"c103","body":{"in_reply_to":4,"message":101,"msg_id":4,"type":"broadcast_ok"}}
2023/03/03 16:54:09 Received {c104 n0 {"type":"read","msg_id":1}}
2023/03/03 16:54:09 Sent {"src":"n0","dest":"c104","body":{"in_reply_to":1,"messages":null,"msg_id":1,"type":"read_ok"}}
2023/03/03 16:54:09 Received {c104 n0 {"type":"read","msg_id":2}}
2023/03/03 16:54:09 Sent {"src":"n0","dest":"c104","body":{"in_reply_to":2,"messages":null,"msg_id":2,"type":"read_ok"}}
2023/03/03 16:54:09 Received {c104 n0 {"type":"broadcast","message":102,"msg_id":3}}
2023/03/03 16:54:09 Sent {"src":"n0","dest":"c104","body":{"in_reply_to":3,"message":102,"msg_id":3,"type":"broadcast_ok"}}
2023/03/03 16:54:09 Received {c105 n0 {"type":"broadcast","message":103,"msg_id":1}}
2023/03/03 16:54:09 Sent {"src":"n0","dest":"c105","body":{"in_reply_to":1,"message":103,"msg_id":1,"type":"broadcast_ok"}}
2023/03/03 16:54:19 Received {c106 n0 {"type":"read","msg_id":1}}
2023/03/03 16:54:19 Sent {"src":"n0","dest":"c106","body":{"in_reply_to":1,"messages":null,"msg_id":1,"type":"read_ok"}}
