2023-03-03 16:55:42,853{GMT}	INFO	[jepsen test runner] jepsen.core: Test version 107bec742b20def7dd46ccfa2f0a350c542ba4cf (plus uncommitted changes)
2023-03-03 16:55:42,853{GMT}	INFO	[jepsen test runner] jepsen.core: Command line:
lein run test -w broadcast --bin /home/jln/.go/bin/maelstrom-broadcast --node-count 1 --time-limit 20 --rate 10
2023-03-03 16:55:42,904{GMT}	INFO	[jepsen test runner] jepsen.core: Running test:
{:args []
 :remote
 #jepsen.control.retry.Remote{:remote #jepsen.control.scp.Remote{:cmd-remote #jepsen.control.sshj.SSHJRemote{:concurrency-limit 6,
                                                                                                             :conn-spec nil,
                                                                                                             :client nil,
                                                                                                             :semaphore nil},
                                                                 :conn-spec nil},
                              :conn nil}
 :log-net-send false
 :node-count 1
 :availability nil
 :max-txn-length 4
 :concurrency 1
 :db
 #object[maelstrom.db$db$reify__16142
         "0x4a03c4bc"
         "maelstrom.db$db$reify__16142@4a03c4bc"]
 :max-writes-per-key 16
 :leave-db-running? false
 :name "broadcast"
 :logging-json? false
 :start-time
 #object[org.joda.time.DateTime "0x453ca7f" "2023-03-03T16:55:42.841-05:00"]
 :nemesis-interval 10
 :net
 #object[maelstrom.net$jepsen_net$reify__15251
         "0x5d41b929"
         "maelstrom.net$jepsen_net$reify__15251@5d41b929"]
 :client
 #object[maelstrom.workload.broadcast$client$reify__16644
         "0x6dd0e2f4"
         "maelstrom.workload.broadcast$client$reify__16644@6dd0e2f4"]
 :barrier
 #object[java.util.concurrent.CyclicBarrier
         "0x333813e7"
         "java.util.concurrent.CyclicBarrier@333813e7"]
 :log-stderr false
 :pure-generators true
 :ssh {:dummy? true}
 :rate 10.0
 :checker
 #object[jepsen.checker$compose$reify__11881
         "0x292237cd"
         "jepsen.checker$compose$reify__11881@292237cd"]
 :argv
 ("test"
  "-w"
  "broadcast"
  "--bin"
  "/home/jln/.go/bin/maelstrom-broadcast"
  "--node-count"
  "1"
  "--time-limit"
  "20"
  "--rate"
  "10")
 :nemesis
 (jepsen.nemesis.ReflCompose
  {:fm {:start-partition 0,
        :stop-partition 0,
        :kill 1,
        :start 1,
        :pause 1,
        :resume 1},
   :nemeses [#unprintable "jepsen.nemesis.combined$partition_nemesis$reify__16416@797a5b31"
             #unprintable "jepsen.nemesis.combined$db_nemesis$reify__16397@13d7d1a8"]})
 :nodes ["n0"]
 :test-count 1
 :latency {:mean 0, :dist :constant}
 :bin "/home/jln/.go/bin/maelstrom-broadcast"
 :generator
 ((jepsen.generator.Synchronize
   {:gen (jepsen.generator.TimeLimit
          {:limit 20000000000,
           :cutoff nil,
           :gen (jepsen.generator.Any
                 {:gens [(jepsen.generator.OnThreads
                          {:f #{:nemesis},
                           :context-filter #object[jepsen.generator.context$make_thread_filter$lazy_filter__9167
                                                   "0x72e4905c"
                                                   "jepsen.generator.context$make_thread_filter$lazy_filter__9167@72e4905c"],
                           :gen nil})
                         (jepsen.generator.OnThreads
                          {:f #jepsen.generator.context.AllBut{:element :nemesis},
                           :context-filter #object[jepsen.generator.context$make_thread_filter$lazy_filter__9167
                                                   "0x279b83ea"
                                                   "jepsen.generator.context$make_thread_filter$lazy_filter__9167@279b83ea"],
                           :gen (jepsen.generator.Stagger
                                 {:dt 200000000,
                                  :next-time nil,
                                  :gen (jepsen.generator.Mix
                                        {:i 0,
                                         :gens [({:f :broadcast, :value 0}
                                                 {:f :broadcast, :value 1}
                                                 {:f :broadcast, :value 2}
                                                 {:f :broadcast, :value 3}
                                                 {:f :broadcast, :value 4}
                                                 {:f :broadcast, :value 5}
                                                 {:f :broadcast, :value 6}
                                                 {:f :broadcast, :value 7}
                                                 ...)
                                                ({:f :read}
                                                 {:f :read}
                                                 {:f :read}
                                                 {:f :read}
                                                 {:f :read}
                                                 {:f :read}
                                                 {:f :read}
                                                 {:f :read}
                                                 ...)]})})})]})})})
  (jepsen.generator.Synchronize
   {:gen (jepsen.generator.OnThreads
          {:f #{:nemesis},
           :context-filter #object[jepsen.generator.context$make_thread_filter$lazy_filter__9167
                                   "0x40f40221"
                                   "jepsen.generator.context$make_thread_filter$lazy_filter__9167@40f40221"],
           :gen ()})})
  (jepsen.generator.Synchronize
   {:gen {:type :log, :value "Waiting for recovery..."}})
  (jepsen.generator.Synchronize {:gen {:type :sleep, :value 10}})
  (jepsen.generator.Synchronize
   {:gen (jepsen.generator.OnThreads
          {:f #jepsen.generator.context.AllBut{:element :nemesis},
           :context-filter #object[jepsen.generator.context$make_thread_filter$lazy_filter__9167
                                   "0x16441c13"
                                   "jepsen.generator.context$make_thread_filter$lazy_filter__9167@16441c13"],
           :gen (jepsen.generator.EachThread
                 {:fresh-gen {:f :read, :final? true},
                  :context-filters #object[clojure.core$promise$reify__8591
                                           "0x6d3b59e2"
                                           {:status :pending, :val nil}],
                  :gens {}})})}))
 :log-net-recv false
 :os
 #object[maelstrom.net$jepsen_os$reify__15254
         "0x164dfad2"
         "maelstrom.net$jepsen_os$reify__15254@164dfad2"]
 :time-limit 20
 :workload :broadcast
 :consistency-models [:strict-serializable]
 :topology :grid}

2023-03-03 16:55:44,000{GMT}	INFO	[jepsen node n0] maelstrom.net: Starting Maelstrom network
2023-03-03 16:55:44,001{GMT}	INFO	[jepsen test runner] jepsen.db: Tearing down DB
2023-03-03 16:55:44,002{GMT}	INFO	[jepsen test runner] jepsen.db: Setting up DB
2023-03-03 16:55:44,003{GMT}	INFO	[jepsen node n0] maelstrom.service: Starting services: (lin-kv lin-tso lww-kv seq-kv)
2023-03-03 16:55:44,004{GMT}	INFO	[jepsen node n0] maelstrom.db: Setting up n0
2023-03-03 16:55:44,004{GMT}	INFO	[jepsen node n0] maelstrom.process: launching /home/jln/.go/bin/maelstrom-broadcast []
2023-03-03 16:55:44,014{GMT}	INFO	[jepsen test runner] jepsen.core: Relative time begins now
2023-03-03 16:55:44,023{GMT}	INFO	[jepsen worker 0] jepsen.util: 0	:invoke	:broadcast	0
2023-03-03 16:55:44,024{GMT}	INFO	[jepsen worker 0] jepsen.util: 0	:ok	:broadcast	0
2023-03-03 16:55:44,184{GMT}	INFO	[jepsen worker 0] jepsen.util: 0	:invoke	:broadcast	1
2023-03-03 16:55:44,185{GMT}	INFO	[jepsen worker 0] jepsen.util: 0	:ok	:broadcast	1
2023-03-03 16:55:44,229{GMT}	INFO	[jepsen worker 0] jepsen.util: 0	:invoke	:read	nil
2023-03-03 16:55:44,230{GMT}	INFO	[jepsen worker 0] jepsen.util: 0	:ok	:read	nil
2023-03-03 16:55:44,310{GMT}	INFO	[jepsen worker 0] jepsen.util: 0	:invoke	:broadcast	2
2023-03-03 16:55:44,311{GMT}	INFO	[jepsen worker 0] jepsen.util: 0	:ok	:broadcast	2
2023-03-03 16:55:44,377{GMT}	INFO	[jepsen worker 0] jepsen.util: 0	:invoke	:read	nil
2023-03-03 16:55:44,378{GMT}	INFO	[jepsen worker 0] jepsen.util: 0	:ok	:read	nil
2023-03-03 16:55:44,390{GMT}	INFO	[jepsen worker 0] jepsen.util: 0	:invoke	:broadcast	3
2023-03-03 16:55:44,390{GMT}	INFO	[jepsen worker 0] jepsen.util: 0	:ok	:broadcast	3
2023-03-03 16:55:44,394{GMT}	INFO	[jepsen worker 0] jepsen.util: 0	:invoke	:read	nil
2023-03-03 16:55:44,394{GMT}	INFO	[jepsen worker 0] jepsen.util: 0	:ok	:read	nil
2023-03-03 16:55:44,483{GMT}	INFO	[jepsen worker 0] jepsen.util: 0	:invoke	:broadcast	4
2023-03-03 16:55:44,484{GMT}	INFO	[jepsen worker 0] jepsen.util: 0	:ok	:broadcast	4
2023-03-03 16:55:44,513{GMT}	INFO	[jepsen worker 0] jepsen.util: 0	:invoke	:read	nil
2023-03-03 16:55:44,514{GMT}	INFO	[jepsen worker 0] jepsen.util: 0	:ok	:read	nil
2023-03-03 16:55:44,692{GMT}	INFO	[jepsen worker 0] jepsen.util: 0	:invoke	:read	nil
2023-03-03 16:55:44,693{GMT}	INFO	[jepsen worker 0] jepsen.util: 0	:ok	:read	nil
2023-03-03 16:55:44,855{GMT}	INFO	[jepsen worker 0] jepsen.util: 0	:invoke	:read	nil
2023-03-03 16:55:44,856{GMT}	INFO	[jepsen worker 0] jepsen.util: 0	:ok	:read	nil
2023-03-03 16:55:44,877{GMT}	INFO	[jepsen worker 0] jepsen.util: 0	:invoke	:broadcast	5
2023-03-03 16:55:44,878{GMT}	INFO	[jepsen worker 0] jepsen.util: 0	:ok	:broadcast	5
2023-03-03 16:55:44,911{GMT}	INFO	[jepsen worker 0] jepsen.util: 0	:invoke	:broadcast	6
2023-03-03 16:55:44,912{GMT}	INFO	[jepsen worker 0] jepsen.util: 0	:ok	:broadcast	6
2023-03-03 16:55:45,055{GMT}	INFO	[jepsen worker 0] jepsen.util: 0	:invoke	:read	nil
2023-03-03 16:55:45,057{GMT}	INFO	[jepsen worker 0] jepsen.util: 0	:ok	:read	nil
2023-03-03 16:55:45,150{GMT}	INFO	[jepsen worker 0] jepsen.util: 0	:invoke	:read	nil
2023-03-03 16:55:45,151{GMT}	INFO	[jepsen worker 0] jepsen.util: 0	:ok	:read	nil
2023-03-03 16:55:45,271{GMT}	INFO	[jepsen worker 0] jepsen.util: 0	:invoke	:read	nil
2023-03-03 16:55:45,273{GMT}	INFO	[jepsen worker 0] jepsen.util: 0	:ok	:read	nil
2023-03-03 16:55:45,315{GMT}	INFO	[jepsen worker 0] jepsen.util: 0	:invoke	:broadcast	7
2023-03-03 16:55:45,317{GMT}	INFO	[jepsen worker 0] jepsen.util: 0	:ok	:broadcast	7
2023-03-03 16:55:45,335{GMT}	INFO	[jepsen worker 0] jepsen.util: 0	:invoke	:broadcast	8
2023-03-03 16:55:45,336{GMT}	INFO	[jepsen worker 0] jepsen.util: 0	:ok	:broadcast	8
2023-03-03 16:55:45,524{GMT}	INFO	[jepsen worker 0] jepsen.util: 0	:invoke	:read	nil
2023-03-03 16:55:45,526{GMT}	INFO	[jepsen worker 0] jepsen.util: 0	:ok	:read	nil
2023-03-03 16:55:45,596{GMT}	INFO	[jepsen worker 0] jepsen.util: 0	:invoke	:broadcast	9
2023-03-03 16:55:45,598{GMT}	INFO	[jepsen worker 0] jepsen.util: 0	:ok	:broadcast	9
2023-03-03 16:55:45,777{GMT}	INFO	[jepsen worker 0] jepsen.util: 0	:invoke	:read	nil
2023-03-03 16:55:45,778{GMT}	INFO	[jepsen worker 0] jepsen.util: 0	:ok	:read	nil
2023-03-03 16:55:45,884{GMT}	INFO	[jepsen worker 0] jepsen.util: 0	:invoke	:broadcast	10
2023-03-03 16:55:45,886{GMT}	INFO	[jepsen worker 0] jepsen.util: 0	:ok	:broadcast	10
2023-03-03 16:55:46,011{GMT}	INFO	[jepsen worker 0] jepsen.util: 0	:invoke	:broadcast	11
2023-03-03 16:55:46,012{GMT}	INFO	[jepsen worker 0] jepsen.util: 0	:ok	:broadcast	11
2023-03-03 16:55:46,149{GMT}	INFO	[jepsen worker 0] jepsen.util: 0	:invoke	:read	nil
2023-03-03 16:55:46,151{GMT}	INFO	[jepsen worker 0] jepsen.util: 0	:ok	:read	nil
2023-03-03 16:55:46,319{GMT}	INFO	[jepsen worker 0] jepsen.util: 0	:invoke	:read	nil
2023-03-03 16:55:46,320{GMT}	INFO	[jepsen worker 0] jepsen.util: 0	:ok	:read	nil
2023-03-03 16:55:46,388{GMT}	INFO	[jepsen worker 0] jepsen.util: 0	:invoke	:read	nil
2023-03-03 16:55:46,389{GMT}	INFO	[jepsen worker 0] jepsen.util: 0	:ok	:read	nil
2023-03-03 16:55:46,522{GMT}	INFO	[jepsen worker 0] jepsen.util: 0	:invoke	:read	nil
2023-03-03 16:55:46,523{GMT}	INFO	[jepsen worker 0] jepsen.util: 0	:ok	:read	nil
2023-03-03 16:55:46,582{GMT}	INFO	[jepsen worker 0] jepsen.util: 0	:invoke	:read	nil
2023-03-03 16:55:46,583{GMT}	INFO	[jepsen worker 0] jepsen.util: 0	:ok	:read	nil
2023-03-03 16:55:46,591{GMT}	INFO	[jepsen worker 0] jepsen.util: 0	:invoke	:read	nil
2023-03-03 16:55:46,592{GMT}	INFO	[jepsen worker 0] jepsen.util: 0	:ok	:read	nil
2023-03-03 16:55:46,718{GMT}	INFO	[jepsen worker 0] jepsen.util: 0	:invoke	:read	nil
2023-03-03 16:55:46,719{GMT}	INFO	[jepsen worker 0] jepsen.util: 0	:ok	:read	nil
2023-03-03 16:55:46,789{GMT}	INFO	[jepsen worker 0] jepsen.util: 0	:invoke	:read	nil
2023-03-03 16:55:46,790{GMT}	INFO	[jepsen worker 0] jepsen.util: 0	:ok	:read	nil
2023-03-03 16:55:46,819{GMT}	INFO	[jepsen worker 0] jepsen.util: 0	:invoke	:broadcast	12
2023-03-03 16:55:46,820{GMT}	INFO	[jepsen worker 0] jepsen.util: 0	:ok	:broadcast	12
2023-03-03 16:55:46,920{GMT}	INFO	[jepsen worker 0] jepsen.util: 0	:invoke	:read	nil
2023-03-03 16:55:46,921{GMT}	INFO	[jepsen worker 0] jepsen.util: 0	:ok	:read	nil
2023-03-03 16:55:47,119{GMT}	INFO	[jepsen worker 0] jepsen.util: 0	:invoke	:read	nil
2023-03-03 16:55:47,121{GMT}	INFO	[jepsen worker 0] jepsen.util: 0	:ok	:read	nil
2023-03-03 16:55:47,131{GMT}	INFO	[jepsen worker 0] jepsen.util: 0	:invoke	:read	nil
2023-03-03 16:55:47,132{GMT}	INFO	[jepsen worker 0] jepsen.util: 0	:ok	:read	nil
2023-03-03 16:55:47,253{GMT}	INFO	[jepsen worker 0] jepsen.util: 0	:invoke	:read	nil
2023-03-03 16:55:47,254{GMT}	INFO	[jepsen worker 0] jepsen.util: 0	:ok	:read	nil
2023-03-03 16:55:47,268{GMT}	INFO	[jepsen worker 0] jepsen.util: 0	:invoke	:broadcast	13
2023-03-03 16:55:47,269{GMT}	INFO	[jepsen worker 0] jepsen.util: 0	:ok	:broadcast	13
2023-03-03 16:55:47,291{GMT}	INFO	[jepsen worker 0] jepsen.util: 0	:invoke	:read	nil
2023-03-03 16:55:47,292{GMT}	INFO	[jepsen worker 0] jepsen.util: 0	:ok	:read	nil
2023-03-03 16:55:47,405{GMT}	INFO	[jepsen worker 0] jepsen.util: 0	:invoke	:read	nil
2023-03-03 16:55:47,406{GMT}	INFO	[jepsen worker 0] jepsen.util: 0	:ok	:read	nil
2023-03-03 16:55:47,429{GMT}	INFO	[jepsen worker 0] jepsen.util: 0	:invoke	:read	nil
2023-03-03 16:55:47,430{GMT}	INFO	[jepsen worker 0] jepsen.util: 0	:ok	:read	nil
2023-03-03 16:55:47,453{GMT}	INFO	[jepsen worker 0] jepsen.util: 0	:invoke	:read	nil
2023-03-03 16:55:47,454{GMT}	INFO	[jepsen worker 0] jepsen.util: 0	:ok	:read	nil
2023-03-03 16:55:47,568{GMT}	INFO	[jepsen worker 0] jepsen.util: 0	:invoke	:broadcast	14
2023-03-03 16:55:47,569{GMT}	INFO	[jepsen worker 0] jepsen.util: 0	:ok	:broadcast	14
2023-03-03 16:55:47,604{GMT}	INFO	[jepsen worker 0] jepsen.util: 0	:invoke	:read	nil
2023-03-03 16:55:47,605{GMT}	INFO	[jepsen worker 0] jepsen.util: 0	:ok	:read	nil
2023-03-03 16:55:47,702{GMT}	INFO	[jepsen worker 0] jepsen.util: 0	:invoke	:read	nil
2023-03-03 16:55:47,703{GMT}	INFO	[jepsen worker 0] jepsen.util: 0	:ok	:read	nil
2023-03-03 16:55:47,804{GMT}	INFO	[jepsen worker 0] jepsen.util: 0	:invoke	:read	nil
2023-03-03 16:55:47,805{GMT}	INFO	[jepsen worker 0] jepsen.util: 0	:ok	:read	nil
2023-03-03 16:55:47,983{GMT}	INFO	[jepsen worker 0] jepsen.util: 0	:invoke	:read	nil
2023-03-03 16:55:47,984{GMT}	INFO	[jepsen worker 0] jepsen.util: 0	:ok	:read	nil
2023-03-03 16:55:48,009{GMT}	INFO	[jepsen worker 0] jepsen.util: 0	:invoke	:broadcast	15
2023-03-03 16:55:48,010{GMT}	INFO	[jepsen worker 0] jepsen.util: 0	:ok	:broadcast	15
2023-03-03 16:55:48,190{GMT}	INFO	[jepsen worker 0] jepsen.util: 0	:invoke	:read	nil
2023-03-03 16:55:48,191{GMT}	INFO	[jepsen worker 0] jepsen.util: 0	:ok	:read	nil
2023-03-03 16:55:48,220{GMT}	INFO	[jepsen worker 0] jepsen.util: 0	:invoke	:broadcast	16
2023-03-03 16:55:48,221{GMT}	INFO	[jepsen worker 0] jepsen.util: 0	:ok	:broadcast	16
2023-03-03 16:55:48,388{GMT}	INFO	[jepsen worker 0] jepsen.util: 0	:invoke	:read	nil
2023-03-03 16:55:48,389{GMT}	INFO	[jepsen worker 0] jepsen.util: 0	:ok	:read	nil
2023-03-03 16:55:48,479{GMT}	INFO	[jepsen worker 0] jepsen.util: 0	:invoke	:broadcast	17
2023-03-03 16:55:48,479{GMT}	INFO	[jepsen worker 0] jepsen.util: 0	:ok	:broadcast	17
2023-03-03 16:55:48,618{GMT}	INFO	[jepsen worker 0] jepsen.util: 0	:invoke	:read	nil
2023-03-03 16:55:48,619{GMT}	INFO	[jepsen worker 0] jepsen.util: 0	:ok	:read	nil
2023-03-03 16:55:48,703{GMT}	INFO	[jepsen worker 0] jepsen.util: 0	:invoke	:broadcast	18
2023-03-03 16:55:48,705{GMT}	INFO	[jepsen worker 0] jepsen.util: 0	:ok	:broadcast	18
2023-03-03 16:55:48,879{GMT}	INFO	[jepsen worker 0] jepsen.util: 0	:invoke	:broadcast	19
2023-03-03 16:55:48,880{GMT}	INFO	[jepsen worker 0] jepsen.util: 0	:ok	:broadcast	19
2023-03-03 16:55:49,023{GMT}	INFO	[jepsen worker 0] jepsen.util: 0	:invoke	:broadcast	20
2023-03-03 16:55:49,024{GMT}	INFO	[jepsen worker 0] jepsen.util: 0	:ok	:broadcast	20
2023-03-03 16:55:49,219{GMT}	INFO	[jepsen worker 0] jepsen.util: 0	:invoke	:broadcast	21
2023-03-03 16:55:49,220{GMT}	INFO	[jepsen worker 0] jepsen.util: 0	:ok	:broadcast	21
2023-03-03 16:55:49,367{GMT}	INFO	[jepsen worker 0] jepsen.util: 0	:invoke	:broadcast	22
2023-03-03 16:55:49,368{GMT}	INFO	[jepsen worker 0] jepsen.util: 0	:ok	:broadcast	22
2023-03-03 16:55:49,479{GMT}	INFO	[jepsen worker 0] jepsen.util: 0	:invoke	:read	nil
2023-03-03 16:55:49,481{GMT}	INFO	[jepsen worker 0] jepsen.util: 0	:ok	:read	nil
2023-03-03 16:55:49,543{GMT}	INFO	[jepsen worker 0] jepsen.util: 0	:invoke	:broadcast	23
2023-03-03 16:55:49,543{GMT}	INFO	[jepsen worker 0] jepsen.util: 0	:ok	:broadcast	23
2023-03-03 16:55:49,546{GMT}	INFO	[jepsen worker 0] jepsen.util: 0	:invoke	:read	nil
2023-03-03 16:55:49,547{GMT}	INFO	[jepsen worker 0] jepsen.util: 0	:ok	:read	nil
2023-03-03 16:55:49,717{GMT}	INFO	[jepsen worker 0] jepsen.util: 0	:invoke	:broadcast	24
2023-03-03 16:55:49,718{GMT}	INFO	[jepsen worker 0] jepsen.util: 0	:ok	:broadcast	24
2023-03-03 16:55:49,858{GMT}	INFO	[jepsen worker 0] jepsen.util: 0	:invoke	:broadcast	25
2023-03-03 16:55:49,860{GMT}	INFO	[jepsen worker 0] jepsen.util: 0	:ok	:broadcast	25
2023-03-03 16:55:49,981{GMT}	INFO	[jepsen worker 0] jepsen.util: 0	:invoke	:broadcast	26
2023-03-03 16:55:49,983{GMT}	INFO	[jepsen worker 0] jepsen.util: 0	:ok	:broadcast	26
2023-03-03 16:55:50,027{GMT}	INFO	[jepsen worker 0] jepsen.util: 0	:invoke	:read	nil
2023-03-03 16:55:50,028{GMT}	INFO	[jepsen worker 0] jepsen.util: 0	:ok	:read	nil
2023-03-03 16:55:50,095{GMT}	INFO	[jepsen worker 0] jepsen.util: 0	:invoke	:read	nil
2023-03-03 16:55:50,096{GMT}	INFO	[jepsen worker 0] jepsen.util: 0	:ok	:read	nil
2023-03-03 16:55:50,131{GMT}	INFO	[jepsen worker 0] jepsen.util: 0	:invoke	:broadcast	27
2023-03-03 16:55:50,132{GMT}	INFO	[jepsen worker 0] jepsen.util: 0	:ok	:broadcast	27
2023-03-03 16:55:50,206{GMT}	INFO	[jepsen worker 0] jepsen.util: 0	:invoke	:read	nil
2023-03-03 16:55:50,206{GMT}	INFO	[jepsen worker 0] jepsen.util: 0	:ok	:read	nil
2023-03-03 16:55:50,221{GMT}	INFO	[jepsen worker 0] jepsen.util: 0	:invoke	:read	nil
2023-03-03 16:55:50,222{GMT}	INFO	[jepsen worker 0] jepsen.util: 0	:ok	:read	nil
2023-03-03 16:55:50,293{GMT}	INFO	[jepsen worker 0] jepsen.util: 0	:invoke	:read	nil
2023-03-03 16:55:50,294{GMT}	INFO	[jepsen worker 0] jepsen.util: 0	:ok	:read	nil
2023-03-03 16:55:50,372{GMT}	INFO	[jepsen worker 0] jepsen.util: 0	:invoke	:read	nil
2023-03-03 16:55:50,374{GMT}	INFO	[jepsen worker 0] jepsen.util: 0	:ok	:read	nil
2023-03-03 16:55:50,423{GMT}	INFO	[jepsen worker 0] jepsen.util: 0	:invoke	:read	nil
2023-03-03 16:55:50,424{GMT}	INFO	[jepsen worker 0] jepsen.util: 0	:ok	:read	nil
2023-03-03 16:55:50,583{GMT}	INFO	[jepsen worker 0] jepsen.util: 0	:invoke	:broadcast	28
2023-03-03 16:55:50,584{GMT}	INFO	[jepsen worker 0] jepsen.util: 0	:ok	:broadcast	28
2023-03-03 16:55:50,689{GMT}	INFO	[jepsen worker 0] jepsen.util: 0	:invoke	:read	nil
2023-03-03 16:55:50,690{GMT}	INFO	[jepsen worker 0] jepsen.util: 0	:ok	:read	nil
2023-03-03 16:55:50,838{GMT}	INFO	[jepsen worker 0] jepsen.util: 0	:invoke	:read	nil
2023-03-03 16:55:50,840{GMT}	INFO	[jepsen worker 0] jepsen.util: 0	:ok	:read	nil
2023-03-03 16:55:50,978{GMT}	INFO	[jepsen worker 0] jepsen.util: 0	:invoke	:read	nil
2023-03-03 16:55:50,979{GMT}	INFO	[jepsen worker 0] jepsen.util: 0	:ok	:read	nil
2023-03-03 16:55:51,164{GMT}	INFO	[jepsen worker 0] jepsen.util: 0	:invoke	:read	nil
2023-03-03 16:55:51,165{GMT}	INFO	[jepsen worker 0] jepsen.util: 0	:ok	:read	nil
2023-03-03 16:55:51,322{GMT}	INFO	[jepsen worker 0] jepsen.util: 0	:invoke	:broadcast	29
2023-03-03 16:55:51,323{GMT}	INFO	[jepsen worker 0] jepsen.util: 0	:ok	:broadcast	29
2023-03-03 16:55:51,453{GMT}	INFO	[jepsen worker 0] jepsen.util: 0	:invoke	:broadcast	30
2023-03-03 16:55:51,454{GMT}	INFO	[jepsen worker 0] jepsen.util: 0	:ok	:broadcast	30
2023-03-03 16:55:51,597{GMT}	INFO	[jepsen worker 0] jepsen.util: 0	:invoke	:read	nil
2023-03-03 16:55:51,598{GMT}	INFO	[jepsen worker 0] jepsen.util: 0	:ok	:read	nil
2023-03-03 16:55:51,687{GMT}	INFO	[jepsen worker 0] jepsen.util: 0	:invoke	:read	nil
2023-03-03 16:55:51,688{GMT}	INFO	[jepsen worker 0] jepsen.util: 0	:ok	:read	nil
2023-03-03 16:55:51,741{GMT}	INFO	[jepsen worker 0] jepsen.util: 0	:invoke	:broadcast	31
2023-03-03 16:55:51,742{GMT}	INFO	[jepsen worker 0] jepsen.util: 0	:ok	:broadcast	31
2023-03-03 16:55:51,873{GMT}	INFO	[jepsen worker 0] jepsen.util: 0	:invoke	:read	nil
2023-03-03 16:55:51,875{GMT}	INFO	[jepsen worker 0] jepsen.util: 0	:ok	:read	nil
2023-03-03 16:55:51,990{GMT}	INFO	[jepsen worker 0] jepsen.util: 0	:invoke	:read	nil
2023-03-03 16:55:51,991{GMT}	INFO	[jepsen worker 0] jepsen.util: 0	:ok	:read	nil
2023-03-03 16:55:52,154{GMT}	INFO	[jepsen worker 0] jepsen.util: 0	:invoke	:read	nil
2023-03-03 16:55:52,155{GMT}	INFO	[jepsen worker 0] jepsen.util: 0	:ok	:read	nil
2023-03-03 16:55:52,173{GMT}	INFO	[jepsen worker 0] jepsen.util: 0	:invoke	:read	nil
2023-03-03 16:55:52,174{GMT}	INFO	[jepsen worker 0] jepsen.util: 0	:ok	:read	nil
2023-03-03 16:55:52,346{GMT}	INFO	[jepsen worker 0] jepsen.util: 0	:invoke	:broadcast	32
2023-03-03 16:55:52,347{GMT}	INFO	[jepsen worker 0] jepsen.util: 0	:ok	:broadcast	32
2023-03-03 16:55:52,469{GMT}	INFO	[jepsen worker 0] jepsen.util: 0	:invoke	:broadcast	33
2023-03-03 16:55:52,470{GMT}	INFO	[jepsen worker 0] jepsen.util: 0	:ok	:broadcast	33
2023-03-03 16:55:52,559{GMT}	INFO	[jepsen worker 0] jepsen.util: 0	:invoke	:read	nil
2023-03-03 16:55:52,560{GMT}	INFO	[jepsen worker 0] jepsen.util: 0	:ok	:read	nil
2023-03-03 16:55:52,728{GMT}	INFO	[jepsen worker 0] jepsen.util: 0	:invoke	:read	nil
2023-03-03 16:55:52,729{GMT}	INFO	[jepsen worker 0] jepsen.util: 0	:ok	:read	nil
2023-03-03 16:55:52,764{GMT}	INFO	[jepsen worker 0] jepsen.util: 0	:invoke	:read	nil
2023-03-03 16:55:52,764{GMT}	INFO	[jepsen worker 0] jepsen.util: 0	:ok	:read	nil
2023-03-03 16:55:52,883{GMT}	INFO	[jepsen worker 0] jepsen.util: 0	:invoke	:read	nil
2023-03-03 16:55:52,884{GMT}	INFO	[jepsen worker 0] jepsen.util: 0	:ok	:read	nil
2023-03-03 16:55:52,907{GMT}	INFO	[jepsen worker 0] jepsen.util: 0	:invoke	:read	nil
2023-03-03 16:55:52,908{GMT}	INFO	[jepsen worker 0] jepsen.util: 0	:ok	:read	nil
2023-03-03 16:55:53,102{GMT}	INFO	[jepsen worker 0] jepsen.util: 0	:invoke	:broadcast	34
2023-03-03 16:55:53,103{GMT}	INFO	[jepsen worker 0] jepsen.util: 0	:ok	:broadcast	34
2023-03-03 16:55:53,153{GMT}	INFO	[jepsen worker 0] jepsen.util: 0	:invoke	:broadcast	35
2023-03-03 16:55:53,154{GMT}	INFO	[jepsen worker 0] jepsen.util: 0	:ok	:broadcast	35
2023-03-03 16:55:53,199{GMT}	INFO	[jepsen worker 0] jepsen.util: 0	:invoke	:read	nil
2023-03-03 16:55:53,200{GMT}	INFO	[jepsen worker 0] jepsen.util: 0	:ok	:read	nil
2023-03-03 16:55:53,352{GMT}	INFO	[jepsen worker 0] jepsen.util: 0	:invoke	:read	nil
2023-03-03 16:55:53,353{GMT}	INFO	[jepsen worker 0] jepsen.util: 0	:ok	:read	nil
2023-03-03 16:55:53,375{GMT}	INFO	[jepsen worker 0] jepsen.util: 0	:invoke	:read	nil
2023-03-03 16:55:53,375{GMT}	INFO	[jepsen worker 0] jepsen.util: 0	:ok	:read	nil
2023-03-03 16:55:53,551{GMT}	INFO	[jepsen worker 0] jepsen.util: 0	:invoke	:read	nil
2023-03-03 16:55:53,552{GMT}	INFO	[jepsen worker 0] jepsen.util: 0	:ok	:read	nil
2023-03-03 16:55:53,686{GMT}	INFO	[jepsen worker 0] jepsen.util: 0	:invoke	:read	nil
2023-03-03 16:55:53,687{GMT}	INFO	[jepsen worker 0] jepsen.util: 0	:ok	:read	nil
2023-03-03 16:55:53,717{GMT}	INFO	[jepsen worker 0] jepsen.util: 0	:invoke	:read	nil
2023-03-03 16:55:53,718{GMT}	INFO	[jepsen worker 0] jepsen.util: 0	:ok	:read	nil
2023-03-03 16:55:53,742{GMT}	INFO	[jepsen worker 0] jepsen.util: 0	:invoke	:read	nil
2023-03-03 16:55:53,742{GMT}	INFO	[jepsen worker 0] jepsen.util: 0	:ok	:read	nil
2023-03-03 16:55:53,941{GMT}	INFO	[jepsen worker 0] jepsen.util: 0	:invoke	:read	nil
2023-03-03 16:55:53,941{GMT}	INFO	[jepsen worker 0] jepsen.util: 0	:ok	:read	nil
2023-03-03 16:55:54,013{GMT}	INFO	[jepsen worker 0] jepsen.util: 0	:invoke	:read	nil
2023-03-03 16:55:54,014{GMT}	INFO	[jepsen worker 0] jepsen.util: 0	:ok	:read	nil
2023-03-03 16:55:54,186{GMT}	INFO	[jepsen worker 0] jepsen.util: 0	:invoke	:read	nil
2023-03-03 16:55:54,187{GMT}	INFO	[jepsen worker 0] jepsen.util: 0	:ok	:read	nil
2023-03-03 16:55:54,278{GMT}	INFO	[jepsen worker 0] jepsen.util: 0	:invoke	:broadcast	36
2023-03-03 16:55:54,279{GMT}	INFO	[jepsen worker 0] jepsen.util: 0	:ok	:broadcast	36
2023-03-03 16:55:54,311{GMT}	INFO	[jepsen worker 0] jepsen.util: 0	:invoke	:read	nil
2023-03-03 16:55:54,312{GMT}	INFO	[jepsen worker 0] jepsen.util: 0	:ok	:read	nil
2023-03-03 16:55:54,431{GMT}	INFO	[jepsen worker 0] jepsen.util: 0	:invoke	:read	nil
2023-03-03 16:55:54,432{GMT}	INFO	[jepsen worker 0] jepsen.util: 0	:ok	:read	nil
2023-03-03 16:55:54,607{GMT}	INFO	[jepsen worker 0] jepsen.util: 0	:invoke	:broadcast	37
2023-03-03 16:55:54,608{GMT}	INFO	[jepsen worker 0] jepsen.util: 0	:ok	:broadcast	37
2023-03-03 16:55:54,717{GMT}	INFO	[jepsen worker 0] jepsen.util: 0	:invoke	:broadcast	38
2023-03-03 16:55:54,718{GMT}	INFO	[jepsen worker 0] jepsen.util: 0	:ok	:broadcast	38
2023-03-03 16:55:54,912{GMT}	INFO	[jepsen worker 0] jepsen.util: 0	:invoke	:read	nil
2023-03-03 16:55:54,913{GMT}	INFO	[jepsen worker 0] jepsen.util: 0	:ok	:read	nil
2023-03-03 16:55:55,106{GMT}	INFO	[jepsen worker 0] jepsen.util: 0	:invoke	:read	nil
2023-03-03 16:55:55,107{GMT}	INFO	[jepsen worker 0] jepsen.util: 0	:ok	:read	nil
2023-03-03 16:55:55,135{GMT}	INFO	[jepsen worker 0] jepsen.util: 0	:invoke	:broadcast	39
2023-03-03 16:55:55,136{GMT}	INFO	[jepsen worker 0] jepsen.util: 0	:ok	:broadcast	39
2023-03-03 16:55:55,172{GMT}	INFO	[jepsen worker 0] jepsen.util: 0	:invoke	:read	nil
2023-03-03 16:55:55,172{GMT}	INFO	[jepsen worker 0] jepsen.util: 0	:ok	:read	nil
2023-03-03 16:55:55,214{GMT}	INFO	[jepsen worker 0] jepsen.util: 0	:invoke	:read	nil
2023-03-03 16:55:55,215{GMT}	INFO	[jepsen worker 0] jepsen.util: 0	:ok	:read	nil
2023-03-03 16:55:55,342{GMT}	INFO	[jepsen worker 0] jepsen.util: 0	:invoke	:broadcast	40
2023-03-03 16:55:55,343{GMT}	INFO	[jepsen worker 0] jepsen.util: 0	:ok	:broadcast	40
2023-03-03 16:55:55,350{GMT}	INFO	[jepsen worker 0] jepsen.util: 0	:invoke	:read	nil
2023-03-03 16:55:55,350{GMT}	INFO	[jepsen worker 0] jepsen.util: 0	:ok	:read	nil
2023-03-03 16:55:55,434{GMT}	INFO	[jepsen worker 0] jepsen.util: 0	:invoke	:read	nil
2023-03-03 16:55:55,435{GMT}	INFO	[jepsen worker 0] jepsen.util: 0	:ok	:read	nil
2023-03-03 16:55:55,500{GMT}	INFO	[jepsen worker 0] jepsen.util: 0	:invoke	:read	nil
2023-03-03 16:55:55,500{GMT}	INFO	[jepsen worker 0] jepsen.util: 0	:ok	:read	nil
2023-03-03 16:55:55,634{GMT}	INFO	[jepsen worker 0] jepsen.util: 0	:invoke	:broadcast	41
2023-03-03 16:55:55,635{GMT}	INFO	[jepsen worker 0] jepsen.util: 0	:ok	:broadcast	41
2023-03-03 16:55:55,829{GMT}	INFO	[jepsen worker 0] jepsen.util: 0	:invoke	:read	nil
2023-03-03 16:55:55,830{GMT}	INFO	[jepsen worker 0] jepsen.util: 0	:ok	:read	nil
2023-03-03 16:55:55,876{GMT}	INFO	[jepsen worker 0] jepsen.util: 0	:invoke	:read	nil
2023-03-03 16:55:55,877{GMT}	INFO	[jepsen worker 0] jepsen.util: 0	:ok	:read	nil
2023-03-03 16:55:55,931{GMT}	INFO	[jepsen worker 0] jepsen.util: 0	:invoke	:read	nil
2023-03-03 16:55:55,932{GMT}	INFO	[jepsen worker 0] jepsen.util: 0	:ok	:read	nil
2023-03-03 16:55:56,020{GMT}	INFO	[jepsen worker 0] jepsen.util: 0	:invoke	:read	nil
2023-03-03 16:55:56,022{GMT}	INFO	[jepsen worker 0] jepsen.util: 0	:ok	:read	nil
2023-03-03 16:55:56,107{GMT}	INFO	[jepsen worker 0] jepsen.util: 0	:invoke	:broadcast	42
2023-03-03 16:55:56,108{GMT}	INFO	[jepsen worker 0] jepsen.util: 0	:ok	:broadcast	42
2023-03-03 16:55:56,297{GMT}	INFO	[jepsen worker 0] jepsen.util: 0	:invoke	:read	nil
2023-03-03 16:55:56,298{GMT}	INFO	[jepsen worker 0] jepsen.util: 0	:ok	:read	nil
2023-03-03 16:55:56,354{GMT}	INFO	[jepsen worker 0] jepsen.util: 0	:invoke	:broadcast	43
2023-03-03 16:55:56,355{GMT}	INFO	[jepsen worker 0] jepsen.util: 0	:ok	:broadcast	43
2023-03-03 16:55:56,384{GMT}	INFO	[jepsen worker 0] jepsen.util: 0	:invoke	:read	nil
2023-03-03 16:55:56,384{GMT}	INFO	[jepsen worker 0] jepsen.util: 0	:ok	:read	nil
2023-03-03 16:55:56,474{GMT}	INFO	[jepsen worker 0] jepsen.util: 0	:invoke	:read	nil
2023-03-03 16:55:56,474{GMT}	INFO	[jepsen worker 0] jepsen.util: 0	:ok	:read	nil
2023-03-03 16:55:56,660{GMT}	INFO	[jepsen worker 0] jepsen.util: 0	:invoke	:read	nil
2023-03-03 16:55:56,660{GMT}	INFO	[jepsen worker 0] jepsen.util: 0	:ok	:read	nil
2023-03-03 16:55:56,825{GMT}	INFO	[jepsen worker 0] jepsen.util: 0	:invoke	:broadcast	44
2023-03-03 16:55:56,826{GMT}	INFO	[jepsen worker 0] jepsen.util: 0	:ok	:broadcast	44
2023-03-03 16:55:56,919{GMT}	INFO	[jepsen worker 0] jepsen.util: 0	:invoke	:broadcast	45
2023-03-03 16:55:56,920{GMT}	INFO	[jepsen worker 0] jepsen.util: 0	:ok	:broadcast	45
2023-03-03 16:55:57,031{GMT}	INFO	[jepsen worker 0] jepsen.util: 0	:invoke	:broadcast	46
2023-03-03 16:55:57,032{GMT}	INFO	[jepsen worker 0] jepsen.util: 0	:ok	:broadcast	46
2023-03-03 16:55:57,226{GMT}	INFO	[jepsen worker 0] jepsen.util: 0	:invoke	:read	nil
2023-03-03 16:55:57,227{GMT}	INFO	[jepsen worker 0] jepsen.util: 0	:ok	:read	nil
2023-03-03 16:55:57,342{GMT}	INFO	[jepsen worker 0] jepsen.util: 0	:invoke	:read	nil
2023-03-03 16:55:57,343{GMT}	INFO	[jepsen worker 0] jepsen.util: 0	:ok	:read	nil
2023-03-03 16:55:57,534{GMT}	INFO	[jepsen worker 0] jepsen.util: 0	:invoke	:broadcast	47
2023-03-03 16:55:57,535{GMT}	INFO	[jepsen worker 0] jepsen.util: 0	:ok	:broadcast	47
2023-03-03 16:55:57,710{GMT}	INFO	[jepsen worker 0] jepsen.util: 0	:invoke	:read	nil
2023-03-03 16:55:57,711{GMT}	INFO	[jepsen worker 0] jepsen.util: 0	:ok	:read	nil
2023-03-03 16:55:57,871{GMT}	INFO	[jepsen worker 0] jepsen.util: 0	:invoke	:broadcast	48
2023-03-03 16:55:57,872{GMT}	INFO	[jepsen worker 0] jepsen.util: 0	:ok	:broadcast	48
2023-03-03 16:55:58,066{GMT}	INFO	[jepsen worker 0] jepsen.util: 0	:invoke	:broadcast	49
2023-03-03 16:55:58,067{GMT}	INFO	[jepsen worker 0] jepsen.util: 0	:ok	:broadcast	49
2023-03-03 16:55:58,199{GMT}	INFO	[jepsen worker 0] jepsen.util: 0	:invoke	:broadcast	50
2023-03-03 16:55:58,199{GMT}	INFO	[jepsen worker 0] jepsen.util: 0	:ok	:broadcast	50
2023-03-03 16:55:58,321{GMT}	INFO	[jepsen worker 0] jepsen.util: 0	:invoke	:broadcast	51
2023-03-03 16:55:58,322{GMT}	INFO	[jepsen worker 0] jepsen.util: 0	:ok	:broadcast	51
2023-03-03 16:55:58,487{GMT}	INFO	[jepsen worker 0] jepsen.util: 0	:invoke	:read	nil
2023-03-03 16:55:58,489{GMT}	INFO	[jepsen worker 0] jepsen.util: 0	:ok	:read	nil
2023-03-03 16:55:58,649{GMT}	INFO	[jepsen worker 0] jepsen.util: 0	:invoke	:broadcast	52
2023-03-03 16:55:58,650{GMT}	INFO	[jepsen worker 0] jepsen.util: 0	:ok	:broadcast	52
2023-03-03 16:55:58,829{GMT}	INFO	[jepsen worker 0] jepsen.util: 0	:invoke	:read	nil
2023-03-03 16:55:58,830{GMT}	INFO	[jepsen worker 0] jepsen.util: 0	:ok	:read	nil
2023-03-03 16:55:58,937{GMT}	INFO	[jepsen worker 0] jepsen.util: 0	:invoke	:broadcast	53
2023-03-03 16:55:58,938{GMT}	INFO	[jepsen worker 0] jepsen.util: 0	:ok	:broadcast	53
2023-03-03 16:55:58,951{GMT}	INFO	[jepsen worker 0] jepsen.util: 0	:invoke	:broadcast	54
2023-03-03 16:55:58,952{GMT}	INFO	[jepsen worker 0] jepsen.util: 0	:ok	:broadcast	54
2023-03-03 16:55:58,960{GMT}	INFO	[jepsen worker 0] jepsen.util: 0	:invoke	:read	nil
2023-03-03 16:55:58,960{GMT}	INFO	[jepsen worker 0] jepsen.util: 0	:ok	:read	nil
2023-03-03 16:55:59,133{GMT}	INFO	[jepsen worker 0] jepsen.util: 0	:invoke	:broadcast	55
2023-03-03 16:55:59,134{GMT}	INFO	[jepsen worker 0] jepsen.util: 0	:ok	:broadcast	55
2023-03-03 16:55:59,233{GMT}	INFO	[jepsen worker 0] jepsen.util: 0	:invoke	:broadcast	56
2023-03-03 16:55:59,234{GMT}	INFO	[jepsen worker 0] jepsen.util: 0	:ok	:broadcast	56
2023-03-03 16:55:59,336{GMT}	INFO	[jepsen worker 0] jepsen.util: 0	:invoke	:read	nil
2023-03-03 16:55:59,337{GMT}	INFO	[jepsen worker 0] jepsen.util: 0	:ok	:read	nil
2023-03-03 16:55:59,466{GMT}	INFO	[jepsen worker 0] jepsen.util: 0	:invoke	:broadcast	57
2023-03-03 16:55:59,467{GMT}	INFO	[jepsen worker 0] jepsen.util: 0	:ok	:broadcast	57
2023-03-03 16:55:59,583{GMT}	INFO	[jepsen worker 0] jepsen.util: 0	:invoke	:read	nil
2023-03-03 16:55:59,584{GMT}	INFO	[jepsen worker 0] jepsen.util: 0	:ok	:read	nil
2023-03-03 16:55:59,598{GMT}	INFO	[jepsen worker 0] jepsen.util: 0	:invoke	:broadcast	58
2023-03-03 16:55:59,599{GMT}	INFO	[jepsen worker 0] jepsen.util: 0	:ok	:broadcast	58
2023-03-03 16:55:59,795{GMT}	INFO	[jepsen worker 0] jepsen.util: 0	:invoke	:broadcast	59
2023-03-03 16:55:59,796{GMT}	INFO	[jepsen worker 0] jepsen.util: 0	:ok	:broadcast	59
2023-03-03 16:55:59,896{GMT}	INFO	[jepsen worker 0] jepsen.util: 0	:invoke	:read	nil
2023-03-03 16:55:59,897{GMT}	INFO	[jepsen worker 0] jepsen.util: 0	:ok	:read	nil
2023-03-03 16:55:59,996{GMT}	INFO	[jepsen worker 0] jepsen.util: 0	:invoke	:read	nil
2023-03-03 16:55:59,997{GMT}	INFO	[jepsen worker 0] jepsen.util: 0	:ok	:read	nil
2023-03-03 16:56:00,173{GMT}	INFO	[jepsen worker 0] jepsen.util: 0	:invoke	:broadcast	60
2023-03-03 16:56:00,173{GMT}	INFO	[jepsen worker 0] jepsen.util: 0	:ok	:broadcast	60
2023-03-03 16:56:00,249{GMT}	INFO	[jepsen worker 0] jepsen.util: 0	:invoke	:broadcast	61
2023-03-03 16:56:00,250{GMT}	INFO	[jepsen worker 0] jepsen.util: 0	:ok	:broadcast	61
2023-03-03 16:56:00,297{GMT}	INFO	[jepsen worker 0] jepsen.util: 0	:invoke	:read	nil
2023-03-03 16:56:00,298{GMT}	INFO	[jepsen worker 0] jepsen.util: 0	:ok	:read	nil
2023-03-03 16:56:00,331{GMT}	INFO	[jepsen worker 0] jepsen.util: 0	:invoke	:broadcast	62
2023-03-03 16:56:00,332{GMT}	INFO	[jepsen worker 0] jepsen.util: 0	:ok	:broadcast	62
2023-03-03 16:56:00,374{GMT}	INFO	[jepsen worker 0] jepsen.util: 0	:invoke	:broadcast	63
2023-03-03 16:56:00,375{GMT}	INFO	[jepsen worker 0] jepsen.util: 0	:ok	:broadcast	63
2023-03-03 16:56:00,563{GMT}	INFO	[jepsen worker 0] jepsen.util: 0	:invoke	:broadcast	64
2023-03-03 16:56:00,563{GMT}	INFO	[jepsen worker 0] jepsen.util: 0	:ok	:broadcast	64
2023-03-03 16:56:00,593{GMT}	INFO	[jepsen worker 0] jepsen.util: 0	:invoke	:read	nil
2023-03-03 16:56:00,594{GMT}	INFO	[jepsen worker 0] jepsen.util: 0	:ok	:read	nil
2023-03-03 16:56:00,759{GMT}	INFO	[jepsen worker 0] jepsen.util: 0	:invoke	:broadcast	65
2023-03-03 16:56:00,759{GMT}	INFO	[jepsen worker 0] jepsen.util: 0	:ok	:broadcast	65
2023-03-03 16:56:00,947{GMT}	INFO	[jepsen worker 0] jepsen.util: 0	:invoke	:read	nil
2023-03-03 16:56:00,948{GMT}	INFO	[jepsen worker 0] jepsen.util: 0	:ok	:read	nil
2023-03-03 16:56:01,123{GMT}	INFO	[jepsen worker 0] jepsen.util: 0	:invoke	:broadcast	66
2023-03-03 16:56:01,123{GMT}	INFO	[jepsen worker 0] jepsen.util: 0	:ok	:broadcast	66
2023-03-03 16:56:01,197{GMT}	INFO	[jepsen worker 0] jepsen.util: 0	:invoke	:read	nil
2023-03-03 16:56:01,198{GMT}	INFO	[jepsen worker 0] jepsen.util: 0	:ok	:read	nil
2023-03-03 16:56:01,365{GMT}	INFO	[jepsen worker 0] jepsen.util: 0	:invoke	:broadcast	67
2023-03-03 16:56:01,366{GMT}	INFO	[jepsen worker 0] jepsen.util: 0	:ok	:broadcast	67
2023-03-03 16:56:01,459{GMT}	INFO	[jepsen worker 0] jepsen.util: 0	:invoke	:read	nil
2023-03-03 16:56:01,459{GMT}	INFO	[jepsen worker 0] jepsen.util: 0	:ok	:read	nil
2023-03-03 16:56:01,572{GMT}	INFO	[jepsen worker 0] jepsen.util: 0	:invoke	:broadcast	68
2023-03-03 16:56:01,572{GMT}	INFO	[jepsen worker 0] jepsen.util: 0	:ok	:broadcast	68
2023-03-03 16:56:01,609{GMT}	INFO	[jepsen worker 0] jepsen.util: 0	:invoke	:read	nil
2023-03-03 16:56:01,609{GMT}	INFO	[jepsen worker 0] jepsen.util: 0	:ok	:read	nil
2023-03-03 16:56:01,747{GMT}	INFO	[jepsen worker 0] jepsen.util: 0	:invoke	:read	nil
2023-03-03 16:56:01,747{GMT}	INFO	[jepsen worker 0] jepsen.util: 0	:ok	:read	nil
2023-03-03 16:56:01,878{GMT}	INFO	[jepsen worker 0] jepsen.util: 0	:invoke	:broadcast	69
2023-03-03 16:56:01,878{GMT}	INFO	[jepsen worker 0] jepsen.util: 0	:ok	:broadcast	69
2023-03-03 16:56:01,952{GMT}	INFO	[jepsen worker 0] jepsen.util: 0	:invoke	:broadcast	70
2023-03-03 16:56:01,953{GMT}	INFO	[jepsen worker 0] jepsen.util: 0	:ok	:broadcast	70
2023-03-03 16:56:01,989{GMT}	INFO	[jepsen worker 0] jepsen.util: 0	:invoke	:broadcast	71
2023-03-03 16:56:01,989{GMT}	INFO	[jepsen worker 0] jepsen.util: 0	:ok	:broadcast	71
2023-03-03 16:56:02,164{GMT}	INFO	[jepsen worker 0] jepsen.util: 0	:invoke	:read	nil
2023-03-03 16:56:02,165{GMT}	INFO	[jepsen worker 0] jepsen.util: 0	:ok	:read	nil
2023-03-03 16:56:02,218{GMT}	INFO	[jepsen worker 0] jepsen.util: 0	:invoke	:read	nil
2023-03-03 16:56:02,218{GMT}	INFO	[jepsen worker 0] jepsen.util: 0	:ok	:read	nil
2023-03-03 16:56:02,335{GMT}	INFO	[jepsen worker 0] jepsen.util: 0	:invoke	:broadcast	72
2023-03-03 16:56:02,336{GMT}	INFO	[jepsen worker 0] jepsen.util: 0	:ok	:broadcast	72
2023-03-03 16:56:02,361{GMT}	INFO	[jepsen worker 0] jepsen.util: 0	:invoke	:broadcast	73
2023-03-03 16:56:02,361{GMT}	INFO	[jepsen worker 0] jepsen.util: 0	:ok	:broadcast	73
2023-03-03 16:56:02,421{GMT}	INFO	[jepsen worker 0] jepsen.util: 0	:invoke	:broadcast	74
2023-03-03 16:56:02,422{GMT}	INFO	[jepsen worker 0] jepsen.util: 0	:ok	:broadcast	74
2023-03-03 16:56:02,612{GMT}	INFO	[jepsen worker 0] jepsen.util: 0	:invoke	:read	nil
2023-03-03 16:56:02,613{GMT}	INFO	[jepsen worker 0] jepsen.util: 0	:ok	:read	nil
2023-03-03 16:56:02,759{GMT}	INFO	[jepsen worker 0] jepsen.util: 0	:invoke	:broadcast	75
2023-03-03 16:56:02,760{GMT}	INFO	[jepsen worker 0] jepsen.util: 0	:ok	:broadcast	75
2023-03-03 16:56:02,792{GMT}	INFO	[jepsen worker 0] jepsen.util: 0	:invoke	:read	nil
2023-03-03 16:56:02,792{GMT}	INFO	[jepsen worker 0] jepsen.util: 0	:ok	:read	nil
2023-03-03 16:56:02,909{GMT}	INFO	[jepsen worker 0] jepsen.util: 0	:invoke	:broadcast	76
2023-03-03 16:56:02,910{GMT}	INFO	[jepsen worker 0] jepsen.util: 0	:ok	:broadcast	76
2023-03-03 16:56:03,106{GMT}	INFO	[jepsen worker 0] jepsen.util: 0	:invoke	:broadcast	77
2023-03-03 16:56:03,107{GMT}	INFO	[jepsen worker 0] jepsen.util: 0	:ok	:broadcast	77
2023-03-03 16:56:03,283{GMT}	INFO	[jepsen worker 0] jepsen.util: 0	:invoke	:broadcast	78
2023-03-03 16:56:03,283{GMT}	INFO	[jepsen worker 0] jepsen.util: 0	:ok	:broadcast	78
2023-03-03 16:56:03,422{GMT}	INFO	[jepsen worker 0] jepsen.util: 0	:invoke	:read	nil
2023-03-03 16:56:03,423{GMT}	INFO	[jepsen worker 0] jepsen.util: 0	:ok	:read	nil
2023-03-03 16:56:03,584{GMT}	INFO	[jepsen worker 0] jepsen.util: 0	:invoke	:broadcast	79
2023-03-03 16:56:03,585{GMT}	INFO	[jepsen worker 0] jepsen.util: 0	:ok	:broadcast	79
2023-03-03 16:56:03,641{GMT}	INFO	[jepsen worker 0] jepsen.util: 0	:invoke	:broadcast	80
2023-03-03 16:56:03,642{GMT}	INFO	[jepsen worker 0] jepsen.util: 0	:ok	:broadcast	80
2023-03-03 16:56:03,778{GMT}	INFO	[jepsen worker 0] jepsen.util: 0	:invoke	:read	nil
2023-03-03 16:56:03,779{GMT}	INFO	[jepsen worker 0] jepsen.util: 0	:ok	:read	nil
2023-03-03 16:56:03,886{GMT}	INFO	[jepsen worker 0] jepsen.util: 0	:invoke	:read	nil
2023-03-03 16:56:03,887{GMT}	INFO	[jepsen worker 0] jepsen.util: 0	:ok	:read	nil
2023-03-03 16:56:03,966{GMT}	INFO	[jepsen worker 0] jepsen.util: 0	:invoke	:read	nil
2023-03-03 16:56:03,967{GMT}	INFO	[jepsen worker 0] jepsen.util: 0	:ok	:read	nil
2023-03-03 16:56:03,967{GMT}	INFO	[jepsen worker nemesis] jepsen.generator.interpreter: Waiting for recovery...
2023-03-03 16:56:13,969{GMT}	INFO	[jepsen worker 0] jepsen.util: 0	:invoke	:read	nil
2023-03-03 16:56:13,969{GMT}	INFO	[jepsen worker 0] jepsen.util: 0	:ok	:read	nil
2023-03-03 16:56:13,994{GMT}	INFO	[jepsen test runner] jepsen.core: Run complete, writing
2023-03-03 16:56:14,025{GMT}	INFO	[jepsen node n0] maelstrom.db: Tearing down n0
2023-03-03 16:56:15,009{GMT}	INFO	[jepsen node n0] maelstrom.net: Shutting down Maelstrom network
2023-03-03 16:56:15,009{GMT}	INFO	[jepsen test runner] jepsen.core: Analyzing...
2023-03-03 16:56:15,121{GMT}	INFO	[jepsen test runner] jepsen.core: Analysis complete
2023-03-03 16:56:15,128{GMT}	INFO	[jepsen results] jepsen.store: Wrote /home/jln/Projects/gossip-glomers/maelstrom-broadcast/store/broadcast/20230303T165542.841-0500/results.edn
2023-03-03 16:56:15,153{GMT}	INFO	[jepsen test runner] jepsen.core: {:perf {:latency-graph {:valid? true},
        :rate-graph {:valid? true},
        :valid? true},
 :timeline {:valid? true},
 :exceptions {:valid? true},
 :stats {:valid? true,
         :count 192,
         :ok-count 192,
         :fail-count 0,
         :info-count 0,
         :by-f {:broadcast {:valid? true,
                            :count 81,
                            :ok-count 81,
                            :fail-count 0,
                            :info-count 0},
                :read {:valid? true,
                       :count 111,
                       :ok-count 111,
                       :fail-count 0,
                       :info-count 0}}},
 :availability {:valid? true, :ok-fraction 1.0},
 :net {:all {:send-count 388,
             :recv-count 388,
             :msg-count 388,
             :msgs-per-op 2.0208333},
       :clients {:send-count 388, :recv-count 388, :msg-count 388},
       :servers {:send-count 0,
                 :recv-count 0,
                 :msg-count 0,
                 :msgs-per-op 0.0},
       :valid? true},
 :workload {:worst-stale (),
            :duplicated-count 0,
            :valid? false,
            :lost-count 81,
            :lost (0
                   1
                   2
                   3
                   4
                   5
                   6
                   7
                   8
                   9
                   10
                   11
                   12
                   13
                   14
                   15
                   16
                   17
                   18
                   19
                   20
                   21
                   22
                   23
                   24
                   25
                   26
                   27
                   28
                   29
                   30
                   31
                   32
                   33
                   34
                   35
                   36
                   37
                   38
                   39
                   40
                   41
                   42
                   43
                   44
                   45
                   46
                   47
                   48
                   49
                   50
                   51
                   52
                   53
                   54
                   55
                   56
                   57
                   58
                   59
                   60
                   61
                   62
                   63
                   64
                   65
                   66
                   67
                   68
                   69
                   70
                   71
                   72
                   73
                   74
                   75
                   76
                   77
                   78
                   79
                   80),
            :stable-count 0,
            :stale-count 0,
            :stale (),
            :never-read-count 0,
            :attempt-count 81,
            :lost-latencies {0 0, 0.5 0, 0.95 0, 0.99 0, 1 0},
            :never-read (),
            :duplicated {}},
 :valid? false}


Analysis invalid! (ﾉಥ益ಥ）ﾉ ┻━┻
