2023-03-03 15:40:49,171{GMT}	INFO	[jepsen test runner] jepsen.core: Test version 107bec742b20def7dd46ccfa2f0a350c542ba4cf (plus uncommitted changes)
2023-03-03 15:40:49,171{GMT}	INFO	[jepsen test runner] jepsen.core: Command line:
lein run test -w echo --bin /home/jln/.go/bin/maelstrom-echo --node-count 1 --time-limit 10
2023-03-03 15:40:49,206{GMT}	INFO	[jepsen test runner] jepsen.core: Running test:
{:args []
 :remote
 #jepsen.control.retry.Remote{:remote #jepsen.control.scp.Remote{:cmd-remote #jepsen.control.sshj.SSHJRemote{:concurrency-limit 6,
                                                                                                             :conn-spec nil,
                                                                                                             :client nil,
                                                                                                             :semaphore nil},
                                                                 :conn-spec nil},
                              :conn nil}
 :log-net-send false
 :node-count 1
 :availability nil
 :max-txn-length 4
 :concurrency 1
 :db
 #object[maelstrom.db$db$reify__16142
         "0x5bd585a5"
         "maelstrom.db$db$reify__16142@5bd585a5"]
 :max-writes-per-key 16
 :leave-db-running? false
 :name "echo"
 :logging-json? false
 :start-time
 #object[org.joda.time.DateTime "0x3d0c88f4" "2023-03-03T15:40:49.159-05:00"]
 :nemesis-interval 10
 :net
 #object[maelstrom.net$jepsen_net$reify__15251
         "0x5aad4194"
         "maelstrom.net$jepsen_net$reify__15251@5aad4194"]
 :client
 #object[maelstrom.workload.echo$client$reify__16863
         "0x50a1c2f3"
         "maelstrom.workload.echo$client$reify__16863@50a1c2f3"]
 :barrier
 #object[java.util.concurrent.CyclicBarrier
         "0x453ca7f"
         "java.util.concurrent.CyclicBarrier@453ca7f"]
 :log-stderr false
 :pure-generators true
 :ssh {:dummy? true}
 :rate 5
 :checker
 #object[jepsen.checker$compose$reify__11881
         "0x5d41b929"
         "jepsen.checker$compose$reify__11881@5d41b929"]
 :argv
 ("test"
  "-w"
  "echo"
  "--bin"
  "/home/jln/.go/bin/maelstrom-echo"
  "--node-count"
  "1"
  "--time-limit"
  "10")
 :nemesis
 (jepsen.nemesis.ReflCompose
  {:fm {:start-partition 0,
        :stop-partition 0,
        :kill 1,
        :start 1,
        :pause 1,
        :resume 1},
   :nemeses [#unprintable "jepsen.nemesis.combined$partition_nemesis$reify__16416@6dd0e2f4"
             #unprintable "jepsen.nemesis.combined$db_nemesis$reify__16397@333813e7"]})
 :nodes ["n0"]
 :test-count 1
 :latency {:mean 0, :dist :constant}
 :bin "/home/jln/.go/bin/maelstrom-echo"
 :generator
 (jepsen.generator.TimeLimit
  {:limit 10000000000,
   :cutoff nil,
   :gen (jepsen.generator.Any
         {:gens [(jepsen.generator.OnThreads
                  {:f #{:nemesis},
                   :context-filter #object[jepsen.generator.context$make_thread_filter$lazy_filter__9167
                                           "0x53d0cf4d"
                                           "jepsen.generator.context$make_thread_filter$lazy_filter__9167@53d0cf4d"],
                   :gen nil})
                 (jepsen.generator.OnThreads
                  {:f #jepsen.generator.context.AllBut{:element :nemesis},
                   :context-filter #object[jepsen.generator.context$make_thread_filter$lazy_filter__9167
                                           "0x3c6c87fa"
                                           "jepsen.generator.context$make_thread_filter$lazy_filter__9167@3c6c87fa"],
                   :gen (jepsen.generator.Stagger
                         {:dt 400000000,
                          :next-time nil,
                          :gen (jepsen.generator.EachThread
                                {:fresh-gen #object[maelstrom.workload.echo$workload$fn__16882
                                                    "0xd7645b2"
                                                    "maelstrom.workload.echo$workload$fn__16882@d7645b2"],
                                 :context-filters #object[clojure.core$promise$reify__8591
                                                          "0x72e4905c"
                                                          {:status :pending,
                                                           :val nil}],
                                 :gens {}})})})]})})
 :log-net-recv false
 :os
 #object[maelstrom.net$jepsen_os$reify__15254
         "0x279b83ea"
         "maelstrom.net$jepsen_os$reify__15254@279b83ea"]
 :time-limit 10
 :workload :echo
 :consistency-models [:strict-serializable]
 :topology :grid}

2023-03-03 15:40:50,281{GMT}	INFO	[jepsen node n0] maelstrom.net: Starting Maelstrom network
2023-03-03 15:40:50,282{GMT}	INFO	[jepsen test runner] jepsen.db: Tearing down DB
2023-03-03 15:40:50,283{GMT}	INFO	[jepsen test runner] jepsen.db: Setting up DB
2023-03-03 15:40:50,284{GMT}	INFO	[jepsen node n0] maelstrom.service: Starting services: (lin-kv lin-tso lww-kv seq-kv)
2023-03-03 15:40:50,285{GMT}	INFO	[jepsen node n0] maelstrom.db: Setting up n0
2023-03-03 15:40:50,286{GMT}	INFO	[jepsen node n0] maelstrom.process: launching /home/jln/.go/bin/maelstrom-echo []
2023-03-03 15:40:50,297{GMT}	INFO	[jepsen test runner] jepsen.core: Relative time begins now
2023-03-03 15:40:50,304{GMT}	INFO	[jepsen worker 0] jepsen.util: 0	:invoke	:echo	"Please echo 53"
2023-03-03 15:40:50,307{GMT}	INFO	[jepsen worker 0] jepsen.util: 0	:ok	:echo	{:echo "Please echo 53", :in_reply_to 1, :msg_id 1, :type "echo_ok"}
2023-03-03 15:40:50,338{GMT}	INFO	[jepsen worker 0] jepsen.util: 0	:invoke	:echo	"Please echo 0"
2023-03-03 15:40:50,339{GMT}	INFO	[jepsen worker 0] jepsen.util: 0	:ok	:echo	{:echo "Please echo 0", :in_reply_to 2, :msg_id 2, :type "echo_ok"}
2023-03-03 15:40:50,699{GMT}	INFO	[jepsen worker 0] jepsen.util: 0	:invoke	:echo	"Please echo 62"
2023-03-03 15:40:50,700{GMT}	INFO	[jepsen worker 0] jepsen.util: 0	:ok	:echo	{:echo "Please echo 62", :in_reply_to 3, :msg_id 3, :type "echo_ok"}
2023-03-03 15:40:50,858{GMT}	INFO	[jepsen worker 0] jepsen.util: 0	:invoke	:echo	"Please echo 23"
2023-03-03 15:40:50,860{GMT}	INFO	[jepsen worker 0] jepsen.util: 0	:ok	:echo	{:echo "Please echo 23", :in_reply_to 4, :msg_id 4, :type "echo_ok"}
2023-03-03 15:40:50,865{GMT}	INFO	[jepsen worker 0] jepsen.util: 0	:invoke	:echo	"Please echo 104"
2023-03-03 15:40:50,866{GMT}	INFO	[jepsen worker 0] jepsen.util: 0	:ok	:echo	{:echo "Please echo 104", :in_reply_to 5, :msg_id 5, :type "echo_ok"}
2023-03-03 15:40:50,954{GMT}	INFO	[jepsen worker 0] jepsen.util: 0	:invoke	:echo	"Please echo 36"
2023-03-03 15:40:50,955{GMT}	INFO	[jepsen worker 0] jepsen.util: 0	:ok	:echo	{:echo "Please echo 36", :in_reply_to 6, :msg_id 6, :type "echo_ok"}
2023-03-03 15:40:51,110{GMT}	INFO	[jepsen worker 0] jepsen.util: 0	:invoke	:echo	"Please echo 63"
2023-03-03 15:40:51,111{GMT}	INFO	[jepsen worker 0] jepsen.util: 0	:ok	:echo	{:echo "Please echo 63", :in_reply_to 7, :msg_id 7, :type "echo_ok"}
2023-03-03 15:40:51,113{GMT}	INFO	[jepsen worker 0] jepsen.util: 0	:invoke	:echo	"Please echo 43"
2023-03-03 15:40:51,114{GMT}	INFO	[jepsen worker 0] jepsen.util: 0	:ok	:echo	{:echo "Please echo 43", :in_reply_to 8, :msg_id 8, :type "echo_ok"}
2023-03-03 15:40:51,324{GMT}	INFO	[jepsen worker 0] jepsen.util: 0	:invoke	:echo	"Please echo 66"
2023-03-03 15:40:51,326{GMT}	INFO	[jepsen worker 0] jepsen.util: 0	:ok	:echo	{:echo "Please echo 66", :in_reply_to 9, :msg_id 9, :type "echo_ok"}
2023-03-03 15:40:51,532{GMT}	INFO	[jepsen worker 0] jepsen.util: 0	:invoke	:echo	"Please echo 2"
2023-03-03 15:40:51,534{GMT}	INFO	[jepsen worker 0] jepsen.util: 0	:ok	:echo	{:echo "Please echo 2", :in_reply_to 10, :msg_id 10, :type "echo_ok"}
2023-03-03 15:40:51,863{GMT}	INFO	[jepsen worker 0] jepsen.util: 0	:invoke	:echo	"Please echo 111"
2023-03-03 15:40:51,864{GMT}	INFO	[jepsen worker 0] jepsen.util: 0	:ok	:echo	{:echo "Please echo 111", :in_reply_to 11, :msg_id 11, :type "echo_ok"}
2023-03-03 15:40:52,239{GMT}	INFO	[jepsen worker 0] jepsen.util: 0	:invoke	:echo	"Please echo 108"
2023-03-03 15:40:52,240{GMT}	INFO	[jepsen worker 0] jepsen.util: 0	:ok	:echo	{:echo "Please echo 108", :in_reply_to 12, :msg_id 12, :type "echo_ok"}
2023-03-03 15:40:52,555{GMT}	INFO	[jepsen worker 0] jepsen.util: 0	:invoke	:echo	"Please echo 64"
2023-03-03 15:40:52,556{GMT}	INFO	[jepsen worker 0] jepsen.util: 0	:ok	:echo	{:echo "Please echo 64", :in_reply_to 13, :msg_id 13, :type "echo_ok"}
2023-03-03 15:40:52,820{GMT}	INFO	[jepsen worker 0] jepsen.util: 0	:invoke	:echo	"Please echo 61"
2023-03-03 15:40:52,821{GMT}	INFO	[jepsen worker 0] jepsen.util: 0	:ok	:echo	{:echo "Please echo 61", :in_reply_to 14, :msg_id 14, :type "echo_ok"}
2023-03-03 15:40:53,100{GMT}	INFO	[jepsen worker 0] jepsen.util: 0	:invoke	:echo	"Please echo 32"
2023-03-03 15:40:53,102{GMT}	INFO	[jepsen worker 0] jepsen.util: 0	:ok	:echo	{:echo "Please echo 32", :in_reply_to 15, :msg_id 15, :type "echo_ok"}
2023-03-03 15:40:53,391{GMT}	INFO	[jepsen worker 0] jepsen.util: 0	:invoke	:echo	"Please echo 72"
2023-03-03 15:40:53,393{GMT}	INFO	[jepsen worker 0] jepsen.util: 0	:ok	:echo	{:echo "Please echo 72", :in_reply_to 16, :msg_id 16, :type "echo_ok"}
2023-03-03 15:40:53,424{GMT}	INFO	[jepsen worker 0] jepsen.util: 0	:invoke	:echo	"Please echo 80"
2023-03-03 15:40:53,424{GMT}	INFO	[jepsen worker 0] jepsen.util: 0	:ok	:echo	{:echo "Please echo 80", :in_reply_to 17, :msg_id 17, :type "echo_ok"}
2023-03-03 15:40:53,813{GMT}	INFO	[jepsen worker 0] jepsen.util: 0	:invoke	:echo	"Please echo 71"
2023-03-03 15:40:53,815{GMT}	INFO	[jepsen worker 0] jepsen.util: 0	:ok	:echo	{:echo "Please echo 71", :in_reply_to 18, :msg_id 18, :type "echo_ok"}
2023-03-03 15:40:54,002{GMT}	INFO	[jepsen worker 0] jepsen.util: 0	:invoke	:echo	"Please echo 36"
2023-03-03 15:40:54,004{GMT}	INFO	[jepsen worker 0] jepsen.util: 0	:ok	:echo	{:echo "Please echo 36", :in_reply_to 19, :msg_id 19, :type "echo_ok"}
2023-03-03 15:40:54,020{GMT}	INFO	[jepsen worker 0] jepsen.util: 0	:invoke	:echo	"Please echo 16"
2023-03-03 15:40:54,021{GMT}	INFO	[jepsen worker 0] jepsen.util: 0	:ok	:echo	{:echo "Please echo 16", :in_reply_to 20, :msg_id 20, :type "echo_ok"}
2023-03-03 15:40:54,139{GMT}	INFO	[jepsen worker 0] jepsen.util: 0	:invoke	:echo	"Please echo 47"
2023-03-03 15:40:54,140{GMT}	INFO	[jepsen worker 0] jepsen.util: 0	:ok	:echo	{:echo "Please echo 47", :in_reply_to 21, :msg_id 21, :type "echo_ok"}
2023-03-03 15:40:54,329{GMT}	INFO	[jepsen worker 0] jepsen.util: 0	:invoke	:echo	"Please echo 19"
2023-03-03 15:40:54,330{GMT}	INFO	[jepsen worker 0] jepsen.util: 0	:ok	:echo	{:echo "Please echo 19", :in_reply_to 22, :msg_id 22, :type "echo_ok"}
2023-03-03 15:40:54,613{GMT}	INFO	[jepsen worker 0] jepsen.util: 0	:invoke	:echo	"Please echo 120"
2023-03-03 15:40:54,614{GMT}	INFO	[jepsen worker 0] jepsen.util: 0	:ok	:echo	{:echo "Please echo 120", :in_reply_to 23, :msg_id 23, :type "echo_ok"}
2023-03-03 15:40:54,638{GMT}	INFO	[jepsen worker 0] jepsen.util: 0	:invoke	:echo	"Please echo 118"
2023-03-03 15:40:54,639{GMT}	INFO	[jepsen worker 0] jepsen.util: 0	:ok	:echo	{:echo "Please echo 118", :in_reply_to 24, :msg_id 24, :type "echo_ok"}
2023-03-03 15:40:54,854{GMT}	INFO	[jepsen worker 0] jepsen.util: 0	:invoke	:echo	"Please echo 89"
2023-03-03 15:40:54,855{GMT}	INFO	[jepsen worker 0] jepsen.util: 0	:ok	:echo	{:echo "Please echo 89", :in_reply_to 25, :msg_id 25, :type "echo_ok"}
2023-03-03 15:40:55,191{GMT}	INFO	[jepsen worker 0] jepsen.util: 0	:invoke	:echo	"Please echo 25"
2023-03-03 15:40:55,192{GMT}	INFO	[jepsen worker 0] jepsen.util: 0	:ok	:echo	{:echo "Please echo 25", :in_reply_to 26, :msg_id 26, :type "echo_ok"}
2023-03-03 15:40:55,333{GMT}	INFO	[jepsen worker 0] jepsen.util: 0	:invoke	:echo	"Please echo 105"
2023-03-03 15:40:55,334{GMT}	INFO	[jepsen worker 0] jepsen.util: 0	:ok	:echo	{:echo "Please echo 105", :in_reply_to 27, :msg_id 27, :type "echo_ok"}
2023-03-03 15:40:55,638{GMT}	INFO	[jepsen worker 0] jepsen.util: 0	:invoke	:echo	"Please echo 54"
2023-03-03 15:40:55,639{GMT}	INFO	[jepsen worker 0] jepsen.util: 0	:ok	:echo	{:echo "Please echo 54", :in_reply_to 28, :msg_id 28, :type "echo_ok"}
2023-03-03 15:40:55,682{GMT}	INFO	[jepsen worker 0] jepsen.util: 0	:invoke	:echo	"Please echo 108"
2023-03-03 15:40:55,682{GMT}	INFO	[jepsen worker 0] jepsen.util: 0	:ok	:echo	{:echo "Please echo 108", :in_reply_to 29, :msg_id 29, :type "echo_ok"}
2023-03-03 15:40:55,795{GMT}	INFO	[jepsen worker 0] jepsen.util: 0	:invoke	:echo	"Please echo 30"
2023-03-03 15:40:55,796{GMT}	INFO	[jepsen worker 0] jepsen.util: 0	:ok	:echo	{:echo "Please echo 30", :in_reply_to 30, :msg_id 30, :type "echo_ok"}
2023-03-03 15:40:55,952{GMT}	INFO	[jepsen worker 0] jepsen.util: 0	:invoke	:echo	"Please echo 105"
2023-03-03 15:40:55,953{GMT}	INFO	[jepsen worker 0] jepsen.util: 0	:ok	:echo	{:echo "Please echo 105", :in_reply_to 31, :msg_id 31, :type "echo_ok"}
2023-03-03 15:40:56,320{GMT}	INFO	[jepsen worker 0] jepsen.util: 0	:invoke	:echo	"Please echo 48"
2023-03-03 15:40:56,322{GMT}	INFO	[jepsen worker 0] jepsen.util: 0	:ok	:echo	{:echo "Please echo 48", :in_reply_to 32, :msg_id 32, :type "echo_ok"}
2023-03-03 15:40:56,643{GMT}	INFO	[jepsen worker 0] jepsen.util: 0	:invoke	:echo	"Please echo 47"
2023-03-03 15:40:56,644{GMT}	INFO	[jepsen worker 0] jepsen.util: 0	:ok	:echo	{:echo "Please echo 47", :in_reply_to 33, :msg_id 33, :type "echo_ok"}
2023-03-03 15:40:56,883{GMT}	INFO	[jepsen worker 0] jepsen.util: 0	:invoke	:echo	"Please echo 38"
2023-03-03 15:40:56,884{GMT}	INFO	[jepsen worker 0] jepsen.util: 0	:ok	:echo	{:echo "Please echo 38", :in_reply_to 34, :msg_id 34, :type "echo_ok"}
2023-03-03 15:40:57,112{GMT}	INFO	[jepsen worker 0] jepsen.util: 0	:invoke	:echo	"Please echo 14"
2023-03-03 15:40:57,114{GMT}	INFO	[jepsen worker 0] jepsen.util: 0	:ok	:echo	{:echo "Please echo 14", :in_reply_to 35, :msg_id 35, :type "echo_ok"}
2023-03-03 15:40:57,378{GMT}	INFO	[jepsen worker 0] jepsen.util: 0	:invoke	:echo	"Please echo 39"
2023-03-03 15:40:57,380{GMT}	INFO	[jepsen worker 0] jepsen.util: 0	:ok	:echo	{:echo "Please echo 39", :in_reply_to 36, :msg_id 36, :type "echo_ok"}
2023-03-03 15:40:57,674{GMT}	INFO	[jepsen worker 0] jepsen.util: 0	:invoke	:echo	"Please echo 97"
2023-03-03 15:40:57,676{GMT}	INFO	[jepsen worker 0] jepsen.util: 0	:ok	:echo	{:echo "Please echo 97", :in_reply_to 37, :msg_id 37, :type "echo_ok"}
2023-03-03 15:40:58,075{GMT}	INFO	[jepsen worker 0] jepsen.util: 0	:invoke	:echo	"Please echo 70"
2023-03-03 15:40:58,076{GMT}	INFO	[jepsen worker 0] jepsen.util: 0	:ok	:echo	{:echo "Please echo 70", :in_reply_to 38, :msg_id 38, :type "echo_ok"}
2023-03-03 15:40:58,470{GMT}	INFO	[jepsen worker 0] jepsen.util: 0	:invoke	:echo	"Please echo 44"
2023-03-03 15:40:58,472{GMT}	INFO	[jepsen worker 0] jepsen.util: 0	:ok	:echo	{:echo "Please echo 44", :in_reply_to 39, :msg_id 39, :type "echo_ok"}
2023-03-03 15:40:58,758{GMT}	INFO	[jepsen worker 0] jepsen.util: 0	:invoke	:echo	"Please echo 43"
2023-03-03 15:40:58,759{GMT}	INFO	[jepsen worker 0] jepsen.util: 0	:ok	:echo	{:echo "Please echo 43", :in_reply_to 40, :msg_id 40, :type "echo_ok"}
2023-03-03 15:40:58,841{GMT}	INFO	[jepsen worker 0] jepsen.util: 0	:invoke	:echo	"Please echo 52"
2023-03-03 15:40:58,842{GMT}	INFO	[jepsen worker 0] jepsen.util: 0	:ok	:echo	{:echo "Please echo 52", :in_reply_to 41, :msg_id 41, :type "echo_ok"}
2023-03-03 15:40:59,001{GMT}	INFO	[jepsen worker 0] jepsen.util: 0	:invoke	:echo	"Please echo 5"
2023-03-03 15:40:59,002{GMT}	INFO	[jepsen worker 0] jepsen.util: 0	:ok	:echo	{:echo "Please echo 5", :in_reply_to 42, :msg_id 42, :type "echo_ok"}
2023-03-03 15:40:59,246{GMT}	INFO	[jepsen worker 0] jepsen.util: 0	:invoke	:echo	"Please echo 73"
2023-03-03 15:40:59,247{GMT}	INFO	[jepsen worker 0] jepsen.util: 0	:ok	:echo	{:echo "Please echo 73", :in_reply_to 43, :msg_id 43, :type "echo_ok"}
2023-03-03 15:40:59,555{GMT}	INFO	[jepsen worker 0] jepsen.util: 0	:invoke	:echo	"Please echo 49"
2023-03-03 15:40:59,556{GMT}	INFO	[jepsen worker 0] jepsen.util: 0	:ok	:echo	{:echo "Please echo 49", :in_reply_to 44, :msg_id 44, :type "echo_ok"}
2023-03-03 15:40:59,645{GMT}	INFO	[jepsen worker 0] jepsen.util: 0	:invoke	:echo	"Please echo 97"
2023-03-03 15:40:59,646{GMT}	INFO	[jepsen worker 0] jepsen.util: 0	:ok	:echo	{:echo "Please echo 97", :in_reply_to 45, :msg_id 45, :type "echo_ok"}
2023-03-03 15:40:59,750{GMT}	INFO	[jepsen worker 0] jepsen.util: 0	:invoke	:echo	"Please echo 53"
2023-03-03 15:40:59,751{GMT}	INFO	[jepsen worker 0] jepsen.util: 0	:ok	:echo	{:echo "Please echo 53", :in_reply_to 46, :msg_id 46, :type "echo_ok"}
2023-03-03 15:40:59,796{GMT}	INFO	[jepsen worker 0] jepsen.util: 0	:invoke	:echo	"Please echo 29"
2023-03-03 15:40:59,797{GMT}	INFO	[jepsen worker 0] jepsen.util: 0	:ok	:echo	{:echo "Please echo 29", :in_reply_to 47, :msg_id 47, :type "echo_ok"}
2023-03-03 15:41:00,038{GMT}	INFO	[jepsen worker 0] jepsen.util: 0	:invoke	:echo	"Please echo 11"
2023-03-03 15:41:00,039{GMT}	INFO	[jepsen worker 0] jepsen.util: 0	:ok	:echo	{:echo "Please echo 11", :in_reply_to 48, :msg_id 48, :type "echo_ok"}
2023-03-03 15:41:00,062{GMT}	INFO	[jepsen test runner] jepsen.core: Run complete, writing
2023-03-03 15:41:00,083{GMT}	INFO	[jepsen node n0] maelstrom.db: Tearing down n0
2023-03-03 15:41:01,290{GMT}	INFO	[jepsen node n0] maelstrom.net: Shutting down Maelstrom network
2023-03-03 15:41:01,290{GMT}	INFO	[jepsen test runner] jepsen.core: Analyzing...
2023-03-03 15:41:01,437{GMT}	INFO	[jepsen test runner] jepsen.core: Analysis complete
2023-03-03 15:41:01,442{GMT}	INFO	[jepsen results] jepsen.store: Wrote /home/jln/Projects/gossip-glomers/maelstrom-echo/store/echo/20230303T154049.159-0500/results.edn
2023-03-03 15:41:01,452{GMT}	INFO	[jepsen test runner] jepsen.core: {:perf {:latency-graph {:valid? true},
        :rate-graph {:valid? true},
        :valid? true},
 :timeline {:valid? true},
 :exceptions {:valid? true},
 :stats {:valid? true,
         :count 48,
         :ok-count 48,
         :fail-count 0,
         :info-count 0,
         :by-f {:echo {:valid? true,
                       :count 48,
                       :ok-count 48,
                       :fail-count 0,
                       :info-count 0}}},
 :availability {:valid? true, :ok-fraction 1.0},
 :net {:all {:send-count 98,
             :recv-count 98,
             :msg-count 98,
             :msgs-per-op 2.0416667},
       :clients {:send-count 98, :recv-count 98, :msg-count 98},
       :servers {:send-count 0,
                 :recv-count 0,
                 :msg-count 0,
                 :msgs-per-op 0.0},
       :valid? true},
 :workload {:valid? true, :errors ()},
 :valid? true}


Everything looks good! ヽ(‘ー`)ノ
