2023/03/04 09:07:38 Received {c3 n2 {"type":"init","node_id":"n2","node_ids":["n0","n1","n2","n3","n4"],"msg_id":1}}
2023/03/04 09:07:38 Node n2 initialized
2023/03/04 09:07:38 Sent {"src":"n2","dest":"c3","body":{"in_reply_to":1,"type":"init_ok"}}
2023/03/04 09:07:38 Received {c7 n2 {"type":"topology","topology":{"n0":["n3","n1"],"n1":["n4","n2","n0"],"n2":["n1"],"n3":["n0","n4"],"n4":["n1","n3"]},"msg_id":1}}
2023/03/04 09:07:38 Sent {"src":"n2","dest":"c7","body":{"in_reply_to":1,"type":"topology_ok"}}
2023/03/04 09:07:38 Received {n1 n2 {"type":"broadcast"}}
2023/03/04 09:07:38 Sent {"src":"n2","dest":"n1","body":{"type":"broadcast"}}
2023/03/04 09:07:38 Sent {"src":"n2","dest":"n1","body":{"in_reply_to":0,"type":"broadcast_ok"}}
2023/03/04 09:07:38 Received {n1 n2 {"type":"broadcast"}}
2023/03/04 09:07:38 Sent {"src":"n2","dest":"n1","body":{"type":"broadcast"}}
2023/03/04 09:07:38 Sent {"src":"n2","dest":"n1","body":{"in_reply_to":0,"type":"broadcast_ok"}}
2023/03/04 09:07:38 Received {c12 n2 {"type":"read","msg_id":1}}
2023/03/04 09:07:38 Sent {"src":"n2","dest":"c12","body":{"in_reply_to":1,"messages":[0,0],"type":"read_ok"}}
2023/03/04 09:07:38 Received {c12 n2 {"type":"broadcast","message":3,"msg_id":2}}
2023/03/04 09:07:38 Sent {"src":"n2","dest":"n1","body":{"type":"broadcast"}}
2023/03/04 09:07:38 Sent {"src":"n2","dest":"c12","body":{"in_reply_to":2,"type":"broadcast_ok"}}
2023/03/04 09:07:39 Received {c12 n2 {"type":"read","msg_id":3}}
2023/03/04 09:07:39 Sent {"src":"n2","dest":"c12","body":{"in_reply_to":3,"messages":[0,0,3],"type":"read_ok"}}
2023/03/04 09:07:39 Received {c12 n2 {"type":"broadcast","message":4,"msg_id":4}}
2023/03/04 09:07:39 Sent {"src":"n2","dest":"n1","body":{"type":"broadcast"}}
2023/03/04 09:07:39 Sent {"src":"n2","dest":"c12","body":{"in_reply_to":4,"type":"broadcast_ok"}}
2023/03/04 09:07:39 Received {c12 n2 {"type":"read","msg_id":5}}
2023/03/04 09:07:39 Sent {"src":"n2","dest":"c12","body":{"in_reply_to":5,"messages":[0,0,3,4],"type":"read_ok"}}
2023/03/04 09:07:39 Received {c12 n2 {"type":"read","msg_id":6}}
2023/03/04 09:07:39 Sent {"src":"n2","dest":"c12","body":{"in_reply_to":6,"messages":[0,0,3,4],"type":"read_ok"}}
2023/03/04 09:07:39 Received {c12 n2 {"type":"broadcast","message":5,"msg_id":7}}
2023/03/04 09:07:39 Sent {"src":"n2","dest":"n1","body":{"type":"broadcast"}}
2023/03/04 09:07:39 Sent {"src":"n2","dest":"c12","body":{"in_reply_to":7,"type":"broadcast_ok"}}
2023/03/04 09:07:39 Received {c12 n2 {"type":"read","msg_id":8}}
2023/03/04 09:07:39 Sent {"src":"n2","dest":"c12","body":{"in_reply_to":8,"messages":[0,0,3,4,5],"type":"read_ok"}}
2023/03/04 09:07:39 Received {c12 n2 {"type":"broadcast","message":6,"msg_id":9}}
2023/03/04 09:07:39 Sent {"src":"n2","dest":"n1","body":{"type":"broadcast"}}
2023/03/04 09:07:39 Sent {"src":"n2","dest":"c12","body":{"in_reply_to":9,"type":"broadcast_ok"}}
2023/03/04 09:07:39 Received {c12 n2 {"type":"broadcast","message":7,"msg_id":10}}
2023/03/04 09:07:39 Sent {"src":"n2","dest":"n1","body":{"type":"broadcast"}}
2023/03/04 09:07:39 Sent {"src":"n2","dest":"c12","body":{"in_reply_to":10,"type":"broadcast_ok"}}
2023/03/04 09:07:39 Received {c12 n2 {"type":"read","msg_id":11}}
2023/03/04 09:07:39 Sent {"src":"n2","dest":"c12","body":{"in_reply_to":11,"messages":[0,0,3,4,5,6,7],"type":"read_ok"}}
2023/03/04 09:07:40 Received {c12 n2 {"type":"broadcast","message":8,"msg_id":12}}
2023/03/04 09:07:40 Sent {"src":"n2","dest":"n1","body":{"type":"broadcast"}}
2023/03/04 09:07:40 Sent {"src":"n2","dest":"c12","body":{"in_reply_to":12,"type":"broadcast_ok"}}
2023/03/04 09:07:40 Received {c12 n2 {"type":"read","msg_id":13}}
2023/03/04 09:07:40 Sent {"src":"n2","dest":"c12","body":{"in_reply_to":13,"messages":[0,0,3,4,5,6,7,8],"type":"read_ok"}}
2023/03/04 09:07:40 Received {c12 n2 {"type":"broadcast","message":9,"msg_id":14}}
2023/03/04 09:07:40 Sent {"src":"n2","dest":"n1","body":{"type":"broadcast"}}
2023/03/04 09:07:40 Sent {"src":"n2","dest":"c12","body":{"in_reply_to":14,"type":"broadcast_ok"}}
2023/03/04 09:07:40 Received {c12 n2 {"type":"read","msg_id":15}}
2023/03/04 09:07:40 Sent {"src":"n2","dest":"c12","body":{"in_reply_to":15,"messages":[0,0,3,4,5,6,7,8,9],"type":"read_ok"}}
2023/03/04 09:07:40 Received {c12 n2 {"type":"broadcast","message":10,"msg_id":16}}
2023/03/04 09:07:40 Sent {"src":"n2","dest":"n1","body":{"type":"broadcast"}}
2023/03/04 09:07:40 Sent {"src":"n2","dest":"c12","body":{"in_reply_to":16,"type":"broadcast_ok"}}
2023/03/04 09:07:40 Received {c12 n2 {"type":"read","msg_id":17}}
2023/03/04 09:07:40 Sent {"src":"n2","dest":"c12","body":{"in_reply_to":17,"messages":[0,0,3,4,5,6,7,8,9,10],"type":"read_ok"}}
2023/03/04 09:07:40 Received {c12 n2 {"type":"broadcast","message":11,"msg_id":18}}
2023/03/04 09:07:40 Sent {"src":"n2","dest":"n1","body":{"type":"broadcast"}}
2023/03/04 09:07:40 Sent {"src":"n2","dest":"c12","body":{"in_reply_to":18,"type":"broadcast_ok"}}
2023/03/04 09:07:41 Received {c12 n2 {"type":"broadcast","message":12,"msg_id":19}}
2023/03/04 09:07:41 Sent {"src":"n2","dest":"n1","body":{"type":"broadcast"}}
2023/03/04 09:07:41 Sent {"src":"n2","dest":"c12","body":{"in_reply_to":19,"type":"broadcast_ok"}}
2023/03/04 09:07:41 Received {c12 n2 {"type":"read","msg_id":20}}
2023/03/04 09:07:41 Sent {"src":"n2","dest":"c12","body":{"in_reply_to":20,"messages":[0,0,3,4,5,6,7,8,9,10,11,12],"type":"read_ok"}}
2023/03/04 09:07:41 Received {c12 n2 {"type":"broadcast","message":13,"msg_id":21}}
2023/03/04 09:07:41 Sent {"src":"n2","dest":"n1","body":{"type":"broadcast"}}
2023/03/04 09:07:41 Sent {"src":"n2","dest":"c12","body":{"in_reply_to":21,"type":"broadcast_ok"}}
2023/03/04 09:07:41 Received {c12 n2 {"type":"read","msg_id":22}}
2023/03/04 09:07:41 Sent {"src":"n2","dest":"c12","body":{"in_reply_to":22,"messages":[0,0,3,4,5,6,7,8,9,10,11,12,13],"type":"read_ok"}}
2023/03/04 09:07:41 Received {c12 n2 {"type":"read","msg_id":23}}
2023/03/04 09:07:41 Sent {"src":"n2","dest":"c12","body":{"in_reply_to":23,"messages":[0,0,3,4,5,6,7,8,9,10,11,12,13],"type":"read_ok"}}
2023/03/04 09:07:41 Received {c12 n2 {"type":"read","msg_id":24}}
2023/03/04 09:07:41 Sent {"src":"n2","dest":"c12","body":{"in_reply_to":24,"messages":[0,0,3,4,5,6,7,8,9,10,11,12,13],"type":"read_ok"}}
2023/03/04 09:07:41 Received {c12 n2 {"type":"broadcast","message":14,"msg_id":25}}
2023/03/04 09:07:41 Sent {"src":"n2","dest":"n1","body":{"type":"broadcast"}}
2023/03/04 09:07:41 Sent {"src":"n2","dest":"c12","body":{"in_reply_to":25,"type":"broadcast_ok"}}
2023/03/04 09:07:41 Received {c12 n2 {"type":"read","msg_id":26}}
2023/03/04 09:07:41 Sent {"src":"n2","dest":"c12","body":{"in_reply_to":26,"messages":[0,0,3,4,5,6,7,8,9,10,11,12,13,14],"type":"read_ok"}}
2023/03/04 09:07:41 Received {c12 n2 {"type":"broadcast","message":15,"msg_id":27}}
2023/03/04 09:07:41 Sent {"src":"n2","dest":"n1","body":{"type":"broadcast"}}
2023/03/04 09:07:41 Sent {"src":"n2","dest":"c12","body":{"in_reply_to":27,"type":"broadcast_ok"}}
2023/03/04 09:07:41 Received {c12 n2 {"type":"broadcast","message":16,"msg_id":28}}
2023/03/04 09:07:41 Sent {"src":"n2","dest":"n1","body":{"type":"broadcast"}}
2023/03/04 09:07:41 Sent {"src":"n2","dest":"c12","body":{"in_reply_to":28,"type":"broadcast_ok"}}
2023/03/04 09:07:41 Received {c12 n2 {"type":"broadcast","message":17,"msg_id":29}}
2023/03/04 09:07:41 Sent {"src":"n2","dest":"n1","body":{"type":"broadcast"}}
2023/03/04 09:07:41 Sent {"src":"n2","dest":"c12","body":{"in_reply_to":29,"type":"broadcast_ok"}}
2023/03/04 09:07:41 Received {c12 n2 {"type":"broadcast","message":18,"msg_id":30}}
2023/03/04 09:07:41 Sent {"src":"n2","dest":"n1","body":{"type":"broadcast"}}
2023/03/04 09:07:41 Sent {"src":"n2","dest":"c12","body":{"in_reply_to":30,"type":"broadcast_ok"}}
2023/03/04 09:07:42 Received {c12 n2 {"type":"read","msg_id":31}}
2023/03/04 09:07:42 Sent {"src":"n2","dest":"c12","body":{"in_reply_to":31,"messages":[0,0,3,4,5,6,7,8,9,10,11,12,13,14,15,16,17,18],"type":"read_ok"}}
2023/03/04 09:07:42 Received {c12 n2 {"type":"read","msg_id":32}}
2023/03/04 09:07:42 Sent {"src":"n2","dest":"c12","body":{"in_reply_to":32,"messages":[0,0,3,4,5,6,7,8,9,10,11,12,13,14,15,16,17,18],"type":"read_ok"}}
2023/03/04 09:07:42 Received {c12 n2 {"type":"read","msg_id":33}}
2023/03/04 09:07:42 Sent {"src":"n2","dest":"c12","body":{"in_reply_to":33,"messages":[0,0,3,4,5,6,7,8,9,10,11,12,13,14,15,16,17,18],"type":"read_ok"}}
2023/03/04 09:07:42 Received {c12 n2 {"type":"broadcast","message":19,"msg_id":34}}
2023/03/04 09:07:42 Sent {"src":"n2","dest":"n1","body":{"type":"broadcast"}}
2023/03/04 09:07:42 Sent {"src":"n2","dest":"c12","body":{"in_reply_to":34,"type":"broadcast_ok"}}
2023/03/04 09:07:42 Received {c12 n2 {"type":"read","msg_id":35}}
2023/03/04 09:07:42 Sent {"src":"n2","dest":"c12","body":{"in_reply_to":35,"messages":[0,0,3,4,5,6,7,8,9,10,11,12,13,14,15,16,17,18,19],"type":"read_ok"}}
2023/03/04 09:07:42 Received {c12 n2 {"type":"read","msg_id":36}}
2023/03/04 09:07:42 Sent {"src":"n2","dest":"c12","body":{"in_reply_to":36,"messages":[0,0,3,4,5,6,7,8,9,10,11,12,13,14,15,16,17,18,19],"type":"read_ok"}}
2023/03/04 09:07:42 Received {c12 n2 {"type":"read","msg_id":37}}
2023/03/04 09:07:42 Sent {"src":"n2","dest":"c12","body":{"in_reply_to":37,"messages":[0,0,3,4,5,6,7,8,9,10,11,12,13,14,15,16,17,18,19],"type":"read_ok"}}
2023/03/04 09:07:42 Received {c12 n2 {"type":"read","msg_id":38}}
2023/03/04 09:07:42 Sent {"src":"n2","dest":"c12","body":{"in_reply_to":38,"messages":[0,0,3,4,5,6,7,8,9,10,11,12,13,14,15,16,17,18,19],"type":"read_ok"}}
2023/03/04 09:07:42 Received {c12 n2 {"type":"broadcast","message":20,"msg_id":39}}
2023/03/04 09:07:42 Sent {"src":"n2","dest":"n1","body":{"type":"broadcast"}}
2023/03/04 09:07:42 Sent {"src":"n2","dest":"c12","body":{"in_reply_to":39,"type":"broadcast_ok"}}
2023/03/04 09:07:42 Received {c12 n2 {"type":"broadcast","message":21,"msg_id":40}}
2023/03/04 09:07:42 Sent {"src":"n2","dest":"n1","body":{"type":"broadcast"}}
2023/03/04 09:07:42 Sent {"src":"n2","dest":"c12","body":{"in_reply_to":40,"type":"broadcast_ok"}}
2023/03/04 09:07:42 Received {c12 n2 {"type":"read","msg_id":41}}
2023/03/04 09:07:42 Sent {"src":"n2","dest":"c12","body":{"in_reply_to":41,"messages":[0,0,3,4,5,6,7,8,9,10,11,12,13,14,15,16,17,18,19,20,21],"type":"read_ok"}}
2023/03/04 09:07:42 Received {c12 n2 {"type":"read","msg_id":42}}
2023/03/04 09:07:42 Sent {"src":"n2","dest":"c12","body":{"in_reply_to":42,"messages":[0,0,3,4,5,6,7,8,9,10,11,12,13,14,15,16,17,18,19,20,21],"type":"read_ok"}}
2023/03/04 09:07:42 Received {c12 n2 {"type":"broadcast","message":22,"msg_id":43}}
2023/03/04 09:07:42 Sent {"src":"n2","dest":"n1","body":{"type":"broadcast"}}
2023/03/04 09:07:42 Sent {"src":"n2","dest":"c12","body":{"in_reply_to":43,"type":"broadcast_ok"}}
2023/03/04 09:07:43 Received {c12 n2 {"type":"read","msg_id":44}}
2023/03/04 09:07:43 Sent {"src":"n2","dest":"c12","body":{"in_reply_to":44,"messages":[0,0,3,4,5,6,7,8,9,10,11,12,13,14,15,16,17,18,19,20,21,22],"type":"read_ok"}}
2023/03/04 09:07:43 Received {c12 n2 {"type":"read","msg_id":45}}
2023/03/04 09:07:43 Sent {"src":"n2","dest":"c12","body":{"in_reply_to":45,"messages":[0,0,3,4,5,6,7,8,9,10,11,12,13,14,15,16,17,18,19,20,21,22],"type":"read_ok"}}
2023/03/04 09:07:43 Received {c12 n2 {"type":"broadcast","message":23,"msg_id":46}}
2023/03/04 09:07:43 Sent {"src":"n2","dest":"n1","body":{"type":"broadcast"}}
2023/03/04 09:07:43 Sent {"src":"n2","dest":"c12","body":{"in_reply_to":46,"type":"broadcast_ok"}}
2023/03/04 09:07:43 Received {c12 n2 {"type":"broadcast","message":24,"msg_id":47}}
2023/03/04 09:07:43 Sent {"src":"n2","dest":"n1","body":{"type":"broadcast"}}
2023/03/04 09:07:43 Sent {"src":"n2","dest":"c12","body":{"in_reply_to":47,"type":"broadcast_ok"}}
2023/03/04 09:07:43 Received {c12 n2 {"type":"broadcast","message":25,"msg_id":48}}
2023/03/04 09:07:43 Sent {"src":"n2","dest":"n1","body":{"type":"broadcast"}}
2023/03/04 09:07:43 Sent {"src":"n2","dest":"c12","body":{"in_reply_to":48,"type":"broadcast_ok"}}
2023/03/04 09:07:43 Received {c12 n2 {"type":"read","msg_id":49}}
2023/03/04 09:07:43 Sent {"src":"n2","dest":"c12","body":{"in_reply_to":49,"messages":[0,0,3,4,5,6,7,8,9,10,11,12,13,14,15,16,17,18,19,20,21,22,23,24,25],"type":"read_ok"}}
2023/03/04 09:07:43 Received {c12 n2 {"type":"read","msg_id":50}}
2023/03/04 09:07:43 Sent {"src":"n2","dest":"c12","body":{"in_reply_to":50,"messages":[0,0,3,4,5,6,7,8,9,10,11,12,13,14,15,16,17,18,19,20,21,22,23,24,25],"type":"read_ok"}}
2023/03/04 09:07:44 Received {c12 n2 {"type":"broadcast","message":26,"msg_id":51}}
2023/03/04 09:07:44 Sent {"src":"n2","dest":"n1","body":{"type":"broadcast"}}
2023/03/04 09:07:44 Sent {"src":"n2","dest":"c12","body":{"in_reply_to":51,"type":"broadcast_ok"}}
2023/03/04 09:07:44 Received {c12 n2 {"type":"read","msg_id":52}}
2023/03/04 09:07:44 Sent {"src":"n2","dest":"c12","body":{"in_reply_to":52,"messages":[0,0,3,4,5,6,7,8,9,10,11,12,13,14,15,16,17,18,19,20,21,22,23,24,25,26],"type":"read_ok"}}
2023/03/04 09:07:44 Received {c12 n2 {"type":"read","msg_id":53}}
2023/03/04 09:07:44 Sent {"src":"n2","dest":"c12","body":{"in_reply_to":53,"messages":[0,0,3,4,5,6,7,8,9,10,11,12,13,14,15,16,17,18,19,20,21,22,23,24,25,26],"type":"read_ok"}}
2023/03/04 09:07:44 Received {c12 n2 {"type":"broadcast","message":27,"msg_id":54}}
2023/03/04 09:07:44 Sent {"src":"n2","dest":"n1","body":{"type":"broadcast"}}
2023/03/04 09:07:44 Sent {"src":"n2","dest":"c12","body":{"in_reply_to":54,"type":"broadcast_ok"}}
2023/03/04 09:07:44 Received {c12 n2 {"type":"read","msg_id":55}}
2023/03/04 09:07:44 Sent {"src":"n2","dest":"c12","body":{"in_reply_to":55,"messages":[0,0,3,4,5,6,7,8,9,10,11,12,13,14,15,16,17,18,19,20,21,22,23,24,25,26,27],"type":"read_ok"}}
2023/03/04 09:07:44 Received {c12 n2 {"type":"broadcast","message":28,"msg_id":56}}
2023/03/04 09:07:44 Sent {"src":"n2","dest":"n1","body":{"type":"broadcast"}}
2023/03/04 09:07:44 Sent {"src":"n2","dest":"c12","body":{"in_reply_to":56,"type":"broadcast_ok"}}
2023/03/04 09:07:44 Received {c12 n2 {"type":"broadcast","message":29,"msg_id":57}}
2023/03/04 09:07:44 Sent {"src":"n2","dest":"n1","body":{"type":"broadcast"}}
2023/03/04 09:07:44 Sent {"src":"n2","dest":"c12","body":{"in_reply_to":57,"type":"broadcast_ok"}}
2023/03/04 09:07:44 Received {c12 n2 {"type":"broadcast","message":30,"msg_id":58}}
2023/03/04 09:07:44 Sent {"src":"n2","dest":"n1","body":{"type":"broadcast"}}
2023/03/04 09:07:44 Sent {"src":"n2","dest":"c12","body":{"in_reply_to":58,"type":"broadcast_ok"}}
2023/03/04 09:07:44 Received {c12 n2 {"type":"read","msg_id":59}}
2023/03/04 09:07:44 Sent {"src":"n2","dest":"c12","body":{"in_reply_to":59,"messages":[0,0,3,4,5,6,7,8,9,10,11,12,13,14,15,16,17,18,19,20,21,22,23,24,25,26,27,28,29,30],"type":"read_ok"}}
2023/03/04 09:07:44 Received {c12 n2 {"type":"read","msg_id":60}}
2023/03/04 09:07:44 Sent {"src":"n2","dest":"c12","body":{"in_reply_to":60,"messages":[0,0,3,4,5,6,7,8,9,10,11,12,13,14,15,16,17,18,19,20,21,22,23,24,25,26,27,28,29,30],"type":"read_ok"}}
2023/03/04 09:07:44 Received {c12 n2 {"type":"broadcast","message":31,"msg_id":61}}
2023/03/04 09:07:44 Sent {"src":"n2","dest":"n1","body":{"type":"broadcast"}}
2023/03/04 09:07:44 Sent {"src":"n2","dest":"c12","body":{"in_reply_to":61,"type":"broadcast_ok"}}
2023/03/04 09:07:45 Received {c12 n2 {"type":"read","msg_id":62}}
2023/03/04 09:07:45 Sent {"src":"n2","dest":"c12","body":{"in_reply_to":62,"messages":[0,0,3,4,5,6,7,8,9,10,11,12,13,14,15,16,17,18,19,20,21,22,23,24,25,26,27,28,29,30,31],"type":"read_ok"}}
2023/03/04 09:07:45 Received {c12 n2 {"type":"broadcast","message":32,"msg_id":63}}
2023/03/04 09:07:45 Sent {"src":"n2","dest":"n1","body":{"type":"broadcast"}}
2023/03/04 09:07:45 Sent {"src":"n2","dest":"c12","body":{"in_reply_to":63,"type":"broadcast_ok"}}
2023/03/04 09:07:45 Received {c12 n2 {"type":"read","msg_id":64}}
2023/03/04 09:07:45 Sent {"src":"n2","dest":"c12","body":{"in_reply_to":64,"messages":[0,0,3,4,5,6,7,8,9,10,11,12,13,14,15,16,17,18,19,20,21,22,23,24,25,26,27,28,29,30,31,32],"type":"read_ok"}}
2023/03/04 09:07:45 Received {c12 n2 {"type":"broadcast","message":33,"msg_id":65}}
2023/03/04 09:07:45 Sent {"src":"n2","dest":"n1","body":{"type":"broadcast"}}
2023/03/04 09:07:45 Sent {"src":"n2","dest":"c12","body":{"in_reply_to":65,"type":"broadcast_ok"}}
2023/03/04 09:07:45 Received {c12 n2 {"type":"read","msg_id":66}}
2023/03/04 09:07:45 Sent {"src":"n2","dest":"c12","body":{"in_reply_to":66,"messages":[0,0,3,4,5,6,7,8,9,10,11,12,13,14,15,16,17,18,19,20,21,22,23,24,25,26,27,28,29,30,31,32,33],"type":"read_ok"}}
2023/03/04 09:07:45 Received {c12 n2 {"type":"broadcast","message":34,"msg_id":67}}
2023/03/04 09:07:45 Sent {"src":"n2","dest":"n1","body":{"type":"broadcast"}}
2023/03/04 09:07:45 Sent {"src":"n2","dest":"c12","body":{"in_reply_to":67,"type":"broadcast_ok"}}
2023/03/04 09:07:45 Received {c12 n2 {"type":"broadcast","message":35,"msg_id":68}}
2023/03/04 09:07:45 Sent {"src":"n2","dest":"n1","body":{"type":"broadcast"}}
2023/03/04 09:07:45 Sent {"src":"n2","dest":"c12","body":{"in_reply_to":68,"type":"broadcast_ok"}}
2023/03/04 09:07:45 Received {c12 n2 {"type":"broadcast","message":36,"msg_id":69}}
2023/03/04 09:07:45 Sent {"src":"n2","dest":"n1","body":{"type":"broadcast"}}
2023/03/04 09:07:45 Sent {"src":"n2","dest":"c12","body":{"in_reply_to":69,"type":"broadcast_ok"}}
2023/03/04 09:07:45 Received {c12 n2 {"type":"read","msg_id":70}}
2023/03/04 09:07:45 Sent {"src":"n2","dest":"c12","body":{"in_reply_to":70,"messages":[0,0,3,4,5,6,7,8,9,10,11,12,13,14,15,16,17,18,19,20,21,22,23,24,25,26,27,28,29,30,31,32,33,34,35,36],"type":"read_ok"}}
2023/03/04 09:07:45 Received {c12 n2 {"type":"read","msg_id":71}}
2023/03/04 09:07:45 Sent {"src":"n2","dest":"c12","body":{"in_reply_to":71,"messages":[0,0,3,4,5,6,7,8,9,10,11,12,13,14,15,16,17,18,19,20,21,22,23,24,25,26,27,28,29,30,31,32,33,34,35,36],"type":"read_ok"}}
2023/03/04 09:07:46 Received {c12 n2 {"type":"broadcast","message":37,"msg_id":72}}
2023/03/04 09:07:46 Sent {"src":"n2","dest":"n1","body":{"type":"broadcast"}}
2023/03/04 09:07:46 Sent {"src":"n2","dest":"c12","body":{"in_reply_to":72,"type":"broadcast_ok"}}
2023/03/04 09:07:46 Received {c12 n2 {"type":"broadcast","message":38,"msg_id":73}}
2023/03/04 09:07:46 Sent {"src":"n2","dest":"n1","body":{"type":"broadcast"}}
2023/03/04 09:07:46 Sent {"src":"n2","dest":"c12","body":{"in_reply_to":73,"type":"broadcast_ok"}}
2023/03/04 09:07:46 Received {c12 n2 {"type":"read","msg_id":74}}
2023/03/04 09:07:46 Sent {"src":"n2","dest":"c12","body":{"in_reply_to":74,"messages":[0,0,3,4,5,6,7,8,9,10,11,12,13,14,15,16,17,18,19,20,21,22,23,24,25,26,27,28,29,30,31,32,33,34,35,36,37,38],"type":"read_ok"}}
2023/03/04 09:07:46 Received {c12 n2 {"type":"broadcast","message":39,"msg_id":75}}
2023/03/04 09:07:46 Sent {"src":"n2","dest":"n1","body":{"type":"broadcast"}}
2023/03/04 09:07:46 Sent {"src":"n2","dest":"c12","body":{"in_reply_to":75,"type":"broadcast_ok"}}
2023/03/04 09:07:46 Received {c12 n2 {"type":"broadcast","message":40,"msg_id":76}}
2023/03/04 09:07:46 Sent {"src":"n2","dest":"n1","body":{"type":"broadcast"}}
2023/03/04 09:07:46 Sent {"src":"n2","dest":"c12","body":{"in_reply_to":76,"type":"broadcast_ok"}}
2023/03/04 09:07:46 Received {c12 n2 {"type":"broadcast","message":41,"msg_id":77}}
2023/03/04 09:07:46 Sent {"src":"n2","dest":"n1","body":{"type":"broadcast"}}
2023/03/04 09:07:46 Sent {"src":"n2","dest":"c12","body":{"in_reply_to":77,"type":"broadcast_ok"}}
2023/03/04 09:07:46 Received {c12 n2 {"type":"broadcast","message":42,"msg_id":78}}
2023/03/04 09:07:46 Sent {"src":"n2","dest":"n1","body":{"type":"broadcast"}}
2023/03/04 09:07:46 Sent {"src":"n2","dest":"c12","body":{"in_reply_to":78,"type":"broadcast_ok"}}
2023/03/04 09:07:46 Received {c12 n2 {"type":"read","msg_id":79}}
2023/03/04 09:07:46 Sent {"src":"n2","dest":"c12","body":{"in_reply_to":79,"messages":[0,0,3,4,5,6,7,8,9,10,11,12,13,14,15,16,17,18,19,20,21,22,23,24,25,26,27,28,29,30,31,32,33,34,35,36,37,38,39,40,41,42],"type":"read_ok"}}
2023/03/04 09:07:46 Received {c12 n2 {"type":"read","msg_id":80}}
2023/03/04 09:07:46 Sent {"src":"n2","dest":"c12","body":{"in_reply_to":80,"messages":[0,0,3,4,5,6,7,8,9,10,11,12,13,14,15,16,17,18,19,20,21,22,23,24,25,26,27,28,29,30,31,32,33,34,35,36,37,38,39,40,41,42],"type":"read_ok"}}
2023/03/04 09:07:46 Received {c12 n2 {"type":"broadcast","message":43,"msg_id":81}}
2023/03/04 09:07:46 Sent {"src":"n2","dest":"n1","body":{"type":"broadcast"}}
2023/03/04 09:07:46 Sent {"src":"n2","dest":"c12","body":{"in_reply_to":81,"type":"broadcast_ok"}}
2023/03/04 09:07:46 Received {c12 n2 {"type":"read","msg_id":82}}
2023/03/04 09:07:46 Sent {"src":"n2","dest":"c12","body":{"in_reply_to":82,"messages":[0,0,3,4,5,6,7,8,9,10,11,12,13,14,15,16,17,18,19,20,21,22,23,24,25,26,27,28,29,30,31,32,33,34,35,36,37,38,39,40,41,42,43],"type":"read_ok"}}
2023/03/04 09:07:46 Received {c12 n2 {"type":"read","msg_id":83}}
2023/03/04 09:07:46 Sent {"src":"n2","dest":"c12","body":{"in_reply_to":83,"messages":[0,0,3,4,5,6,7,8,9,10,11,12,13,14,15,16,17,18,19,20,21,22,23,24,25,26,27,28,29,30,31,32,33,34,35,36,37,38,39,40,41,42,43],"type":"read_ok"}}
2023/03/04 09:07:47 Received {c12 n2 {"type":"read","msg_id":84}}
2023/03/04 09:07:47 Sent {"src":"n2","dest":"c12","body":{"in_reply_to":84,"messages":[0,0,3,4,5,6,7,8,9,10,11,12,13,14,15,16,17,18,19,20,21,22,23,24,25,26,27,28,29,30,31,32,33,34,35,36,37,38,39,40,41,42,43],"type":"read_ok"}}
2023/03/04 09:07:47 Received {c12 n2 {"type":"broadcast","message":44,"msg_id":85}}
2023/03/04 09:07:47 Sent {"src":"n2","dest":"n1","body":{"type":"broadcast"}}
2023/03/04 09:07:47 Sent {"src":"n2","dest":"c12","body":{"in_reply_to":85,"type":"broadcast_ok"}}
2023/03/04 09:07:47 Received {c12 n2 {"type":"broadcast","message":45,"msg_id":86}}
2023/03/04 09:07:47 Sent {"src":"n2","dest":"n1","body":{"type":"broadcast"}}
2023/03/04 09:07:47 Sent {"src":"n2","dest":"c12","body":{"in_reply_to":86,"type":"broadcast_ok"}}
2023/03/04 09:07:47 Received {c12 n2 {"type":"read","msg_id":87}}
2023/03/04 09:07:47 Sent {"src":"n2","dest":"c12","body":{"in_reply_to":87,"messages":[0,0,3,4,5,6,7,8,9,10,11,12,13,14,15,16,17,18,19,20,21,22,23,24,25,26,27,28,29,30,31,32,33,34,35,36,37,38,39,40,41,42,43,44,45],"type":"read_ok"}}
2023/03/04 09:07:47 Received {c12 n2 {"type":"broadcast","message":46,"msg_id":88}}
2023/03/04 09:07:47 Sent {"src":"n2","dest":"n1","body":{"type":"broadcast"}}
2023/03/04 09:07:47 Sent {"src":"n2","dest":"c12","body":{"in_reply_to":88,"type":"broadcast_ok"}}
2023/03/04 09:07:47 Received {c12 n2 {"type":"read","msg_id":89}}
2023/03/04 09:07:47 Sent {"src":"n2","dest":"c12","body":{"in_reply_to":89,"messages":[0,0,3,4,5,6,7,8,9,10,11,12,13,14,15,16,17,18,19,20,21,22,23,24,25,26,27,28,29,30,31,32,33,34,35,36,37,38,39,40,41,42,43,44,45,46],"type":"read_ok"}}
2023/03/04 09:07:47 Received {c12 n2 {"type":"read","msg_id":90}}
2023/03/04 09:07:47 Sent {"src":"n2","dest":"c12","body":{"in_reply_to":90,"messages":[0,0,3,4,5,6,7,8,9,10,11,12,13,14,15,16,17,18,19,20,21,22,23,24,25,26,27,28,29,30,31,32,33,34,35,36,37,38,39,40,41,42,43,44,45,46],"type":"read_ok"}}
2023/03/04 09:07:47 Received {c12 n2 {"type":"broadcast","message":47,"msg_id":91}}
2023/03/04 09:07:47 Sent {"src":"n2","dest":"n1","body":{"type":"broadcast"}}
2023/03/04 09:07:47 Sent {"src":"n2","dest":"c12","body":{"in_reply_to":91,"type":"broadcast_ok"}}
2023/03/04 09:07:47 Received {c12 n2 {"type":"read","msg_id":92}}
2023/03/04 09:07:47 Sent {"src":"n2","dest":"c12","body":{"in_reply_to":92,"messages":[0,0,3,4,5,6,7,8,9,10,11,12,13,14,15,16,17,18,19,20,21,22,23,24,25,26,27,28,29,30,31,32,33,34,35,36,37,38,39,40,41,42,43,44,45,46,47],"type":"read_ok"}}
2023/03/04 09:07:48 Received {c12 n2 {"type":"read","msg_id":93}}
2023/03/04 09:07:48 Sent {"src":"n2","dest":"c12","body":{"in_reply_to":93,"messages":[0,0,3,4,5,6,7,8,9,10,11,12,13,14,15,16,17,18,19,20,21,22,23,24,25,26,27,28,29,30,31,32,33,34,35,36,37,38,39,40,41,42,43,44,45,46,47],"type":"read_ok"}}
2023/03/04 09:07:48 Received {c12 n2 {"type":"read","msg_id":94}}
2023/03/04 09:07:48 Sent {"src":"n2","dest":"c12","body":{"in_reply_to":94,"messages":[0,0,3,4,5,6,7,8,9,10,11,12,13,14,15,16,17,18,19,20,21,22,23,24,25,26,27,28,29,30,31,32,33,34,35,36,37,38,39,40,41,42,43,44,45,46,47],"type":"read_ok"}}
2023/03/04 09:07:48 Received {c12 n2 {"type":"broadcast","message":48,"msg_id":95}}
2023/03/04 09:07:48 Sent {"src":"n2","dest":"n1","body":{"type":"broadcast"}}
2023/03/04 09:07:48 Sent {"src":"n2","dest":"c12","body":{"in_reply_to":95,"type":"broadcast_ok"}}
2023/03/04 09:07:48 Received {c12 n2 {"type":"broadcast","message":49,"msg_id":96}}
2023/03/04 09:07:48 Sent {"src":"n2","dest":"n1","body":{"type":"broadcast"}}
2023/03/04 09:07:48 Sent {"src":"n2","dest":"c12","body":{"in_reply_to":96,"type":"broadcast_ok"}}
2023/03/04 09:07:48 Received {c12 n2 {"type":"broadcast","message":51,"msg_id":97}}
2023/03/04 09:07:48 Sent {"src":"n2","dest":"n1","body":{"type":"broadcast"}}
2023/03/04 09:07:48 Sent {"src":"n2","dest":"c12","body":{"in_reply_to":97,"type":"broadcast_ok"}}
2023/03/04 09:07:48 Received {c12 n2 {"type":"read","msg_id":98}}
2023/03/04 09:07:48 Sent {"src":"n2","dest":"c12","body":{"in_reply_to":98,"messages":[0,0,3,4,5,6,7,8,9,10,11,12,13,14,15,16,17,18,19,20,21,22,23,24,25,26,27,28,29,30,31,32,33,34,35,36,37,38,39,40,41,42,43,44,45,46,47,48,49,51],"type":"read_ok"}}
2023/03/04 09:07:48 Received {c12 n2 {"type":"broadcast","message":52,"msg_id":99}}
2023/03/04 09:07:48 Sent {"src":"n2","dest":"n1","body":{"type":"broadcast"}}
2023/03/04 09:07:48 Sent {"src":"n2","dest":"c12","body":{"in_reply_to":99,"type":"broadcast_ok"}}
2023/03/04 09:07:48 Received {c12 n2 {"type":"read","msg_id":100}}
2023/03/04 09:07:48 Sent {"src":"n2","dest":"c12","body":{"in_reply_to":100,"messages":[0,0,3,4,5,6,7,8,9,10,11,12,13,14,15,16,17,18,19,20,21,22,23,24,25,26,27,28,29,30,31,32,33,34,35,36,37,38,39,40,41,42,43,44,45,46,47,48,49,51,52],"type":"read_ok"}}
2023/03/04 09:07:49 Received {c12 n2 {"type":"read","msg_id":101}}
2023/03/04 09:07:49 Sent {"src":"n2","dest":"c12","body":{"in_reply_to":101,"messages":[0,0,3,4,5,6,7,8,9,10,11,12,13,14,15,16,17,18,19,20,21,22,23,24,25,26,27,28,29,30,31,32,33,34,35,36,37,38,39,40,41,42,43,44,45,46,47,48,49,51,52],"type":"read_ok"}}
2023/03/04 09:07:49 Received {c12 n2 {"type":"broadcast","message":55,"msg_id":102}}
2023/03/04 09:07:49 Sent {"src":"n2","dest":"n1","body":{"type":"broadcast"}}
2023/03/04 09:07:49 Sent {"src":"n2","dest":"c12","body":{"in_reply_to":102,"type":"broadcast_ok"}}
2023/03/04 09:07:49 Received {c12 n2 {"type":"broadcast","message":56,"msg_id":103}}
2023/03/04 09:07:49 Sent {"src":"n2","dest":"n1","body":{"type":"broadcast"}}
2023/03/04 09:07:49 Sent {"src":"n2","dest":"c12","body":{"in_reply_to":103,"type":"broadcast_ok"}}
2023/03/04 09:07:49 Received {c12 n2 {"type":"read","msg_id":104}}
2023/03/04 09:07:49 Sent {"src":"n2","dest":"c12","body":{"in_reply_to":104,"messages":[0,0,3,4,5,6,7,8,9,10,11,12,13,14,15,16,17,18,19,20,21,22,23,24,25,26,27,28,29,30,31,32,33,34,35,36,37,38,39,40,41,42,43,44,45,46,47,48,49,51,52,55,56],"type":"read_ok"}}
2023/03/04 09:07:49 Received {c12 n2 {"type":"broadcast","message":57,"msg_id":105}}
2023/03/04 09:07:49 Sent {"src":"n2","dest":"n1","body":{"type":"broadcast"}}
2023/03/04 09:07:49 Sent {"src":"n2","dest":"c12","body":{"in_reply_to":105,"type":"broadcast_ok"}}
2023/03/04 09:07:49 Received {c12 n2 {"type":"read","msg_id":106}}
2023/03/04 09:07:49 Sent {"src":"n2","dest":"c12","body":{"in_reply_to":106,"messages":[0,0,3,4,5,6,7,8,9,10,11,12,13,14,15,16,17,18,19,20,21,22,23,24,25,26,27,28,29,30,31,32,33,34,35,36,37,38,39,40,41,42,43,44,45,46,47,48,49,51,52,55,56,57],"type":"read_ok"}}
2023/03/04 09:07:50 Received {c12 n2 {"type":"broadcast","message":58,"msg_id":107}}
2023/03/04 09:07:50 Sent {"src":"n2","dest":"n1","body":{"type":"broadcast"}}
2023/03/04 09:07:50 Sent {"src":"n2","dest":"c12","body":{"in_reply_to":107,"type":"broadcast_ok"}}
2023/03/04 09:07:50 Received {c12 n2 {"type":"broadcast","message":59,"msg_id":108}}
2023/03/04 09:07:50 Sent {"src":"n2","dest":"n1","body":{"type":"broadcast"}}
2023/03/04 09:07:50 Sent {"src":"n2","dest":"c12","body":{"in_reply_to":108,"type":"broadcast_ok"}}
2023/03/04 09:07:50 Received {c12 n2 {"type":"read","msg_id":109}}
2023/03/04 09:07:50 Sent {"src":"n2","dest":"c12","body":{"in_reply_to":109,"messages":[0,0,3,4,5,6,7,8,9,10,11,12,13,14,15,16,17,18,19,20,21,22,23,24,25,26,27,28,29,30,31,32,33,34,35,36,37,38,39,40,41,42,43,44,45,46,47,48,49,51,52,55,56,57,58,59],"type":"read_ok"}}
2023/03/04 09:07:50 Received {c12 n2 {"type":"broadcast","message":60,"msg_id":110}}
2023/03/04 09:07:50 Sent {"src":"n2","dest":"n1","body":{"type":"broadcast"}}
2023/03/04 09:07:50 Sent {"src":"n2","dest":"c12","body":{"in_reply_to":110,"type":"broadcast_ok"}}
2023/03/04 09:07:50 Received {c12 n2 {"type":"broadcast","message":61,"msg_id":111}}
2023/03/04 09:07:50 Sent {"src":"n2","dest":"n1","body":{"type":"broadcast"}}
2023/03/04 09:07:50 Sent {"src":"n2","dest":"c12","body":{"in_reply_to":111,"type":"broadcast_ok"}}
2023/03/04 09:07:50 Received {c12 n2 {"type":"read","msg_id":112}}
2023/03/04 09:07:50 Sent {"src":"n2","dest":"c12","body":{"in_reply_to":112,"messages":[0,0,3,4,5,6,7,8,9,10,11,12,13,14,15,16,17,18,19,20,21,22,23,24,25,26,27,28,29,30,31,32,33,34,35,36,37,38,39,40,41,42,43,44,45,46,47,48,49,51,52,55,56,57,58,59,60,61],"type":"read_ok"}}
2023/03/04 09:07:50 Received {c12 n2 {"type":"broadcast","message":62,"msg_id":113}}
2023/03/04 09:07:50 Sent {"src":"n2","dest":"n1","body":{"type":"broadcast"}}
2023/03/04 09:07:50 Sent {"src":"n2","dest":"c12","body":{"in_reply_to":113,"type":"broadcast_ok"}}
2023/03/04 09:07:50 Received {c12 n2 {"type":"broadcast","message":63,"msg_id":114}}
2023/03/04 09:07:50 Sent {"src":"n2","dest":"n1","body":{"type":"broadcast"}}
2023/03/04 09:07:50 Sent {"src":"n2","dest":"c12","body":{"in_reply_to":114,"type":"broadcast_ok"}}
2023/03/04 09:07:50 Received {c12 n2 {"type":"read","msg_id":115}}
2023/03/04 09:07:50 Sent {"src":"n2","dest":"c12","body":{"in_reply_to":115,"messages":[0,0,3,4,5,6,7,8,9,10,11,12,13,14,15,16,17,18,19,20,21,22,23,24,25,26,27,28,29,30,31,32,33,34,35,36,37,38,39,40,41,42,43,44,45,46,47,48,49,51,52,55,56,57,58,59,60,61,62,63],"type":"read_ok"}}
2023/03/04 09:07:51 Received {c12 n2 {"type":"broadcast","message":64,"msg_id":116}}
2023/03/04 09:07:51 Sent {"src":"n2","dest":"n1","body":{"type":"broadcast"}}
2023/03/04 09:07:51 Sent {"src":"n2","dest":"c12","body":{"in_reply_to":116,"type":"broadcast_ok"}}
2023/03/04 09:07:51 Received {c12 n2 {"type":"broadcast","message":65,"msg_id":117}}
2023/03/04 09:07:51 Sent {"src":"n2","dest":"n1","body":{"type":"broadcast"}}
2023/03/04 09:07:51 Sent {"src":"n2","dest":"c12","body":{"in_reply_to":117,"type":"broadcast_ok"}}
2023/03/04 09:07:51 Received {c12 n2 {"type":"broadcast","message":66,"msg_id":118}}
2023/03/04 09:07:51 Sent {"src":"n2","dest":"n1","body":{"type":"broadcast"}}
2023/03/04 09:07:51 Sent {"src":"n2","dest":"c12","body":{"in_reply_to":118,"type":"broadcast_ok"}}
2023/03/04 09:07:51 Received {c12 n2 {"type":"read","msg_id":119}}
2023/03/04 09:07:51 Sent {"src":"n2","dest":"c12","body":{"in_reply_to":119,"messages":[0,0,3,4,5,6,7,8,9,10,11,12,13,14,15,16,17,18,19,20,21,22,23,24,25,26,27,28,29,30,31,32,33,34,35,36,37,38,39,40,41,42,43,44,45,46,47,48,49,51,52,55,56,57,58,59,60,61,62,63,64,65,66],"type":"read_ok"}}
2023/03/04 09:07:51 Received {c12 n2 {"type":"read","msg_id":120}}
2023/03/04 09:07:51 Sent {"src":"n2","dest":"c12","body":{"in_reply_to":120,"messages":[0,0,3,4,5,6,7,8,9,10,11,12,13,14,15,16,17,18,19,20,21,22,23,24,25,26,27,28,29,30,31,32,33,34,35,36,37,38,39,40,41,42,43,44,45,46,47,48,49,51,52,55,56,57,58,59,60,61,62,63,64,65,66],"type":"read_ok"}}
2023/03/04 09:07:51 Received {c12 n2 {"type":"read","msg_id":121}}
2023/03/04 09:07:51 Sent {"src":"n2","dest":"c12","body":{"in_reply_to":121,"messages":[0,0,3,4,5,6,7,8,9,10,11,12,13,14,15,16,17,18,19,20,21,22,23,24,25,26,27,28,29,30,31,32,33,34,35,36,37,38,39,40,41,42,43,44,45,46,47,48,49,51,52,55,56,57,58,59,60,61,62,63,64,65,66],"type":"read_ok"}}
2023/03/04 09:07:51 Received {c12 n2 {"type":"broadcast","message":67,"msg_id":122}}
2023/03/04 09:07:51 Sent {"src":"n2","dest":"n1","body":{"type":"broadcast"}}
2023/03/04 09:07:51 Sent {"src":"n2","dest":"c12","body":{"in_reply_to":122,"type":"broadcast_ok"}}
2023/03/04 09:07:51 Received {c12 n2 {"type":"read","msg_id":123}}
2023/03/04 09:07:51 Sent {"src":"n2","dest":"c12","body":{"in_reply_to":123,"messages":[0,0,3,4,5,6,7,8,9,10,11,12,13,14,15,16,17,18,19,20,21,22,23,24,25,26,27,28,29,30,31,32,33,34,35,36,37,38,39,40,41,42,43,44,45,46,47,48,49,51,52,55,56,57,58,59,60,61,62,63,64,65,66,67],"type":"read_ok"}}
2023/03/04 09:07:51 Received {c12 n2 {"type":"broadcast","message":68,"msg_id":124}}
2023/03/04 09:07:51 Sent {"src":"n2","dest":"n1","body":{"type":"broadcast"}}
2023/03/04 09:07:51 Sent {"src":"n2","dest":"c12","body":{"in_reply_to":124,"type":"broadcast_ok"}}
2023/03/04 09:07:52 Received {c12 n2 {"type":"broadcast","message":69,"msg_id":125}}
2023/03/04 09:07:52 Sent {"src":"n2","dest":"n1","body":{"type":"broadcast"}}
2023/03/04 09:07:52 Sent {"src":"n2","dest":"c12","body":{"in_reply_to":125,"type":"broadcast_ok"}}
2023/03/04 09:07:52 Received {c12 n2 {"type":"broadcast","message":70,"msg_id":126}}
2023/03/04 09:07:52 Sent {"src":"n2","dest":"n1","body":{"type":"broadcast"}}
2023/03/04 09:07:52 Sent {"src":"n2","dest":"c12","body":{"in_reply_to":126,"type":"broadcast_ok"}}
2023/03/04 09:07:52 Received {c12 n2 {"type":"read","msg_id":127}}
2023/03/04 09:07:52 Sent {"src":"n2","dest":"c12","body":{"in_reply_to":127,"messages":[0,0,3,4,5,6,7,8,9,10,11,12,13,14,15,16,17,18,19,20,21,22,23,24,25,26,27,28,29,30,31,32,33,34,35,36,37,38,39,40,41,42,43,44,45,46,47,48,49,51,52,55,56,57,58,59,60,61,62,63,64,65,66,67,68,69,70],"type":"read_ok"}}
2023/03/04 09:07:52 Received {c12 n2 {"type":"broadcast","message":71,"msg_id":128}}
2023/03/04 09:07:52 Sent {"src":"n2","dest":"n1","body":{"type":"broadcast"}}
2023/03/04 09:07:52 Sent {"src":"n2","dest":"c12","body":{"in_reply_to":128,"type":"broadcast_ok"}}
2023/03/04 09:07:52 Received {c12 n2 {"type":"read","msg_id":129}}
2023/03/04 09:07:52 Sent {"src":"n2","dest":"c12","body":{"in_reply_to":129,"messages":[0,0,3,4,5,6,7,8,9,10,11,12,13,14,15,16,17,18,19,20,21,22,23,24,25,26,27,28,29,30,31,32,33,34,35,36,37,38,39,40,41,42,43,44,45,46,47,48,49,51,52,55,56,57,58,59,60,61,62,63,64,65,66,67,68,69,70,71],"type":"read_ok"}}
2023/03/04 09:07:52 Received {c12 n2 {"type":"read","msg_id":130}}
2023/03/04 09:07:52 Sent {"src":"n2","dest":"c12","body":{"in_reply_to":130,"messages":[0,0,3,4,5,6,7,8,9,10,11,12,13,14,15,16,17,18,19,20,21,22,23,24,25,26,27,28,29,30,31,32,33,34,35,36,37,38,39,40,41,42,43,44,45,46,47,48,49,51,52,55,56,57,58,59,60,61,62,63,64,65,66,67,68,69,70,71],"type":"read_ok"}}
2023/03/04 09:07:52 Received {c12 n2 {"type":"broadcast","message":72,"msg_id":131}}
2023/03/04 09:07:52 Sent {"src":"n2","dest":"n1","body":{"type":"broadcast"}}
2023/03/04 09:07:52 Sent {"src":"n2","dest":"c12","body":{"in_reply_to":131,"type":"broadcast_ok"}}
2023/03/04 09:07:52 Received {c12 n2 {"type":"broadcast","message":73,"msg_id":132}}
2023/03/04 09:07:52 Sent {"src":"n2","dest":"n1","body":{"type":"broadcast"}}
2023/03/04 09:07:52 Sent {"src":"n2","dest":"c12","body":{"in_reply_to":132,"type":"broadcast_ok"}}
2023/03/04 09:07:52 Received {c12 n2 {"type":"read","msg_id":133}}
2023/03/04 09:07:52 Sent {"src":"n2","dest":"c12","body":{"in_reply_to":133,"messages":[0,0,3,4,5,6,7,8,9,10,11,12,13,14,15,16,17,18,19,20,21,22,23,24,25,26,27,28,29,30,31,32,33,34,35,36,37,38,39,40,41,42,43,44,45,46,47,48,49,51,52,55,56,57,58,59,60,61,62,63,64,65,66,67,68,69,70,71,72,73],"type":"read_ok"}}
2023/03/04 09:07:52 Received {c12 n2 {"type":"read","msg_id":134}}
2023/03/04 09:07:52 Sent {"src":"n2","dest":"c12","body":{"in_reply_to":134,"messages":[0,0,3,4,5,6,7,8,9,10,11,12,13,14,15,16,17,18,19,20,21,22,23,24,25,26,27,28,29,30,31,32,33,34,35,36,37,38,39,40,41,42,43,44,45,46,47,48,49,51,52,55,56,57,58,59,60,61,62,63,64,65,66,67,68,69,70,71,72,73],"type":"read_ok"}}
2023/03/04 09:07:52 Received {c12 n2 {"type":"broadcast","message":74,"msg_id":135}}
2023/03/04 09:07:52 Sent {"src":"n2","dest":"n1","body":{"type":"broadcast"}}
2023/03/04 09:07:52 Sent {"src":"n2","dest":"c12","body":{"in_reply_to":135,"type":"broadcast_ok"}}
2023/03/04 09:07:52 Received {c12 n2 {"type":"broadcast","message":75,"msg_id":136}}
2023/03/04 09:07:52 Sent {"src":"n2","dest":"n1","body":{"type":"broadcast"}}
2023/03/04 09:07:52 Sent {"src":"n2","dest":"c12","body":{"in_reply_to":136,"type":"broadcast_ok"}}
2023/03/04 09:07:52 Received {c12 n2 {"type":"read","msg_id":137}}
2023/03/04 09:07:52 Sent {"src":"n2","dest":"c12","body":{"in_reply_to":137,"messages":[0,0,3,4,5,6,7,8,9,10,11,12,13,14,15,16,17,18,19,20,21,22,23,24,25,26,27,28,29,30,31,32,33,34,35,36,37,38,39,40,41,42,43,44,45,46,47,48,49,51,52,55,56,57,58,59,60,61,62,63,64,65,66,67,68,69,70,71,72,73,74,75],"type":"read_ok"}}
2023/03/04 09:07:53 Received {c12 n2 {"type":"read","msg_id":138}}
2023/03/04 09:07:53 Sent {"src":"n2","dest":"c12","body":{"in_reply_to":138,"messages":[0,0,3,4,5,6,7,8,9,10,11,12,13,14,15,16,17,18,19,20,21,22,23,24,25,26,27,28,29,30,31,32,33,34,35,36,37,38,39,40,41,42,43,44,45,46,47,48,49,51,52,55,56,57,58,59,60,61,62,63,64,65,66,67,68,69,70,71,72,73,74,75],"type":"read_ok"}}
2023/03/04 09:07:53 Received {c12 n2 {"type":"read","msg_id":139}}
2023/03/04 09:07:53 Sent {"src":"n2","dest":"c12","body":{"in_reply_to":139,"messages":[0,0,3,4,5,6,7,8,9,10,11,12,13,14,15,16,17,18,19,20,21,22,23,24,25,26,27,28,29,30,31,32,33,34,35,36,37,38,39,40,41,42,43,44,45,46,47,48,49,51,52,55,56,57,58,59,60,61,62,63,64,65,66,67,68,69,70,71,72,73,74,75],"type":"read_ok"}}
2023/03/04 09:07:53 Received {c12 n2 {"type":"broadcast","message":76,"msg_id":140}}
2023/03/04 09:07:53 Sent {"src":"n2","dest":"n1","body":{"type":"broadcast"}}
2023/03/04 09:07:53 Sent {"src":"n2","dest":"c12","body":{"in_reply_to":140,"type":"broadcast_ok"}}
2023/03/04 09:07:53 Received {c12 n2 {"type":"broadcast","message":77,"msg_id":141}}
2023/03/04 09:07:53 Sent {"src":"n2","dest":"n1","body":{"type":"broadcast"}}
2023/03/04 09:07:53 Sent {"src":"n2","dest":"c12","body":{"in_reply_to":141,"type":"broadcast_ok"}}
2023/03/04 09:07:53 Received {c12 n2 {"type":"read","msg_id":142}}
2023/03/04 09:07:53 Sent {"src":"n2","dest":"c12","body":{"in_reply_to":142,"messages":[0,0,3,4,5,6,7,8,9,10,11,12,13,14,15,16,17,18,19,20,21,22,23,24,25,26,27,28,29,30,31,32,33,34,35,36,37,38,39,40,41,42,43,44,45,46,47,48,49,51,52,55,56,57,58,59,60,61,62,63,64,65,66,67,68,69,70,71,72,73,74,75,76,77],"type":"read_ok"}}
2023/03/04 09:07:53 Received {c12 n2 {"type":"broadcast","message":78,"msg_id":143}}
2023/03/04 09:07:53 Sent {"src":"n2","dest":"n1","body":{"type":"broadcast"}}
2023/03/04 09:07:53 Sent {"src":"n2","dest":"c12","body":{"in_reply_to":143,"type":"broadcast_ok"}}
2023/03/04 09:07:53 Received {c12 n2 {"type":"broadcast","message":80,"msg_id":144}}
2023/03/04 09:07:53 Sent {"src":"n2","dest":"n1","body":{"type":"broadcast"}}
2023/03/04 09:07:53 Sent {"src":"n2","dest":"c12","body":{"in_reply_to":144,"type":"broadcast_ok"}}
2023/03/04 09:07:53 Received {c12 n2 {"type":"read","msg_id":145}}
2023/03/04 09:07:53 Sent {"src":"n2","dest":"c12","body":{"in_reply_to":145,"messages":[0,0,3,4,5,6,7,8,9,10,11,12,13,14,15,16,17,18,19,20,21,22,23,24,25,26,27,28,29,30,31,32,33,34,35,36,37,38,39,40,41,42,43,44,45,46,47,48,49,51,52,55,56,57,58,59,60,61,62,63,64,65,66,67,68,69,70,71,72,73,74,75,76,77,78,80],"type":"read_ok"}}
2023/03/04 09:07:53 Received {c12 n2 {"type":"read","msg_id":146}}
2023/03/04 09:07:53 Sent {"src":"n2","dest":"c12","body":{"in_reply_to":146,"messages":[0,0,3,4,5,6,7,8,9,10,11,12,13,14,15,16,17,18,19,20,21,22,23,24,25,26,27,28,29,30,31,32,33,34,35,36,37,38,39,40,41,42,43,44,45,46,47,48,49,51,52,55,56,57,58,59,60,61,62,63,64,65,66,67,68,69,70,71,72,73,74,75,76,77,78,80],"type":"read_ok"}}
2023/03/04 09:07:54 Received {c12 n2 {"type":"broadcast","message":81,"msg_id":147}}
2023/03/04 09:07:54 Sent {"src":"n2","dest":"n1","body":{"type":"broadcast"}}
2023/03/04 09:07:54 Sent {"src":"n2","dest":"c12","body":{"in_reply_to":147,"type":"broadcast_ok"}}
2023/03/04 09:07:54 Received {c12 n2 {"type":"read","msg_id":148}}
2023/03/04 09:07:54 Sent {"src":"n2","dest":"c12","body":{"in_reply_to":148,"messages":[0,0,3,4,5,6,7,8,9,10,11,12,13,14,15,16,17,18,19,20,21,22,23,24,25,26,27,28,29,30,31,32,33,34,35,36,37,38,39,40,41,42,43,44,45,46,47,48,49,51,52,55,56,57,58,59,60,61,62,63,64,65,66,67,68,69,70,71,72,73,74,75,76,77,78,80,81],"type":"read_ok"}}
2023/03/04 09:07:54 Received {c12 n2 {"type":"read","msg_id":149}}
2023/03/04 09:07:54 Sent {"src":"n2","dest":"c12","body":{"in_reply_to":149,"messages":[0,0,3,4,5,6,7,8,9,10,11,12,13,14,15,16,17,18,19,20,21,22,23,24,25,26,27,28,29,30,31,32,33,34,35,36,37,38,39,40,41,42,43,44,45,46,47,48,49,51,52,55,56,57,58,59,60,61,62,63,64,65,66,67,68,69,70,71,72,73,74,75,76,77,78,80,81],"type":"read_ok"}}
2023/03/04 09:07:54 Received {c12 n2 {"type":"broadcast","message":83,"msg_id":150}}
2023/03/04 09:07:54 Sent {"src":"n2","dest":"n1","body":{"type":"broadcast"}}
2023/03/04 09:07:54 Sent {"src":"n2","dest":"c12","body":{"in_reply_to":150,"type":"broadcast_ok"}}
2023/03/04 09:07:54 Received {c12 n2 {"type":"broadcast","message":84,"msg_id":151}}
2023/03/04 09:07:54 Sent {"src":"n2","dest":"n1","body":{"type":"broadcast"}}
2023/03/04 09:07:54 Sent {"src":"n2","dest":"c12","body":{"in_reply_to":151,"type":"broadcast_ok"}}
2023/03/04 09:07:54 Received {c12 n2 {"type":"read","msg_id":152}}
2023/03/04 09:07:54 Sent {"src":"n2","dest":"c12","body":{"in_reply_to":152,"messages":[0,0,3,4,5,6,7,8,9,10,11,12,13,14,15,16,17,18,19,20,21,22,23,24,25,26,27,28,29,30,31,32,33,34,35,36,37,38,39,40,41,42,43,44,45,46,47,48,49,51,52,55,56,57,58,59,60,61,62,63,64,65,66,67,68,69,70,71,72,73,74,75,76,77,78,80,81,83,84],"type":"read_ok"}}
2023/03/04 09:07:54 Received {c12 n2 {"type":"broadcast","message":85,"msg_id":153}}
2023/03/04 09:07:54 Sent {"src":"n2","dest":"n1","body":{"type":"broadcast"}}
2023/03/04 09:07:54 Sent {"src":"n2","dest":"c12","body":{"in_reply_to":153,"type":"broadcast_ok"}}
2023/03/04 09:07:54 Received {c12 n2 {"type":"read","msg_id":154}}
2023/03/04 09:07:54 Sent {"src":"n2","dest":"c12","body":{"in_reply_to":154,"messages":[0,0,3,4,5,6,7,8,9,10,11,12,13,14,15,16,17,18,19,20,21,22,23,24,25,26,27,28,29,30,31,32,33,34,35,36,37,38,39,40,41,42,43,44,45,46,47,48,49,51,52,55,56,57,58,59,60,61,62,63,64,65,66,67,68,69,70,71,72,73,74,75,76,77,78,80,81,83,84,85],"type":"read_ok"}}
2023/03/04 09:07:54 Received {c12 n2 {"type":"broadcast","message":86,"msg_id":155}}
2023/03/04 09:07:54 Sent {"src":"n2","dest":"n1","body":{"type":"broadcast"}}
2023/03/04 09:07:54 Sent {"src":"n2","dest":"c12","body":{"in_reply_to":155,"type":"broadcast_ok"}}
2023/03/04 09:07:55 Received {c12 n2 {"type":"broadcast","message":87,"msg_id":156}}
2023/03/04 09:07:55 Sent {"src":"n2","dest":"n1","body":{"type":"broadcast"}}
2023/03/04 09:07:55 Sent {"src":"n2","dest":"c12","body":{"in_reply_to":156,"type":"broadcast_ok"}}
2023/03/04 09:07:55 Received {c12 n2 {"type":"broadcast","message":88,"msg_id":157}}
2023/03/04 09:07:55 Sent {"src":"n2","dest":"n1","body":{"type":"broadcast"}}
2023/03/04 09:07:55 Sent {"src":"n2","dest":"c12","body":{"in_reply_to":157,"type":"broadcast_ok"}}
2023/03/04 09:07:55 Received {c12 n2 {"type":"read","msg_id":158}}
2023/03/04 09:07:55 Sent {"src":"n2","dest":"c12","body":{"in_reply_to":158,"messages":[0,0,3,4,5,6,7,8,9,10,11,12,13,14,15,16,17,18,19,20,21,22,23,24,25,26,27,28,29,30,31,32,33,34,35,36,37,38,39,40,41,42,43,44,45,46,47,48,49,51,52,55,56,57,58,59,60,61,62,63,64,65,66,67,68,69,70,71,72,73,74,75,76,77,78,80,81,83,84,85,86,87,88],"type":"read_ok"}}
2023/03/04 09:07:55 Received {c12 n2 {"type":"broadcast","message":89,"msg_id":159}}
2023/03/04 09:07:55 Sent {"src":"n2","dest":"n1","body":{"type":"broadcast"}}
2023/03/04 09:07:55 Sent {"src":"n2","dest":"c12","body":{"in_reply_to":159,"type":"broadcast_ok"}}
2023/03/04 09:07:55 Received {c12 n2 {"type":"read","msg_id":160}}
2023/03/04 09:07:55 Sent {"src":"n2","dest":"c12","body":{"in_reply_to":160,"messages":[0,0,3,4,5,6,7,8,9,10,11,12,13,14,15,16,17,18,19,20,21,22,23,24,25,26,27,28,29,30,31,32,33,34,35,36,37,38,39,40,41,42,43,44,45,46,47,48,49,51,52,55,56,57,58,59,60,61,62,63,64,65,66,67,68,69,70,71,72,73,74,75,76,77,78,80,81,83,84,85,86,87,88,89],"type":"read_ok"}}
2023/03/04 09:07:55 Received {c12 n2 {"type":"read","msg_id":161}}
2023/03/04 09:07:55 Sent {"src":"n2","dest":"c12","body":{"in_reply_to":161,"messages":[0,0,3,4,5,6,7,8,9,10,11,12,13,14,15,16,17,18,19,20,21,22,23,24,25,26,27,28,29,30,31,32,33,34,35,36,37,38,39,40,41,42,43,44,45,46,47,48,49,51,52,55,56,57,58,59,60,61,62,63,64,65,66,67,68,69,70,71,72,73,74,75,76,77,78,80,81,83,84,85,86,87,88,89],"type":"read_ok"}}
2023/03/04 09:07:55 Received {c12 n2 {"type":"broadcast","message":90,"msg_id":162}}
2023/03/04 09:07:55 Sent {"src":"n2","dest":"n1","body":{"type":"broadcast"}}
2023/03/04 09:07:55 Sent {"src":"n2","dest":"c12","body":{"in_reply_to":162,"type":"broadcast_ok"}}
2023/03/04 09:07:55 Received {c12 n2 {"type":"read","msg_id":163}}
2023/03/04 09:07:55 Sent {"src":"n2","dest":"c12","body":{"in_reply_to":163,"messages":[0,0,3,4,5,6,7,8,9,10,11,12,13,14,15,16,17,18,19,20,21,22,23,24,25,26,27,28,29,30,31,32,33,34,35,36,37,38,39,40,41,42,43,44,45,46,47,48,49,51,52,55,56,57,58,59,60,61,62,63,64,65,66,67,68,69,70,71,72,73,74,75,76,77,78,80,81,83,84,85,86,87,88,89,90],"type":"read_ok"}}
2023/03/04 09:07:55 Received {c12 n2 {"type":"broadcast","message":91,"msg_id":164}}
2023/03/04 09:07:55 Sent {"src":"n2","dest":"n1","body":{"type":"broadcast"}}
2023/03/04 09:07:55 Sent {"src":"n2","dest":"c12","body":{"in_reply_to":164,"type":"broadcast_ok"}}
2023/03/04 09:07:55 Received {c12 n2 {"type":"read","msg_id":165}}
2023/03/04 09:07:55 Sent {"src":"n2","dest":"c12","body":{"in_reply_to":165,"messages":[0,0,3,4,5,6,7,8,9,10,11,12,13,14,15,16,17,18,19,20,21,22,23,24,25,26,27,28,29,30,31,32,33,34,35,36,37,38,39,40,41,42,43,44,45,46,47,48,49,51,52,55,56,57,58,59,60,61,62,63,64,65,66,67,68,69,70,71,72,73,74,75,76,77,78,80,81,83,84,85,86,87,88,89,90,91],"type":"read_ok"}}
2023/03/04 09:07:55 Received {c12 n2 {"type":"broadcast","message":92,"msg_id":166}}
2023/03/04 09:07:55 Sent {"src":"n2","dest":"n1","body":{"type":"broadcast"}}
2023/03/04 09:07:55 Sent {"src":"n2","dest":"c12","body":{"in_reply_to":166,"type":"broadcast_ok"}}
2023/03/04 09:07:56 Received {c12 n2 {"type":"read","msg_id":167}}
2023/03/04 09:07:56 Sent {"src":"n2","dest":"c12","body":{"in_reply_to":167,"messages":[0,0,3,4,5,6,7,8,9,10,11,12,13,14,15,16,17,18,19,20,21,22,23,24,25,26,27,28,29,30,31,32,33,34,35,36,37,38,39,40,41,42,43,44,45,46,47,48,49,51,52,55,56,57,58,59,60,61,62,63,64,65,66,67,68,69,70,71,72,73,74,75,76,77,78,80,81,83,84,85,86,87,88,89,90,91,92],"type":"read_ok"}}
2023/03/04 09:07:56 Received {c12 n2 {"type":"broadcast","message":93,"msg_id":168}}
2023/03/04 09:07:56 Sent {"src":"n2","dest":"n1","body":{"type":"broadcast"}}
2023/03/04 09:07:56 Sent {"src":"n2","dest":"c12","body":{"in_reply_to":168,"type":"broadcast_ok"}}
2023/03/04 09:07:56 Received {c12 n2 {"type":"read","msg_id":169}}
2023/03/04 09:07:56 Sent {"src":"n2","dest":"c12","body":{"in_reply_to":169,"messages":[0,0,3,4,5,6,7,8,9,10,11,12,13,14,15,16,17,18,19,20,21,22,23,24,25,26,27,28,29,30,31,32,33,34,35,36,37,38,39,40,41,42,43,44,45,46,47,48,49,51,52,55,56,57,58,59,60,61,62,63,64,65,66,67,68,69,70,71,72,73,74,75,76,77,78,80,81,83,84,85,86,87,88,89,90,91,92,93],"type":"read_ok"}}
2023/03/04 09:07:56 Received {c12 n2 {"type":"read","msg_id":170}}
2023/03/04 09:07:56 Sent {"src":"n2","dest":"c12","body":{"in_reply_to":170,"messages":[0,0,3,4,5,6,7,8,9,10,11,12,13,14,15,16,17,18,19,20,21,22,23,24,25,26,27,28,29,30,31,32,33,34,35,36,37,38,39,40,41,42,43,44,45,46,47,48,49,51,52,55,56,57,58,59,60,61,62,63,64,65,66,67,68,69,70,71,72,73,74,75,76,77,78,80,81,83,84,85,86,87,88,89,90,91,92,93],"type":"read_ok"}}
2023/03/04 09:07:56 Received {c12 n2 {"type":"read","msg_id":171}}
2023/03/04 09:07:56 Sent {"src":"n2","dest":"c12","body":{"in_reply_to":171,"messages":[0,0,3,4,5,6,7,8,9,10,11,12,13,14,15,16,17,18,19,20,21,22,23,24,25,26,27,28,29,30,31,32,33,34,35,36,37,38,39,40,41,42,43,44,45,46,47,48,49,51,52,55,56,57,58,59,60,61,62,63,64,65,66,67,68,69,70,71,72,73,74,75,76,77,78,80,81,83,84,85,86,87,88,89,90,91,92,93],"type":"read_ok"}}
2023/03/04 09:07:56 Received {c12 n2 {"type":"broadcast","message":94,"msg_id":172}}
2023/03/04 09:07:56 Sent {"src":"n2","dest":"n1","body":{"type":"broadcast"}}
2023/03/04 09:07:56 Sent {"src":"n2","dest":"c12","body":{"in_reply_to":172,"type":"broadcast_ok"}}
2023/03/04 09:07:56 Received {c12 n2 {"type":"broadcast","message":95,"msg_id":173}}
2023/03/04 09:07:56 Sent {"src":"n2","dest":"n1","body":{"type":"broadcast"}}
2023/03/04 09:07:56 Sent {"src":"n2","dest":"c12","body":{"in_reply_to":173,"type":"broadcast_ok"}}
2023/03/04 09:07:56 Received {c12 n2 {"type":"broadcast","message":96,"msg_id":174}}
2023/03/04 09:07:56 Sent {"src":"n2","dest":"n1","body":{"type":"broadcast"}}
2023/03/04 09:07:56 Sent {"src":"n2","dest":"c12","body":{"in_reply_to":174,"type":"broadcast_ok"}}
2023/03/04 09:07:56 Received {c12 n2 {"type":"broadcast","message":97,"msg_id":175}}
2023/03/04 09:07:56 Sent {"src":"n2","dest":"n1","body":{"type":"broadcast"}}
2023/03/04 09:07:56 Sent {"src":"n2","dest":"c12","body":{"in_reply_to":175,"type":"broadcast_ok"}}
2023/03/04 09:07:57 Received {c12 n2 {"type":"broadcast","message":98,"msg_id":176}}
2023/03/04 09:07:57 Sent {"src":"n2","dest":"n1","body":{"type":"broadcast"}}
2023/03/04 09:07:57 Sent {"src":"n2","dest":"c12","body":{"in_reply_to":176,"type":"broadcast_ok"}}
2023/03/04 09:07:57 Received {c12 n2 {"type":"broadcast","message":99,"msg_id":177}}
2023/03/04 09:07:57 Sent {"src":"n2","dest":"n1","body":{"type":"broadcast"}}
2023/03/04 09:07:57 Sent {"src":"n2","dest":"c12","body":{"in_reply_to":177,"type":"broadcast_ok"}}
2023/03/04 09:07:57 Received {c12 n2 {"type":"broadcast","message":100,"msg_id":178}}
2023/03/04 09:07:57 Sent {"src":"n2","dest":"n1","body":{"type":"broadcast"}}
2023/03/04 09:07:57 Sent {"src":"n2","dest":"c12","body":{"in_reply_to":178,"type":"broadcast_ok"}}
2023/03/04 09:07:57 Received {c12 n2 {"type":"broadcast","message":101,"msg_id":179}}
2023/03/04 09:07:57 Sent {"src":"n2","dest":"n1","body":{"type":"broadcast"}}
2023/03/04 09:07:57 Sent {"src":"n2","dest":"c12","body":{"in_reply_to":179,"type":"broadcast_ok"}}
2023/03/04 09:07:57 Received {c12 n2 {"type":"broadcast","message":102,"msg_id":180}}
2023/03/04 09:07:57 Sent {"src":"n2","dest":"n1","body":{"type":"broadcast"}}
2023/03/04 09:07:57 Sent {"src":"n2","dest":"c12","body":{"in_reply_to":180,"type":"broadcast_ok"}}
2023/03/04 09:07:57 Received {c12 n2 {"type":"read","msg_id":181}}
2023/03/04 09:07:57 Sent {"src":"n2","dest":"c12","body":{"in_reply_to":181,"messages":[0,0,3,4,5,6,7,8,9,10,11,12,13,14,15,16,17,18,19,20,21,22,23,24,25,26,27,28,29,30,31,32,33,34,35,36,37,38,39,40,41,42,43,44,45,46,47,48,49,51,52,55,56,57,58,59,60,61,62,63,64,65,66,67,68,69,70,71,72,73,74,75,76,77,78,80,81,83,84,85,86,87,88,89,90,91,92,93,94,95,96,97,98,99,100,101,102],"type":"read_ok"}}
2023/03/04 09:07:57 Received {c12 n2 {"type":"broadcast","message":103,"msg_id":182}}
2023/03/04 09:07:57 Sent {"src":"n2","dest":"n1","body":{"type":"broadcast"}}
2023/03/04 09:07:57 Sent {"src":"n2","dest":"c12","body":{"in_reply_to":182,"type":"broadcast_ok"}}
2023/03/04 09:07:57 Received {c12 n2 {"type":"broadcast","message":104,"msg_id":183}}
2023/03/04 09:07:57 Sent {"src":"n2","dest":"n1","body":{"type":"broadcast"}}
2023/03/04 09:07:57 Sent {"src":"n2","dest":"c12","body":{"in_reply_to":183,"type":"broadcast_ok"}}
2023/03/04 09:07:57 Received {c12 n2 {"type":"broadcast","message":105,"msg_id":184}}
2023/03/04 09:07:57 Sent {"src":"n2","dest":"n1","body":{"type":"broadcast"}}
2023/03/04 09:07:57 Sent {"src":"n2","dest":"c12","body":{"in_reply_to":184,"type":"broadcast_ok"}}
2023/03/04 09:07:57 Received {c12 n2 {"type":"read","msg_id":185}}
2023/03/04 09:07:57 Sent {"src":"n2","dest":"c12","body":{"in_reply_to":185,"messages":[0,0,3,4,5,6,7,8,9,10,11,12,13,14,15,16,17,18,19,20,21,22,23,24,25,26,27,28,29,30,31,32,33,34,35,36,37,38,39,40,41,42,43,44,45,46,47,48,49,51,52,55,56,57,58,59,60,61,62,63,64,65,66,67,68,69,70,71,72,73,74,75,76,77,78,80,81,83,84,85,86,87,88,89,90,91,92,93,94,95,96,97,98,99,100,101,102,103,104,105],"type":"read_ok"}}
2023/03/04 09:07:58 Received {c12 n2 {"type":"broadcast","message":106,"msg_id":186}}
2023/03/04 09:07:58 Sent {"src":"n2","dest":"n1","body":{"type":"broadcast"}}
2023/03/04 09:07:58 Sent {"src":"n2","dest":"c12","body":{"in_reply_to":186,"type":"broadcast_ok"}}
2023/03/04 09:07:58 Received {c12 n2 {"type":"broadcast","message":107,"msg_id":187}}
2023/03/04 09:07:58 Sent {"src":"n2","dest":"n1","body":{"type":"broadcast"}}
2023/03/04 09:07:58 Sent {"src":"n2","dest":"c12","body":{"in_reply_to":187,"type":"broadcast_ok"}}
2023/03/04 09:07:58 Received {c12 n2 {"type":"broadcast","message":108,"msg_id":188}}
2023/03/04 09:07:58 Sent {"src":"n2","dest":"n1","body":{"type":"broadcast"}}
2023/03/04 09:07:58 Sent {"src":"n2","dest":"c12","body":{"in_reply_to":188,"type":"broadcast_ok"}}
2023/03/04 09:08:09 Received {c12 n2 {"type":"read","msg_id":189}}
2023/03/04 09:08:09 Sent {"src":"n2","dest":"c12","body":{"in_reply_to":189,"messages":[0,0,3,4,5,6,7,8,9,10,11,12,13,14,15,16,17,18,19,20,21,22,23,24,25,26,27,28,29,30,31,32,33,34,35,36,37,38,39,40,41,42,43,44,45,46,47,48,49,51,52,55,56,57,58,59,60,61,62,63,64,65,66,67,68,69,70,71,72,73,74,75,76,77,78,80,81,83,84,85,86,87,88,89,90,91,92,93,94,95,96,97,98,99,100,101,102,103,104,105,106,107,108],"type":"read_ok"}}
