2023/03/04 09:07:38 Received {c1 n4 {"type":"init","node_id":"n4","node_ids":["n0","n1","n2","n3","n4"],"msg_id":1}}
2023/03/04 09:07:38 Node n4 initialized
2023/03/04 09:07:38 Sent {"src":"n4","dest":"c1","body":{"in_reply_to":1,"type":"init_ok"}}
2023/03/04 09:07:38 Received {c9 n4 {"type":"topology","topology":{"n0":["n3","n1"],"n1":["n4","n2","n0"],"n2":["n1"],"n3":["n0","n4"],"n4":["n1","n3"]},"msg_id":1}}
2023/03/04 09:07:38 Sent {"src":"n4","dest":"c9","body":{"in_reply_to":1,"type":"topology_ok"}}
2023/03/04 09:07:38 Received {n1 n4 {"type":"broadcast"}}
2023/03/04 09:07:38 Sent {"src":"n4","dest":"n1","body":{"type":"broadcast"}}
2023/03/04 09:07:38 Sent {"src":"n4","dest":"n3","body":{"type":"broadcast"}}
2023/03/04 09:07:38 Sent {"src":"n4","dest":"n1","body":{"in_reply_to":0,"type":"broadcast_ok"}}
2023/03/04 09:07:38 Received {n3 n4 {"type":"broadcast"}}
2023/03/04 09:07:38 Sent {"src":"n4","dest":"n1","body":{"type":"broadcast"}}
2023/03/04 09:07:38 Sent {"src":"n4","dest":"n3","body":{"type":"broadcast"}}
2023/03/04 09:07:38 Sent {"src":"n4","dest":"n3","body":{"in_reply_to":0,"type":"broadcast_ok"}}
2023/03/04 09:07:38 Received {n1 n4 {"type":"broadcast"}}
2023/03/04 09:07:38 Sent {"src":"n4","dest":"n1","body":{"type":"broadcast"}}
2023/03/04 09:07:38 Sent {"src":"n4","dest":"n3","body":{"type":"broadcast"}}
2023/03/04 09:07:38 Sent {"src":"n4","dest":"n1","body":{"in_reply_to":0,"type":"broadcast_ok"}}
2023/03/04 09:07:38 Received {n3 n4 {"type":"broadcast"}}
2023/03/04 09:07:38 Received {n1 n4 {"in_reply_to":0,"type":"broadcast_ok"}}
2023/03/04 09:07:38 No handler for {"id":51,"src":"n1","dest":"n4","body":{"in_reply_to":0,"type":"broadcast_ok"}}
