2023/03/04 08:50:26 Received {c0 n0 {"type":"init","node_id":"n0","node_ids":["n0"],"msg_id":1}}
2023/03/04 08:50:26 Node n0 initialized
2023/03/04 08:50:26 Sent {"src":"n0","dest":"c0","body":{"in_reply_to":1,"type":"init_ok"}}
2023/03/04 08:50:26 Received {c1 n0 {"type":"topology","topology":{"n0":[]},"msg_id":1}}
2023/03/04 08:50:26 Sent {"src":"n0","dest":"c1","body":{"in_reply_to":1,"msg_id":1,"type":"topology_ok"}}
2023/03/04 08:50:26 Received {c2 n0 {"type":"broadcast","message":0,"msg_id":1}}
2023/03/04 08:50:26 Sent {"src":"n0","dest":"c2","body":{"in_reply_to":1,"message":0,"type":"broadcast_ok"}}
2023/03/04 08:50:26 Received {c3 n0 {"type":"broadcast","message":1,"msg_id":1}}
2023/03/04 08:50:26 Sent {"src":"n0","dest":"c3","body":{"in_reply_to":1,"message":1,"type":"broadcast_ok"}}
2023/03/04 08:50:26 Received {c4 n0 {"type":"broadcast","message":2,"msg_id":1}}
2023/03/04 08:50:26 Sent {"src":"n0","dest":"c4","body":{"in_reply_to":1,"message":2,"type":"broadcast_ok"}}
2023/03/04 08:50:26 Received {c5 n0 {"type":"broadcast","message":3,"msg_id":1}}
2023/03/04 08:50:26 Sent {"src":"n0","dest":"c5","body":{"in_reply_to":1,"message":3,"type":"broadcast_ok"}}
2023/03/04 08:50:27 Received {c6 n0 {"type":"read","msg_id":1}}
2023/03/04 08:50:27 Sent {"src":"n0","dest":"c6","body":{"in_reply_to":1,"messages":[0,1,2,3],"type":"read_ok"}}
2023/03/04 08:50:27 Received {c6 n0 {"type":"read","msg_id":2}}
2023/03/04 08:50:27 Sent {"src":"n0","dest":"c6","body":{"in_reply_to":2,"messages":[0,1,2,3],"type":"read_ok"}}
2023/03/04 08:50:27 Received {c6 n0 {"type":"read","msg_id":3}}
2023/03/04 08:50:27 Sent {"src":"n0","dest":"c6","body":{"in_reply_to":3,"messages":[0,1,2,3],"type":"read_ok"}}
2023/03/04 08:50:27 Received {c6 n0 {"type":"broadcast","message":4,"msg_id":4}}
2023/03/04 08:50:27 Sent {"src":"n0","dest":"c6","body":{"in_reply_to":4,"message":4,"type":"broadcast_ok"}}
2023/03/04 08:50:27 Received {c7 n0 {"type":"broadcast","message":5,"msg_id":1}}
2023/03/04 08:50:27 Sent {"src":"n0","dest":"c7","body":{"in_reply_to":1,"message":5,"type":"broadcast_ok"}}
2023/03/04 08:50:27 Received {c8 n0 {"type":"broadcast","message":6,"msg_id":1}}
2023/03/04 08:50:27 Sent {"src":"n0","dest":"c8","body":{"in_reply_to":1,"message":6,"type":"broadcast_ok"}}
2023/03/04 08:50:27 Received {c9 n0 {"type":"broadcast","message":7,"msg_id":1}}
2023/03/04 08:50:27 Sent {"src":"n0","dest":"c9","body":{"in_reply_to":1,"message":7,"type":"broadcast_ok"}}
2023/03/04 08:50:27 Received {c10 n0 {"type":"broadcast","message":8,"msg_id":1}}
2023/03/04 08:50:27 Sent {"src":"n0","dest":"c10","body":{"in_reply_to":1,"message":8,"type":"broadcast_ok"}}
2023/03/04 08:50:27 Received {c11 n0 {"type":"read","msg_id":1}}
2023/03/04 08:50:27 Sent {"src":"n0","dest":"c11","body":{"in_reply_to":1,"messages":[0,1,2,3,4,5,6,7,8],"type":"read_ok"}}
2023/03/04 08:50:27 Received {c11 n0 {"type":"broadcast","message":9,"msg_id":2}}
2023/03/04 08:50:27 Sent {"src":"n0","dest":"c11","body":{"in_reply_to":2,"message":9,"type":"broadcast_ok"}}
2023/03/04 08:50:28 Received {c12 n0 {"type":"read","msg_id":1}}
2023/03/04 08:50:28 Sent {"src":"n0","dest":"c12","body":{"in_reply_to":1,"messages":[0,1,2,3,4,5,6,7,8,9],"type":"read_ok"}}
2023/03/04 08:50:28 Received {c12 n0 {"type":"broadcast","message":10,"msg_id":2}}
2023/03/04 08:50:28 Sent {"src":"n0","dest":"c12","body":{"in_reply_to":2,"message":10,"type":"broadcast_ok"}}
2023/03/04 08:50:28 Received {c13 n0 {"type":"read","msg_id":1}}
2023/03/04 08:50:28 Sent {"src":"n0","dest":"c13","body":{"in_reply_to":1,"messages":[0,1,2,3,4,5,6,7,8,9,10],"type":"read_ok"}}
2023/03/04 08:50:28 Received {c13 n0 {"type":"read","msg_id":2}}
2023/03/04 08:50:28 Sent {"src":"n0","dest":"c13","body":{"in_reply_to":2,"messages":[0,1,2,3,4,5,6,7,8,9,10],"type":"read_ok"}}
2023/03/04 08:50:28 Received {c13 n0 {"type":"broadcast","message":11,"msg_id":3}}
2023/03/04 08:50:28 Sent {"src":"n0","dest":"c13","body":{"in_reply_to":3,"message":11,"type":"broadcast_ok"}}
2023/03/04 08:50:28 Received {c14 n0 {"type":"read","msg_id":1}}
2023/03/04 08:50:28 Sent {"src":"n0","dest":"c14","body":{"in_reply_to":1,"messages":[0,1,2,3,4,5,6,7,8,9,10,11],"type":"read_ok"}}
2023/03/04 08:50:28 Received {c14 n0 {"type":"broadcast","message":12,"msg_id":2}}
2023/03/04 08:50:28 Sent {"src":"n0","dest":"c14","body":{"in_reply_to":2,"message":12,"type":"broadcast_ok"}}
2023/03/04 08:50:28 Received {c15 n0 {"type":"read","msg_id":1}}
2023/03/04 08:50:28 Sent {"src":"n0","dest":"c15","body":{"in_reply_to":1,"messages":[0,1,2,3,4,5,6,7,8,9,10,11,12],"type":"read_ok"}}
2023/03/04 08:50:28 Received {c15 n0 {"type":"read","msg_id":2}}
2023/03/04 08:50:28 Sent {"src":"n0","dest":"c15","body":{"in_reply_to":2,"messages":[0,1,2,3,4,5,6,7,8,9,10,11,12],"type":"read_ok"}}
2023/03/04 08:50:28 Received {c15 n0 {"type":"read","msg_id":3}}
2023/03/04 08:50:28 Sent {"src":"n0","dest":"c15","body":{"in_reply_to":3,"messages":[0,1,2,3,4,5,6,7,8,9,10,11,12],"type":"read_ok"}}
2023/03/04 08:50:29 Received {c15 n0 {"type":"broadcast","message":13,"msg_id":4}}
2023/03/04 08:50:29 Sent {"src":"n0","dest":"c15","body":{"in_reply_to":4,"message":13,"type":"broadcast_ok"}}
2023/03/04 08:50:29 Received {c16 n0 {"type":"read","msg_id":1}}
2023/03/04 08:50:29 Sent {"src":"n0","dest":"c16","body":{"in_reply_to":1,"messages":[0,1,2,3,4,5,6,7,8,9,10,11,12,13],"type":"read_ok"}}
2023/03/04 08:50:29 Received {c16 n0 {"type":"broadcast","message":14,"msg_id":2}}
2023/03/04 08:50:29 Sent {"src":"n0","dest":"c16","body":{"in_reply_to":2,"message":14,"type":"broadcast_ok"}}
2023/03/04 08:50:29 Received {c17 n0 {"type":"read","msg_id":1}}
2023/03/04 08:50:29 Sent {"src":"n0","dest":"c17","body":{"in_reply_to":1,"messages":[0,1,2,3,4,5,6,7,8,9,10,11,12,13,14],"type":"read_ok"}}
2023/03/04 08:50:29 Received {c17 n0 {"type":"read","msg_id":2}}
2023/03/04 08:50:29 Sent {"src":"n0","dest":"c17","body":{"in_reply_to":2,"messages":[0,1,2,3,4,5,6,7,8,9,10,11,12,13,14],"type":"read_ok"}}
2023/03/04 08:50:29 Received {c17 n0 {"type":"broadcast","message":15,"msg_id":3}}
2023/03/04 08:50:29 Sent {"src":"n0","dest":"c17","body":{"in_reply_to":3,"message":15,"type":"broadcast_ok"}}
2023/03/04 08:50:29 Received {c18 n0 {"type":"read","msg_id":1}}
2023/03/04 08:50:29 Sent {"src":"n0","dest":"c18","body":{"in_reply_to":1,"messages":[0,1,2,3,4,5,6,7,8,9,10,11,12,13,14,15],"type":"read_ok"}}
2023/03/04 08:50:30 Received {c18 n0 {"type":"read","msg_id":2}}
2023/03/04 08:50:30 Sent {"src":"n0","dest":"c18","body":{"in_reply_to":2,"messages":[0,1,2,3,4,5,6,7,8,9,10,11,12,13,14,15],"type":"read_ok"}}
2023/03/04 08:50:30 Received {c18 n0 {"type":"broadcast","message":16,"msg_id":3}}
2023/03/04 08:50:30 Sent {"src":"n0","dest":"c18","body":{"in_reply_to":3,"message":16,"type":"broadcast_ok"}}
2023/03/04 08:50:30 Received {c19 n0 {"type":"read","msg_id":1}}
2023/03/04 08:50:30 Sent {"src":"n0","dest":"c19","body":{"in_reply_to":1,"messages":[0,1,2,3,4,5,6,7,8,9,10,11,12,13,14,15,16],"type":"read_ok"}}
2023/03/04 08:50:30 Received {c19 n0 {"type":"broadcast","message":17,"msg_id":2}}
2023/03/04 08:50:30 Sent {"src":"n0","dest":"c19","body":{"in_reply_to":2,"message":17,"type":"broadcast_ok"}}
2023/03/04 08:50:30 Received {c20 n0 {"type":"read","msg_id":1}}
2023/03/04 08:50:30 Sent {"src":"n0","dest":"c20","body":{"in_reply_to":1,"messages":[0,1,2,3,4,5,6,7,8,9,10,11,12,13,14,15,16,17],"type":"read_ok"}}
2023/03/04 08:50:30 Received {c20 n0 {"type":"broadcast","message":18,"msg_id":2}}
2023/03/04 08:50:30 Sent {"src":"n0","dest":"c20","body":{"in_reply_to":2,"message":18,"type":"broadcast_ok"}}
2023/03/04 08:50:30 Received {c21 n0 {"type":"read","msg_id":1}}
2023/03/04 08:50:30 Sent {"src":"n0","dest":"c21","body":{"in_reply_to":1,"messages":[0,1,2,3,4,5,6,7,8,9,10,11,12,13,14,15,16,17,18],"type":"read_ok"}}
2023/03/04 08:50:30 Received {c21 n0 {"type":"broadcast","message":19,"msg_id":2}}
2023/03/04 08:50:30 Sent {"src":"n0","dest":"c21","body":{"in_reply_to":2,"message":19,"type":"broadcast_ok"}}
2023/03/04 08:50:31 Received {c22 n0 {"type":"broadcast","message":20,"msg_id":1}}
2023/03/04 08:50:31 Sent {"src":"n0","dest":"c22","body":{"in_reply_to":1,"message":20,"type":"broadcast_ok"}}
2023/03/04 08:50:31 Received {c23 n0 {"type":"read","msg_id":1}}
2023/03/04 08:50:31 Sent {"src":"n0","dest":"c23","body":{"in_reply_to":1,"messages":[0,1,2,3,4,5,6,7,8,9,10,11,12,13,14,15,16,17,18,19,20],"type":"read_ok"}}
2023/03/04 08:50:31 Received {c23 n0 {"type":"read","msg_id":2}}
2023/03/04 08:50:31 Sent {"src":"n0","dest":"c23","body":{"in_reply_to":2,"messages":[0,1,2,3,4,5,6,7,8,9,10,11,12,13,14,15,16,17,18,19,20],"type":"read_ok"}}
2023/03/04 08:50:31 Received {c23 n0 {"type":"broadcast","message":21,"msg_id":3}}
2023/03/04 08:50:31 Sent {"src":"n0","dest":"c23","body":{"in_reply_to":3,"message":21,"type":"broadcast_ok"}}
2023/03/04 08:50:31 Received {c24 n0 {"type":"broadcast","message":22,"msg_id":1}}
2023/03/04 08:50:31 Sent {"src":"n0","dest":"c24","body":{"in_reply_to":1,"message":22,"type":"broadcast_ok"}}
2023/03/04 08:50:31 Received {c25 n0 {"type":"read","msg_id":1}}
2023/03/04 08:50:31 Sent {"src":"n0","dest":"c25","body":{"in_reply_to":1,"messages":[0,1,2,3,4,5,6,7,8,9,10,11,12,13,14,15,16,17,18,19,20,21,22],"type":"read_ok"}}
2023/03/04 08:50:31 Received {c25 n0 {"type":"broadcast","message":23,"msg_id":2}}
2023/03/04 08:50:31 Sent {"src":"n0","dest":"c25","body":{"in_reply_to":2,"message":23,"type":"broadcast_ok"}}
2023/03/04 08:50:31 Received {c26 n0 {"type":"broadcast","message":24,"msg_id":1}}
2023/03/04 08:50:31 Sent {"src":"n0","dest":"c26","body":{"in_reply_to":1,"message":24,"type":"broadcast_ok"}}
2023/03/04 08:50:31 Received {c27 n0 {"type":"broadcast","message":25,"msg_id":1}}
2023/03/04 08:50:31 Sent {"src":"n0","dest":"c27","body":{"in_reply_to":1,"message":25,"type":"broadcast_ok"}}
2023/03/04 08:50:31 Received {c28 n0 {"type":"broadcast","message":26,"msg_id":1}}
2023/03/04 08:50:31 Sent {"src":"n0","dest":"c28","body":{"in_reply_to":1,"message":26,"type":"broadcast_ok"}}
2023/03/04 08:50:31 Received {c29 n0 {"type":"broadcast","message":27,"msg_id":1}}
2023/03/04 08:50:31 Sent {"src":"n0","dest":"c29","body":{"in_reply_to":1,"message":27,"type":"broadcast_ok"}}
2023/03/04 08:50:31 Received {c30 n0 {"type":"broadcast","message":28,"msg_id":1}}
2023/03/04 08:50:31 Sent {"src":"n0","dest":"c30","body":{"in_reply_to":1,"message":28,"type":"broadcast_ok"}}
2023/03/04 08:50:32 Received {c31 n0 {"type":"broadcast","message":29,"msg_id":1}}
2023/03/04 08:50:32 Sent {"src":"n0","dest":"c31","body":{"in_reply_to":1,"message":29,"type":"broadcast_ok"}}
2023/03/04 08:50:32 Received {c32 n0 {"type":"read","msg_id":1}}
2023/03/04 08:50:32 Sent {"src":"n0","dest":"c32","body":{"in_reply_to":1,"messages":[0,1,2,3,4,5,6,7,8,9,10,11,12,13,14,15,16,17,18,19,20,21,22,23,24,25,26,27,28,29],"type":"read_ok"}}
