2023/03/03 17:35:43 Received {c0 n0 {"type":"init","node_id":"n0","node_ids":["n0"],"msg_id":1}}
2023/03/03 17:35:43 Node n0 initialized
2023/03/03 17:35:43 Sent {"src":"n0","dest":"c0","body":{"in_reply_to":1,"type":"init_ok"}}
2023/03/03 17:35:43 Received {c1 n0 {"type":"topology","topology":{"n0":[]},"msg_id":1}}
2023/03/03 17:35:43 Sent {"src":"n0","dest":"c1","body":{"in_reply_to":1,"msg_id":1,"type":"topology_ok"}}
2023/03/03 17:35:43 Received {c2 n0 {"type":"broadcast","message":0,"msg_id":1}}
2023/03/03 17:35:43 Sent {"src":"n0","dest":"c2","body":{"in_reply_to":1,"type":"broadcast_ok"}}
2023/03/03 17:35:43 Received {c2 n0 {"type":"read","msg_id":2}}
2023/03/03 17:35:43 Sent {"src":"n0","dest":"c2","body":{"in_reply_to":2,"messages":[0,0],"type":"read_ok"}}
2023/03/03 17:35:43 Received {c2 n0 {"type":"read","msg_id":3}}
2023/03/03 17:35:43 Sent {"src":"n0","dest":"c2","body":{"in_reply_to":3,"messages":[0,0],"type":"read_ok"}}
2023/03/03 17:35:43 Received {c2 n0 {"type":"read","msg_id":4}}
2023/03/03 17:35:43 Sent {"src":"n0","dest":"c2","body":{"in_reply_to":4,"messages":[0,0],"type":"read_ok"}}
2023/03/03 17:35:43 Received {c2 n0 {"type":"read","msg_id":5}}
2023/03/03 17:35:43 Sent {"src":"n0","dest":"c2","body":{"in_reply_to":5,"messages":[0,0],"type":"read_ok"}}
2023/03/03 17:35:43 Received {c2 n0 {"type":"broadcast","message":1,"msg_id":6}}
2023/03/03 17:35:43 Sent {"src":"n0","dest":"c2","body":{"in_reply_to":6,"type":"broadcast_ok"}}
2023/03/03 17:35:44 Received {c2 n0 {"type":"read","msg_id":7}}
2023/03/03 17:35:44 Sent {"src":"n0","dest":"c2","body":{"in_reply_to":7,"messages":[0,0],"type":"read_ok"}}
2023/03/03 17:35:44 Received {c2 n0 {"type":"read","msg_id":8}}
2023/03/03 17:35:44 Sent {"src":"n0","dest":"c2","body":{"in_reply_to":8,"messages":[0,0],"type":"read_ok"}}
2023/03/03 17:35:44 Received {c2 n0 {"type":"read","msg_id":9}}
2023/03/03 17:35:44 Sent {"src":"n0","dest":"c2","body":{"in_reply_to":9,"messages":[0,0],"type":"read_ok"}}
2023/03/03 17:35:44 Received {c2 n0 {"type":"read","msg_id":10}}
2023/03/03 17:35:44 Sent {"src":"n0","dest":"c2","body":{"in_reply_to":10,"messages":[0,0],"type":"read_ok"}}
2023/03/03 17:35:44 Received {c2 n0 {"type":"read","msg_id":11}}
2023/03/03 17:35:44 Sent {"src":"n0","dest":"c2","body":{"in_reply_to":11,"messages":[0,0],"type":"read_ok"}}
2023/03/03 17:35:44 Received {c2 n0 {"type":"broadcast","message":2,"msg_id":12}}
2023/03/03 17:35:44 Sent {"src":"n0","dest":"c2","body":{"in_reply_to":12,"type":"broadcast_ok"}}
2023/03/03 17:35:44 Received {c2 n0 {"type":"read","msg_id":13}}
2023/03/03 17:35:44 Sent {"src":"n0","dest":"c2","body":{"in_reply_to":13,"messages":[0,0],"type":"read_ok"}}
2023/03/03 17:35:44 Received {c2 n0 {"type":"read","msg_id":14}}
2023/03/03 17:35:44 Sent {"src":"n0","dest":"c2","body":{"in_reply_to":14,"messages":[0,0],"type":"read_ok"}}
2023/03/03 17:35:44 Received {c2 n0 {"type":"read","msg_id":15}}
2023/03/03 17:35:44 Sent {"src":"n0","dest":"c2","body":{"in_reply_to":15,"messages":[0,0],"type":"read_ok"}}
