2023/03/03 17:18:21 Received {c0 n0 {"type":"init","node_id":"n0","node_ids":["n0"],"msg_id":1}}
2023/03/03 17:18:21 Node n0 initialized
2023/03/03 17:18:21 Sent {"src":"n0","dest":"c0","body":{"in_reply_to":1,"type":"init_ok"}}
2023/03/03 17:18:21 Received {c1 n0 {"type":"topology","topology":{"n0":[]},"msg_id":1}}
2023/03/03 17:18:21 Sent {"src":"n0","dest":"c1","body":{"in_reply_to":1,"msg_id":1,"type":"topology_ok"}}
2023/03/03 17:18:21 Received {c2 n0 {"type":"broadcast","message":0,"msg_id":1}}
2023/03/03 17:18:21 Sent {"src":"n0","dest":"c2","body":{"in_reply_to":1,"msg_id":1,"type":"broadcast_ok"}}
2023/03/03 17:18:21 Received {c2 n0 {"type":"read","msg_id":2}}
2023/03/03 17:18:21 Sent {"src":"n0","dest":"c2","body":{"in_reply_to":2,"messages":[],"msg_id":2,"type":"read_ok"}}
2023/03/03 17:18:21 Received {c2 n0 {"type":"broadcast","message":1,"msg_id":3}}
2023/03/03 17:18:21 Sent {"src":"n0","dest":"c2","body":{"in_reply_to":3,"msg_id":3,"type":"broadcast_ok"}}
2023/03/03 17:18:22 Received {c2 n0 {"type":"broadcast","message":2,"msg_id":4}}
2023/03/03 17:18:22 Sent {"src":"n0","dest":"c2","body":{"in_reply_to":4,"msg_id":4,"type":"broadcast_ok"}}
2023/03/03 17:18:22 Received {c2 n0 {"type":"broadcast","message":3,"msg_id":5}}
2023/03/03 17:18:22 Sent {"src":"n0","dest":"c2","body":{"in_reply_to":5,"msg_id":5,"type":"broadcast_ok"}}
2023/03/03 17:18:22 Received {c2 n0 {"type":"broadcast","message":4,"msg_id":6}}
2023/03/03 17:18:22 Sent {"src":"n0","dest":"c2","body":{"in_reply_to":6,"msg_id":6,"type":"broadcast_ok"}}
2023/03/03 17:18:22 Received {c2 n0 {"type":"read","msg_id":7}}
2023/03/03 17:18:22 Sent {"src":"n0","dest":"c2","body":{"in_reply_to":7,"messages":[],"msg_id":7,"type":"read_ok"}}
2023/03/03 17:18:22 Received {c2 n0 {"type":"read","msg_id":8}}
2023/03/03 17:18:22 Sent {"src":"n0","dest":"c2","body":{"in_reply_to":8,"messages":[],"msg_id":8,"type":"read_ok"}}
2023/03/03 17:18:22 Received {c2 n0 {"type":"broadcast","message":5,"msg_id":9}}
2023/03/03 17:18:22 Sent {"src":"n0","dest":"c2","body":{"in_reply_to":9,"msg_id":9,"type":"broadcast_ok"}}
2023/03/03 17:18:22 Received {c2 n0 {"type":"broadcast","message":6,"msg_id":10}}
2023/03/03 17:18:22 Sent {"src":"n0","dest":"c2","body":{"in_reply_to":10,"msg_id":10,"type":"broadcast_ok"}}
2023/03/03 17:18:22 Received {c2 n0 {"type":"broadcast","message":7,"msg_id":11}}
2023/03/03 17:18:22 Sent {"src":"n0","dest":"c2","body":{"in_reply_to":11,"msg_id":11,"type":"broadcast_ok"}}
2023/03/03 17:18:22 Received {c2 n0 {"type":"broadcast","message":8,"msg_id":12}}
2023/03/03 17:18:22 Sent {"src":"n0","dest":"c2","body":{"in_reply_to":12,"msg_id":12,"type":"broadcast_ok"}}
2023/03/03 17:18:23 Received {c2 n0 {"type":"read","msg_id":13}}
2023/03/03 17:18:23 Sent {"src":"n0","dest":"c2","body":{"in_reply_to":13,"messages":[],"msg_id":13,"type":"read_ok"}}
2023/03/03 17:18:23 Received {c2 n0 {"type":"broadcast","message":9,"msg_id":14}}
2023/03/03 17:18:23 Sent {"src":"n0","dest":"c2","body":{"in_reply_to":14,"msg_id":14,"type":"broadcast_ok"}}
2023/03/03 17:18:23 Received {c2 n0 {"type":"broadcast","message":10,"msg_id":15}}
2023/03/03 17:18:23 Sent {"src":"n0","dest":"c2","body":{"in_reply_to":15,"msg_id":15,"type":"broadcast_ok"}}
2023/03/03 17:18:23 Received {c2 n0 {"type":"broadcast","message":11,"msg_id":16}}
2023/03/03 17:18:23 Sent {"src":"n0","dest":"c2","body":{"in_reply_to":16,"msg_id":16,"type":"broadcast_ok"}}
2023/03/03 17:18:23 Received {c2 n0 {"type":"read","msg_id":17}}
2023/03/03 17:18:23 Sent {"src":"n0","dest":"c2","body":{"in_reply_to":17,"messages":[],"msg_id":17,"type":"read_ok"}}
2023/03/03 17:18:23 Received {c2 n0 {"type":"read","msg_id":18}}
2023/03/03 17:18:23 Sent {"src":"n0","dest":"c2","body":{"in_reply_to":18,"messages":[],"msg_id":18,"type":"read_ok"}}
2023/03/03 17:18:23 Received {c2 n0 {"type":"read","msg_id":19}}
2023/03/03 17:18:23 Sent {"src":"n0","dest":"c2","body":{"in_reply_to":19,"messages":[],"msg_id":19,"type":"read_ok"}}
2023/03/03 17:18:23 Received {c2 n0 {"type":"read","msg_id":20}}
2023/03/03 17:18:23 Sent {"src":"n0","dest":"c2","body":{"in_reply_to":20,"messages":[],"msg_id":20,"type":"read_ok"}}
2023/03/03 17:18:24 Received {c2 n0 {"type":"broadcast","message":12,"msg_id":21}}
2023/03/03 17:18:24 Sent {"src":"n0","dest":"c2","body":{"in_reply_to":21,"msg_id":21,"type":"broadcast_ok"}}
2023/03/03 17:18:24 Received {c2 n0 {"type":"read","msg_id":22}}
2023/03/03 17:18:24 Sent {"src":"n0","dest":"c2","body":{"in_reply_to":22,"messages":[],"msg_id":22,"type":"read_ok"}}
2023/03/03 17:18:24 Received {c2 n0 {"type":"broadcast","message":13,"msg_id":23}}
2023/03/03 17:18:24 Sent {"src":"n0","dest":"c2","body":{"in_reply_to":23,"msg_id":23,"type":"broadcast_ok"}}
2023/03/03 17:18:24 Received {c2 n0 {"type":"read","msg_id":24}}
2023/03/03 17:18:24 Sent {"src":"n0","dest":"c2","body":{"in_reply_to":24,"messages":[],"msg_id":24,"type":"read_ok"}}
2023/03/03 17:18:24 Received {c2 n0 {"type":"broadcast","message":14,"msg_id":25}}
2023/03/03 17:18:24 Sent {"src":"n0","dest":"c2","body":{"in_reply_to":25,"msg_id":25,"type":"broadcast_ok"}}
2023/03/03 17:18:24 Received {c2 n0 {"type":"broadcast","message":15,"msg_id":26}}
2023/03/03 17:18:24 Sent {"src":"n0","dest":"c2","body":{"in_reply_to":26,"msg_id":26,"type":"broadcast_ok"}}
2023/03/03 17:18:24 Received {c2 n0 {"type":"broadcast","message":16,"msg_id":27}}
2023/03/03 17:18:24 Sent {"src":"n0","dest":"c2","body":{"in_reply_to":27,"msg_id":27,"type":"broadcast_ok"}}
2023/03/03 17:18:24 Received {c2 n0 {"type":"broadcast","message":17,"msg_id":28}}
2023/03/03 17:18:24 Sent {"src":"n0","dest":"c2","body":{"in_reply_to":28,"msg_id":28,"type":"broadcast_ok"}}
2023/03/03 17:18:24 Received {c2 n0 {"type":"read","msg_id":29}}
2023/03/03 17:18:24 Sent {"src":"n0","dest":"c2","body":{"in_reply_to":29,"messages":[],"msg_id":29,"type":"read_ok"}}
2023/03/03 17:18:24 Received {c2 n0 {"type":"broadcast","message":18,"msg_id":30}}
2023/03/03 17:18:24 Sent {"src":"n0","dest":"c2","body":{"in_reply_to":30,"msg_id":30,"type":"broadcast_ok"}}
2023/03/03 17:18:25 Received {c2 n0 {"type":"read","msg_id":31}}
2023/03/03 17:18:25 Sent {"src":"n0","dest":"c2","body":{"in_reply_to":31,"messages":[],"msg_id":31,"type":"read_ok"}}
2023/03/03 17:18:25 Received {c2 n0 {"type":"broadcast","message":19,"msg_id":32}}
2023/03/03 17:18:25 Sent {"src":"n0","dest":"c2","body":{"in_reply_to":32,"msg_id":32,"type":"broadcast_ok"}}
2023/03/03 17:18:25 Received {c2 n0 {"type":"broadcast","message":20,"msg_id":33}}
2023/03/03 17:18:25 Sent {"src":"n0","dest":"c2","body":{"in_reply_to":33,"msg_id":33,"type":"broadcast_ok"}}
