2023-03-03 17:04:51,272{GMT}	INFO	[jepsen test runner] jepsen.core: Test version 107bec742b20def7dd46ccfa2f0a350c542ba4cf (plus uncommitted changes)
2023-03-03 17:04:51,273{GMT}	INFO	[jepsen test runner] jepsen.core: Command line:
lein run test -w broadcast --bin /home/jln/.go/bin/maelstrom-broadcast --node-count 1 --time-limit 20 --rate 10
2023-03-03 17:04:51,339{GMT}	INFO	[jepsen test runner] jepsen.core: Running test:
{:args []
 :remote
 #jepsen.control.retry.Remote{:remote #jepsen.control.scp.Remote{:cmd-remote #jepsen.control.sshj.SSHJRemote{:concurrency-limit 6,
                                                                                                             :conn-spec nil,
                                                                                                             :client nil,
                                                                                                             :semaphore nil},
                                                                 :conn-spec nil},
                              :conn nil}
 :log-net-send false
 :node-count 1
 :availability nil
 :max-txn-length 4
 :concurrency 1
 :db
 #object[maelstrom.db$db$reify__16142
         "0x4a03c4bc"
         "maelstrom.db$db$reify__16142@4a03c4bc"]
 :max-writes-per-key 16
 :leave-db-running? false
 :name "broadcast"
 :logging-json? false
 :start-time
 #object[org.joda.time.DateTime "0x453ca7f" "2023-03-03T17:04:51.261-05:00"]
 :nemesis-interval 10
 :net
 #object[maelstrom.net$jepsen_net$reify__15251
         "0x5d41b929"
         "maelstrom.net$jepsen_net$reify__15251@5d41b929"]
 :client
 #object[maelstrom.workload.broadcast$client$reify__16644
         "0x6dd0e2f4"
         "maelstrom.workload.broadcast$client$reify__16644@6dd0e2f4"]
 :barrier
 #object[java.util.concurrent.CyclicBarrier
         "0x333813e7"
         "java.util.concurrent.CyclicBarrier@333813e7"]
 :log-stderr false
 :pure-generators true
 :ssh {:dummy? true}
 :rate 10.0
 :checker
 #object[jepsen.checker$compose$reify__11881
         "0x292237cd"
         "jepsen.checker$compose$reify__11881@292237cd"]
 :argv
 ("test"
  "-w"
  "broadcast"
  "--bin"
  "/home/jln/.go/bin/maelstrom-broadcast"
  "--node-count"
  "1"
  "--time-limit"
  "20"
  "--rate"
  "10")
 :nemesis
 (jepsen.nemesis.ReflCompose
  {:fm {:start-partition 0,
        :stop-partition 0,
        :kill 1,
        :start 1,
        :pause 1,
        :resume 1},
   :nemeses [#unprintable "jepsen.nemesis.combined$partition_nemesis$reify__16416@797a5b31"
             #unprintable "jepsen.nemesis.combined$db_nemesis$reify__16397@13d7d1a8"]})
 :nodes ["n0"]
 :test-count 1
 :latency {:mean 0, :dist :constant}
 :bin "/home/jln/.go/bin/maelstrom-broadcast"
 :generator
 ((jepsen.generator.Synchronize
   {:gen (jepsen.generator.TimeLimit
          {:limit 20000000000,
           :cutoff nil,
           :gen (jepsen.generator.Any
                 {:gens [(jepsen.generator.OnThreads
                          {:f #{:nemesis},
                           :context-filter #object[jepsen.generator.context$make_thread_filter$lazy_filter__9167
                                                   "0x72e4905c"
                                                   "jepsen.generator.context$make_thread_filter$lazy_filter__9167@72e4905c"],
                           :gen nil})
                         (jepsen.generator.OnThreads
                          {:f #jepsen.generator.context.AllBut{:element :nemesis},
                           :context-filter #object[jepsen.generator.context$make_thread_filter$lazy_filter__9167
                                                   "0x279b83ea"
                                                   "jepsen.generator.context$make_thread_filter$lazy_filter__9167@279b83ea"],
                           :gen (jepsen.generator.Stagger
                                 {:dt 200000000,
                                  :next-time nil,
                                  :gen (jepsen.generator.Mix
                                        {:i 0,
                                         :gens [({:f :broadcast, :value 0}
                                                 {:f :broadcast, :value 1}
                                                 {:f :broadcast, :value 2}
                                                 {:f :broadcast, :value 3}
                                                 {:f :broadcast, :value 4}
                                                 {:f :broadcast, :value 5}
                                                 {:f :broadcast, :value 6}
                                                 {:f :broadcast, :value 7}
                                                 ...)
                                                ({:f :read}
                                                 {:f :read}
                                                 {:f :read}
                                                 {:f :read}
                                                 {:f :read}
                                                 {:f :read}
                                                 {:f :read}
                                                 {:f :read}
                                                 ...)]})})})]})})})
  (jepsen.generator.Synchronize
   {:gen (jepsen.generator.OnThreads
          {:f #{:nemesis},
           :context-filter #object[jepsen.generator.context$make_thread_filter$lazy_filter__9167
                                   "0x40f40221"
                                   "jepsen.generator.context$make_thread_filter$lazy_filter__9167@40f40221"],
           :gen ()})})
  (jepsen.generator.Synchronize
   {:gen {:type :log, :value "Waiting for recovery..."}})
  (jepsen.generator.Synchronize {:gen {:type :sleep, :value 10}})
  (jepsen.generator.Synchronize
   {:gen (jepsen.generator.OnThreads
          {:f #jepsen.generator.context.AllBut{:element :nemesis},
           :context-filter #object[jepsen.generator.context$make_thread_filter$lazy_filter__9167
                                   "0x16441c13"
                                   "jepsen.generator.context$make_thread_filter$lazy_filter__9167@16441c13"],
           :gen (jepsen.generator.EachThread
                 {:fresh-gen {:f :read, :final? true},
                  :context-filters #object[clojure.core$promise$reify__8591
                                           "0x6d3b59e2"
                                           {:status :pending, :val nil}],
                  :gens {}})})}))
 :log-net-recv false
 :os
 #object[maelstrom.net$jepsen_os$reify__15254
         "0x164dfad2"
         "maelstrom.net$jepsen_os$reify__15254@164dfad2"]
 :time-limit 20
 :workload :broadcast
 :consistency-models [:strict-serializable]
 :topology :grid}

2023-03-03 17:04:52,441{GMT}	INFO	[jepsen node n0] maelstrom.net: Starting Maelstrom network
2023-03-03 17:04:52,442{GMT}	INFO	[jepsen test runner] jepsen.db: Tearing down DB
2023-03-03 17:04:52,442{GMT}	INFO	[jepsen test runner] jepsen.db: Setting up DB
2023-03-03 17:04:52,444{GMT}	INFO	[jepsen node n0] maelstrom.service: Starting services: (lin-kv lin-tso lww-kv seq-kv)
2023-03-03 17:04:52,444{GMT}	INFO	[jepsen node n0] maelstrom.db: Setting up n0
2023-03-03 17:04:52,445{GMT}	INFO	[jepsen node n0] maelstrom.process: launching /home/jln/.go/bin/maelstrom-broadcast []
2023-03-03 17:04:52,458{GMT}	INFO	[jepsen test runner] jepsen.core: Relative time begins now
2023-03-03 17:04:52,467{GMT}	INFO	[jepsen worker 0] jepsen.util: 0	:invoke	:broadcast	0
2023-03-03 17:04:52,468{GMT}	INFO	[jepsen worker 0] jepsen.util: 0	:ok	:broadcast	0
2023-03-03 17:04:52,562{GMT}	INFO	[jepsen worker 0] jepsen.util: 0	:invoke	:read	nil
2023-03-03 17:04:52,564{GMT}	INFO	[jepsen worker 0] jepsen.util: 0	:ok	:read	[]
2023-03-03 17:04:52,688{GMT}	INFO	[jepsen worker 0] jepsen.util: 0	:invoke	:broadcast	1
2023-03-03 17:04:52,689{GMT}	INFO	[jepsen worker 0] jepsen.util: 0	:ok	:broadcast	1
2023-03-03 17:04:52,750{GMT}	INFO	[jepsen worker 0] jepsen.util: 0	:invoke	:read	nil
2023-03-03 17:04:52,751{GMT}	INFO	[jepsen worker 0] jepsen.util: 0	:ok	:read	[]
2023-03-03 17:04:52,785{GMT}	INFO	[jepsen worker 0] jepsen.util: 0	:invoke	:read	nil
2023-03-03 17:04:52,786{GMT}	INFO	[jepsen worker 0] jepsen.util: 0	:ok	:read	[]
2023-03-03 17:04:52,959{GMT}	INFO	[jepsen worker 0] jepsen.util: 0	:invoke	:read	nil
2023-03-03 17:04:52,961{GMT}	INFO	[jepsen worker 0] jepsen.util: 0	:ok	:read	[]
2023-03-03 17:04:52,997{GMT}	INFO	[jepsen worker 0] jepsen.util: 0	:invoke	:broadcast	2
2023-03-03 17:04:52,998{GMT}	INFO	[jepsen worker 0] jepsen.util: 0	:ok	:broadcast	2
2023-03-03 17:04:53,063{GMT}	INFO	[jepsen worker 0] jepsen.util: 0	:invoke	:read	nil
2023-03-03 17:04:53,065{GMT}	INFO	[jepsen worker 0] jepsen.util: 0	:ok	:read	[]
2023-03-03 17:04:53,118{GMT}	INFO	[jepsen worker 0] jepsen.util: 0	:invoke	:read	nil
2023-03-03 17:04:53,119{GMT}	INFO	[jepsen worker 0] jepsen.util: 0	:ok	:read	[]
2023-03-03 17:04:53,312{GMT}	INFO	[jepsen worker 0] jepsen.util: 0	:invoke	:broadcast	3
2023-03-03 17:04:53,313{GMT}	INFO	[jepsen worker 0] jepsen.util: 0	:ok	:broadcast	3
2023-03-03 17:04:53,407{GMT}	INFO	[jepsen worker 0] jepsen.util: 0	:invoke	:broadcast	4
2023-03-03 17:04:53,408{GMT}	INFO	[jepsen worker 0] jepsen.util: 0	:ok	:broadcast	4
2023-03-03 17:04:53,434{GMT}	INFO	[jepsen worker 0] jepsen.util: 0	:invoke	:broadcast	5
2023-03-03 17:04:53,435{GMT}	INFO	[jepsen worker 0] jepsen.util: 0	:ok	:broadcast	5
2023-03-03 17:04:53,577{GMT}	INFO	[jepsen worker 0] jepsen.util: 0	:invoke	:read	nil
2023-03-03 17:04:53,579{GMT}	INFO	[jepsen worker 0] jepsen.util: 0	:ok	:read	[]
2023-03-03 17:04:53,712{GMT}	INFO	[jepsen worker 0] jepsen.util: 0	:invoke	:broadcast	6
2023-03-03 17:04:53,713{GMT}	INFO	[jepsen worker 0] jepsen.util: 0	:ok	:broadcast	6
2023-03-03 17:04:53,838{GMT}	INFO	[jepsen worker 0] jepsen.util: 0	:invoke	:read	nil
2023-03-03 17:04:53,840{GMT}	INFO	[jepsen worker 0] jepsen.util: 0	:ok	:read	[]
2023-03-03 17:04:53,854{GMT}	INFO	[jepsen worker 0] jepsen.util: 0	:invoke	:read	nil
2023-03-03 17:04:53,855{GMT}	INFO	[jepsen worker 0] jepsen.util: 0	:ok	:read	[]
2023-03-03 17:04:53,867{GMT}	INFO	[jepsen worker 0] jepsen.util: 0	:invoke	:read	nil
2023-03-03 17:04:53,868{GMT}	INFO	[jepsen worker 0] jepsen.util: 0	:ok	:read	[]
2023-03-03 17:04:53,917{GMT}	INFO	[jepsen worker 0] jepsen.util: 0	:invoke	:broadcast	7
2023-03-03 17:04:53,918{GMT}	INFO	[jepsen worker 0] jepsen.util: 0	:ok	:broadcast	7
2023-03-03 17:04:54,069{GMT}	INFO	[jepsen worker 0] jepsen.util: 0	:invoke	:broadcast	8
2023-03-03 17:04:54,070{GMT}	INFO	[jepsen worker 0] jepsen.util: 0	:ok	:broadcast	8
2023-03-03 17:04:54,213{GMT}	INFO	[jepsen worker 0] jepsen.util: 0	:invoke	:read	nil
2023-03-03 17:04:54,214{GMT}	INFO	[jepsen worker 0] jepsen.util: 0	:ok	:read	[]
2023-03-03 17:04:54,299{GMT}	INFO	[jepsen worker 0] jepsen.util: 0	:invoke	:read	nil
2023-03-03 17:04:54,300{GMT}	INFO	[jepsen worker 0] jepsen.util: 0	:ok	:read	[]
2023-03-03 17:04:54,392{GMT}	INFO	[jepsen worker 0] jepsen.util: 0	:invoke	:broadcast	9
2023-03-03 17:04:54,393{GMT}	INFO	[jepsen worker 0] jepsen.util: 0	:ok	:broadcast	9
2023-03-03 17:04:54,577{GMT}	INFO	[jepsen worker 0] jepsen.util: 0	:invoke	:broadcast	10
2023-03-03 17:04:54,578{GMT}	INFO	[jepsen worker 0] jepsen.util: 0	:ok	:broadcast	10
2023-03-03 17:04:54,653{GMT}	INFO	[jepsen worker 0] jepsen.util: 0	:invoke	:read	nil
2023-03-03 17:04:54,655{GMT}	INFO	[jepsen worker 0] jepsen.util: 0	:ok	:read	[]
2023-03-03 17:04:54,685{GMT}	INFO	[jepsen worker 0] jepsen.util: 0	:invoke	:broadcast	11
2023-03-03 17:04:54,686{GMT}	INFO	[jepsen worker 0] jepsen.util: 0	:ok	:broadcast	11
2023-03-03 17:04:54,851{GMT}	INFO	[jepsen worker 0] jepsen.util: 0	:invoke	:read	nil
2023-03-03 17:04:54,853{GMT}	INFO	[jepsen worker 0] jepsen.util: 0	:ok	:read	[]
2023-03-03 17:04:54,888{GMT}	INFO	[jepsen worker 0] jepsen.util: 0	:invoke	:read	nil
2023-03-03 17:04:54,888{GMT}	INFO	[jepsen worker 0] jepsen.util: 0	:ok	:read	[]
2023-03-03 17:04:54,947{GMT}	INFO	[jepsen worker 0] jepsen.util: 0	:invoke	:read	nil
2023-03-03 17:04:54,948{GMT}	INFO	[jepsen worker 0] jepsen.util: 0	:ok	:read	[]
2023-03-03 17:04:55,135{GMT}	INFO	[jepsen worker 0] jepsen.util: 0	:invoke	:broadcast	12
2023-03-03 17:04:55,137{GMT}	INFO	[jepsen worker 0] jepsen.util: 0	:ok	:broadcast	12
2023-03-03 17:04:55,292{GMT}	INFO	[jepsen worker 0] jepsen.util: 0	:invoke	:read	nil
2023-03-03 17:04:55,293{GMT}	INFO	[jepsen worker 0] jepsen.util: 0	:ok	:read	[]
2023-03-03 17:04:55,467{GMT}	INFO	[jepsen worker 0] jepsen.util: 0	:invoke	:broadcast	13
2023-03-03 17:04:55,469{GMT}	INFO	[jepsen worker 0] jepsen.util: 0	:ok	:broadcast	13
2023-03-03 17:04:55,610{GMT}	INFO	[jepsen worker 0] jepsen.util: 0	:invoke	:read	nil
2023-03-03 17:04:55,612{GMT}	INFO	[jepsen worker 0] jepsen.util: 0	:ok	:read	[]
2023-03-03 17:04:55,766{GMT}	INFO	[jepsen worker 0] jepsen.util: 0	:invoke	:broadcast	14
2023-03-03 17:04:55,768{GMT}	INFO	[jepsen worker 0] jepsen.util: 0	:ok	:broadcast	14
2023-03-03 17:04:55,883{GMT}	INFO	[jepsen worker 0] jepsen.util: 0	:invoke	:read	nil
2023-03-03 17:04:55,884{GMT}	INFO	[jepsen worker 0] jepsen.util: 0	:ok	:read	[]
2023-03-03 17:04:55,921{GMT}	INFO	[jepsen worker 0] jepsen.util: 0	:invoke	:broadcast	15
2023-03-03 17:04:55,921{GMT}	INFO	[jepsen worker 0] jepsen.util: 0	:ok	:broadcast	15
2023-03-03 17:04:55,969{GMT}	INFO	[jepsen worker 0] jepsen.util: 0	:invoke	:read	nil
2023-03-03 17:04:55,970{GMT}	INFO	[jepsen worker 0] jepsen.util: 0	:ok	:read	[]
2023-03-03 17:04:56,111{GMT}	INFO	[jepsen worker 0] jepsen.util: 0	:invoke	:read	nil
2023-03-03 17:04:56,112{GMT}	INFO	[jepsen worker 0] jepsen.util: 0	:ok	:read	[]
2023-03-03 17:04:56,213{GMT}	INFO	[jepsen worker 0] jepsen.util: 0	:invoke	:broadcast	16
2023-03-03 17:04:56,214{GMT}	INFO	[jepsen worker 0] jepsen.util: 0	:ok	:broadcast	16
2023-03-03 17:04:56,217{GMT}	INFO	[jepsen worker 0] jepsen.util: 0	:invoke	:read	nil
2023-03-03 17:04:56,218{GMT}	INFO	[jepsen worker 0] jepsen.util: 0	:ok	:read	[]
2023-03-03 17:04:56,249{GMT}	INFO	[jepsen worker 0] jepsen.util: 0	:invoke	:read	nil
2023-03-03 17:04:56,250{GMT}	INFO	[jepsen worker 0] jepsen.util: 0	:ok	:read	[]
2023-03-03 17:04:56,355{GMT}	INFO	[jepsen worker 0] jepsen.util: 0	:invoke	:broadcast	17
2023-03-03 17:04:56,356{GMT}	INFO	[jepsen worker 0] jepsen.util: 0	:ok	:broadcast	17
2023-03-03 17:04:56,366{GMT}	INFO	[jepsen worker 0] jepsen.util: 0	:invoke	:broadcast	18
2023-03-03 17:04:56,366{GMT}	INFO	[jepsen worker 0] jepsen.util: 0	:ok	:broadcast	18
2023-03-03 17:04:56,395{GMT}	INFO	[jepsen worker 0] jepsen.util: 0	:invoke	:broadcast	19
2023-03-03 17:04:56,395{GMT}	INFO	[jepsen worker 0] jepsen.util: 0	:ok	:broadcast	19
2023-03-03 17:04:56,523{GMT}	INFO	[jepsen worker 0] jepsen.util: 0	:invoke	:read	nil
2023-03-03 17:04:56,524{GMT}	INFO	[jepsen worker 0] jepsen.util: 0	:ok	:read	[]
2023-03-03 17:04:56,623{GMT}	INFO	[jepsen worker 0] jepsen.util: 0	:invoke	:broadcast	20
2023-03-03 17:04:56,624{GMT}	INFO	[jepsen worker 0] jepsen.util: 0	:ok	:broadcast	20
2023-03-03 17:04:56,813{GMT}	INFO	[jepsen worker 0] jepsen.util: 0	:invoke	:broadcast	21
2023-03-03 17:04:56,814{GMT}	INFO	[jepsen worker 0] jepsen.util: 0	:ok	:broadcast	21
2023-03-03 17:04:57,001{GMT}	INFO	[jepsen worker 0] jepsen.util: 0	:invoke	:broadcast	22
2023-03-03 17:04:57,002{GMT}	INFO	[jepsen worker 0] jepsen.util: 0	:ok	:broadcast	22
2023-03-03 17:04:57,068{GMT}	INFO	[jepsen worker 0] jepsen.util: 0	:invoke	:read	nil
2023-03-03 17:04:57,069{GMT}	INFO	[jepsen worker 0] jepsen.util: 0	:ok	:read	[]
2023-03-03 17:04:57,166{GMT}	INFO	[jepsen worker 0] jepsen.util: 0	:invoke	:broadcast	23
2023-03-03 17:04:57,167{GMT}	INFO	[jepsen worker 0] jepsen.util: 0	:ok	:broadcast	23
2023-03-03 17:04:57,240{GMT}	INFO	[jepsen worker 0] jepsen.util: 0	:invoke	:broadcast	24
2023-03-03 17:04:57,241{GMT}	INFO	[jepsen worker 0] jepsen.util: 0	:ok	:broadcast	24
2023-03-03 17:04:57,427{GMT}	INFO	[jepsen worker 0] jepsen.util: 0	:invoke	:read	nil
2023-03-03 17:04:57,428{GMT}	INFO	[jepsen worker 0] jepsen.util: 0	:ok	:read	[]
2023-03-03 17:04:57,596{GMT}	INFO	[jepsen worker 0] jepsen.util: 0	:invoke	:broadcast	25
2023-03-03 17:04:57,597{GMT}	INFO	[jepsen worker 0] jepsen.util: 0	:ok	:broadcast	25
2023-03-03 17:04:57,786{GMT}	INFO	[jepsen worker 0] jepsen.util: 0	:invoke	:broadcast	26
2023-03-03 17:04:57,787{GMT}	INFO	[jepsen worker 0] jepsen.util: 0	:ok	:broadcast	26
2023-03-03 17:04:57,908{GMT}	INFO	[jepsen worker 0] jepsen.util: 0	:invoke	:broadcast	27
2023-03-03 17:04:57,909{GMT}	INFO	[jepsen worker 0] jepsen.util: 0	:ok	:broadcast	27
2023-03-03 17:04:57,987{GMT}	INFO	[jepsen worker 0] jepsen.util: 0	:invoke	:broadcast	28
2023-03-03 17:04:57,988{GMT}	INFO	[jepsen worker 0] jepsen.util: 0	:ok	:broadcast	28
2023-03-03 17:04:58,012{GMT}	INFO	[Jepsen shutdown hook] jepsen.core: Downloading DB logs before JVM shutdown...
