2023/03/03 17:06:22 Received {c0 n0 {"type":"init","node_id":"n0","node_ids":["n0"],"msg_id":1}}
2023/03/03 17:06:22 Node n0 initialized
2023/03/03 17:06:22 Sent {"src":"n0","dest":"c0","body":{"in_reply_to":1,"type":"init_ok"}}
2023/03/03 17:06:22 Received {c1 n0 {"type":"topology","topology":{"n0":[]},"msg_id":1}}
2023/03/03 17:06:22 Sent {"src":"n0","dest":"c1","body":{"in_reply_to":1,"msg_id":1,"type":"topology_ok"}}
2023/03/03 17:06:22 Received {c2 n0 {"type":"broadcast","message":0,"msg_id":1}}
2023/03/03 17:06:22 Sent {"src":"n0","dest":"c2","body":{"in_reply_to":1,"msg_id":1,"type":"broadcast_ok"}}
2023/03/03 17:06:22 Received {c2 n0 {"type":"broadcast","message":1,"msg_id":2}}
2023/03/03 17:06:22 Sent {"src":"n0","dest":"c2","body":{"in_reply_to":2,"msg_id":2,"type":"broadcast_ok"}}
2023/03/03 17:06:23 Received {c2 n0 {"type":"read","msg_id":3}}
2023/03/03 17:06:23 Sent {"src":"n0","dest":"c2","body":{"in_reply_to":3,"messages":[],"msg_id":3,"type":"read_ok"}}
2023/03/03 17:06:23 Received {c2 n0 {"type":"read","msg_id":4}}
2023/03/03 17:06:23 Sent {"src":"n0","dest":"c2","body":{"in_reply_to":4,"messages":[],"msg_id":4,"type":"read_ok"}}
2023/03/03 17:06:23 Received {c2 n0 {"type":"broadcast","message":2,"msg_id":5}}
2023/03/03 17:06:23 Sent {"src":"n0","dest":"c2","body":{"in_reply_to":5,"msg_id":5,"type":"broadcast_ok"}}
2023/03/03 17:06:23 Received {c2 n0 {"type":"broadcast","message":3,"msg_id":6}}
2023/03/03 17:06:23 Sent {"src":"n0","dest":"c2","body":{"in_reply_to":6,"msg_id":6,"type":"broadcast_ok"}}
2023/03/03 17:06:23 Received {c2 n0 {"type":"broadcast","message":4,"msg_id":7}}
2023/03/03 17:06:23 Sent {"src":"n0","dest":"c2","body":{"in_reply_to":7,"msg_id":7,"type":"broadcast_ok"}}
2023/03/03 17:06:23 Received {c2 n0 {"type":"read","msg_id":8}}
2023/03/03 17:06:23 Sent {"src":"n0","dest":"c2","body":{"in_reply_to":8,"messages":[],"msg_id":8,"type":"read_ok"}}
2023/03/03 17:06:23 Received {c2 n0 {"type":"read","msg_id":9}}
2023/03/03 17:06:23 Sent {"src":"n0","dest":"c2","body":{"in_reply_to":9,"messages":[],"msg_id":9,"type":"read_ok"}}
2023/03/03 17:06:23 Received {c2 n0 {"type":"read","msg_id":10}}
2023/03/03 17:06:23 Sent {"src":"n0","dest":"c2","body":{"in_reply_to":10,"messages":[],"msg_id":10,"type":"read_ok"}}
2023/03/03 17:06:24 Received {c2 n0 {"type":"broadcast","message":5,"msg_id":11}}
2023/03/03 17:06:24 Sent {"src":"n0","dest":"c2","body":{"in_reply_to":11,"msg_id":11,"type":"broadcast_ok"}}
2023/03/03 17:06:24 Received {c2 n0 {"type":"read","msg_id":12}}
2023/03/03 17:06:24 Sent {"src":"n0","dest":"c2","body":{"in_reply_to":12,"messages":[],"msg_id":12,"type":"read_ok"}}
2023/03/03 17:06:24 Received {c2 n0 {"type":"read","msg_id":13}}
2023/03/03 17:06:24 Sent {"src":"n0","dest":"c2","body":{"in_reply_to":13,"messages":[],"msg_id":13,"type":"read_ok"}}
2023/03/03 17:06:24 Received {c2 n0 {"type":"read","msg_id":14}}
2023/03/03 17:06:24 Sent {"src":"n0","dest":"c2","body":{"in_reply_to":14,"messages":[],"msg_id":14,"type":"read_ok"}}
2023/03/03 17:06:24 Received {c2 n0 {"type":"read","msg_id":15}}
2023/03/03 17:06:24 Sent {"src":"n0","dest":"c2","body":{"in_reply_to":15,"messages":[],"msg_id":15,"type":"read_ok"}}
2023/03/03 17:06:24 Received {c2 n0 {"type":"broadcast","message":6,"msg_id":16}}
2023/03/03 17:06:24 Sent {"src":"n0","dest":"c2","body":{"in_reply_to":16,"msg_id":16,"type":"broadcast_ok"}}
2023/03/03 17:06:24 Received {c2 n0 {"type":"broadcast","message":7,"msg_id":17}}
2023/03/03 17:06:24 Sent {"src":"n0","dest":"c2","body":{"in_reply_to":17,"msg_id":17,"type":"broadcast_ok"}}
2023/03/03 17:06:24 Received {c2 n0 {"type":"read","msg_id":18}}
2023/03/03 17:06:24 Sent {"src":"n0","dest":"c2","body":{"in_reply_to":18,"messages":[],"msg_id":18,"type":"read_ok"}}
2023/03/03 17:06:25 Received {c2 n0 {"type":"broadcast","message":8,"msg_id":19}}
2023/03/03 17:06:25 Sent {"src":"n0","dest":"c2","body":{"in_reply_to":19,"msg_id":19,"type":"broadcast_ok"}}
2023/03/03 17:06:25 Received {c2 n0 {"type":"broadcast","message":9,"msg_id":20}}
2023/03/03 17:06:25 Sent {"src":"n0","dest":"c2","body":{"in_reply_to":20,"msg_id":20,"type":"broadcast_ok"}}
2023/03/03 17:06:25 Received {c2 n0 {"type":"read","msg_id":21}}
2023/03/03 17:06:25 Sent {"src":"n0","dest":"c2","body":{"in_reply_to":21,"messages":[],"msg_id":21,"type":"read_ok"}}
2023/03/03 17:06:25 Received {c2 n0 {"type":"read","msg_id":22}}
2023/03/03 17:06:25 Sent {"src":"n0","dest":"c2","body":{"in_reply_to":22,"messages":[],"msg_id":22,"type":"read_ok"}}
2023/03/03 17:06:25 Received {c2 n0 {"type":"broadcast","message":10,"msg_id":23}}
2023/03/03 17:06:25 Sent {"src":"n0","dest":"c2","body":{"in_reply_to":23,"msg_id":23,"type":"broadcast_ok"}}
2023/03/03 17:06:25 Received {c2 n0 {"type":"broadcast","message":11,"msg_id":24}}
2023/03/03 17:06:25 Sent {"src":"n0","dest":"c2","body":{"in_reply_to":24,"msg_id":24,"type":"broadcast_ok"}}
2023/03/03 17:06:25 Received {c2 n0 {"type":"read","msg_id":25}}
2023/03/03 17:06:25 Sent {"src":"n0","dest":"c2","body":{"in_reply_to":25,"messages":[],"msg_id":25,"type":"read_ok"}}
2023/03/03 17:06:25 Received {c2 n0 {"type":"read","msg_id":26}}
2023/03/03 17:06:25 Sent {"src":"n0","dest":"c2","body":{"in_reply_to":26,"messages":[],"msg_id":26,"type":"read_ok"}}
2023/03/03 17:06:25 Received {c2 n0 {"type":"broadcast","message":12,"msg_id":27}}
2023/03/03 17:06:25 Sent {"src":"n0","dest":"c2","body":{"in_reply_to":27,"msg_id":27,"type":"broadcast_ok"}}
2023/03/03 17:06:26 Received {c2 n0 {"type":"broadcast","message":13,"msg_id":28}}
2023/03/03 17:06:26 Sent {"src":"n0","dest":"c2","body":{"in_reply_to":28,"msg_id":28,"type":"broadcast_ok"}}
2023/03/03 17:06:26 Received {c2 n0 {"type":"broadcast","message":14,"msg_id":29}}
2023/03/03 17:06:26 Sent {"src":"n0","dest":"c2","body":{"in_reply_to":29,"msg_id":29,"type":"broadcast_ok"}}
2023/03/03 17:06:26 Received {c2 n0 {"type":"read","msg_id":30}}
2023/03/03 17:06:26 Sent {"src":"n0","dest":"c2","body":{"in_reply_to":30,"messages":[],"msg_id":30,"type":"read_ok"}}
2023/03/03 17:06:26 Received {c2 n0 {"type":"read","msg_id":31}}
2023/03/03 17:06:26 Sent {"src":"n0","dest":"c2","body":{"in_reply_to":31,"messages":[],"msg_id":31,"type":"read_ok"}}
2023/03/03 17:06:26 Received {c2 n0 {"type":"broadcast","message":15,"msg_id":32}}
2023/03/03 17:06:26 Sent {"src":"n0","dest":"c2","body":{"in_reply_to":32,"msg_id":32,"type":"broadcast_ok"}}
2023/03/03 17:06:26 Received {c2 n0 {"type":"read","msg_id":33}}
2023/03/03 17:06:26 Sent {"src":"n0","dest":"c2","body":{"in_reply_to":33,"messages":[],"msg_id":33,"type":"read_ok"}}
2023/03/03 17:06:26 Received {c2 n0 {"type":"broadcast","message":16,"msg_id":34}}
2023/03/03 17:06:26 Sent {"src":"n0","dest":"c2","body":{"in_reply_to":34,"msg_id":34,"type":"broadcast_ok"}}
2023/03/03 17:06:26 Received {c2 n0 {"type":"read","msg_id":35}}
2023/03/03 17:06:26 Sent {"src":"n0","dest":"c2","body":{"in_reply_to":35,"messages":[],"msg_id":35,"type":"read_ok"}}
2023/03/03 17:06:26 Received {c2 n0 {"type":"read","msg_id":36}}
2023/03/03 17:06:26 Sent {"src":"n0","dest":"c2","body":{"in_reply_to":36,"messages":[],"msg_id":36,"type":"read_ok"}}
2023/03/03 17:06:26 Received {c2 n0 {"type":"read","msg_id":37}}
2023/03/03 17:06:26 Sent {"src":"n0","dest":"c2","body":{"in_reply_to":37,"messages":[],"msg_id":37,"type":"read_ok"}}
2023/03/03 17:06:27 Received {c2 n0 {"type":"broadcast","message":17,"msg_id":38}}
2023/03/03 17:06:27 Sent {"src":"n0","dest":"c2","body":{"in_reply_to":38,"msg_id":38,"type":"broadcast_ok"}}
2023/03/03 17:06:27 Received {c2 n0 {"type":"read","msg_id":39}}
2023/03/03 17:06:27 Sent {"src":"n0","dest":"c2","body":{"in_reply_to":39,"messages":[],"msg_id":39,"type":"read_ok"}}
2023/03/03 17:06:27 Received {c2 n0 {"type":"broadcast","message":18,"msg_id":40}}
2023/03/03 17:06:27 Sent {"src":"n0","dest":"c2","body":{"in_reply_to":40,"msg_id":40,"type":"broadcast_ok"}}
2023/03/03 17:06:27 Received {c2 n0 {"type":"read","msg_id":41}}
2023/03/03 17:06:27 Sent {"src":"n0","dest":"c2","body":{"in_reply_to":41,"messages":[],"msg_id":41,"type":"read_ok"}}
2023/03/03 17:06:27 Received {c2 n0 {"type":"read","msg_id":42}}
2023/03/03 17:06:27 Sent {"src":"n0","dest":"c2","body":{"in_reply_to":42,"messages":[],"msg_id":42,"type":"read_ok"}}
2023/03/03 17:06:27 Received {c2 n0 {"type":"broadcast","message":19,"msg_id":43}}
2023/03/03 17:06:27 Sent {"src":"n0","dest":"c2","body":{"in_reply_to":43,"msg_id":43,"type":"broadcast_ok"}}
2023/03/03 17:06:27 Received {c2 n0 {"type":"read","msg_id":44}}
2023/03/03 17:06:27 Sent {"src":"n0","dest":"c2","body":{"in_reply_to":44,"messages":[],"msg_id":44,"type":"read_ok"}}
2023/03/03 17:06:27 Received {c2 n0 {"type":"broadcast","message":20,"msg_id":45}}
2023/03/03 17:06:27 Sent {"src":"n0","dest":"c2","body":{"in_reply_to":45,"msg_id":45,"type":"broadcast_ok"}}
2023/03/03 17:06:27 Received {c2 n0 {"type":"read","msg_id":46}}
2023/03/03 17:06:27 Sent {"src":"n0","dest":"c2","body":{"in_reply_to":46,"messages":[],"msg_id":46,"type":"read_ok"}}
2023/03/03 17:06:27 Received {c2 n0 {"type":"read","msg_id":47}}
2023/03/03 17:06:27 Sent {"src":"n0","dest":"c2","body":{"in_reply_to":47,"messages":[],"msg_id":47,"type":"read_ok"}}
2023/03/03 17:06:27 Received {c2 n0 {"type":"read","msg_id":48}}
2023/03/03 17:06:27 Sent {"src":"n0","dest":"c2","body":{"in_reply_to":48,"messages":[],"msg_id":48,"type":"read_ok"}}
2023/03/03 17:06:27 Received {c2 n0 {"type":"broadcast","message":21,"msg_id":49}}
2023/03/03 17:06:27 Sent {"src":"n0","dest":"c2","body":{"in_reply_to":49,"msg_id":49,"type":"broadcast_ok"}}
2023/03/03 17:06:28 Received {c2 n0 {"type":"read","msg_id":50}}
2023/03/03 17:06:28 Sent {"src":"n0","dest":"c2","body":{"in_reply_to":50,"messages":[],"msg_id":50,"type":"read_ok"}}
2023/03/03 17:06:28 Received {c2 n0 {"type":"read","msg_id":51}}
2023/03/03 17:06:28 Sent {"src":"n0","dest":"c2","body":{"in_reply_to":51,"messages":[],"msg_id":51,"type":"read_ok"}}
2023/03/03 17:06:28 Received {c2 n0 {"type":"broadcast","message":22,"msg_id":52}}
2023/03/03 17:06:28 Sent {"src":"n0","dest":"c2","body":{"in_reply_to":52,"msg_id":52,"type":"broadcast_ok"}}
2023/03/03 17:06:28 Received {c2 n0 {"type":"read","msg_id":53}}
2023/03/03 17:06:28 Sent {"src":"n0","dest":"c2","body":{"in_reply_to":53,"messages":[],"msg_id":53,"type":"read_ok"}}
2023/03/03 17:06:28 Received {c2 n0 {"type":"read","msg_id":54}}
2023/03/03 17:06:28 Sent {"src":"n0","dest":"c2","body":{"in_reply_to":54,"messages":[],"msg_id":54,"type":"read_ok"}}
2023/03/03 17:06:28 Received {c2 n0 {"type":"read","msg_id":55}}
2023/03/03 17:06:28 Sent {"src":"n0","dest":"c2","body":{"in_reply_to":55,"messages":[],"msg_id":55,"type":"read_ok"}}
2023/03/03 17:06:28 Received {c2 n0 {"type":"read","msg_id":56}}
2023/03/03 17:06:28 Sent {"src":"n0","dest":"c2","body":{"in_reply_to":56,"messages":[],"msg_id":56,"type":"read_ok"}}
2023/03/03 17:06:28 Received {c2 n0 {"type":"broadcast","message":23,"msg_id":57}}
2023/03/03 17:06:28 Sent {"src":"n0","dest":"c2","body":{"in_reply_to":57,"msg_id":57,"type":"broadcast_ok"}}
2023/03/03 17:06:28 Received {c2 n0 {"type":"broadcast","message":24,"msg_id":58}}
2023/03/03 17:06:28 Sent {"src":"n0","dest":"c2","body":{"in_reply_to":58,"msg_id":58,"type":"broadcast_ok"}}
2023/03/03 17:06:28 Received {c2 n0 {"type":"broadcast","message":25,"msg_id":59}}
2023/03/03 17:06:28 Sent {"src":"n0","dest":"c2","body":{"in_reply_to":59,"msg_id":59,"type":"broadcast_ok"}}
2023/03/03 17:06:29 Received {c2 n0 {"type":"broadcast","message":26,"msg_id":60}}
2023/03/03 17:06:29 Sent {"src":"n0","dest":"c2","body":{"in_reply_to":60,"msg_id":60,"type":"broadcast_ok"}}
2023/03/03 17:06:29 Received {c2 n0 {"type":"read","msg_id":61}}
2023/03/03 17:06:29 Sent {"src":"n0","dest":"c2","body":{"in_reply_to":61,"messages":[],"msg_id":61,"type":"read_ok"}}
2023/03/03 17:06:29 Received {c2 n0 {"type":"broadcast","message":27,"msg_id":62}}
2023/03/03 17:06:29 Sent {"src":"n0","dest":"c2","body":{"in_reply_to":62,"msg_id":62,"type":"broadcast_ok"}}
2023/03/03 17:06:29 Received {c2 n0 {"type":"broadcast","message":28,"msg_id":63}}
2023/03/03 17:06:29 Sent {"src":"n0","dest":"c2","body":{"in_reply_to":63,"msg_id":63,"type":"broadcast_ok"}}
2023/03/03 17:06:29 Received {c2 n0 {"type":"read","msg_id":64}}
2023/03/03 17:06:29 Sent {"src":"n0","dest":"c2","body":{"in_reply_to":64,"messages":[],"msg_id":64,"type":"read_ok"}}
2023/03/03 17:06:29 Received {c2 n0 {"type":"broadcast","message":29,"msg_id":65}}
2023/03/03 17:06:29 Sent {"src":"n0","dest":"c2","body":{"in_reply_to":65,"msg_id":65,"type":"broadcast_ok"}}
2023/03/03 17:06:29 Received {c2 n0 {"type":"broadcast","message":30,"msg_id":66}}
2023/03/03 17:06:29 Sent {"src":"n0","dest":"c2","body":{"in_reply_to":66,"msg_id":66,"type":"broadcast_ok"}}
2023/03/03 17:06:29 Received {c2 n0 {"type":"broadcast","message":31,"msg_id":67}}
2023/03/03 17:06:29 Sent {"src":"n0","dest":"c2","body":{"in_reply_to":67,"msg_id":67,"type":"broadcast_ok"}}
2023/03/03 17:06:29 Received {c2 n0 {"type":"read","msg_id":68}}
2023/03/03 17:06:29 Sent {"src":"n0","dest":"c2","body":{"in_reply_to":68,"messages":[],"msg_id":68,"type":"read_ok"}}
2023/03/03 17:06:29 Received {c2 n0 {"type":"read","msg_id":69}}
2023/03/03 17:06:29 Sent {"src":"n0","dest":"c2","body":{"in_reply_to":69,"messages":[],"msg_id":69,"type":"read_ok"}}
2023/03/03 17:06:29 Received {c2 n0 {"type":"read","msg_id":70}}
2023/03/03 17:06:29 Sent {"src":"n0","dest":"c2","body":{"in_reply_to":70,"messages":[],"msg_id":70,"type":"read_ok"}}
2023/03/03 17:06:30 Received {c2 n0 {"type":"read","msg_id":71}}
2023/03/03 17:06:30 Sent {"src":"n0","dest":"c2","body":{"in_reply_to":71,"messages":[],"msg_id":71,"type":"read_ok"}}
2023/03/03 17:06:30 Received {c2 n0 {"type":"read","msg_id":72}}
2023/03/03 17:06:30 Sent {"src":"n0","dest":"c2","body":{"in_reply_to":72,"messages":[],"msg_id":72,"type":"read_ok"}}
2023/03/03 17:06:30 Received {c2 n0 {"type":"broadcast","message":32,"msg_id":73}}
2023/03/03 17:06:30 Sent {"src":"n0","dest":"c2","body":{"in_reply_to":73,"msg_id":73,"type":"broadcast_ok"}}
2023/03/03 17:06:30 Received {c2 n0 {"type":"read","msg_id":74}}
2023/03/03 17:06:30 Sent {"src":"n0","dest":"c2","body":{"in_reply_to":74,"messages":[],"msg_id":74,"type":"read_ok"}}
2023/03/03 17:06:30 Received {c2 n0 {"type":"read","msg_id":75}}
2023/03/03 17:06:30 Sent {"src":"n0","dest":"c2","body":{"in_reply_to":75,"messages":[],"msg_id":75,"type":"read_ok"}}
2023/03/03 17:06:30 Received {c2 n0 {"type":"broadcast","message":33,"msg_id":76}}
2023/03/03 17:06:30 Sent {"src":"n0","dest":"c2","body":{"in_reply_to":76,"msg_id":76,"type":"broadcast_ok"}}
2023/03/03 17:06:30 Received {c2 n0 {"type":"broadcast","message":34,"msg_id":77}}
2023/03/03 17:06:30 Sent {"src":"n0","dest":"c2","body":{"in_reply_to":77,"msg_id":77,"type":"broadcast_ok"}}
2023/03/03 17:06:30 Received {c2 n0 {"type":"read","msg_id":78}}
2023/03/03 17:06:30 Sent {"src":"n0","dest":"c2","body":{"in_reply_to":78,"messages":[],"msg_id":78,"type":"read_ok"}}
2023/03/03 17:06:30 Received {c2 n0 {"type":"broadcast","message":35,"msg_id":79}}
2023/03/03 17:06:30 Sent {"src":"n0","dest":"c2","body":{"in_reply_to":79,"msg_id":79,"type":"broadcast_ok"}}
2023/03/03 17:06:30 Received {c2 n0 {"type":"broadcast","message":36,"msg_id":80}}
2023/03/03 17:06:30 Sent {"src":"n0","dest":"c2","body":{"in_reply_to":80,"msg_id":80,"type":"broadcast_ok"}}
2023/03/03 17:06:31 Received {c2 n0 {"type":"read","msg_id":81}}
2023/03/03 17:06:31 Sent {"src":"n0","dest":"c2","body":{"in_reply_to":81,"messages":[],"msg_id":81,"type":"read_ok"}}
2023/03/03 17:06:31 Received {c2 n0 {"type":"read","msg_id":82}}
2023/03/03 17:06:31 Sent {"src":"n0","dest":"c2","body":{"in_reply_to":82,"messages":[],"msg_id":82,"type":"read_ok"}}
2023/03/03 17:06:31 Received {c2 n0 {"type":"broadcast","message":37,"msg_id":83}}
2023/03/03 17:06:31 Sent {"src":"n0","dest":"c2","body":{"in_reply_to":83,"msg_id":83,"type":"broadcast_ok"}}
2023/03/03 17:06:31 Received {c2 n0 {"type":"broadcast","message":38,"msg_id":84}}
2023/03/03 17:06:31 Sent {"src":"n0","dest":"c2","body":{"in_reply_to":84,"msg_id":84,"type":"broadcast_ok"}}
2023/03/03 17:06:31 Received {c2 n0 {"type":"read","msg_id":85}}
2023/03/03 17:06:31 Sent {"src":"n0","dest":"c2","body":{"in_reply_to":85,"messages":[],"msg_id":85,"type":"read_ok"}}
2023/03/03 17:06:31 Received {c2 n0 {"type":"read","msg_id":86}}
2023/03/03 17:06:31 Sent {"src":"n0","dest":"c2","body":{"in_reply_to":86,"messages":[],"msg_id":86,"type":"read_ok"}}
2023/03/03 17:06:31 Received {c2 n0 {"type":"read","msg_id":87}}
2023/03/03 17:06:31 Sent {"src":"n0","dest":"c2","body":{"in_reply_to":87,"messages":[],"msg_id":87,"type":"read_ok"}}
2023/03/03 17:06:31 Received {c2 n0 {"type":"broadcast","message":39,"msg_id":88}}
2023/03/03 17:06:31 Sent {"src":"n0","dest":"c2","body":{"in_reply_to":88,"msg_id":88,"type":"broadcast_ok"}}
2023/03/03 17:06:31 Received {c2 n0 {"type":"broadcast","message":40,"msg_id":89}}
2023/03/03 17:06:31 Sent {"src":"n0","dest":"c2","body":{"in_reply_to":89,"msg_id":89,"type":"broadcast_ok"}}
2023/03/03 17:06:31 Received {c2 n0 {"type":"broadcast","message":41,"msg_id":90}}
2023/03/03 17:06:31 Sent {"src":"n0","dest":"c2","body":{"in_reply_to":90,"msg_id":90,"type":"broadcast_ok"}}
2023/03/03 17:06:32 Received {c2 n0 {"type":"broadcast","message":42,"msg_id":91}}
2023/03/03 17:06:32 Sent {"src":"n0","dest":"c2","body":{"in_reply_to":91,"msg_id":91,"type":"broadcast_ok"}}
2023/03/03 17:06:32 Received {c2 n0 {"type":"broadcast","message":43,"msg_id":92}}
2023/03/03 17:06:32 Sent {"src":"n0","dest":"c2","body":{"in_reply_to":92,"msg_id":92,"type":"broadcast_ok"}}
2023/03/03 17:06:32 Received {c2 n0 {"type":"broadcast","message":44,"msg_id":93}}
2023/03/03 17:06:32 Sent {"src":"n0","dest":"c2","body":{"in_reply_to":93,"msg_id":93,"type":"broadcast_ok"}}
2023/03/03 17:06:32 Received {c2 n0 {"type":"read","msg_id":94}}
2023/03/03 17:06:32 Sent {"src":"n0","dest":"c2","body":{"in_reply_to":94,"messages":[],"msg_id":94,"type":"read_ok"}}
2023/03/03 17:06:32 Received {c2 n0 {"type":"read","msg_id":95}}
2023/03/03 17:06:32 Sent {"src":"n0","dest":"c2","body":{"in_reply_to":95,"messages":[],"msg_id":95,"type":"read_ok"}}
2023/03/03 17:06:32 Received {c2 n0 {"type":"broadcast","message":45,"msg_id":96}}
2023/03/03 17:06:32 Sent {"src":"n0","dest":"c2","body":{"in_reply_to":96,"msg_id":96,"type":"broadcast_ok"}}
2023/03/03 17:06:32 Received {c2 n0 {"type":"read","msg_id":97}}
2023/03/03 17:06:32 Sent {"src":"n0","dest":"c2","body":{"in_reply_to":97,"messages":[],"msg_id":97,"type":"read_ok"}}
2023/03/03 17:06:32 Received {c2 n0 {"type":"read","msg_id":98}}
2023/03/03 17:06:32 Sent {"src":"n0","dest":"c2","body":{"in_reply_to":98,"messages":[],"msg_id":98,"type":"read_ok"}}
2023/03/03 17:06:33 Received {c2 n0 {"type":"read","msg_id":99}}
2023/03/03 17:06:33 Sent {"src":"n0","dest":"c2","body":{"in_reply_to":99,"messages":[],"msg_id":99,"type":"read_ok"}}
2023/03/03 17:06:33 Received {c2 n0 {"type":"read","msg_id":100}}
2023/03/03 17:06:33 Sent {"src":"n0","dest":"c2","body":{"in_reply_to":100,"messages":[],"msg_id":100,"type":"read_ok"}}
2023/03/03 17:06:33 Received {c2 n0 {"type":"broadcast","message":46,"msg_id":101}}
2023/03/03 17:06:33 Sent {"src":"n0","dest":"c2","body":{"in_reply_to":101,"msg_id":101,"type":"broadcast_ok"}}
