2023-03-04 09:07:37,263{GMT}	INFO	[jepsen test runner] jepsen.core: Test version 107bec742b20def7dd46ccfa2f0a350c542ba4cf (plus uncommitted changes)
2023-03-04 09:07:37,264{GMT}	INFO	[jepsen test runner] jepsen.core: Command line:
lein run test -w broadcast --bin /home/jln/.go/bin/maelstrom-broadcast --node-count 5 --time-limit 20 --rate 10
2023-03-04 09:07:37,310{GMT}	INFO	[jepsen test runner] jepsen.core: Running test:
{:args []
 :remote
 #jepsen.control.retry.Remote{:remote #jepsen.control.scp.Remote{:cmd-remote #jepsen.control.sshj.SSHJRemote{:concurrency-limit 6,
                                                                                                             :conn-spec nil,
                                                                                                             :client nil,
                                                                                                             :semaphore nil},
                                                                 :conn-spec nil},
                              :conn nil}
 :log-net-send false
 :node-count 5
 :availability nil
 :max-txn-length 4
 :concurrency 5
 :db
 #object[maelstrom.db$db$reify__16142
         "0x3d0c88f4"
         "maelstrom.db$db$reify__16142@3d0c88f4"]
 :max-writes-per-key 16
 :leave-db-running? false
 :name "broadcast"
 :logging-json? false
 :start-time
 #object[org.joda.time.DateTime "0x5d41b929" "2023-03-04T09:07:37.252-05:00"]
 :nemesis-interval 10
 :net
 #object[maelstrom.net$jepsen_net$reify__15251
         "0x6dd0e2f4"
         "maelstrom.net$jepsen_net$reify__15251@6dd0e2f4"]
 :client
 #object[maelstrom.workload.broadcast$client$reify__16644
         "0x333813e7"
         "maelstrom.workload.broadcast$client$reify__16644@333813e7"]
 :barrier
 #object[java.util.concurrent.CyclicBarrier
         "0x292237cd"
         "java.util.concurrent.CyclicBarrier@292237cd"]
 :log-stderr false
 :pure-generators true
 :ssh {:dummy? true}
 :rate 10.0
 :checker
 #object[jepsen.checker$compose$reify__11881
         "0x797a5b31"
         "jepsen.checker$compose$reify__11881@797a5b31"]
 :argv
 ("test"
  "-w"
  "broadcast"
  "--bin"
  "/home/jln/.go/bin/maelstrom-broadcast"
  "--node-count"
  "5"
  "--time-limit"
  "20"
  "--rate"
  "10")
 :nemesis
 (jepsen.nemesis.ReflCompose
  {:fm {:start-partition 0,
        :stop-partition 0,
        :kill 1,
        :start 1,
        :pause 1,
        :resume 1},
   :nemeses [#unprintable "jepsen.nemesis.combined$partition_nemesis$reify__16416@13d7d1a8"
             #unprintable "jepsen.nemesis.combined$db_nemesis$reify__16397@60035f1e"]})
 :nodes ["n0" "n1" "n2" "n3" "n4"]
 :test-count 1
 :latency {:mean 0, :dist :constant}
 :bin "/home/jln/.go/bin/maelstrom-broadcast"
 :generator
 ((jepsen.generator.Synchronize
   {:gen (jepsen.generator.TimeLimit
          {:limit 20000000000,
           :cutoff nil,
           :gen (jepsen.generator.Any
                 {:gens [(jepsen.generator.OnThreads
                          {:f #{:nemesis},
                           :context-filter #object[jepsen.generator.context$make_thread_filter$lazy_filter__9167
                                                   "0x279b83ea"
                                                   "jepsen.generator.context$make_thread_filter$lazy_filter__9167@279b83ea"],
                           :gen nil})
                         (jepsen.generator.OnThreads
                          {:f #jepsen.generator.context.AllBut{:element :nemesis},
                           :context-filter #object[jepsen.generator.context$make_thread_filter$lazy_filter__9167
                                                   "0x7f9083b4"
                                                   "jepsen.generator.context$make_thread_filter$lazy_filter__9167@7f9083b4"],
                           :gen (jepsen.generator.Stagger
                                 {:dt 200000000,
                                  :next-time nil,
                                  :gen (jepsen.generator.Mix
                                        {:i 0,
                                         :gens [({:f :broadcast, :value 0}
                                                 {:f :broadcast, :value 1}
                                                 {:f :broadcast, :value 2}
                                                 {:f :broadcast, :value 3}
                                                 {:f :broadcast, :value 4}
                                                 {:f :broadcast, :value 5}
                                                 {:f :broadcast, :value 6}
                                                 {:f :broadcast, :value 7}
                                                 ...)
                                                ({:f :read}
                                                 {:f :read}
                                                 {:f :read}
                                                 {:f :read}
                                                 {:f :read}
                                                 {:f :read}
                                                 {:f :read}
                                                 {:f :read}
                                                 ...)]})})})]})})})
  (jepsen.generator.Synchronize
   {:gen (jepsen.generator.OnThreads
          {:f #{:nemesis},
           :context-filter #object[jepsen.generator.context$make_thread_filter$lazy_filter__9167
                                   "0x16441c13"
                                   "jepsen.generator.context$make_thread_filter$lazy_filter__9167@16441c13"],
           :gen ()})})
  (jepsen.generator.Synchronize
   {:gen {:type :log, :value "Waiting for recovery..."}})
  (jepsen.generator.Synchronize {:gen {:type :sleep, :value 10}})
  (jepsen.generator.Synchronize
   {:gen (jepsen.generator.OnThreads
          {:f #jepsen.generator.context.AllBut{:element :nemesis},
           :context-filter #object[jepsen.generator.context$make_thread_filter$lazy_filter__9167
                                   "0x6d3b59e2"
                                   "jepsen.generator.context$make_thread_filter$lazy_filter__9167@6d3b59e2"],
           :gen (jepsen.generator.EachThread
                 {:fresh-gen {:f :read, :final? true},
                  :context-filters #object[clojure.core$promise$reify__8591
                                           "0x164dfad2"
                                           {:status :pending, :val nil}],
                  :gens {}})})}))
 :log-net-recv false
 :os
 #object[maelstrom.net$jepsen_os$reify__15254
         "0x76480730"
         "maelstrom.net$jepsen_os$reify__15254@76480730"]
 :time-limit 20
 :workload :broadcast
 :consistency-models [:strict-serializable]
 :topology :grid}

2023-03-04 09:07:38,398{GMT}	INFO	[jepsen node n0] maelstrom.net: Starting Maelstrom network
2023-03-04 09:07:38,398{GMT}	INFO	[jepsen test runner] jepsen.db: Tearing down DB
2023-03-04 09:07:38,399{GMT}	INFO	[jepsen test runner] jepsen.db: Setting up DB
2023-03-04 09:07:38,400{GMT}	INFO	[jepsen node n1] maelstrom.db: Setting up n1
2023-03-04 09:07:38,400{GMT}	INFO	[jepsen node n4] maelstrom.db: Setting up n4
2023-03-04 09:07:38,400{GMT}	INFO	[jepsen node n2] maelstrom.db: Setting up n2
2023-03-04 09:07:38,400{GMT}	INFO	[jepsen node n3] maelstrom.db: Setting up n3
2023-03-04 09:07:38,400{GMT}	INFO	[jepsen node n1] maelstrom.process: launching /home/jln/.go/bin/maelstrom-broadcast []
2023-03-04 09:07:38,400{GMT}	INFO	[jepsen node n2] maelstrom.process: launching /home/jln/.go/bin/maelstrom-broadcast []
2023-03-04 09:07:38,400{GMT}	INFO	[jepsen node n4] maelstrom.process: launching /home/jln/.go/bin/maelstrom-broadcast []
2023-03-04 09:07:38,400{GMT}	INFO	[jepsen node n3] maelstrom.process: launching /home/jln/.go/bin/maelstrom-broadcast []
2023-03-04 09:07:38,401{GMT}	INFO	[jepsen node n0] maelstrom.service: Starting services: (lin-kv lin-tso lww-kv seq-kv)
2023-03-04 09:07:38,401{GMT}	INFO	[jepsen node n0] maelstrom.db: Setting up n0
2023-03-04 09:07:38,401{GMT}	INFO	[jepsen node n0] maelstrom.process: launching /home/jln/.go/bin/maelstrom-broadcast []
2023-03-04 09:07:38,420{GMT}	INFO	[jepsen test runner] jepsen.core: Relative time begins now
2023-03-04 09:07:38,429{GMT}	INFO	[jepsen worker 0] jepsen.util: 0	:invoke	:broadcast	0
2023-03-04 09:07:38,430{GMT}	INFO	[jepsen worker 0] jepsen.util: 0	:ok	:broadcast	0
2023-03-04 09:07:38,541{GMT}	INFO	[jepsen worker 1] jepsen.util: 1	:invoke	:broadcast	1
2023-03-04 09:07:38,701{GMT}	INFO	[jepsen worker 2] jepsen.util: 2	:invoke	:read	nil
2023-03-04 09:07:38,705{GMT}	INFO	[jepsen worker 3] jepsen.util: 3	:invoke	:broadcast	2
2023-03-04 09:07:38,713{GMT}	INFO	[jepsen worker 2] jepsen.util: 2	:ok	:read	[0 0]
2023-03-04 09:07:38,877{GMT}	INFO	[jepsen worker 4] jepsen.util: 4	:invoke	:read	nil
2023-03-04 09:07:38,910{GMT}	INFO	[jepsen worker 0] jepsen.util: 0	:invoke	:read	nil
2023-03-04 09:07:38,926{GMT}	INFO	[jepsen worker 2] jepsen.util: 2	:invoke	:broadcast	3
2023-03-04 09:07:38,934{GMT}	INFO	[jepsen worker 2] jepsen.util: 2	:ok	:broadcast	3
2023-03-04 09:07:39,052{GMT}	INFO	[jepsen worker 2] jepsen.util: 2	:invoke	:read	nil
2023-03-04 09:07:39,060{GMT}	INFO	[jepsen worker 2] jepsen.util: 2	:ok	:read	[0 0 3]
2023-03-04 09:07:39,220{GMT}	INFO	[jepsen worker 2] jepsen.util: 2	:invoke	:broadcast	4
2023-03-04 09:07:39,229{GMT}	INFO	[jepsen worker 2] jepsen.util: 2	:ok	:broadcast	4
2023-03-04 09:07:39,287{GMT}	INFO	[jepsen worker 2] jepsen.util: 2	:invoke	:read	nil
2023-03-04 09:07:39,293{GMT}	INFO	[jepsen worker 2] jepsen.util: 2	:ok	:read	[0 0 3 4]
2023-03-04 09:07:39,407{GMT}	INFO	[jepsen worker 2] jepsen.util: 2	:invoke	:read	nil
2023-03-04 09:07:39,415{GMT}	INFO	[jepsen worker 2] jepsen.util: 2	:ok	:read	[0 0 3 4]
2023-03-04 09:07:39,453{GMT}	INFO	[jepsen worker 2] jepsen.util: 2	:invoke	:broadcast	5
2023-03-04 09:07:39,458{GMT}	INFO	[jepsen worker 2] jepsen.util: 2	:ok	:broadcast	5
2023-03-04 09:07:39,637{GMT}	INFO	[jepsen worker 2] jepsen.util: 2	:invoke	:read	nil
2023-03-04 09:07:39,645{GMT}	INFO	[jepsen worker 2] jepsen.util: 2	:ok	:read	[0 0 3 4 5]
2023-03-04 09:07:39,673{GMT}	INFO	[jepsen worker 2] jepsen.util: 2	:invoke	:broadcast	6
2023-03-04 09:07:39,679{GMT}	INFO	[jepsen worker 2] jepsen.util: 2	:ok	:broadcast	6
2023-03-04 09:07:39,821{GMT}	INFO	[jepsen worker 2] jepsen.util: 2	:invoke	:broadcast	7
2023-03-04 09:07:39,829{GMT}	INFO	[jepsen worker 2] jepsen.util: 2	:ok	:broadcast	7
2023-03-04 09:07:39,972{GMT}	INFO	[jepsen worker 2] jepsen.util: 2	:invoke	:read	nil
2023-03-04 09:07:39,981{GMT}	INFO	[jepsen worker 2] jepsen.util: 2	:ok	:read	[0 0 3 4 5 6 7]
2023-03-04 09:07:40,128{GMT}	INFO	[jepsen worker 2] jepsen.util: 2	:invoke	:broadcast	8
2023-03-04 09:07:40,136{GMT}	INFO	[jepsen worker 2] jepsen.util: 2	:ok	:broadcast	8
2023-03-04 09:07:40,240{GMT}	INFO	[jepsen worker 2] jepsen.util: 2	:invoke	:read	nil
2023-03-04 09:07:40,248{GMT}	INFO	[jepsen worker 2] jepsen.util: 2	:ok	:read	[0 0 3 4 5 6 7 8]
2023-03-04 09:07:40,347{GMT}	INFO	[jepsen worker 2] jepsen.util: 2	:invoke	:broadcast	9
2023-03-04 09:07:40,353{GMT}	INFO	[jepsen worker 2] jepsen.util: 2	:ok	:broadcast	9
2023-03-04 09:07:40,529{GMT}	INFO	[jepsen worker 2] jepsen.util: 2	:invoke	:read	nil
2023-03-04 09:07:40,537{GMT}	INFO	[jepsen worker 2] jepsen.util: 2	:ok	:read	[0 0 3 4 5 6 7 8 9]
2023-03-04 09:07:40,662{GMT}	INFO	[jepsen worker 2] jepsen.util: 2	:invoke	:broadcast	10
2023-03-04 09:07:40,670{GMT}	INFO	[jepsen worker 2] jepsen.util: 2	:ok	:broadcast	10
2023-03-04 09:07:40,752{GMT}	INFO	[jepsen worker 2] jepsen.util: 2	:invoke	:read	nil
2023-03-04 09:07:40,759{GMT}	INFO	[jepsen worker 2] jepsen.util: 2	:ok	:read	[0 0 3 4 5 6 7 8 9 10]
2023-03-04 09:07:40,875{GMT}	INFO	[jepsen worker 2] jepsen.util: 2	:invoke	:broadcast	11
2023-03-04 09:07:40,883{GMT}	INFO	[jepsen worker 2] jepsen.util: 2	:ok	:broadcast	11
2023-03-04 09:07:41,052{GMT}	INFO	[jepsen worker 2] jepsen.util: 2	:invoke	:broadcast	12
2023-03-04 09:07:41,060{GMT}	INFO	[jepsen worker 2] jepsen.util: 2	:ok	:broadcast	12
2023-03-04 09:07:41,098{GMT}	INFO	[jepsen worker 2] jepsen.util: 2	:invoke	:read	nil
2023-03-04 09:07:41,103{GMT}	INFO	[jepsen worker 2] jepsen.util: 2	:ok	:read	[0 0 3 4 5 6 7 8 9 10 11 12]
2023-03-04 09:07:41,299{GMT}	INFO	[jepsen worker 2] jepsen.util: 2	:invoke	:broadcast	13
2023-03-04 09:07:41,306{GMT}	INFO	[jepsen worker 2] jepsen.util: 2	:ok	:broadcast	13
2023-03-04 09:07:41,396{GMT}	INFO	[jepsen worker 2] jepsen.util: 2	:invoke	:read	nil
2023-03-04 09:07:41,402{GMT}	INFO	[jepsen worker 2] jepsen.util: 2	:ok	:read	[0 0 3 4 5 6 7 8 9 10 11 12 13]
2023-03-04 09:07:41,405{GMT}	INFO	[jepsen worker 2] jepsen.util: 2	:invoke	:read	nil
2023-03-04 09:07:41,410{GMT}	INFO	[jepsen worker 2] jepsen.util: 2	:ok	:read	[0 0 3 4 5 6 7 8 9 10 11 12 13]
2023-03-04 09:07:41,495{GMT}	INFO	[jepsen worker 2] jepsen.util: 2	:invoke	:read	nil
2023-03-04 09:07:41,502{GMT}	INFO	[jepsen worker 2] jepsen.util: 2	:ok	:read	[0 0 3 4 5 6 7 8 9 10 11 12 13]
2023-03-04 09:07:41,611{GMT}	INFO	[jepsen worker 2] jepsen.util: 2	:invoke	:broadcast	14
2023-03-04 09:07:41,618{GMT}	INFO	[jepsen worker 2] jepsen.util: 2	:ok	:broadcast	14
2023-03-04 09:07:41,668{GMT}	INFO	[jepsen worker 2] jepsen.util: 2	:invoke	:read	nil
2023-03-04 09:07:41,673{GMT}	INFO	[jepsen worker 2] jepsen.util: 2	:ok	:read	[0 0 3 4 5 6 7 8 9 10 11 12 13 14]
2023-03-04 09:07:41,687{GMT}	INFO	[jepsen worker 2] jepsen.util: 2	:invoke	:broadcast	15
2023-03-04 09:07:41,693{GMT}	INFO	[jepsen worker 2] jepsen.util: 2	:ok	:broadcast	15
2023-03-04 09:07:41,814{GMT}	INFO	[jepsen worker 2] jepsen.util: 2	:invoke	:broadcast	16
2023-03-04 09:07:41,822{GMT}	INFO	[jepsen worker 2] jepsen.util: 2	:ok	:broadcast	16
2023-03-04 09:07:41,854{GMT}	INFO	[jepsen worker 2] jepsen.util: 2	:invoke	:broadcast	17
2023-03-04 09:07:41,859{GMT}	INFO	[jepsen worker 2] jepsen.util: 2	:ok	:broadcast	17
2023-03-04 09:07:41,947{GMT}	INFO	[jepsen worker 2] jepsen.util: 2	:invoke	:broadcast	18
2023-03-04 09:07:41,953{GMT}	INFO	[jepsen worker 2] jepsen.util: 2	:ok	:broadcast	18
2023-03-04 09:07:42,012{GMT}	INFO	[jepsen worker 2] jepsen.util: 2	:invoke	:read	nil
2023-03-04 09:07:42,019{GMT}	INFO	[jepsen worker 2] jepsen.util: 2	:ok	:read	[0 0 3 4 5 6 7 8 9 10 11 12 13 14 15 16 17 18]
2023-03-04 09:07:42,020{GMT}	INFO	[jepsen worker 2] jepsen.util: 2	:invoke	:read	nil
2023-03-04 09:07:42,024{GMT}	INFO	[jepsen worker 2] jepsen.util: 2	:ok	:read	[0 0 3 4 5 6 7 8 9 10 11 12 13 14 15 16 17 18]
2023-03-04 09:07:42,024{GMT}	INFO	[jepsen worker 2] jepsen.util: 2	:invoke	:read	nil
2023-03-04 09:07:42,028{GMT}	INFO	[jepsen worker 2] jepsen.util: 2	:ok	:read	[0 0 3 4 5 6 7 8 9 10 11 12 13 14 15 16 17 18]
2023-03-04 09:07:42,056{GMT}	INFO	[jepsen worker 2] jepsen.util: 2	:invoke	:broadcast	19
2023-03-04 09:07:42,060{GMT}	INFO	[jepsen worker 2] jepsen.util: 2	:ok	:broadcast	19
2023-03-04 09:07:42,153{GMT}	INFO	[jepsen worker 2] jepsen.util: 2	:invoke	:read	nil
2023-03-04 09:07:42,159{GMT}	INFO	[jepsen worker 2] jepsen.util: 2	:ok	:read	[0 0 3 4 5 6 7 8 9 10 11 12 13 14 15 16 17 18 19]
2023-03-04 09:07:42,319{GMT}	INFO	[jepsen worker 2] jepsen.util: 2	:invoke	:read	nil
2023-03-04 09:07:42,327{GMT}	INFO	[jepsen worker 2] jepsen.util: 2	:ok	:read	[0 0 3 4 5 6 7 8 9 10 11 12 13 14 15 16 17 18 19]
2023-03-04 09:07:42,467{GMT}	INFO	[jepsen worker 2] jepsen.util: 2	:invoke	:read	nil
2023-03-04 09:07:42,474{GMT}	INFO	[jepsen worker 2] jepsen.util: 2	:ok	:read	[0 0 3 4 5 6 7 8 9 10 11 12 13 14 15 16 17 18 19]
2023-03-04 09:07:42,523{GMT}	INFO	[jepsen worker 2] jepsen.util: 2	:invoke	:read	nil
2023-03-04 09:07:42,528{GMT}	INFO	[jepsen worker 2] jepsen.util: 2	:ok	:read	[0 0 3 4 5 6 7 8 9 10 11 12 13 14 15 16 17 18 19]
2023-03-04 09:07:42,537{GMT}	INFO	[jepsen worker 2] jepsen.util: 2	:invoke	:broadcast	20
2023-03-04 09:07:42,541{GMT}	INFO	[jepsen worker 2] jepsen.util: 2	:ok	:broadcast	20
2023-03-04 09:07:42,567{GMT}	INFO	[jepsen worker 2] jepsen.util: 2	:invoke	:broadcast	21
2023-03-04 09:07:42,570{GMT}	INFO	[jepsen worker 2] jepsen.util: 2	:ok	:broadcast	21
2023-03-04 09:07:42,753{GMT}	INFO	[jepsen worker 2] jepsen.util: 2	:invoke	:read	nil
2023-03-04 09:07:42,760{GMT}	INFO	[jepsen worker 2] jepsen.util: 2	:ok	:read	[0 0 3 4 5 6 7 8 9 10 11 12 13 14 15 16 17 18 19 20 21]
2023-03-04 09:07:42,843{GMT}	INFO	[jepsen worker 2] jepsen.util: 2	:invoke	:read	nil
2023-03-04 09:07:42,849{GMT}	INFO	[jepsen worker 2] jepsen.util: 2	:ok	:read	[0 0 3 4 5 6 7 8 9 10 11 12 13 14 15 16 17 18 19 20 21]
2023-03-04 09:07:42,995{GMT}	INFO	[jepsen worker 2] jepsen.util: 2	:invoke	:broadcast	22
2023-03-04 09:07:43,002{GMT}	INFO	[jepsen worker 2] jepsen.util: 2	:ok	:broadcast	22
2023-03-04 09:07:43,075{GMT}	INFO	[jepsen worker 2] jepsen.util: 2	:invoke	:read	nil
2023-03-04 09:07:43,081{GMT}	INFO	[jepsen worker 2] jepsen.util: 2	:ok	:read	[0 0 3 4 5 6 7 8 9 10 11 12 13 14 15 16 17 18 19 20 21 22]
2023-03-04 09:07:43,124{GMT}	INFO	[jepsen worker 2] jepsen.util: 2	:invoke	:read	nil
2023-03-04 09:07:43,128{GMT}	INFO	[jepsen worker 2] jepsen.util: 2	:ok	:read	[0 0 3 4 5 6 7 8 9 10 11 12 13 14 15 16 17 18 19 20 21 22]
2023-03-04 09:07:43,311{GMT}	INFO	[jepsen worker 2] jepsen.util: 2	:invoke	:broadcast	23
2023-03-04 09:07:43,317{GMT}	INFO	[jepsen worker 2] jepsen.util: 2	:ok	:broadcast	23
2023-03-04 09:07:43,366{GMT}	INFO	[jepsen worker 2] jepsen.util: 2	:invoke	:broadcast	24
2023-03-04 09:07:43,370{GMT}	INFO	[jepsen worker 2] jepsen.util: 2	:ok	:broadcast	24
2023-03-04 09:07:43,535{GMT}	INFO	[jepsen worker 2] jepsen.util: 2	:invoke	:broadcast	25
2023-03-04 09:07:43,541{GMT}	INFO	[jepsen worker 2] jepsen.util: 2	:ok	:broadcast	25
2023-03-04 09:07:43,550{GMT}	INFO	[jepsen worker 1] jepsen.util: 1	:info	:broadcast	1	:net-timeout
2023-03-04 09:07:43,560{GMT}	INFO	[jepsen worker 1] jepsen.util: 6	:invoke	:read	nil
2023-03-04 09:07:43,712{GMT}	INFO	[jepsen worker 3] jepsen.util: 3	:info	:broadcast	2	:net-timeout
2023-03-04 09:07:43,719{GMT}	INFO	[jepsen worker 2] jepsen.util: 2	:invoke	:read	nil
2023-03-04 09:07:43,724{GMT}	INFO	[jepsen worker 2] jepsen.util: 2	:ok	:read	[0 0 3 4 5 6 7 8 9 10 11 12 13 14 15 16 17 18 19 20 21 22 23 24 25]
2023-03-04 09:07:43,884{GMT}	INFO	[jepsen worker 4] jepsen.util: 4	:fail	:read	nil	:net-timeout
2023-03-04 09:07:43,904{GMT}	INFO	[jepsen worker 2] jepsen.util: 2	:invoke	:read	nil
2023-03-04 09:07:43,910{GMT}	INFO	[jepsen worker 2] jepsen.util: 2	:ok	:read	[0 0 3 4 5 6 7 8 9 10 11 12 13 14 15 16 17 18 19 20 21 22 23 24 25]
2023-03-04 09:07:43,913{GMT}	INFO	[jepsen worker 0] jepsen.util: 0	:fail	:read	nil	:net-timeout
2023-03-04 09:07:44,048{GMT}	INFO	[jepsen worker 2] jepsen.util: 2	:invoke	:broadcast	26
2023-03-04 09:07:44,055{GMT}	INFO	[jepsen worker 2] jepsen.util: 2	:ok	:broadcast	26
2023-03-04 09:07:44,070{GMT}	INFO	[jepsen worker 3] jepsen.util: 8	:invoke	:read	nil
2023-03-04 09:07:44,148{GMT}	INFO	[jepsen worker 4] jepsen.util: 4	:invoke	:read	nil
2023-03-04 09:07:44,201{GMT}	INFO	[jepsen worker 0] jepsen.util: 0	:invoke	:read	nil
2023-03-04 09:07:44,250{GMT}	INFO	[jepsen worker 2] jepsen.util: 2	:invoke	:read	nil
2023-03-04 09:07:44,256{GMT}	INFO	[jepsen worker 2] jepsen.util: 2	:ok	:read	[0 0 3 4 5 6 7 8 9 10 11 12 13 14 15 16 17 18 19 20 21 22 23 24 25 26]
2023-03-04 09:07:44,275{GMT}	INFO	[jepsen worker 2] jepsen.util: 2	:invoke	:read	nil
2023-03-04 09:07:44,280{GMT}	INFO	[jepsen worker 2] jepsen.util: 2	:ok	:read	[0 0 3 4 5 6 7 8 9 10 11 12 13 14 15 16 17 18 19 20 21 22 23 24 25 26]
2023-03-04 09:07:44,423{GMT}	INFO	[jepsen worker 2] jepsen.util: 2	:invoke	:broadcast	27
2023-03-04 09:07:44,430{GMT}	INFO	[jepsen worker 2] jepsen.util: 2	:ok	:broadcast	27
2023-03-04 09:07:44,449{GMT}	INFO	[jepsen worker 2] jepsen.util: 2	:invoke	:read	nil
2023-03-04 09:07:44,453{GMT}	INFO	[jepsen worker 2] jepsen.util: 2	:ok	:read	[0 0 3 4 5 6 7 8 9 10 11 12 13 14 15 16 17 18 19 20 21 22 23 24 25 26 27]
2023-03-04 09:07:44,543{GMT}	INFO	[jepsen worker 2] jepsen.util: 2	:invoke	:broadcast	28
2023-03-04 09:07:44,547{GMT}	INFO	[jepsen worker 2] jepsen.util: 2	:ok	:broadcast	28
2023-03-04 09:07:44,615{GMT}	INFO	[jepsen worker 2] jepsen.util: 2	:invoke	:broadcast	29
2023-03-04 09:07:44,619{GMT}	INFO	[jepsen worker 2] jepsen.util: 2	:ok	:broadcast	29
2023-03-04 09:07:44,725{GMT}	INFO	[jepsen worker 2] jepsen.util: 2	:invoke	:broadcast	30
2023-03-04 09:07:44,729{GMT}	INFO	[jepsen worker 2] jepsen.util: 2	:ok	:broadcast	30
2023-03-04 09:07:44,747{GMT}	INFO	[jepsen worker 2] jepsen.util: 2	:invoke	:read	nil
2023-03-04 09:07:44,752{GMT}	INFO	[jepsen worker 2] jepsen.util: 2	:ok	:read	[0 0 3 4 5 6 7 8 9 10 11 12 13 14 15 16 17 18 19 20 21 22 23 24 25 26 27 28 29 30]
2023-03-04 09:07:44,872{GMT}	INFO	[jepsen worker 2] jepsen.util: 2	:invoke	:read	nil
2023-03-04 09:07:44,879{GMT}	INFO	[jepsen worker 2] jepsen.util: 2	:ok	:read	[0 0 3 4 5 6 7 8 9 10 11 12 13 14 15 16 17 18 19 20 21 22 23 24 25 26 27 28 29 30]
2023-03-04 09:07:44,885{GMT}	INFO	[jepsen worker 2] jepsen.util: 2	:invoke	:broadcast	31
2023-03-04 09:07:44,889{GMT}	INFO	[jepsen worker 2] jepsen.util: 2	:ok	:broadcast	31
2023-03-04 09:07:45,031{GMT}	INFO	[jepsen worker 2] jepsen.util: 2	:invoke	:read	nil
2023-03-04 09:07:45,036{GMT}	INFO	[jepsen worker 2] jepsen.util: 2	:ok	:read	[0 0 3 4 5 6 7 8 9 10 11 12 13 14 15 16 17 18 19 20 21 22 23 24 25 26 27 28 29 30 31]
2023-03-04 09:07:45,138{GMT}	INFO	[jepsen worker 2] jepsen.util: 2	:invoke	:broadcast	32
2023-03-04 09:07:45,143{GMT}	INFO	[jepsen worker 2] jepsen.util: 2	:ok	:broadcast	32
2023-03-04 09:07:45,201{GMT}	INFO	[jepsen worker 2] jepsen.util: 2	:invoke	:read	nil
2023-03-04 09:07:45,207{GMT}	INFO	[jepsen worker 2] jepsen.util: 2	:ok	:read	[0 0 3 4 5 6 7 8 9 10 11 12 13 14 15 16 17 18 19 20 21 22 23 24 25 26 27 28 29 30 31 32]
2023-03-04 09:07:45,244{GMT}	INFO	[jepsen worker 2] jepsen.util: 2	:invoke	:broadcast	33
2023-03-04 09:07:45,247{GMT}	INFO	[jepsen worker 2] jepsen.util: 2	:ok	:broadcast	33
2023-03-04 09:07:45,415{GMT}	INFO	[jepsen worker 2] jepsen.util: 2	:invoke	:read	nil
2023-03-04 09:07:45,421{GMT}	INFO	[jepsen worker 2] jepsen.util: 2	:ok	:read	[0 0 3 4 5 6 7 8 9 10 11 12 13 14 15 16 17 18 19 20 21 22 23 24 25 26 27 28 29 30 31 32 33]
2023-03-04 09:07:45,493{GMT}	INFO	[jepsen worker 2] jepsen.util: 2	:invoke	:broadcast	34
2023-03-04 09:07:45,496{GMT}	INFO	[jepsen worker 2] jepsen.util: 2	:ok	:broadcast	34
2023-03-04 09:07:45,684{GMT}	INFO	[jepsen worker 2] jepsen.util: 2	:invoke	:broadcast	35
2023-03-04 09:07:45,690{GMT}	INFO	[jepsen worker 2] jepsen.util: 2	:ok	:broadcast	35
2023-03-04 09:07:45,725{GMT}	INFO	[jepsen worker 2] jepsen.util: 2	:invoke	:broadcast	36
2023-03-04 09:07:45,729{GMT}	INFO	[jepsen worker 2] jepsen.util: 2	:ok	:broadcast	36
2023-03-04 09:07:45,844{GMT}	INFO	[jepsen worker 2] jepsen.util: 2	:invoke	:read	nil
2023-03-04 09:07:45,849{GMT}	INFO	[jepsen worker 2] jepsen.util: 2	:ok	:read	[0 0 3 4 5 6 7 8 9 10 11 12 13 14 15 16 17 18 19 20 21 22 23 24 25 26 27 28 29 30 31 32 33 34 35 36]
2023-03-04 09:07:45,957{GMT}	INFO	[jepsen worker 2] jepsen.util: 2	:invoke	:read	nil
2023-03-04 09:07:45,963{GMT}	INFO	[jepsen worker 2] jepsen.util: 2	:ok	:read	[0 0 3 4 5 6 7 8 9 10 11 12 13 14 15 16 17 18 19 20 21 22 23 24 25 26 27 28 29 30 31 32 33 34 35 36]
2023-03-04 09:07:46,115{GMT}	INFO	[jepsen worker 2] jepsen.util: 2	:invoke	:broadcast	37
2023-03-04 09:07:46,120{GMT}	INFO	[jepsen worker 2] jepsen.util: 2	:ok	:broadcast	37
2023-03-04 09:07:46,153{GMT}	INFO	[jepsen worker 2] jepsen.util: 2	:invoke	:broadcast	38
2023-03-04 09:07:46,157{GMT}	INFO	[jepsen worker 2] jepsen.util: 2	:ok	:broadcast	38
2023-03-04 09:07:46,295{GMT}	INFO	[jepsen worker 2] jepsen.util: 2	:invoke	:read	nil
2023-03-04 09:07:46,301{GMT}	INFO	[jepsen worker 2] jepsen.util: 2	:ok	:read	[0 0 3 4 5 6 7 8 9 10 11 12 13 14 15 16 17 18 19 20 21 22 23 24 25 26 27 28 29 30 31 32 33 34 35 36 37 38]
2023-03-04 09:07:46,342{GMT}	INFO	[jepsen worker 2] jepsen.util: 2	:invoke	:broadcast	39
2023-03-04 09:07:46,347{GMT}	INFO	[jepsen worker 2] jepsen.util: 2	:ok	:broadcast	39
2023-03-04 09:07:46,490{GMT}	INFO	[jepsen worker 2] jepsen.util: 2	:invoke	:broadcast	40
2023-03-04 09:07:46,496{GMT}	INFO	[jepsen worker 2] jepsen.util: 2	:ok	:broadcast	40
2023-03-04 09:07:46,574{GMT}	INFO	[jepsen worker 2] jepsen.util: 2	:invoke	:broadcast	41
2023-03-04 09:07:46,579{GMT}	INFO	[jepsen worker 2] jepsen.util: 2	:ok	:broadcast	41
2023-03-04 09:07:46,590{GMT}	INFO	[jepsen worker 2] jepsen.util: 2	:invoke	:broadcast	42
2023-03-04 09:07:46,593{GMT}	INFO	[jepsen worker 2] jepsen.util: 2	:ok	:broadcast	42
2023-03-04 09:07:46,657{GMT}	INFO	[jepsen worker 2] jepsen.util: 2	:invoke	:read	nil
2023-03-04 09:07:46,662{GMT}	INFO	[jepsen worker 2] jepsen.util: 2	:ok	:read	[0 0 3 4 5 6 7 8 9 10 11 12 13 14 15 16 17 18 19 20 21 22 23 24 25 26 27 28 29 30 31 32 33 34 35 36 37 38 39 40 41 42]
2023-03-04 09:07:46,755{GMT}	INFO	[jepsen worker 2] jepsen.util: 2	:invoke	:read	nil
2023-03-04 09:07:46,761{GMT}	INFO	[jepsen worker 2] jepsen.util: 2	:ok	:read	[0 0 3 4 5 6 7 8 9 10 11 12 13 14 15 16 17 18 19 20 21 22 23 24 25 26 27 28 29 30 31 32 33 34 35 36 37 38 39 40 41 42]
2023-03-04 09:07:46,787{GMT}	INFO	[jepsen worker 2] jepsen.util: 2	:invoke	:broadcast	43
2023-03-04 09:07:46,790{GMT}	INFO	[jepsen worker 2] jepsen.util: 2	:ok	:broadcast	43
2023-03-04 09:07:46,917{GMT}	INFO	[jepsen worker 2] jepsen.util: 2	:invoke	:read	nil
2023-03-04 09:07:46,923{GMT}	INFO	[jepsen worker 2] jepsen.util: 2	:ok	:read	[0 0 3 4 5 6 7 8 9 10 11 12 13 14 15 16 17 18 19 20 21 22 23 24 25 26 27 28 29 30 31 32 33 34 35 36 37 38 39 40 41 42 43]
2023-03-04 09:07:46,975{GMT}	INFO	[jepsen worker 2] jepsen.util: 2	:invoke	:read	nil
2023-03-04 09:07:46,979{GMT}	INFO	[jepsen worker 2] jepsen.util: 2	:ok	:read	[0 0 3 4 5 6 7 8 9 10 11 12 13 14 15 16 17 18 19 20 21 22 23 24 25 26 27 28 29 30 31 32 33 34 35 36 37 38 39 40 41 42 43]
2023-03-04 09:07:47,083{GMT}	INFO	[jepsen worker 2] jepsen.util: 2	:invoke	:read	nil
2023-03-04 09:07:47,089{GMT}	INFO	[jepsen worker 2] jepsen.util: 2	:ok	:read	[0 0 3 4 5 6 7 8 9 10 11 12 13 14 15 16 17 18 19 20 21 22 23 24 25 26 27 28 29 30 31 32 33 34 35 36 37 38 39 40 41 42 43]
2023-03-04 09:07:47,090{GMT}	INFO	[jepsen worker 2] jepsen.util: 2	:invoke	:broadcast	44
2023-03-04 09:07:47,093{GMT}	INFO	[jepsen worker 2] jepsen.util: 2	:ok	:broadcast	44
2023-03-04 09:07:47,165{GMT}	INFO	[jepsen worker 2] jepsen.util: 2	:invoke	:broadcast	45
2023-03-04 09:07:47,169{GMT}	INFO	[jepsen worker 2] jepsen.util: 2	:ok	:broadcast	45
2023-03-04 09:07:47,345{GMT}	INFO	[jepsen worker 2] jepsen.util: 2	:invoke	:read	nil
2023-03-04 09:07:47,351{GMT}	INFO	[jepsen worker 2] jepsen.util: 2	:ok	:read	[0 0 3 4 5 6 7 8 9 10 11 12 13 14 15 16 17 18 19 20 21 22 23 24 25 26 27 28 29 30 31 32 33 34 35 36 37 38 39 40 41 42 43 44 45]
2023-03-04 09:07:47,518{GMT}	INFO	[jepsen worker 2] jepsen.util: 2	:invoke	:broadcast	46
2023-03-04 09:07:47,523{GMT}	INFO	[jepsen worker 2] jepsen.util: 2	:ok	:broadcast	46
2023-03-04 09:07:47,538{GMT}	INFO	[jepsen worker 2] jepsen.util: 2	:invoke	:read	nil
2023-03-04 09:07:47,540{GMT}	INFO	[jepsen worker 2] jepsen.util: 2	:ok	:read	[0 0 3 4 5 6 7 8 9 10 11 12 13 14 15 16 17 18 19 20 21 22 23 24 25 26 27 28 29 30 31 32 33 34 35 36 37 38 39 40 41 42 43 44 45 46]
2023-03-04 09:07:47,732{GMT}	INFO	[jepsen worker 2] jepsen.util: 2	:invoke	:read	nil
2023-03-04 09:07:47,738{GMT}	INFO	[jepsen worker 2] jepsen.util: 2	:ok	:read	[0 0 3 4 5 6 7 8 9 10 11 12 13 14 15 16 17 18 19 20 21 22 23 24 25 26 27 28 29 30 31 32 33 34 35 36 37 38 39 40 41 42 43 44 45 46]
2023-03-04 09:07:47,929{GMT}	INFO	[jepsen worker 2] jepsen.util: 2	:invoke	:broadcast	47
2023-03-04 09:07:47,935{GMT}	INFO	[jepsen worker 2] jepsen.util: 2	:ok	:broadcast	47
2023-03-04 09:07:47,967{GMT}	INFO	[jepsen worker 2] jepsen.util: 2	:invoke	:read	nil
2023-03-04 09:07:47,971{GMT}	INFO	[jepsen worker 2] jepsen.util: 2	:ok	:read	[0 0 3 4 5 6 7 8 9 10 11 12 13 14 15 16 17 18 19 20 21 22 23 24 25 26 27 28 29 30 31 32 33 34 35 36 37 38 39 40 41 42 43 44 45 46 47]
2023-03-04 09:07:48,138{GMT}	INFO	[jepsen worker 2] jepsen.util: 2	:invoke	:read	nil
2023-03-04 09:07:48,144{GMT}	INFO	[jepsen worker 2] jepsen.util: 2	:ok	:read	[0 0 3 4 5 6 7 8 9 10 11 12 13 14 15 16 17 18 19 20 21 22 23 24 25 26 27 28 29 30 31 32 33 34 35 36 37 38 39 40 41 42 43 44 45 46 47]
2023-03-04 09:07:48,222{GMT}	INFO	[jepsen worker 2] jepsen.util: 2	:invoke	:read	nil
2023-03-04 09:07:48,227{GMT}	INFO	[jepsen worker 2] jepsen.util: 2	:ok	:read	[0 0 3 4 5 6 7 8 9 10 11 12 13 14 15 16 17 18 19 20 21 22 23 24 25 26 27 28 29 30 31 32 33 34 35 36 37 38 39 40 41 42 43 44 45 46 47]
2023-03-04 09:07:48,362{GMT}	INFO	[jepsen worker 2] jepsen.util: 2	:invoke	:broadcast	48
2023-03-04 09:07:48,367{GMT}	INFO	[jepsen worker 2] jepsen.util: 2	:ok	:broadcast	48
2023-03-04 09:07:48,461{GMT}	INFO	[jepsen worker 2] jepsen.util: 2	:invoke	:broadcast	49
2023-03-04 09:07:48,466{GMT}	INFO	[jepsen worker 2] jepsen.util: 2	:ok	:broadcast	49
2023-03-04 09:07:48,563{GMT}	INFO	[jepsen worker 1] jepsen.util: 6	:fail	:read	nil	:net-timeout
2023-03-04 09:07:48,645{GMT}	INFO	[jepsen worker 1] jepsen.util: 6	:invoke	:broadcast	50
2023-03-04 09:07:48,670{GMT}	INFO	[jepsen worker 2] jepsen.util: 2	:invoke	:broadcast	51
2023-03-04 09:07:48,674{GMT}	INFO	[jepsen worker 2] jepsen.util: 2	:ok	:broadcast	51
2023-03-04 09:07:48,682{GMT}	INFO	[jepsen worker 2] jepsen.util: 2	:invoke	:read	nil
2023-03-04 09:07:48,686{GMT}	INFO	[jepsen worker 2] jepsen.util: 2	:ok	:read	[0 0 3 4 5 6 7 8 9 10 11 12 13 14 15 16 17 18 19 20 21 22 23 24 25 26 27 28 29 30 31 32 33 34 35 36 37 38 39 40 41 42 43 44 45 46 47 48 49 51]
2023-03-04 09:07:48,780{GMT}	INFO	[jepsen worker 2] jepsen.util: 2	:invoke	:broadcast	52
2023-03-04 09:07:48,785{GMT}	INFO	[jepsen worker 2] jepsen.util: 2	:ok	:broadcast	52
2023-03-04 09:07:48,876{GMT}	INFO	[jepsen worker 2] jepsen.util: 2	:invoke	:read	nil
2023-03-04 09:07:48,881{GMT}	INFO	[jepsen worker 2] jepsen.util: 2	:ok	:read	[0 0 3 4 5 6 7 8 9 10 11 12 13 14 15 16 17 18 19 20 21 22 23 24 25 26 27 28 29 30 31 32 33 34 35 36 37 38 39 40 41 42 43 44 45 46 47 48 49 51 52]
2023-03-04 09:07:49,037{GMT}	INFO	[jepsen worker 2] jepsen.util: 2	:invoke	:read	nil
2023-03-04 09:07:49,043{GMT}	INFO	[jepsen worker 2] jepsen.util: 2	:ok	:read	[0 0 3 4 5 6 7 8 9 10 11 12 13 14 15 16 17 18 19 20 21 22 23 24 25 26 27 28 29 30 31 32 33 34 35 36 37 38 39 40 41 42 43 44 45 46 47 48 49 51 52]
2023-03-04 09:07:49,073{GMT}	INFO	[jepsen worker 3] jepsen.util: 8	:fail	:read	nil	:net-timeout
2023-03-04 09:07:49,150{GMT}	INFO	[jepsen worker 4] jepsen.util: 4	:fail	:read	nil	:net-timeout
2023-03-04 09:07:49,202{GMT}	INFO	[jepsen worker 3] jepsen.util: 8	:invoke	:broadcast	53
2023-03-04 09:07:49,203{GMT}	INFO	[jepsen worker 0] jepsen.util: 0	:fail	:read	nil	:net-timeout
2023-03-04 09:07:49,263{GMT}	INFO	[jepsen worker 4] jepsen.util: 4	:invoke	:read	nil
2023-03-04 09:07:49,440{GMT}	INFO	[jepsen worker 0] jepsen.util: 0	:invoke	:broadcast	54
2023-03-04 09:07:49,612{GMT}	INFO	[jepsen worker 2] jepsen.util: 2	:invoke	:broadcast	55
2023-03-04 09:07:49,617{GMT}	INFO	[jepsen worker 2] jepsen.util: 2	:ok	:broadcast	55
2023-03-04 09:07:49,645{GMT}	INFO	[jepsen worker 2] jepsen.util: 2	:invoke	:broadcast	56
2023-03-04 09:07:49,648{GMT}	INFO	[jepsen worker 2] jepsen.util: 2	:ok	:broadcast	56
2023-03-04 09:07:49,789{GMT}	INFO	[jepsen worker 2] jepsen.util: 2	:invoke	:read	nil
2023-03-04 09:07:49,795{GMT}	INFO	[jepsen worker 2] jepsen.util: 2	:ok	:read	[0 0 3 4 5 6 7 8 9 10 11 12 13 14 15 16 17 18 19 20 21 22 23 24 25 26 27 28 29 30 31 32 33 34 35 36 37 38 39 40 41 42 43 44 45 46 47 48 49 51 52 55 56]
2023-03-04 09:07:49,859{GMT}	INFO	[jepsen worker 2] jepsen.util: 2	:invoke	:broadcast	57
2023-03-04 09:07:49,863{GMT}	INFO	[jepsen worker 2] jepsen.util: 2	:ok	:broadcast	57
2023-03-04 09:07:49,943{GMT}	INFO	[jepsen worker 2] jepsen.util: 2	:invoke	:read	nil
2023-03-04 09:07:49,947{GMT}	INFO	[jepsen worker 2] jepsen.util: 2	:ok	:read	[0 0 3 4 5 6 7 8 9 10 11 12 13 14 15 16 17 18 19 20 21 22 23 24 25 26 27 28 29 30 31 32 33 34 35 36 37 38 39 40 41 42 43 44 45 46 47 48 49 51 52 55 56 57]
2023-03-04 09:07:50,038{GMT}	INFO	[jepsen worker 2] jepsen.util: 2	:invoke	:broadcast	58
2023-03-04 09:07:50,042{GMT}	INFO	[jepsen worker 2] jepsen.util: 2	:ok	:broadcast	58
2023-03-04 09:07:50,233{GMT}	INFO	[jepsen worker 2] jepsen.util: 2	:invoke	:broadcast	59
2023-03-04 09:07:50,238{GMT}	INFO	[jepsen worker 2] jepsen.util: 2	:ok	:broadcast	59
2023-03-04 09:07:50,292{GMT}	INFO	[jepsen worker 2] jepsen.util: 2	:invoke	:read	nil
2023-03-04 09:07:50,296{GMT}	INFO	[jepsen worker 2] jepsen.util: 2	:ok	:read	[0 0 3 4 5 6 7 8 9 10 11 12 13 14 15 16 17 18 19 20 21 22 23 24 25 26 27 28 29 30 31 32 33 34 35 36 37 38 39 40 41 42 43 44 45 46 47 48 49 51 52 55 56 57 58 59]
2023-03-04 09:07:50,446{GMT}	INFO	[jepsen worker 2] jepsen.util: 2	:invoke	:broadcast	60
2023-03-04 09:07:50,450{GMT}	INFO	[jepsen worker 2] jepsen.util: 2	:ok	:broadcast	60
2023-03-04 09:07:50,594{GMT}	INFO	[jepsen worker 2] jepsen.util: 2	:invoke	:broadcast	61
2023-03-04 09:07:50,598{GMT}	INFO	[jepsen worker 2] jepsen.util: 2	:ok	:broadcast	61
2023-03-04 09:07:50,736{GMT}	INFO	[jepsen worker 2] jepsen.util: 2	:invoke	:read	nil
2023-03-04 09:07:50,741{GMT}	INFO	[jepsen worker 2] jepsen.util: 2	:ok	:read	[0 0 3 4 5 6 7 8 9 10 11 12 13 14 15 16 17 18 19 20 21 22 23 24 25 26 27 28 29 30 31 32 33 34 35 36 37 38 39 40 41 42 43 44 45 46 47 48 49 51 52 55 56 57 58 59 60 61]
2023-03-04 09:07:50,786{GMT}	INFO	[jepsen worker 2] jepsen.util: 2	:invoke	:broadcast	62
2023-03-04 09:07:50,790{GMT}	INFO	[jepsen worker 2] jepsen.util: 2	:ok	:broadcast	62
2023-03-04 09:07:50,912{GMT}	INFO	[jepsen worker 2] jepsen.util: 2	:invoke	:broadcast	63
2023-03-04 09:07:50,917{GMT}	INFO	[jepsen worker 2] jepsen.util: 2	:ok	:broadcast	63
2023-03-04 09:07:50,990{GMT}	INFO	[jepsen worker 2] jepsen.util: 2	:invoke	:read	nil
2023-03-04 09:07:50,995{GMT}	INFO	[jepsen worker 2] jepsen.util: 2	:ok	:read	[0 0 3 4 5 6 7 8 9 10 11 12 13 14 15 16 17 18 19 20 21 22 23 24 25 26 27 28 29 30 31 32 33 34 35 36 37 38 39 40 41 42 43 44 45 46 47 48 49 51 52 55 56 57 58 59 60 61 62 63]
2023-03-04 09:07:51,143{GMT}	INFO	[jepsen worker 2] jepsen.util: 2	:invoke	:broadcast	64
2023-03-04 09:07:51,148{GMT}	INFO	[jepsen worker 2] jepsen.util: 2	:ok	:broadcast	64
2023-03-04 09:07:51,297{GMT}	INFO	[jepsen worker 2] jepsen.util: 2	:invoke	:broadcast	65
2023-03-04 09:07:51,302{GMT}	INFO	[jepsen worker 2] jepsen.util: 2	:ok	:broadcast	65
2023-03-04 09:07:51,431{GMT}	INFO	[jepsen worker 2] jepsen.util: 2	:invoke	:broadcast	66
2023-03-04 09:07:51,436{GMT}	INFO	[jepsen worker 2] jepsen.util: 2	:ok	:broadcast	66
2023-03-04 09:07:51,448{GMT}	INFO	[jepsen worker 2] jepsen.util: 2	:invoke	:read	nil
2023-03-04 09:07:51,452{GMT}	INFO	[jepsen worker 2] jepsen.util: 2	:ok	:read	[0 0 3 4 5 6 7 8 9 10 11 12 13 14 15 16 17 18 19 20 21 22 23 24 25 26 27 28 29 30 31 32 33 34 35 36 37 38 39 40 41 42 43 44 45 46 47 48 49 51 52 55 56 57 58 59 60 61 62 63 64 65 66]
2023-03-04 09:07:51,483{GMT}	INFO	[jepsen worker 2] jepsen.util: 2	:invoke	:read	nil
2023-03-04 09:07:51,487{GMT}	INFO	[jepsen worker 2] jepsen.util: 2	:ok	:read	[0 0 3 4 5 6 7 8 9 10 11 12 13 14 15 16 17 18 19 20 21 22 23 24 25 26 27 28 29 30 31 32 33 34 35 36 37 38 39 40 41 42 43 44 45 46 47 48 49 51 52 55 56 57 58 59 60 61 62 63 64 65 66]
2023-03-04 09:07:51,498{GMT}	INFO	[jepsen worker 2] jepsen.util: 2	:invoke	:read	nil
2023-03-04 09:07:51,500{GMT}	INFO	[jepsen worker 2] jepsen.util: 2	:ok	:read	[0 0 3 4 5 6 7 8 9 10 11 12 13 14 15 16 17 18 19 20 21 22 23 24 25 26 27 28 29 30 31 32 33 34 35 36 37 38 39 40 41 42 43 44 45 46 47 48 49 51 52 55 56 57 58 59 60 61 62 63 64 65 66]
2023-03-04 09:07:51,683{GMT}	INFO	[jepsen worker 2] jepsen.util: 2	:invoke	:broadcast	67
2023-03-04 09:07:51,687{GMT}	INFO	[jepsen worker 2] jepsen.util: 2	:ok	:broadcast	67
2023-03-04 09:07:51,711{GMT}	INFO	[jepsen worker 2] jepsen.util: 2	:invoke	:read	nil
2023-03-04 09:07:51,714{GMT}	INFO	[jepsen worker 2] jepsen.util: 2	:ok	:read	[0 0 3 4 5 6 7 8 9 10 11 12 13 14 15 16 17 18 19 20 21 22 23 24 25 26 27 28 29 30 31 32 33 34 35 36 37 38 39 40 41 42 43 44 45 46 47 48 49 51 52 55 56 57 58 59 60 61 62 63 64 65 66 67]
2023-03-04 09:07:51,899{GMT}	INFO	[jepsen worker 2] jepsen.util: 2	:invoke	:broadcast	68
2023-03-04 09:07:51,904{GMT}	INFO	[jepsen worker 2] jepsen.util: 2	:ok	:broadcast	68
2023-03-04 09:07:52,006{GMT}	INFO	[jepsen worker 2] jepsen.util: 2	:invoke	:broadcast	69
2023-03-04 09:07:52,012{GMT}	INFO	[jepsen worker 2] jepsen.util: 2	:ok	:broadcast	69
2023-03-04 09:07:52,079{GMT}	INFO	[jepsen worker 2] jepsen.util: 2	:invoke	:broadcast	70
2023-03-04 09:07:52,083{GMT}	INFO	[jepsen worker 2] jepsen.util: 2	:ok	:broadcast	70
2023-03-04 09:07:52,143{GMT}	INFO	[jepsen worker 2] jepsen.util: 2	:invoke	:read	nil
2023-03-04 09:07:52,147{GMT}	INFO	[jepsen worker 2] jepsen.util: 2	:ok	:read	[0 0 3 4 5 6 7 8 9 10 11 12 13 14 15 16 17 18 19 20 21 22 23 24 25 26 27 28 29 30 31 32 33 34 35 36 37 38 39 40 41 42 43 44 45 46 47 48 49 51 52 55 56 57 58 59 60 61 62 63 64 65 66 67 68 69 70]
2023-03-04 09:07:52,245{GMT}	INFO	[jepsen worker 2] jepsen.util: 2	:invoke	:broadcast	71
2023-03-04 09:07:52,250{GMT}	INFO	[jepsen worker 2] jepsen.util: 2	:ok	:broadcast	71
2023-03-04 09:07:52,319{GMT}	INFO	[jepsen worker 2] jepsen.util: 2	:invoke	:read	nil
2023-03-04 09:07:52,322{GMT}	INFO	[jepsen worker 2] jepsen.util: 2	:ok	:read	[0 0 3 4 5 6 7 8 9 10 11 12 13 14 15 16 17 18 19 20 21 22 23 24 25 26 27 28 29 30 31 32 33 34 35 36 37 38 39 40 41 42 43 44 45 46 47 48 49 51 52 55 56 57 58 59 60 61 62 63 64 65 66 67 68 69 70 71]
2023-03-04 09:07:52,363{GMT}	INFO	[jepsen worker 2] jepsen.util: 2	:invoke	:read	nil
2023-03-04 09:07:52,366{GMT}	INFO	[jepsen worker 2] jepsen.util: 2	:ok	:read	[0 0 3 4 5 6 7 8 9 10 11 12 13 14 15 16 17 18 19 20 21 22 23 24 25 26 27 28 29 30 31 32 33 34 35 36 37 38 39 40 41 42 43 44 45 46 47 48 49 51 52 55 56 57 58 59 60 61 62 63 64 65 66 67 68 69 70 71]
2023-03-04 09:07:52,455{GMT}	INFO	[jepsen worker 2] jepsen.util: 2	:invoke	:broadcast	72
2023-03-04 09:07:52,459{GMT}	INFO	[jepsen worker 2] jepsen.util: 2	:ok	:broadcast	72
2023-03-04 09:07:52,523{GMT}	INFO	[jepsen worker 2] jepsen.util: 2	:invoke	:broadcast	73
2023-03-04 09:07:52,526{GMT}	INFO	[jepsen worker 2] jepsen.util: 2	:ok	:broadcast	73
2023-03-04 09:07:52,603{GMT}	INFO	[jepsen worker 2] jepsen.util: 2	:invoke	:read	nil
2023-03-04 09:07:52,608{GMT}	INFO	[jepsen worker 2] jepsen.util: 2	:ok	:read	[0 0 3 4 5 6 7 8 9 10 11 12 13 14 15 16 17 18 19 20 21 22 23 24 25 26 27 28 29 30 31 32 33 34 35 36 37 38 39 40 41 42 43 44 45 46 47 48 49 51 52 55 56 57 58 59 60 61 62 63 64 65 66 67 68 69 70 71 72 73]
2023-03-04 09:07:52,669{GMT}	INFO	[jepsen worker 2] jepsen.util: 2	:invoke	:read	nil
2023-03-04 09:07:52,673{GMT}	INFO	[jepsen worker 2] jepsen.util: 2	:ok	:read	[0 0 3 4 5 6 7 8 9 10 11 12 13 14 15 16 17 18 19 20 21 22 23 24 25 26 27 28 29 30 31 32 33 34 35 36 37 38 39 40 41 42 43 44 45 46 47 48 49 51 52 55 56 57 58 59 60 61 62 63 64 65 66 67 68 69 70 71 72 73]
2023-03-04 09:07:52,736{GMT}	INFO	[jepsen worker 2] jepsen.util: 2	:invoke	:broadcast	74
2023-03-04 09:07:52,739{GMT}	INFO	[jepsen worker 2] jepsen.util: 2	:ok	:broadcast	74
2023-03-04 09:07:52,763{GMT}	INFO	[jepsen worker 2] jepsen.util: 2	:invoke	:broadcast	75
2023-03-04 09:07:52,765{GMT}	INFO	[jepsen worker 2] jepsen.util: 2	:ok	:broadcast	75
2023-03-04 09:07:52,938{GMT}	INFO	[jepsen worker 2] jepsen.util: 2	:invoke	:read	nil
2023-03-04 09:07:52,944{GMT}	INFO	[jepsen worker 2] jepsen.util: 2	:ok	:read	[0 0 3 4 5 6 7 8 9 10 11 12 13 14 15 16 17 18 19 20 21 22 23 24 25 26 27 28 29 30 31 32 33 34 35 36 37 38 39 40 41 42 43 44 45 46 47 48 49 51 52 55 56 57 58 59 60 61 62 63 64 65 66 67 68 69 70 71 72 73 74 75]
2023-03-04 09:07:53,026{GMT}	INFO	[jepsen worker 2] jepsen.util: 2	:invoke	:read	nil
2023-03-04 09:07:53,031{GMT}	INFO	[jepsen worker 2] jepsen.util: 2	:ok	:read	[0 0 3 4 5 6 7 8 9 10 11 12 13 14 15 16 17 18 19 20 21 22 23 24 25 26 27 28 29 30 31 32 33 34 35 36 37 38 39 40 41 42 43 44 45 46 47 48 49 51 52 55 56 57 58 59 60 61 62 63 64 65 66 67 68 69 70 71 72 73 74 75]
2023-03-04 09:07:53,053{GMT}	INFO	[jepsen worker 2] jepsen.util: 2	:invoke	:read	nil
2023-03-04 09:07:53,056{GMT}	INFO	[jepsen worker 2] jepsen.util: 2	:ok	:read	[0 0 3 4 5 6 7 8 9 10 11 12 13 14 15 16 17 18 19 20 21 22 23 24 25 26 27 28 29 30 31 32 33 34 35 36 37 38 39 40 41 42 43 44 45 46 47 48 49 51 52 55 56 57 58 59 60 61 62 63 64 65 66 67 68 69 70 71 72 73 74 75]
2023-03-04 09:07:53,168{GMT}	INFO	[jepsen worker 2] jepsen.util: 2	:invoke	:broadcast	76
2023-03-04 09:07:53,173{GMT}	INFO	[jepsen worker 2] jepsen.util: 2	:ok	:broadcast	76
2023-03-04 09:07:53,340{GMT}	INFO	[jepsen worker 2] jepsen.util: 2	:invoke	:broadcast	77
2023-03-04 09:07:53,345{GMT}	INFO	[jepsen worker 2] jepsen.util: 2	:ok	:broadcast	77
2023-03-04 09:07:53,515{GMT}	INFO	[jepsen worker 2] jepsen.util: 2	:invoke	:read	nil
2023-03-04 09:07:53,518{GMT}	INFO	[jepsen worker 2] jepsen.util: 2	:ok	:read	[0 0 3 4 5 6 7 8 9 10 11 12 13 14 15 16 17 18 19 20 21 22 23 24 25 26 27 28 29 30 31 32 33 34 35 36 37 38 39 40 41 42 43 44 45 46 47 48 49 51 52 55 56 57 58 59 60 61 62 63 64 65 66 67 68 69 70 71 72 73 74 75 76 77]
2023-03-04 09:07:53,646{GMT}	INFO	[jepsen worker 2] jepsen.util: 2	:invoke	:broadcast	78
2023-03-04 09:07:53,647{GMT}	INFO	[jepsen worker 1] jepsen.util: 6	:info	:broadcast	50	:net-timeout
2023-03-04 09:07:53,650{GMT}	INFO	[jepsen worker 2] jepsen.util: 2	:ok	:broadcast	78
2023-03-04 09:07:53,694{GMT}	INFO	[jepsen worker 1] jepsen.util: 11	:invoke	:broadcast	79
2023-03-04 09:07:53,747{GMT}	INFO	[jepsen worker 2] jepsen.util: 2	:invoke	:broadcast	80
2023-03-04 09:07:53,750{GMT}	INFO	[jepsen worker 2] jepsen.util: 2	:ok	:broadcast	80
2023-03-04 09:07:53,807{GMT}	INFO	[jepsen worker 2] jepsen.util: 2	:invoke	:read	nil
2023-03-04 09:07:53,810{GMT}	INFO	[jepsen worker 2] jepsen.util: 2	:ok	:read	[0 0 3 4 5 6 7 8 9 10 11 12 13 14 15 16 17 18 19 20 21 22 23 24 25 26 27 28 29 30 31 32 33 34 35 36 37 38 39 40 41 42 43 44 45 46 47 48 49 51 52 55 56 57 58 59 60 61 62 63 64 65 66 67 68 69 70 71 72 73 74 75 76 77 78 80]
2023-03-04 09:07:53,939{GMT}	INFO	[jepsen worker 2] jepsen.util: 2	:invoke	:read	nil
2023-03-04 09:07:53,946{GMT}	INFO	[jepsen worker 2] jepsen.util: 2	:ok	:read	[0 0 3 4 5 6 7 8 9 10 11 12 13 14 15 16 17 18 19 20 21 22 23 24 25 26 27 28 29 30 31 32 33 34 35 36 37 38 39 40 41 42 43 44 45 46 47 48 49 51 52 55 56 57 58 59 60 61 62 63 64 65 66 67 68 69 70 71 72 73 74 75 76 77 78 80]
2023-03-04 09:07:54,014{GMT}	INFO	[jepsen worker 2] jepsen.util: 2	:invoke	:broadcast	81
2023-03-04 09:07:54,018{GMT}	INFO	[jepsen worker 2] jepsen.util: 2	:ok	:broadcast	81
2023-03-04 09:07:54,170{GMT}	INFO	[jepsen worker 2] jepsen.util: 2	:invoke	:read	nil
2023-03-04 09:07:54,175{GMT}	INFO	[jepsen worker 2] jepsen.util: 2	:ok	:read	[0 0 3 4 5 6 7 8 9 10 11 12 13 14 15 16 17 18 19 20 21 22 23 24 25 26 27 28 29 30 31 32 33 34 35 36 37 38 39 40 41 42 43 44 45 46 47 48 49 51 52 55 56 57 58 59 60 61 62 63 64 65 66 67 68 69 70 71 72 73 74 75 76 77 78 80 81]
2023-03-04 09:07:54,203{GMT}	INFO	[jepsen worker 3] jepsen.util: 8	:info	:broadcast	53	:net-timeout
2023-03-04 09:07:54,212{GMT}	INFO	[jepsen worker 2] jepsen.util: 2	:invoke	:read	nil
2023-03-04 09:07:54,214{GMT}	INFO	[jepsen worker 3] jepsen.util: 13	:invoke	:broadcast	82
2023-03-04 09:07:54,216{GMT}	INFO	[jepsen worker 2] jepsen.util: 2	:ok	:read	[0 0 3 4 5 6 7 8 9 10 11 12 13 14 15 16 17 18 19 20 21 22 23 24 25 26 27 28 29 30 31 32 33 34 35 36 37 38 39 40 41 42 43 44 45 46 47 48 49 51 52 55 56 57 58 59 60 61 62 63 64 65 66 67 68 69 70 71 72 73 74 75 76 77 78 80 81]
2023-03-04 09:07:54,264{GMT}	INFO	[jepsen worker 4] jepsen.util: 4	:fail	:read	nil	:net-timeout
2023-03-04 09:07:54,304{GMT}	INFO	[jepsen worker 2] jepsen.util: 2	:invoke	:broadcast	83
2023-03-04 09:07:54,308{GMT}	INFO	[jepsen worker 2] jepsen.util: 2	:ok	:broadcast	83
2023-03-04 09:07:54,404{GMT}	INFO	[jepsen worker 4] jepsen.util: 4	:invoke	:read	nil
2023-03-04 09:07:54,442{GMT}	INFO	[jepsen worker 0] jepsen.util: 0	:info	:broadcast	54	:net-timeout
2023-03-04 09:07:54,562{GMT}	INFO	[jepsen worker 0] jepsen.util: 5	:invoke	:read	nil
2023-03-04 09:07:54,586{GMT}	INFO	[jepsen worker 2] jepsen.util: 2	:invoke	:broadcast	84
2023-03-04 09:07:54,589{GMT}	INFO	[jepsen worker 2] jepsen.util: 2	:ok	:broadcast	84
2023-03-04 09:07:54,688{GMT}	INFO	[jepsen worker 2] jepsen.util: 2	:invoke	:read	nil
2023-03-04 09:07:54,693{GMT}	INFO	[jepsen worker 2] jepsen.util: 2	:ok	:read	[0 0 3 4 5 6 7 8 9 10 11 12 13 14 15 16 17 18 19 20 21 22 23 24 25 26 27 28 29 30 31 32 33 34 35 36 37 38 39 40 41 42 43 44 45 46 47 48 49 51 52 55 56 57 58 59 60 61 62 63 64 65 66 67 68 69 70 71 72 73 74 75 76 77 78 80 81 83 84]
2023-03-04 09:07:54,743{GMT}	INFO	[jepsen worker 2] jepsen.util: 2	:invoke	:broadcast	85
2023-03-04 09:07:54,746{GMT}	INFO	[jepsen worker 2] jepsen.util: 2	:ok	:broadcast	85
2023-03-04 09:07:54,760{GMT}	INFO	[jepsen worker 2] jepsen.util: 2	:invoke	:read	nil
2023-03-04 09:07:54,764{GMT}	INFO	[jepsen worker 2] jepsen.util: 2	:ok	:read	[0 0 3 4 5 6 7 8 9 10 11 12 13 14 15 16 17 18 19 20 21 22 23 24 25 26 27 28 29 30 31 32 33 34 35 36 37 38 39 40 41 42 43 44 45 46 47 48 49 51 52 55 56 57 58 59 60 61 62 63 64 65 66 67 68 69 70 71 72 73 74 75 76 77 78 80 81 83 84 85]
2023-03-04 09:07:54,945{GMT}	INFO	[jepsen worker 2] jepsen.util: 2	:invoke	:broadcast	86
2023-03-04 09:07:54,950{GMT}	INFO	[jepsen worker 2] jepsen.util: 2	:ok	:broadcast	86
2023-03-04 09:07:54,998{GMT}	INFO	[jepsen worker 2] jepsen.util: 2	:invoke	:broadcast	87
2023-03-04 09:07:55,001{GMT}	INFO	[jepsen worker 2] jepsen.util: 2	:ok	:broadcast	87
2023-03-04 09:07:55,125{GMT}	INFO	[jepsen worker 2] jepsen.util: 2	:invoke	:broadcast	88
2023-03-04 09:07:55,130{GMT}	INFO	[jepsen worker 2] jepsen.util: 2	:ok	:broadcast	88
2023-03-04 09:07:55,257{GMT}	INFO	[jepsen worker 2] jepsen.util: 2	:invoke	:read	nil
2023-03-04 09:07:55,262{GMT}	INFO	[jepsen worker 2] jepsen.util: 2	:ok	:read	[0 0 3 4 5 6 7 8 9 10 11 12 13 14 15 16 17 18 19 20 21 22 23 24 25 26 27 28 29 30 31 32 33 34 35 36 37 38 39 40 41 42 43 44 45 46 47 48 49 51 52 55 56 57 58 59 60 61 62 63 64 65 66 67 68 69 70 71 72 73 74 75 76 77 78 80 81 83 84 85 86 87 88]
2023-03-04 09:07:55,361{GMT}	INFO	[jepsen worker 2] jepsen.util: 2	:invoke	:broadcast	89
2023-03-04 09:07:55,365{GMT}	INFO	[jepsen worker 2] jepsen.util: 2	:ok	:broadcast	89
2023-03-04 09:07:55,473{GMT}	INFO	[jepsen worker 2] jepsen.util: 2	:invoke	:read	nil
2023-03-04 09:07:55,477{GMT}	INFO	[jepsen worker 2] jepsen.util: 2	:ok	:read	[0 0 3 4 5 6 7 8 9 10 11 12 13 14 15 16 17 18 19 20 21 22 23 24 25 26 27 28 29 30 31 32 33 34 35 36 37 38 39 40 41 42 43 44 45 46 47 48 49 51 52 55 56 57 58 59 60 61 62 63 64 65 66 67 68 69 70 71 72 73 74 75 76 77 78 80 81 83 84 85 86 87 88 89]
2023-03-04 09:07:55,658{GMT}	INFO	[jepsen worker 2] jepsen.util: 2	:invoke	:read	nil
2023-03-04 09:07:55,663{GMT}	INFO	[jepsen worker 2] jepsen.util: 2	:ok	:read	[0 0 3 4 5 6 7 8 9 10 11 12 13 14 15 16 17 18 19 20 21 22 23 24 25 26 27 28 29 30 31 32 33 34 35 36 37 38 39 40 41 42 43 44 45 46 47 48 49 51 52 55 56 57 58 59 60 61 62 63 64 65 66 67 68 69 70 71 72 73 74 75 76 77 78 80 81 83 84 85 86 87 88 89]
2023-03-04 09:07:55,664{GMT}	INFO	[jepsen worker 2] jepsen.util: 2	:invoke	:broadcast	90
2023-03-04 09:07:55,666{GMT}	INFO	[jepsen worker 2] jepsen.util: 2	:ok	:broadcast	90
2023-03-04 09:07:55,777{GMT}	INFO	[jepsen worker 2] jepsen.util: 2	:invoke	:read	nil
2023-03-04 09:07:55,781{GMT}	INFO	[jepsen worker 2] jepsen.util: 2	:ok	:read	[0 0 3 4 5 6 7 8 9 10 11 12 13 14 15 16 17 18 19 20 21 22 23 24 25 26 27 28 29 30 31 32 33 34 35 36 37 38 39 40 41 42 43 44 45 46 47 48 49 51 52 55 56 57 58 59 60 61 62 63 64 65 66 67 68 69 70 71 72 73 74 75 76 77 78 80 81 83 84 85 86 87 88 89 90]
2023-03-04 09:07:55,816{GMT}	INFO	[jepsen worker 2] jepsen.util: 2	:invoke	:broadcast	91
2023-03-04 09:07:55,819{GMT}	INFO	[jepsen worker 2] jepsen.util: 2	:ok	:broadcast	91
2023-03-04 09:07:55,971{GMT}	INFO	[jepsen worker 2] jepsen.util: 2	:invoke	:read	nil
2023-03-04 09:07:55,976{GMT}	INFO	[jepsen worker 2] jepsen.util: 2	:ok	:read	[0 0 3 4 5 6 7 8 9 10 11 12 13 14 15 16 17 18 19 20 21 22 23 24 25 26 27 28 29 30 31 32 33 34 35 36 37 38 39 40 41 42 43 44 45 46 47 48 49 51 52 55 56 57 58 59 60 61 62 63 64 65 66 67 68 69 70 71 72 73 74 75 76 77 78 80 81 83 84 85 86 87 88 89 90 91]
2023-03-04 09:07:55,980{GMT}	INFO	[jepsen worker 2] jepsen.util: 2	:invoke	:broadcast	92
2023-03-04 09:07:55,983{GMT}	INFO	[jepsen worker 2] jepsen.util: 2	:ok	:broadcast	92
2023-03-04 09:07:56,008{GMT}	INFO	[jepsen worker 2] jepsen.util: 2	:invoke	:read	nil
2023-03-04 09:07:56,011{GMT}	INFO	[jepsen worker 2] jepsen.util: 2	:ok	:read	[0 0 3 4 5 6 7 8 9 10 11 12 13 14 15 16 17 18 19 20 21 22 23 24 25 26 27 28 29 30 31 32 33 34 35 36 37 38 39 40 41 42 43 44 45 46 47 48 49 51 52 55 56 57 58 59 60 61 62 63 64 65 66 67 68 69 70 71 72 73 74 75 76 77 78 80 81 83 84 85 86 87 88 89 90 91 92]
2023-03-04 09:07:56,201{GMT}	INFO	[jepsen worker 2] jepsen.util: 2	:invoke	:broadcast	93
2023-03-04 09:07:56,207{GMT}	INFO	[jepsen worker 2] jepsen.util: 2	:ok	:broadcast	93
2023-03-04 09:07:56,245{GMT}	INFO	[jepsen worker 2] jepsen.util: 2	:invoke	:read	nil
2023-03-04 09:07:56,249{GMT}	INFO	[jepsen worker 2] jepsen.util: 2	:ok	:read	[0 0 3 4 5 6 7 8 9 10 11 12 13 14 15 16 17 18 19 20 21 22 23 24 25 26 27 28 29 30 31 32 33 34 35 36 37 38 39 40 41 42 43 44 45 46 47 48 49 51 52 55 56 57 58 59 60 61 62 63 64 65 66 67 68 69 70 71 72 73 74 75 76 77 78 80 81 83 84 85 86 87 88 89 90 91 92 93]
2023-03-04 09:07:56,298{GMT}	INFO	[jepsen worker 2] jepsen.util: 2	:invoke	:read	nil
2023-03-04 09:07:56,301{GMT}	INFO	[jepsen worker 2] jepsen.util: 2	:ok	:read	[0 0 3 4 5 6 7 8 9 10 11 12 13 14 15 16 17 18 19 20 21 22 23 24 25 26 27 28 29 30 31 32 33 34 35 36 37 38 39 40 41 42 43 44 45 46 47 48 49 51 52 55 56 57 58 59 60 61 62 63 64 65 66 67 68 69 70 71 72 73 74 75 76 77 78 80 81 83 84 85 86 87 88 89 90 91 92 93]
2023-03-04 09:07:56,425{GMT}	INFO	[jepsen worker 2] jepsen.util: 2	:invoke	:read	nil
2023-03-04 09:07:56,430{GMT}	INFO	[jepsen worker 2] jepsen.util: 2	:ok	:read	[0 0 3 4 5 6 7 8 9 10 11 12 13 14 15 16 17 18 19 20 21 22 23 24 25 26 27 28 29 30 31 32 33 34 35 36 37 38 39 40 41 42 43 44 45 46 47 48 49 51 52 55 56 57 58 59 60 61 62 63 64 65 66 67 68 69 70 71 72 73 74 75 76 77 78 80 81 83 84 85 86 87 88 89 90 91 92 93]
2023-03-04 09:07:56,584{GMT}	INFO	[jepsen worker 2] jepsen.util: 2	:invoke	:broadcast	94
2023-03-04 09:07:56,588{GMT}	INFO	[jepsen worker 2] jepsen.util: 2	:ok	:broadcast	94
2023-03-04 09:07:56,686{GMT}	INFO	[jepsen worker 2] jepsen.util: 2	:invoke	:broadcast	95
2023-03-04 09:07:56,690{GMT}	INFO	[jepsen worker 2] jepsen.util: 2	:ok	:broadcast	95
2023-03-04 09:07:56,798{GMT}	INFO	[jepsen worker 2] jepsen.util: 2	:invoke	:broadcast	96
2023-03-04 09:07:56,802{GMT}	INFO	[jepsen worker 2] jepsen.util: 2	:ok	:broadcast	96
2023-03-04 09:07:56,962{GMT}	INFO	[jepsen worker 2] jepsen.util: 2	:invoke	:broadcast	97
2023-03-04 09:07:56,966{GMT}	INFO	[jepsen worker 2] jepsen.util: 2	:ok	:broadcast	97
2023-03-04 09:07:57,074{GMT}	INFO	[jepsen worker 2] jepsen.util: 2	:invoke	:broadcast	98
2023-03-04 09:07:57,079{GMT}	INFO	[jepsen worker 2] jepsen.util: 2	:ok	:broadcast	98
2023-03-04 09:07:57,180{GMT}	INFO	[jepsen worker 2] jepsen.util: 2	:invoke	:broadcast	99
2023-03-04 09:07:57,184{GMT}	INFO	[jepsen worker 2] jepsen.util: 2	:ok	:broadcast	99
2023-03-04 09:07:57,203{GMT}	INFO	[jepsen worker 2] jepsen.util: 2	:invoke	:broadcast	100
2023-03-04 09:07:57,205{GMT}	INFO	[jepsen worker 2] jepsen.util: 2	:ok	:broadcast	100
2023-03-04 09:07:57,232{GMT}	INFO	[jepsen worker 2] jepsen.util: 2	:invoke	:broadcast	101
2023-03-04 09:07:57,234{GMT}	INFO	[jepsen worker 2] jepsen.util: 2	:ok	:broadcast	101
2023-03-04 09:07:57,305{GMT}	INFO	[jepsen worker 2] jepsen.util: 2	:invoke	:broadcast	102
2023-03-04 09:07:57,308{GMT}	INFO	[jepsen worker 2] jepsen.util: 2	:ok	:broadcast	102
2023-03-04 09:07:57,423{GMT}	INFO	[jepsen worker 2] jepsen.util: 2	:invoke	:read	nil
2023-03-04 09:07:57,428{GMT}	INFO	[jepsen worker 2] jepsen.util: 2	:ok	:read	[0 0 3 4 5 6 7 8 9 10 11 12 13 14 15 16 17 18 19 20 21 22 23 24 25 26 27 28 29 30 31 32 33 34 35 36 37 38 39 40 41 42 43 44 45 46 47 48 49 51 52 55 56 57 58 59 60 61 62 63 64 65 66 67 68 69 70 71 72 73 74 75 76 77 78 80 81 83 84 85 86 87 88 89 90 91 92 93 94 95 96 97 98 99 100 101 102]
2023-03-04 09:07:57,583{GMT}	INFO	[jepsen worker 2] jepsen.util: 2	:invoke	:broadcast	103
2023-03-04 09:07:57,586{GMT}	INFO	[jepsen worker 2] jepsen.util: 2	:ok	:broadcast	103
2023-03-04 09:07:57,781{GMT}	INFO	[jepsen worker 2] jepsen.util: 2	:invoke	:broadcast	104
2023-03-04 09:07:57,785{GMT}	INFO	[jepsen worker 2] jepsen.util: 2	:ok	:broadcast	104
2023-03-04 09:07:57,910{GMT}	INFO	[jepsen worker 2] jepsen.util: 2	:invoke	:broadcast	105
2023-03-04 09:07:57,914{GMT}	INFO	[jepsen worker 2] jepsen.util: 2	:ok	:broadcast	105
2023-03-04 09:07:57,924{GMT}	INFO	[jepsen worker 2] jepsen.util: 2	:invoke	:read	nil
2023-03-04 09:07:57,927{GMT}	INFO	[jepsen worker 2] jepsen.util: 2	:ok	:read	[0 0 3 4 5 6 7 8 9 10 11 12 13 14 15 16 17 18 19 20 21 22 23 24 25 26 27 28 29 30 31 32 33 34 35 36 37 38 39 40 41 42 43 44 45 46 47 48 49 51 52 55 56 57 58 59 60 61 62 63 64 65 66 67 68 69 70 71 72 73 74 75 76 77 78 80 81 83 84 85 86 87 88 89 90 91 92 93 94 95 96 97 98 99 100 101 102 103 104 105]
2023-03-04 09:07:58,076{GMT}	INFO	[jepsen worker 2] jepsen.util: 2	:invoke	:broadcast	106
2023-03-04 09:07:58,081{GMT}	INFO	[jepsen worker 2] jepsen.util: 2	:ok	:broadcast	106
2023-03-04 09:07:58,177{GMT}	INFO	[jepsen worker 2] jepsen.util: 2	:invoke	:broadcast	107
2023-03-04 09:07:58,180{GMT}	INFO	[jepsen worker 2] jepsen.util: 2	:ok	:broadcast	107
2023-03-04 09:07:58,282{GMT}	INFO	[jepsen worker 2] jepsen.util: 2	:invoke	:broadcast	108
2023-03-04 09:07:58,286{GMT}	INFO	[jepsen worker 2] jepsen.util: 2	:ok	:broadcast	108
2023-03-04 09:07:58,696{GMT}	INFO	[jepsen worker 1] jepsen.util: 11	:info	:broadcast	79	:net-timeout
2023-03-04 09:07:59,217{GMT}	INFO	[jepsen worker 3] jepsen.util: 13	:info	:broadcast	82	:net-timeout
2023-03-04 09:07:59,406{GMT}	INFO	[jepsen worker 4] jepsen.util: 4	:fail	:read	nil	:net-timeout
2023-03-04 09:07:59,564{GMT}	INFO	[jepsen worker 0] jepsen.util: 5	:fail	:read	nil	:net-timeout
2023-03-04 09:07:59,566{GMT}	INFO	[jepsen worker 1] jepsen.generator.interpreter: Waiting for recovery...
2023-03-04 09:08:09,575{GMT}	INFO	[jepsen worker 2] jepsen.util: 2	:invoke	:read	nil
2023-03-04 09:08:09,576{GMT}	INFO	[jepsen worker 3] jepsen.util: 18	:invoke	:read	nil
2023-03-04 09:08:09,577{GMT}	INFO	[jepsen worker 0] jepsen.util: 5	:invoke	:read	nil
2023-03-04 09:08:09,577{GMT}	INFO	[jepsen worker 4] jepsen.util: 4	:invoke	:read	nil
2023-03-04 09:08:09,578{GMT}	INFO	[jepsen worker 1] jepsen.util: 16	:invoke	:read	nil
2023-03-04 09:08:09,579{GMT}	INFO	[jepsen worker 2] jepsen.util: 2	:ok	:read	[0 0 3 4 5 6 7 8 9 10 11 12 13 14 15 16 17 18 19 20 21 22 23 24 25 26 27 28 29 30 31 32 33 34 35 36 37 38 39 40 41 42 43 44 45 46 47 48 49 51 52 55 56 57 58 59 60 61 62 63 64 65 66 67 68 69 70 71 72 73 74 75 76 77 78 80 81 83 84 85 86 87 88 89 90 91 92 93 94 95 96 97 98 99 100 101 102 103 104 105 106 107 108]
2023-03-04 09:08:14,578{GMT}	INFO	[jepsen worker 4] jepsen.util: 4	:fail	:read	nil	:net-timeout
2023-03-04 09:08:14,578{GMT}	INFO	[jepsen worker 0] jepsen.util: 5	:fail	:read	nil	:net-timeout
2023-03-04 09:08:14,579{GMT}	INFO	[jepsen worker 1] jepsen.util: 16	:fail	:read	nil	:net-timeout
2023-03-04 09:08:14,578{GMT}	INFO	[jepsen worker 3] jepsen.util: 18	:fail	:read	nil	:net-timeout
2023-03-04 09:08:14,630{GMT}	INFO	[jepsen test runner] jepsen.core: Run complete, writing
2023-03-04 09:08:14,804{GMT}	INFO	[jepsen node n0] maelstrom.db: Tearing down n0
2023-03-04 09:08:14,804{GMT}	INFO	[jepsen node n1] maelstrom.db: Tearing down n1
2023-03-04 09:08:14,804{GMT}	INFO	[jepsen node n2] maelstrom.db: Tearing down n2
2023-03-04 09:08:14,804{GMT}	INFO	[jepsen node n3] maelstrom.db: Tearing down n3
2023-03-04 09:08:14,804{GMT}	INFO	[jepsen node n4] maelstrom.db: Tearing down n4
2023-03-04 09:08:15,581{GMT}	INFO	[jepsen node n0] maelstrom.net: Shutting down Maelstrom network
2023-03-04 09:08:15,582{GMT}	WARN	[jepsen test runner] jepsen.core: Test crashed!
clojure.lang.ExceptionInfo: Node n3 crashed with exit status 1. Before crashing, it wrote to STDOUT:

{"src":"n3","dest":"c0","body":{"in_reply_to":1,"type":"init_ok"}}
{"src":"n3","dest":"c8","body":{"in_reply_to":1,"type":"topology_ok"}}
{"src":"n3","dest":"n0","body":{"type":"broadcast"}}
{"src":"n3","dest":"n4","body":{"type":"broadcast"}}
{"src":"n3","dest":"n0","body":{"in_reply_to":0,"type":"broadcast_ok"}}
{"src":"n3","dest":"n0","body":{"type":"broadcast"}}
{"src":"n3","dest":"n4","body":{"type":"broadcast"}}
{"src":"n3","dest":"n0","body":{"in_reply_to":0,"type":"broadcast_ok"}}
{"src":"n3","dest":"n0","body":{"type":"broadcast"}}
{"src":"n3","dest":"n4","body":{"type":"broadcast"}}
{"src":"n3","dest":"n4","body":{"in_reply_to":0,"type":"broadcast_ok"}}

And to STDERR:

2023/03/04 09:07:38 Received {c0 n3 {"type":"init","node_id":"n3","node_ids":["n0","n1","n2","n3","n4"],"msg_id":1}}
2023/03/04 09:07:38 Node n3 initialized
2023/03/04 09:07:38 Sent {"src":"n3","dest":"c0","body":{"in_reply_to":1,"type":"init_ok"}}
2023/03/04 09:07:38 Received {c8 n3 {"type":"topology","topology":{"n0":["n3","n1"],"n1":["n4","n2","n0"],"n2":["n1"],"n3":["n0","n4"],"n4":["n1","n3"]},"msg_id":1}}
2023/03/04 09:07:38 Sent {"src":"n3","dest":"c8","body":{"in_reply_to":1,"type":"topology_ok"}}
2023/03/04 09:07:38 Received {n0 n3 {"type":"broadcast"}}
2023/03/04 09:07:38 Sent {"src":"n3","dest":"n0","body":{"type":"broadcast"}}
2023/03/04 09:07:38 Sent {"src":"n3","dest":"n4","body":{"type":"broadcast"}}
2023/03/04 09:07:38 Sent {"src":"n3","dest":"n0","body":{"in_reply_to":0,"type":"broadcast_ok"}}
2023/03/04 09:07:38 Received {n0 n3 {"type":"broadcast"}}
2023/03/04 09:07:38 Sent {"src":"n3","dest":"n0","body":{"type":"broadcast"}}
2023/03/04 09:07:38 Sent {"src":"n3","dest":"n4","body":{"type":"broadcast"}}
2023/03/04 09:07:38 Sent {"src":"n3","dest":"n0","body":{"in_reply_to":0,"type":"broadcast_ok"}}
2023/03/04 09:07:38 Received {n4 n3 {"type":"broadcast"}}
2023/03/04 09:07:38 Sent {"src":"n3","dest":"n0","body":{"type":"broadcast"}}
2023/03/04 09:07:38 Sent {"src":"n3","dest":"n4","body":{"type":"broadcast"}}
2023/03/04 09:07:38 Sent {"src":"n3","dest":"n4","body":{"in_reply_to":0,"type":"broadcast_ok"}}
2023/03/04 09:07:38 Received {n0 n3 {"in_reply_to":0,"type":"broadcast_ok"}}
2023/03/04 09:07:38 No handler for {"id":35,"src":"n0","dest":"n3","body":{"in_reply_to":0,"type":"broadcast_ok"}}

Full STDERR logs are available in /home/jln/Projects/gossip-glomers/maelstrom-broadcast/store/broadcast/20230304T090737.252-0500/node-logs/n3.log
	at slingshot.support$stack_trace.invoke(support.clj:201)
	at maelstrom.process$stop_node_BANG_.invokeStatic(process.clj:239)
	at maelstrom.process$stop_node_BANG_.invoke(process.clj:217)
	at maelstrom.db$db$reify__16142.teardown_BANG_(db.clj:75)
	at jepsen.db$fn__8744$G__8725__8748.invoke(db.clj:12)
	at jepsen.db$fn__8744$G__8724__8753.invoke(db.clj:12)
	at clojure.core$partial$fn__5908.invoke(core.clj:2642)
	at jepsen.control$on_nodes$fn__8599.invoke(control.clj:314)
	at clojure.lang.AFn.applyToHelper(AFn.java:154)
	at clojure.lang.AFn.applyTo(AFn.java:144)
	at clojure.core$apply.invokeStatic(core.clj:667)
	at clojure.core$with_bindings_STAR_.invokeStatic(core.clj:1990)
	at clojure.core$with_bindings_STAR_.doInvoke(core.clj:1990)
	at clojure.lang.RestFn.applyTo(RestFn.java:142)
	at clojure.core$apply.invokeStatic(core.clj:671)
	at clojure.core$bound_fn_STAR_$fn__5818.doInvoke(core.clj:2020)
	at clojure.lang.RestFn.invoke(RestFn.java:408)
	at dom_top.core$real_pmap_helper$build_thread__211$fn__212.invoke(core.clj:163)
	at clojure.lang.AFn.applyToHelper(AFn.java:152)
	at clojure.lang.AFn.applyTo(AFn.java:144)
	at clojure.core$apply.invokeStatic(core.clj:667)
	at clojure.core$with_bindings_STAR_.invokeStatic(core.clj:1990)
	at clojure.core$with_bindings_STAR_.doInvoke(core.clj:1990)
	at clojure.lang.RestFn.invoke(RestFn.java:425)
	at clojure.lang.AFn.applyToHelper(AFn.java:156)
	at clojure.lang.RestFn.applyTo(RestFn.java:132)
	at clojure.core$apply.invokeStatic(core.clj:671)
	at clojure.core$bound_fn_STAR_$fn__5818.doInvoke(core.clj:2020)
	at clojure.lang.RestFn.invoke(RestFn.java:397)
	at clojure.lang.AFn.run(AFn.java:22)
	at java.base/java.lang.Thread.run(Thread.java:833)
