2023-03-04 08:50:25,339{GMT}	INFO	[jepsen test runner] jepsen.core: Test version 107bec742b20def7dd46ccfa2f0a350c542ba4cf (plus uncommitted changes)
2023-03-04 08:50:25,339{GMT}	INFO	[jepsen test runner] jepsen.core: Command line:
lein run test -w broadcast --bin /home/jln/.go/bin/maelstrom-broadcast --node-count 1 --time-limit 20 --rate 10
2023-03-04 08:50:25,386{GMT}	INFO	[jepsen test runner] jepsen.core: Running test:
{:args []
 :remote
 #jepsen.control.retry.Remote{:remote #jepsen.control.scp.Remote{:cmd-remote #jepsen.control.sshj.SSHJRemote{:concurrency-limit 6,
                                                                                                             :conn-spec nil,
                                                                                                             :client nil,
                                                                                                             :semaphore nil},
                                                                 :conn-spec nil},
                              :conn nil}
 :log-net-send false
 :node-count 1
 :availability nil
 :max-txn-length 4
 :concurrency 1
 :db
 #object[maelstrom.db$db$reify__16142
         "0x4a03c4bc"
         "maelstrom.db$db$reify__16142@4a03c4bc"]
 :max-writes-per-key 16
 :leave-db-running? false
 :name "broadcast"
 :logging-json? false
 :start-time
 #object[org.joda.time.DateTime "0x453ca7f" "2023-03-04T08:50:25.328-05:00"]
 :nemesis-interval 10
 :net
 #object[maelstrom.net$jepsen_net$reify__15251
         "0x5d41b929"
         "maelstrom.net$jepsen_net$reify__15251@5d41b929"]
 :client
 #object[maelstrom.workload.broadcast$client$reify__16644
         "0x6dd0e2f4"
         "maelstrom.workload.broadcast$client$reify__16644@6dd0e2f4"]
 :barrier
 #object[java.util.concurrent.CyclicBarrier
         "0x333813e7"
         "java.util.concurrent.CyclicBarrier@333813e7"]
 :log-stderr false
 :pure-generators true
 :ssh {:dummy? true}
 :rate 10.0
 :checker
 #object[jepsen.checker$compose$reify__11881
         "0x292237cd"
         "jepsen.checker$compose$reify__11881@292237cd"]
 :argv
 ("test"
  "-w"
  "broadcast"
  "--bin"
  "/home/jln/.go/bin/maelstrom-broadcast"
  "--node-count"
  "1"
  "--time-limit"
  "20"
  "--rate"
  "10")
 :nemesis
 (jepsen.nemesis.ReflCompose
  {:fm {:start-partition 0,
        :stop-partition 0,
        :kill 1,
        :start 1,
        :pause 1,
        :resume 1},
   :nemeses [#unprintable "jepsen.nemesis.combined$partition_nemesis$reify__16416@797a5b31"
             #unprintable "jepsen.nemesis.combined$db_nemesis$reify__16397@13d7d1a8"]})
 :nodes ["n0"]
 :test-count 1
 :latency {:mean 0, :dist :constant}
 :bin "/home/jln/.go/bin/maelstrom-broadcast"
 :generator
 ((jepsen.generator.Synchronize
   {:gen (jepsen.generator.TimeLimit
          {:limit 20000000000,
           :cutoff nil,
           :gen (jepsen.generator.Any
                 {:gens [(jepsen.generator.OnThreads
                          {:f #{:nemesis},
                           :context-filter #object[jepsen.generator.context$make_thread_filter$lazy_filter__9167
                                                   "0x72e4905c"
                                                   "jepsen.generator.context$make_thread_filter$lazy_filter__9167@72e4905c"],
                           :gen nil})
                         (jepsen.generator.OnThreads
                          {:f #jepsen.generator.context.AllBut{:element :nemesis},
                           :context-filter #object[jepsen.generator.context$make_thread_filter$lazy_filter__9167
                                                   "0x279b83ea"
                                                   "jepsen.generator.context$make_thread_filter$lazy_filter__9167@279b83ea"],
                           :gen (jepsen.generator.Stagger
                                 {:dt 200000000,
                                  :next-time nil,
                                  :gen (jepsen.generator.Mix
                                        {:i 0,
                                         :gens [({:f :broadcast, :value 0}
                                                 {:f :broadcast, :value 1}
                                                 {:f :broadcast, :value 2}
                                                 {:f :broadcast, :value 3}
                                                 {:f :broadcast, :value 4}
                                                 {:f :broadcast, :value 5}
                                                 {:f :broadcast, :value 6}
                                                 {:f :broadcast, :value 7}
                                                 ...)
                                                ({:f :read}
                                                 {:f :read}
                                                 {:f :read}
                                                 {:f :read}
                                                 {:f :read}
                                                 {:f :read}
                                                 {:f :read}
                                                 {:f :read}
                                                 ...)]})})})]})})})
  (jepsen.generator.Synchronize
   {:gen (jepsen.generator.OnThreads
          {:f #{:nemesis},
           :context-filter #object[jepsen.generator.context$make_thread_filter$lazy_filter__9167
                                   "0x40f40221"
                                   "jepsen.generator.context$make_thread_filter$lazy_filter__9167@40f40221"],
           :gen ()})})
  (jepsen.generator.Synchronize
   {:gen {:type :log, :value "Waiting for recovery..."}})
  (jepsen.generator.Synchronize {:gen {:type :sleep, :value 10}})
  (jepsen.generator.Synchronize
   {:gen (jepsen.generator.OnThreads
          {:f #jepsen.generator.context.AllBut{:element :nemesis},
           :context-filter #object[jepsen.generator.context$make_thread_filter$lazy_filter__9167
                                   "0x16441c13"
                                   "jepsen.generator.context$make_thread_filter$lazy_filter__9167@16441c13"],
           :gen (jepsen.generator.EachThread
                 {:fresh-gen {:f :read, :final? true},
                  :context-filters #object[clojure.core$promise$reify__8591
                                           "0x6d3b59e2"
                                           {:status :pending, :val nil}],
                  :gens {}})})}))
 :log-net-recv false
 :os
 #object[maelstrom.net$jepsen_os$reify__15254
         "0x164dfad2"
         "maelstrom.net$jepsen_os$reify__15254@164dfad2"]
 :time-limit 20
 :workload :broadcast
 :consistency-models [:strict-serializable]
 :topology :grid}

2023-03-04 08:50:26,439{GMT}	INFO	[jepsen node n0] maelstrom.net: Starting Maelstrom network
2023-03-04 08:50:26,440{GMT}	INFO	[jepsen test runner] jepsen.db: Tearing down DB
2023-03-04 08:50:26,441{GMT}	INFO	[jepsen test runner] jepsen.db: Setting up DB
2023-03-04 08:50:26,442{GMT}	INFO	[jepsen node n0] maelstrom.service: Starting services: (lin-kv lin-tso lww-kv seq-kv)
2023-03-04 08:50:26,443{GMT}	INFO	[jepsen node n0] maelstrom.db: Setting up n0
2023-03-04 08:50:26,444{GMT}	INFO	[jepsen node n0] maelstrom.process: launching /home/jln/.go/bin/maelstrom-broadcast []
2023-03-04 08:50:26,454{GMT}	INFO	[jepsen test runner] jepsen.core: Relative time begins now
2023-03-04 08:50:26,463{GMT}	INFO	[jepsen worker 0] jepsen.util: 0	:invoke	:broadcast	0
2023-03-04 08:50:26,471{GMT}	WARN	[jepsen worker 0] jepsen.generator.interpreter: Process 0 crashed
clojure.lang.ExceptionInfo: Malformed RPC response. Maelstrom sent node n0 the following request:

{:type "broadcast", :message 0, :msg_id 1}

And expected a response of the form:

{:type (eq "broadcast_ok"), {:k :msg_id} Int, :in_reply_to Int}

... but instead received

{:in_reply_to 1, :message 0, :type "broadcast_ok"}

This is malformed because:

{:message disallowed-key}

See doc/protocol.md for more guidance.
	at slingshot.support$stack_trace.invoke(support.clj:201)
	at maelstrom.client$check_body.invokeStatic(client.clj:188)
	at maelstrom.client$check_body.invoke(client.clj:181)
	at maelstrom.workload.broadcast$fn__16565$broadcast_BANG___16566.invoke(broadcast.clj:27)
	at maelstrom.workload.broadcast$fn__16565$broadcast_BANG___16566.invoke(broadcast.clj:27)
	at maelstrom.workload.broadcast$client$reify__16644.invoke_BANG_(broadcast.clj:203)
	at jepsen.client.Validate.invoke_BANG_(client.clj:83)
	at jepsen.generator.interpreter.ClientWorker.invoke_BANG_(interpreter.clj:65)
	at jepsen.generator.interpreter$spawn_worker$fn__12908$fn__12909.invoke(interpreter.clj:140)
	at jepsen.generator.interpreter$spawn_worker$fn__12908.invoke(interpreter.clj:123)
	at clojure.core$binding_conveyor_fn$fn__5823.invoke(core.clj:2047)
	at clojure.lang.AFn.call(AFn.java:18)
	at java.base/java.util.concurrent.FutureTask.run(FutureTask.java:264)
	at java.base/java.util.concurrent.ThreadPoolExecutor.runWorker(ThreadPoolExecutor.java:1136)
	at java.base/java.util.concurrent.ThreadPoolExecutor$Worker.run(ThreadPoolExecutor.java:635)
	at java.base/java.lang.Thread.run(Thread.java:833)
2023-03-04 08:50:26,641{GMT}	INFO	[jepsen worker 0] jepsen.util: 1	:invoke	:broadcast	1
2023-03-04 08:50:26,646{GMT}	WARN	[jepsen worker 0] jepsen.generator.interpreter: Process 1 crashed
clojure.lang.ExceptionInfo: Malformed RPC response. Maelstrom sent node n0 the following request:

{:type "broadcast", :message 1, :msg_id 1}

And expected a response of the form:

{:type (eq "broadcast_ok"), {:k :msg_id} Int, :in_reply_to Int}

... but instead received

{:in_reply_to 1, :message 1, :type "broadcast_ok"}

This is malformed because:

{:message disallowed-key}

See doc/protocol.md for more guidance.
	at slingshot.support$stack_trace.invoke(support.clj:201)
	at maelstrom.client$check_body.invokeStatic(client.clj:188)
	at maelstrom.client$check_body.invoke(client.clj:181)
	at maelstrom.workload.broadcast$fn__16565$broadcast_BANG___16566.invoke(broadcast.clj:27)
	at maelstrom.workload.broadcast$fn__16565$broadcast_BANG___16566.invoke(broadcast.clj:27)
	at maelstrom.workload.broadcast$client$reify__16644.invoke_BANG_(broadcast.clj:203)
	at jepsen.client.Validate.invoke_BANG_(client.clj:83)
	at jepsen.generator.interpreter.ClientWorker.invoke_BANG_(interpreter.clj:65)
	at jepsen.generator.interpreter$spawn_worker$fn__12908$fn__12909.invoke(interpreter.clj:140)
	at jepsen.generator.interpreter$spawn_worker$fn__12908.invoke(interpreter.clj:123)
	at clojure.core$binding_conveyor_fn$fn__5823.invoke(core.clj:2047)
	at clojure.lang.AFn.call(AFn.java:18)
	at java.base/java.util.concurrent.FutureTask.run(FutureTask.java:264)
	at java.base/java.util.concurrent.ThreadPoolExecutor.runWorker(ThreadPoolExecutor.java:1136)
	at java.base/java.util.concurrent.ThreadPoolExecutor$Worker.run(ThreadPoolExecutor.java:635)
	at java.base/java.lang.Thread.run(Thread.java:833)
2023-03-04 08:50:26,754{GMT}	INFO	[jepsen worker 0] jepsen.util: 2	:invoke	:broadcast	2
2023-03-04 08:50:26,759{GMT}	WARN	[jepsen worker 0] jepsen.generator.interpreter: Process 2 crashed
clojure.lang.ExceptionInfo: Malformed RPC response. Maelstrom sent node n0 the following request:

{:type "broadcast", :message 2, :msg_id 1}

And expected a response of the form:

{:type (eq "broadcast_ok"), {:k :msg_id} Int, :in_reply_to Int}

... but instead received

{:in_reply_to 1, :message 2, :type "broadcast_ok"}

This is malformed because:

{:message disallowed-key}

See doc/protocol.md for more guidance.
	at slingshot.support$stack_trace.invoke(support.clj:201)
	at maelstrom.client$check_body.invokeStatic(client.clj:188)
	at maelstrom.client$check_body.invoke(client.clj:181)
	at maelstrom.workload.broadcast$fn__16565$broadcast_BANG___16566.invoke(broadcast.clj:27)
	at maelstrom.workload.broadcast$fn__16565$broadcast_BANG___16566.invoke(broadcast.clj:27)
	at maelstrom.workload.broadcast$client$reify__16644.invoke_BANG_(broadcast.clj:203)
	at jepsen.client.Validate.invoke_BANG_(client.clj:83)
	at jepsen.generator.interpreter.ClientWorker.invoke_BANG_(interpreter.clj:65)
	at jepsen.generator.interpreter$spawn_worker$fn__12908$fn__12909.invoke(interpreter.clj:140)
	at jepsen.generator.interpreter$spawn_worker$fn__12908.invoke(interpreter.clj:123)
	at clojure.core$binding_conveyor_fn$fn__5823.invoke(core.clj:2047)
	at clojure.lang.AFn.call(AFn.java:18)
	at java.base/java.util.concurrent.FutureTask.run(FutureTask.java:264)
	at java.base/java.util.concurrent.ThreadPoolExecutor.runWorker(ThreadPoolExecutor.java:1136)
	at java.base/java.util.concurrent.ThreadPoolExecutor$Worker.run(ThreadPoolExecutor.java:635)
	at java.base/java.lang.Thread.run(Thread.java:833)
2023-03-04 08:50:26,922{GMT}	INFO	[jepsen worker 0] jepsen.util: 3	:invoke	:broadcast	3
2023-03-04 08:50:26,928{GMT}	WARN	[jepsen worker 0] jepsen.generator.interpreter: Process 3 crashed
clojure.lang.ExceptionInfo: Malformed RPC response. Maelstrom sent node n0 the following request:

{:type "broadcast", :message 3, :msg_id 1}

And expected a response of the form:

{:type (eq "broadcast_ok"), {:k :msg_id} Int, :in_reply_to Int}

... but instead received

{:in_reply_to 1, :message 3, :type "broadcast_ok"}

This is malformed because:

{:message disallowed-key}

See doc/protocol.md for more guidance.
	at slingshot.support$stack_trace.invoke(support.clj:201)
	at maelstrom.client$check_body.invokeStatic(client.clj:188)
	at maelstrom.client$check_body.invoke(client.clj:181)
	at maelstrom.workload.broadcast$fn__16565$broadcast_BANG___16566.invoke(broadcast.clj:27)
	at maelstrom.workload.broadcast$fn__16565$broadcast_BANG___16566.invoke(broadcast.clj:27)
	at maelstrom.workload.broadcast$client$reify__16644.invoke_BANG_(broadcast.clj:203)
	at jepsen.client.Validate.invoke_BANG_(client.clj:83)
	at jepsen.generator.interpreter.ClientWorker.invoke_BANG_(interpreter.clj:65)
	at jepsen.generator.interpreter$spawn_worker$fn__12908$fn__12909.invoke(interpreter.clj:140)
	at jepsen.generator.interpreter$spawn_worker$fn__12908.invoke(interpreter.clj:123)
	at clojure.core$binding_conveyor_fn$fn__5823.invoke(core.clj:2047)
	at clojure.lang.AFn.call(AFn.java:18)
	at java.base/java.util.concurrent.FutureTask.run(FutureTask.java:264)
	at java.base/java.util.concurrent.ThreadPoolExecutor.runWorker(ThreadPoolExecutor.java:1136)
	at java.base/java.util.concurrent.ThreadPoolExecutor$Worker.run(ThreadPoolExecutor.java:635)
	at java.base/java.lang.Thread.run(Thread.java:833)
2023-03-04 08:50:27,052{GMT}	INFO	[jepsen worker 0] jepsen.util: 4	:invoke	:read	nil
2023-03-04 08:50:27,054{GMT}	INFO	[jepsen worker 0] jepsen.util: 4	:ok	:read	[0 1 2 3]
2023-03-04 08:50:27,179{GMT}	INFO	[jepsen worker 0] jepsen.util: 4	:invoke	:read	nil
2023-03-04 08:50:27,181{GMT}	INFO	[jepsen worker 0] jepsen.util: 4	:ok	:read	[0 1 2 3]
2023-03-04 08:50:27,289{GMT}	INFO	[jepsen worker 0] jepsen.util: 4	:invoke	:read	nil
2023-03-04 08:50:27,291{GMT}	INFO	[jepsen worker 0] jepsen.util: 4	:ok	:read	[0 1 2 3]
2023-03-04 08:50:27,471{GMT}	INFO	[jepsen worker 0] jepsen.util: 4	:invoke	:broadcast	4
2023-03-04 08:50:27,477{GMT}	WARN	[jepsen worker 0] jepsen.generator.interpreter: Process 4 crashed
clojure.lang.ExceptionInfo: Malformed RPC response. Maelstrom sent node n0 the following request:

{:type "broadcast", :message 4, :msg_id 4}

And expected a response of the form:

{:type (eq "broadcast_ok"), {:k :msg_id} Int, :in_reply_to Int}

... but instead received

{:in_reply_to 4, :message 4, :type "broadcast_ok"}

This is malformed because:

{:message disallowed-key}

See doc/protocol.md for more guidance.
	at slingshot.support$stack_trace.invoke(support.clj:201)
	at maelstrom.client$check_body.invokeStatic(client.clj:188)
	at maelstrom.client$check_body.invoke(client.clj:181)
	at maelstrom.workload.broadcast$fn__16565$broadcast_BANG___16566.invoke(broadcast.clj:27)
	at maelstrom.workload.broadcast$fn__16565$broadcast_BANG___16566.invoke(broadcast.clj:27)
	at maelstrom.workload.broadcast$client$reify__16644.invoke_BANG_(broadcast.clj:203)
	at jepsen.client.Validate.invoke_BANG_(client.clj:83)
	at jepsen.generator.interpreter.ClientWorker.invoke_BANG_(interpreter.clj:65)
	at jepsen.generator.interpreter$spawn_worker$fn__12908$fn__12909.invoke(interpreter.clj:140)
	at jepsen.generator.interpreter$spawn_worker$fn__12908.invoke(interpreter.clj:123)
	at clojure.core$binding_conveyor_fn$fn__5823.invoke(core.clj:2047)
	at clojure.lang.AFn.call(AFn.java:18)
	at java.base/java.util.concurrent.FutureTask.run(FutureTask.java:264)
	at java.base/java.util.concurrent.ThreadPoolExecutor.runWorker(ThreadPoolExecutor.java:1136)
	at java.base/java.util.concurrent.ThreadPoolExecutor$Worker.run(ThreadPoolExecutor.java:635)
	at java.base/java.lang.Thread.run(Thread.java:833)
2023-03-04 08:50:27,604{GMT}	INFO	[jepsen worker 0] jepsen.util: 5	:invoke	:broadcast	5
2023-03-04 08:50:27,609{GMT}	WARN	[jepsen worker 0] jepsen.generator.interpreter: Process 5 crashed
clojure.lang.ExceptionInfo: Malformed RPC response. Maelstrom sent node n0 the following request:

{:type "broadcast", :message 5, :msg_id 1}

And expected a response of the form:

{:type (eq "broadcast_ok"), {:k :msg_id} Int, :in_reply_to Int}

... but instead received

{:in_reply_to 1, :message 5, :type "broadcast_ok"}

This is malformed because:

{:message disallowed-key}

See doc/protocol.md for more guidance.
	at slingshot.support$stack_trace.invoke(support.clj:201)
	at maelstrom.client$check_body.invokeStatic(client.clj:188)
	at maelstrom.client$check_body.invoke(client.clj:181)
	at maelstrom.workload.broadcast$fn__16565$broadcast_BANG___16566.invoke(broadcast.clj:27)
	at maelstrom.workload.broadcast$fn__16565$broadcast_BANG___16566.invoke(broadcast.clj:27)
	at maelstrom.workload.broadcast$client$reify__16644.invoke_BANG_(broadcast.clj:203)
	at jepsen.client.Validate.invoke_BANG_(client.clj:83)
	at jepsen.generator.interpreter.ClientWorker.invoke_BANG_(interpreter.clj:65)
	at jepsen.generator.interpreter$spawn_worker$fn__12908$fn__12909.invoke(interpreter.clj:140)
	at jepsen.generator.interpreter$spawn_worker$fn__12908.invoke(interpreter.clj:123)
	at clojure.core$binding_conveyor_fn$fn__5823.invoke(core.clj:2047)
	at clojure.lang.AFn.call(AFn.java:18)
	at java.base/java.util.concurrent.FutureTask.run(FutureTask.java:264)
	at java.base/java.util.concurrent.ThreadPoolExecutor.runWorker(ThreadPoolExecutor.java:1136)
	at java.base/java.util.concurrent.ThreadPoolExecutor$Worker.run(ThreadPoolExecutor.java:635)
	at java.base/java.lang.Thread.run(Thread.java:833)
2023-03-04 08:50:27,659{GMT}	INFO	[jepsen worker 0] jepsen.util: 6	:invoke	:broadcast	6
2023-03-04 08:50:27,663{GMT}	WARN	[jepsen worker 0] jepsen.generator.interpreter: Process 6 crashed
clojure.lang.ExceptionInfo: Malformed RPC response. Maelstrom sent node n0 the following request:

{:type "broadcast", :message 6, :msg_id 1}

And expected a response of the form:

{:type (eq "broadcast_ok"), {:k :msg_id} Int, :in_reply_to Int}

... but instead received

{:in_reply_to 1, :message 6, :type "broadcast_ok"}

This is malformed because:

{:message disallowed-key}

See doc/protocol.md for more guidance.
	at slingshot.support$stack_trace.invoke(support.clj:201)
	at maelstrom.client$check_body.invokeStatic(client.clj:188)
	at maelstrom.client$check_body.invoke(client.clj:181)
	at maelstrom.workload.broadcast$fn__16565$broadcast_BANG___16566.invoke(broadcast.clj:27)
	at maelstrom.workload.broadcast$fn__16565$broadcast_BANG___16566.invoke(broadcast.clj:27)
	at maelstrom.workload.broadcast$client$reify__16644.invoke_BANG_(broadcast.clj:203)
	at jepsen.client.Validate.invoke_BANG_(client.clj:83)
	at jepsen.generator.interpreter.ClientWorker.invoke_BANG_(interpreter.clj:65)
	at jepsen.generator.interpreter$spawn_worker$fn__12908$fn__12909.invoke(interpreter.clj:140)
	at jepsen.generator.interpreter$spawn_worker$fn__12908.invoke(interpreter.clj:123)
	at clojure.core$binding_conveyor_fn$fn__5823.invoke(core.clj:2047)
	at clojure.lang.AFn.call(AFn.java:18)
	at java.base/java.util.concurrent.FutureTask.run(FutureTask.java:264)
	at java.base/java.util.concurrent.ThreadPoolExecutor.runWorker(ThreadPoolExecutor.java:1136)
	at java.base/java.util.concurrent.ThreadPoolExecutor$Worker.run(ThreadPoolExecutor.java:635)
	at java.base/java.lang.Thread.run(Thread.java:833)
2023-03-04 08:50:27,790{GMT}	INFO	[jepsen worker 0] jepsen.util: 7	:invoke	:broadcast	7
2023-03-04 08:50:27,796{GMT}	WARN	[jepsen worker 0] jepsen.generator.interpreter: Process 7 crashed
clojure.lang.ExceptionInfo: Malformed RPC response. Maelstrom sent node n0 the following request:

{:type "broadcast", :message 7, :msg_id 1}

And expected a response of the form:

{:type (eq "broadcast_ok"), {:k :msg_id} Int, :in_reply_to Int}

... but instead received

{:in_reply_to 1, :message 7, :type "broadcast_ok"}

This is malformed because:

{:message disallowed-key}

See doc/protocol.md for more guidance.
	at slingshot.support$stack_trace.invoke(support.clj:201)
	at maelstrom.client$check_body.invokeStatic(client.clj:188)
	at maelstrom.client$check_body.invoke(client.clj:181)
	at maelstrom.workload.broadcast$fn__16565$broadcast_BANG___16566.invoke(broadcast.clj:27)
	at maelstrom.workload.broadcast$fn__16565$broadcast_BANG___16566.invoke(broadcast.clj:27)
	at maelstrom.workload.broadcast$client$reify__16644.invoke_BANG_(broadcast.clj:203)
	at jepsen.client.Validate.invoke_BANG_(client.clj:83)
	at jepsen.generator.interpreter.ClientWorker.invoke_BANG_(interpreter.clj:65)
	at jepsen.generator.interpreter$spawn_worker$fn__12908$fn__12909.invoke(interpreter.clj:140)
	at jepsen.generator.interpreter$spawn_worker$fn__12908.invoke(interpreter.clj:123)
	at clojure.core$binding_conveyor_fn$fn__5823.invoke(core.clj:2047)
	at clojure.lang.AFn.call(AFn.java:18)
	at java.base/java.util.concurrent.FutureTask.run(FutureTask.java:264)
	at java.base/java.util.concurrent.ThreadPoolExecutor.runWorker(ThreadPoolExecutor.java:1136)
	at java.base/java.util.concurrent.ThreadPoolExecutor$Worker.run(ThreadPoolExecutor.java:635)
	at java.base/java.lang.Thread.run(Thread.java:833)
2023-03-04 08:50:27,892{GMT}	INFO	[jepsen worker 0] jepsen.util: 8	:invoke	:broadcast	8
2023-03-04 08:50:27,896{GMT}	WARN	[jepsen worker 0] jepsen.generator.interpreter: Process 8 crashed
clojure.lang.ExceptionInfo: Malformed RPC response. Maelstrom sent node n0 the following request:

{:type "broadcast", :message 8, :msg_id 1}

And expected a response of the form:

{:type (eq "broadcast_ok"), {:k :msg_id} Int, :in_reply_to Int}

... but instead received

{:in_reply_to 1, :message 8, :type "broadcast_ok"}

This is malformed because:

{:message disallowed-key}

See doc/protocol.md for more guidance.
	at slingshot.support$stack_trace.invoke(support.clj:201)
	at maelstrom.client$check_body.invokeStatic(client.clj:188)
	at maelstrom.client$check_body.invoke(client.clj:181)
	at maelstrom.workload.broadcast$fn__16565$broadcast_BANG___16566.invoke(broadcast.clj:27)
	at maelstrom.workload.broadcast$fn__16565$broadcast_BANG___16566.invoke(broadcast.clj:27)
	at maelstrom.workload.broadcast$client$reify__16644.invoke_BANG_(broadcast.clj:203)
	at jepsen.client.Validate.invoke_BANG_(client.clj:83)
	at jepsen.generator.interpreter.ClientWorker.invoke_BANG_(interpreter.clj:65)
	at jepsen.generator.interpreter$spawn_worker$fn__12908$fn__12909.invoke(interpreter.clj:140)
	at jepsen.generator.interpreter$spawn_worker$fn__12908.invoke(interpreter.clj:123)
	at clojure.core$binding_conveyor_fn$fn__5823.invoke(core.clj:2047)
	at clojure.lang.AFn.call(AFn.java:18)
	at java.base/java.util.concurrent.FutureTask.run(FutureTask.java:264)
	at java.base/java.util.concurrent.ThreadPoolExecutor.runWorker(ThreadPoolExecutor.java:1136)
	at java.base/java.util.concurrent.ThreadPoolExecutor$Worker.run(ThreadPoolExecutor.java:635)
	at java.base/java.lang.Thread.run(Thread.java:833)
2023-03-04 08:50:27,927{GMT}	INFO	[jepsen worker 0] jepsen.util: 9	:invoke	:read	nil
2023-03-04 08:50:27,928{GMT}	INFO	[jepsen worker 0] jepsen.util: 9	:ok	:read	[0 1 2 3 4 5 6 7 8]
2023-03-04 08:50:27,937{GMT}	INFO	[jepsen worker 0] jepsen.util: 9	:invoke	:broadcast	9
2023-03-04 08:50:27,941{GMT}	WARN	[jepsen worker 0] jepsen.generator.interpreter: Process 9 crashed
clojure.lang.ExceptionInfo: Malformed RPC response. Maelstrom sent node n0 the following request:

{:type "broadcast", :message 9, :msg_id 2}

And expected a response of the form:

{:type (eq "broadcast_ok"), {:k :msg_id} Int, :in_reply_to Int}

... but instead received

{:in_reply_to 2, :message 9, :type "broadcast_ok"}

This is malformed because:

{:message disallowed-key}

See doc/protocol.md for more guidance.
	at slingshot.support$stack_trace.invoke(support.clj:201)
	at maelstrom.client$check_body.invokeStatic(client.clj:188)
	at maelstrom.client$check_body.invoke(client.clj:181)
	at maelstrom.workload.broadcast$fn__16565$broadcast_BANG___16566.invoke(broadcast.clj:27)
	at maelstrom.workload.broadcast$fn__16565$broadcast_BANG___16566.invoke(broadcast.clj:27)
	at maelstrom.workload.broadcast$client$reify__16644.invoke_BANG_(broadcast.clj:203)
	at jepsen.client.Validate.invoke_BANG_(client.clj:83)
	at jepsen.generator.interpreter.ClientWorker.invoke_BANG_(interpreter.clj:65)
	at jepsen.generator.interpreter$spawn_worker$fn__12908$fn__12909.invoke(interpreter.clj:140)
	at jepsen.generator.interpreter$spawn_worker$fn__12908.invoke(interpreter.clj:123)
	at clojure.core$binding_conveyor_fn$fn__5823.invoke(core.clj:2047)
	at clojure.lang.AFn.call(AFn.java:18)
	at java.base/java.util.concurrent.FutureTask.run(FutureTask.java:264)
	at java.base/java.util.concurrent.ThreadPoolExecutor.runWorker(ThreadPoolExecutor.java:1136)
	at java.base/java.util.concurrent.ThreadPoolExecutor$Worker.run(ThreadPoolExecutor.java:635)
	at java.base/java.lang.Thread.run(Thread.java:833)
2023-03-04 08:50:28,064{GMT}	INFO	[jepsen worker 0] jepsen.util: 10	:invoke	:read	nil
2023-03-04 08:50:28,065{GMT}	INFO	[jepsen worker 0] jepsen.util: 10	:ok	:read	[0 1 2 3 4 5 6 7 8 9]
2023-03-04 08:50:28,111{GMT}	INFO	[jepsen worker 0] jepsen.util: 10	:invoke	:broadcast	10
2023-03-04 08:50:28,114{GMT}	WARN	[jepsen worker 0] jepsen.generator.interpreter: Process 10 crashed
clojure.lang.ExceptionInfo: Malformed RPC response. Maelstrom sent node n0 the following request:

{:type "broadcast", :message 10, :msg_id 2}

And expected a response of the form:

{:type (eq "broadcast_ok"), {:k :msg_id} Int, :in_reply_to Int}

... but instead received

{:in_reply_to 2, :message 10, :type "broadcast_ok"}

This is malformed because:

{:message disallowed-key}

See doc/protocol.md for more guidance.
	at slingshot.support$stack_trace.invoke(support.clj:201)
	at maelstrom.client$check_body.invokeStatic(client.clj:188)
	at maelstrom.client$check_body.invoke(client.clj:181)
	at maelstrom.workload.broadcast$fn__16565$broadcast_BANG___16566.invoke(broadcast.clj:27)
	at maelstrom.workload.broadcast$fn__16565$broadcast_BANG___16566.invoke(broadcast.clj:27)
	at maelstrom.workload.broadcast$client$reify__16644.invoke_BANG_(broadcast.clj:203)
	at jepsen.client.Validate.invoke_BANG_(client.clj:83)
	at jepsen.generator.interpreter.ClientWorker.invoke_BANG_(interpreter.clj:65)
	at jepsen.generator.interpreter$spawn_worker$fn__12908$fn__12909.invoke(interpreter.clj:140)
	at jepsen.generator.interpreter$spawn_worker$fn__12908.invoke(interpreter.clj:123)
	at clojure.core$binding_conveyor_fn$fn__5823.invoke(core.clj:2047)
	at clojure.lang.AFn.call(AFn.java:18)
	at java.base/java.util.concurrent.FutureTask.run(FutureTask.java:264)
	at java.base/java.util.concurrent.ThreadPoolExecutor.runWorker(ThreadPoolExecutor.java:1136)
	at java.base/java.util.concurrent.ThreadPoolExecutor$Worker.run(ThreadPoolExecutor.java:635)
	at java.base/java.lang.Thread.run(Thread.java:833)
2023-03-04 08:50:28,299{GMT}	INFO	[jepsen worker 0] jepsen.util: 11	:invoke	:read	nil
2023-03-04 08:50:28,300{GMT}	INFO	[jepsen worker 0] jepsen.util: 11	:ok	:read	[0 1 2 3 4 5 6 7 8 9 10]
2023-03-04 08:50:28,485{GMT}	INFO	[jepsen worker 0] jepsen.util: 11	:invoke	:read	nil
2023-03-04 08:50:28,486{GMT}	INFO	[jepsen worker 0] jepsen.util: 11	:ok	:read	[0 1 2 3 4 5 6 7 8 9 10]
2023-03-04 08:50:28,592{GMT}	INFO	[jepsen worker 0] jepsen.util: 11	:invoke	:broadcast	11
2023-03-04 08:50:28,597{GMT}	WARN	[jepsen worker 0] jepsen.generator.interpreter: Process 11 crashed
clojure.lang.ExceptionInfo: Malformed RPC response. Maelstrom sent node n0 the following request:

{:type "broadcast", :message 11, :msg_id 3}

And expected a response of the form:

{:type (eq "broadcast_ok"), {:k :msg_id} Int, :in_reply_to Int}

... but instead received

{:in_reply_to 3, :message 11, :type "broadcast_ok"}

This is malformed because:

{:message disallowed-key}

See doc/protocol.md for more guidance.
	at slingshot.support$stack_trace.invoke(support.clj:201)
	at maelstrom.client$check_body.invokeStatic(client.clj:188)
	at maelstrom.client$check_body.invoke(client.clj:181)
	at maelstrom.workload.broadcast$fn__16565$broadcast_BANG___16566.invoke(broadcast.clj:27)
	at maelstrom.workload.broadcast$fn__16565$broadcast_BANG___16566.invoke(broadcast.clj:27)
	at maelstrom.workload.broadcast$client$reify__16644.invoke_BANG_(broadcast.clj:203)
	at jepsen.client.Validate.invoke_BANG_(client.clj:83)
	at jepsen.generator.interpreter.ClientWorker.invoke_BANG_(interpreter.clj:65)
	at jepsen.generator.interpreter$spawn_worker$fn__12908$fn__12909.invoke(interpreter.clj:140)
	at jepsen.generator.interpreter$spawn_worker$fn__12908.invoke(interpreter.clj:123)
	at clojure.core$binding_conveyor_fn$fn__5823.invoke(core.clj:2047)
	at clojure.lang.AFn.call(AFn.java:18)
	at java.base/java.util.concurrent.FutureTask.run(FutureTask.java:264)
	at java.base/java.util.concurrent.ThreadPoolExecutor.runWorker(ThreadPoolExecutor.java:1136)
	at java.base/java.util.concurrent.ThreadPoolExecutor$Worker.run(ThreadPoolExecutor.java:635)
	at java.base/java.lang.Thread.run(Thread.java:833)
2023-03-04 08:50:28,628{GMT}	INFO	[jepsen worker 0] jepsen.util: 12	:invoke	:read	nil
2023-03-04 08:50:28,630{GMT}	INFO	[jepsen worker 0] jepsen.util: 12	:ok	:read	[0 1 2 3 4 5 6 7 8 9 10 11]
2023-03-04 08:50:28,781{GMT}	INFO	[jepsen worker 0] jepsen.util: 12	:invoke	:broadcast	12
2023-03-04 08:50:28,786{GMT}	WARN	[jepsen worker 0] jepsen.generator.interpreter: Process 12 crashed
clojure.lang.ExceptionInfo: Malformed RPC response. Maelstrom sent node n0 the following request:

{:type "broadcast", :message 12, :msg_id 2}

And expected a response of the form:

{:type (eq "broadcast_ok"), {:k :msg_id} Int, :in_reply_to Int}

... but instead received

{:in_reply_to 2, :message 12, :type "broadcast_ok"}

This is malformed because:

{:message disallowed-key}

See doc/protocol.md for more guidance.
	at slingshot.support$stack_trace.invoke(support.clj:201)
	at maelstrom.client$check_body.invokeStatic(client.clj:188)
	at maelstrom.client$check_body.invoke(client.clj:181)
	at maelstrom.workload.broadcast$fn__16565$broadcast_BANG___16566.invoke(broadcast.clj:27)
	at maelstrom.workload.broadcast$fn__16565$broadcast_BANG___16566.invoke(broadcast.clj:27)
	at maelstrom.workload.broadcast$client$reify__16644.invoke_BANG_(broadcast.clj:203)
	at jepsen.client.Validate.invoke_BANG_(client.clj:83)
	at jepsen.generator.interpreter.ClientWorker.invoke_BANG_(interpreter.clj:65)
	at jepsen.generator.interpreter$spawn_worker$fn__12908$fn__12909.invoke(interpreter.clj:140)
	at jepsen.generator.interpreter$spawn_worker$fn__12908.invoke(interpreter.clj:123)
	at clojure.core$binding_conveyor_fn$fn__5823.invoke(core.clj:2047)
	at clojure.lang.AFn.call(AFn.java:18)
	at java.base/java.util.concurrent.FutureTask.run(FutureTask.java:264)
	at java.base/java.util.concurrent.ThreadPoolExecutor.runWorker(ThreadPoolExecutor.java:1136)
	at java.base/java.util.concurrent.ThreadPoolExecutor$Worker.run(ThreadPoolExecutor.java:635)
	at java.base/java.lang.Thread.run(Thread.java:833)
2023-03-04 08:50:28,873{GMT}	INFO	[jepsen worker 0] jepsen.util: 13	:invoke	:read	nil
2023-03-04 08:50:28,875{GMT}	INFO	[jepsen worker 0] jepsen.util: 13	:ok	:read	[0 1 2 3 4 5 6 7 8 9 10 11 12]
2023-03-04 08:50:28,897{GMT}	INFO	[jepsen worker 0] jepsen.util: 13	:invoke	:read	nil
2023-03-04 08:50:28,898{GMT}	INFO	[jepsen worker 0] jepsen.util: 13	:ok	:read	[0 1 2 3 4 5 6 7 8 9 10 11 12]
2023-03-04 08:50:28,980{GMT}	INFO	[jepsen worker 0] jepsen.util: 13	:invoke	:read	nil
2023-03-04 08:50:28,982{GMT}	INFO	[jepsen worker 0] jepsen.util: 13	:ok	:read	[0 1 2 3 4 5 6 7 8 9 10 11 12]
2023-03-04 08:50:29,012{GMT}	INFO	[jepsen worker 0] jepsen.util: 13	:invoke	:broadcast	13
2023-03-04 08:50:29,016{GMT}	WARN	[jepsen worker 0] jepsen.generator.interpreter: Process 13 crashed
clojure.lang.ExceptionInfo: Malformed RPC response. Maelstrom sent node n0 the following request:

{:type "broadcast", :message 13, :msg_id 4}

And expected a response of the form:

{:type (eq "broadcast_ok"), {:k :msg_id} Int, :in_reply_to Int}

... but instead received

{:in_reply_to 4, :message 13, :type "broadcast_ok"}

This is malformed because:

{:message disallowed-key}

See doc/protocol.md for more guidance.
	at slingshot.support$stack_trace.invoke(support.clj:201)
	at maelstrom.client$check_body.invokeStatic(client.clj:188)
	at maelstrom.client$check_body.invoke(client.clj:181)
	at maelstrom.workload.broadcast$fn__16565$broadcast_BANG___16566.invoke(broadcast.clj:27)
	at maelstrom.workload.broadcast$fn__16565$broadcast_BANG___16566.invoke(broadcast.clj:27)
	at maelstrom.workload.broadcast$client$reify__16644.invoke_BANG_(broadcast.clj:203)
	at jepsen.client.Validate.invoke_BANG_(client.clj:83)
	at jepsen.generator.interpreter.ClientWorker.invoke_BANG_(interpreter.clj:65)
	at jepsen.generator.interpreter$spawn_worker$fn__12908$fn__12909.invoke(interpreter.clj:140)
	at jepsen.generator.interpreter$spawn_worker$fn__12908.invoke(interpreter.clj:123)
	at clojure.core$binding_conveyor_fn$fn__5823.invoke(core.clj:2047)
	at clojure.lang.AFn.call(AFn.java:18)
	at java.base/java.util.concurrent.FutureTask.run(FutureTask.java:264)
	at java.base/java.util.concurrent.ThreadPoolExecutor.runWorker(ThreadPoolExecutor.java:1136)
	at java.base/java.util.concurrent.ThreadPoolExecutor$Worker.run(ThreadPoolExecutor.java:635)
	at java.base/java.lang.Thread.run(Thread.java:833)
2023-03-04 08:50:29,174{GMT}	INFO	[jepsen worker 0] jepsen.util: 14	:invoke	:read	nil
2023-03-04 08:50:29,175{GMT}	INFO	[jepsen worker 0] jepsen.util: 14	:ok	:read	[0 1 2 3 4 5 6 7 8 9 10 11 12 13]
2023-03-04 08:50:29,256{GMT}	INFO	[jepsen worker 0] jepsen.util: 14	:invoke	:broadcast	14
2023-03-04 08:50:29,258{GMT}	WARN	[jepsen worker 0] jepsen.generator.interpreter: Process 14 crashed
clojure.lang.ExceptionInfo: Malformed RPC response. Maelstrom sent node n0 the following request:

{:type "broadcast", :message 14, :msg_id 2}

And expected a response of the form:

{:type (eq "broadcast_ok"), {:k :msg_id} Int, :in_reply_to Int}

... but instead received

{:in_reply_to 2, :message 14, :type "broadcast_ok"}

This is malformed because:

{:message disallowed-key}

See doc/protocol.md for more guidance.
	at slingshot.support$stack_trace.invoke(support.clj:201)
	at maelstrom.client$check_body.invokeStatic(client.clj:188)
	at maelstrom.client$check_body.invoke(client.clj:181)
	at maelstrom.workload.broadcast$fn__16565$broadcast_BANG___16566.invoke(broadcast.clj:27)
	at maelstrom.workload.broadcast$fn__16565$broadcast_BANG___16566.invoke(broadcast.clj:27)
	at maelstrom.workload.broadcast$client$reify__16644.invoke_BANG_(broadcast.clj:203)
	at jepsen.client.Validate.invoke_BANG_(client.clj:83)
	at jepsen.generator.interpreter.ClientWorker.invoke_BANG_(interpreter.clj:65)
	at jepsen.generator.interpreter$spawn_worker$fn__12908$fn__12909.invoke(interpreter.clj:140)
	at jepsen.generator.interpreter$spawn_worker$fn__12908.invoke(interpreter.clj:123)
	at clojure.core$binding_conveyor_fn$fn__5823.invoke(core.clj:2047)
	at clojure.lang.AFn.call(AFn.java:18)
	at java.base/java.util.concurrent.FutureTask.run(FutureTask.java:264)
	at java.base/java.util.concurrent.ThreadPoolExecutor.runWorker(ThreadPoolExecutor.java:1136)
	at java.base/java.util.concurrent.ThreadPoolExecutor$Worker.run(ThreadPoolExecutor.java:635)
	at java.base/java.lang.Thread.run(Thread.java:833)
2023-03-04 08:50:29,373{GMT}	INFO	[jepsen worker 0] jepsen.util: 15	:invoke	:read	nil
2023-03-04 08:50:29,374{GMT}	INFO	[jepsen worker 0] jepsen.util: 15	:ok	:read	[0 1 2 3 4 5 6 7 8 9 10 11 12 13 14]
2023-03-04 08:50:29,499{GMT}	INFO	[jepsen worker 0] jepsen.util: 15	:invoke	:read	nil
2023-03-04 08:50:29,500{GMT}	INFO	[jepsen worker 0] jepsen.util: 15	:ok	:read	[0 1 2 3 4 5 6 7 8 9 10 11 12 13 14]
2023-03-04 08:50:29,671{GMT}	INFO	[jepsen worker 0] jepsen.util: 15	:invoke	:broadcast	15
2023-03-04 08:50:29,676{GMT}	WARN	[jepsen worker 0] jepsen.generator.interpreter: Process 15 crashed
clojure.lang.ExceptionInfo: Malformed RPC response. Maelstrom sent node n0 the following request:

{:type "broadcast", :message 15, :msg_id 3}

And expected a response of the form:

{:type (eq "broadcast_ok"), {:k :msg_id} Int, :in_reply_to Int}

... but instead received

{:in_reply_to 3, :message 15, :type "broadcast_ok"}

This is malformed because:

{:message disallowed-key}

See doc/protocol.md for more guidance.
	at slingshot.support$stack_trace.invoke(support.clj:201)
	at maelstrom.client$check_body.invokeStatic(client.clj:188)
	at maelstrom.client$check_body.invoke(client.clj:181)
	at maelstrom.workload.broadcast$fn__16565$broadcast_BANG___16566.invoke(broadcast.clj:27)
	at maelstrom.workload.broadcast$fn__16565$broadcast_BANG___16566.invoke(broadcast.clj:27)
	at maelstrom.workload.broadcast$client$reify__16644.invoke_BANG_(broadcast.clj:203)
	at jepsen.client.Validate.invoke_BANG_(client.clj:83)
	at jepsen.generator.interpreter.ClientWorker.invoke_BANG_(interpreter.clj:65)
	at jepsen.generator.interpreter$spawn_worker$fn__12908$fn__12909.invoke(interpreter.clj:140)
	at jepsen.generator.interpreter$spawn_worker$fn__12908.invoke(interpreter.clj:123)
	at clojure.core$binding_conveyor_fn$fn__5823.invoke(core.clj:2047)
	at clojure.lang.AFn.call(AFn.java:18)
	at java.base/java.util.concurrent.FutureTask.run(FutureTask.java:264)
	at java.base/java.util.concurrent.ThreadPoolExecutor.runWorker(ThreadPoolExecutor.java:1136)
	at java.base/java.util.concurrent.ThreadPoolExecutor$Worker.run(ThreadPoolExecutor.java:635)
	at java.base/java.lang.Thread.run(Thread.java:833)
2023-03-04 08:50:29,836{GMT}	INFO	[jepsen worker 0] jepsen.util: 16	:invoke	:read	nil
2023-03-04 08:50:29,838{GMT}	INFO	[jepsen worker 0] jepsen.util: 16	:ok	:read	[0 1 2 3 4 5 6 7 8 9 10 11 12 13 14 15]
2023-03-04 08:50:30,001{GMT}	INFO	[jepsen worker 0] jepsen.util: 16	:invoke	:read	nil
2023-03-04 08:50:30,003{GMT}	INFO	[jepsen worker 0] jepsen.util: 16	:ok	:read	[0 1 2 3 4 5 6 7 8 9 10 11 12 13 14 15]
2023-03-04 08:50:30,103{GMT}	INFO	[jepsen worker 0] jepsen.util: 16	:invoke	:broadcast	16
2023-03-04 08:50:30,107{GMT}	WARN	[jepsen worker 0] jepsen.generator.interpreter: Process 16 crashed
clojure.lang.ExceptionInfo: Malformed RPC response. Maelstrom sent node n0 the following request:

{:type "broadcast", :message 16, :msg_id 3}

And expected a response of the form:

{:type (eq "broadcast_ok"), {:k :msg_id} Int, :in_reply_to Int}

... but instead received

{:in_reply_to 3, :message 16, :type "broadcast_ok"}

This is malformed because:

{:message disallowed-key}

See doc/protocol.md for more guidance.
	at slingshot.support$stack_trace.invoke(support.clj:201)
	at maelstrom.client$check_body.invokeStatic(client.clj:188)
	at maelstrom.client$check_body.invoke(client.clj:181)
	at maelstrom.workload.broadcast$fn__16565$broadcast_BANG___16566.invoke(broadcast.clj:27)
	at maelstrom.workload.broadcast$fn__16565$broadcast_BANG___16566.invoke(broadcast.clj:27)
	at maelstrom.workload.broadcast$client$reify__16644.invoke_BANG_(broadcast.clj:203)
	at jepsen.client.Validate.invoke_BANG_(client.clj:83)
	at jepsen.generator.interpreter.ClientWorker.invoke_BANG_(interpreter.clj:65)
	at jepsen.generator.interpreter$spawn_worker$fn__12908$fn__12909.invoke(interpreter.clj:140)
	at jepsen.generator.interpreter$spawn_worker$fn__12908.invoke(interpreter.clj:123)
	at clojure.core$binding_conveyor_fn$fn__5823.invoke(core.clj:2047)
	at clojure.lang.AFn.call(AFn.java:18)
	at java.base/java.util.concurrent.FutureTask.run(FutureTask.java:264)
	at java.base/java.util.concurrent.ThreadPoolExecutor.runWorker(ThreadPoolExecutor.java:1136)
	at java.base/java.util.concurrent.ThreadPoolExecutor$Worker.run(ThreadPoolExecutor.java:635)
	at java.base/java.lang.Thread.run(Thread.java:833)
2023-03-04 08:50:30,275{GMT}	INFO	[jepsen worker 0] jepsen.util: 17	:invoke	:read	nil
2023-03-04 08:50:30,277{GMT}	INFO	[jepsen worker 0] jepsen.util: 17	:ok	:read	[0 1 2 3 4 5 6 7 8 9 10 11 12 13 14 15 16]
2023-03-04 08:50:30,303{GMT}	INFO	[jepsen worker 0] jepsen.util: 17	:invoke	:broadcast	17
2023-03-04 08:50:30,305{GMT}	WARN	[jepsen worker 0] jepsen.generator.interpreter: Process 17 crashed
clojure.lang.ExceptionInfo: Malformed RPC response. Maelstrom sent node n0 the following request:

{:type "broadcast", :message 17, :msg_id 2}

And expected a response of the form:

{:type (eq "broadcast_ok"), {:k :msg_id} Int, :in_reply_to Int}

... but instead received

{:in_reply_to 2, :message 17, :type "broadcast_ok"}

This is malformed because:

{:message disallowed-key}

See doc/protocol.md for more guidance.
	at slingshot.support$stack_trace.invoke(support.clj:201)
	at maelstrom.client$check_body.invokeStatic(client.clj:188)
	at maelstrom.client$check_body.invoke(client.clj:181)
	at maelstrom.workload.broadcast$fn__16565$broadcast_BANG___16566.invoke(broadcast.clj:27)
	at maelstrom.workload.broadcast$fn__16565$broadcast_BANG___16566.invoke(broadcast.clj:27)
	at maelstrom.workload.broadcast$client$reify__16644.invoke_BANG_(broadcast.clj:203)
	at jepsen.client.Validate.invoke_BANG_(client.clj:83)
	at jepsen.generator.interpreter.ClientWorker.invoke_BANG_(interpreter.clj:65)
	at jepsen.generator.interpreter$spawn_worker$fn__12908$fn__12909.invoke(interpreter.clj:140)
	at jepsen.generator.interpreter$spawn_worker$fn__12908.invoke(interpreter.clj:123)
	at clojure.core$binding_conveyor_fn$fn__5823.invoke(core.clj:2047)
	at clojure.lang.AFn.call(AFn.java:18)
	at java.base/java.util.concurrent.FutureTask.run(FutureTask.java:264)
	at java.base/java.util.concurrent.ThreadPoolExecutor.runWorker(ThreadPoolExecutor.java:1136)
	at java.base/java.util.concurrent.ThreadPoolExecutor$Worker.run(ThreadPoolExecutor.java:635)
	at java.base/java.lang.Thread.run(Thread.java:833)
2023-03-04 08:50:30,462{GMT}	INFO	[jepsen worker 0] jepsen.util: 18	:invoke	:read	nil
2023-03-04 08:50:30,464{GMT}	INFO	[jepsen worker 0] jepsen.util: 18	:ok	:read	[0 1 2 3 4 5 6 7 8 9 10 11 12 13 14 15 16 17]
2023-03-04 08:50:30,659{GMT}	INFO	[jepsen worker 0] jepsen.util: 18	:invoke	:broadcast	18
2023-03-04 08:50:30,664{GMT}	WARN	[jepsen worker 0] jepsen.generator.interpreter: Process 18 crashed
clojure.lang.ExceptionInfo: Malformed RPC response. Maelstrom sent node n0 the following request:

{:type "broadcast", :message 18, :msg_id 2}

And expected a response of the form:

{:type (eq "broadcast_ok"), {:k :msg_id} Int, :in_reply_to Int}

... but instead received

{:in_reply_to 2, :message 18, :type "broadcast_ok"}

This is malformed because:

{:message disallowed-key}

See doc/protocol.md for more guidance.
	at slingshot.support$stack_trace.invoke(support.clj:201)
	at maelstrom.client$check_body.invokeStatic(client.clj:188)
	at maelstrom.client$check_body.invoke(client.clj:181)
	at maelstrom.workload.broadcast$fn__16565$broadcast_BANG___16566.invoke(broadcast.clj:27)
	at maelstrom.workload.broadcast$fn__16565$broadcast_BANG___16566.invoke(broadcast.clj:27)
	at maelstrom.workload.broadcast$client$reify__16644.invoke_BANG_(broadcast.clj:203)
	at jepsen.client.Validate.invoke_BANG_(client.clj:83)
	at jepsen.generator.interpreter.ClientWorker.invoke_BANG_(interpreter.clj:65)
	at jepsen.generator.interpreter$spawn_worker$fn__12908$fn__12909.invoke(interpreter.clj:140)
	at jepsen.generator.interpreter$spawn_worker$fn__12908.invoke(interpreter.clj:123)
	at clojure.core$binding_conveyor_fn$fn__5823.invoke(core.clj:2047)
	at clojure.lang.AFn.call(AFn.java:18)
	at java.base/java.util.concurrent.FutureTask.run(FutureTask.java:264)
	at java.base/java.util.concurrent.ThreadPoolExecutor.runWorker(ThreadPoolExecutor.java:1136)
	at java.base/java.util.concurrent.ThreadPoolExecutor$Worker.run(ThreadPoolExecutor.java:635)
	at java.base/java.lang.Thread.run(Thread.java:833)
2023-03-04 08:50:30,829{GMT}	INFO	[jepsen worker 0] jepsen.util: 19	:invoke	:read	nil
2023-03-04 08:50:30,831{GMT}	INFO	[jepsen worker 0] jepsen.util: 19	:ok	:read	[0 1 2 3 4 5 6 7 8 9 10 11 12 13 14 15 16 17 18]
2023-03-04 08:50:30,899{GMT}	INFO	[jepsen worker 0] jepsen.util: 19	:invoke	:broadcast	19
2023-03-04 08:50:30,903{GMT}	WARN	[jepsen worker 0] jepsen.generator.interpreter: Process 19 crashed
clojure.lang.ExceptionInfo: Malformed RPC response. Maelstrom sent node n0 the following request:

{:type "broadcast", :message 19, :msg_id 2}

And expected a response of the form:

{:type (eq "broadcast_ok"), {:k :msg_id} Int, :in_reply_to Int}

... but instead received

{:in_reply_to 2, :message 19, :type "broadcast_ok"}

This is malformed because:

{:message disallowed-key}

See doc/protocol.md for more guidance.
	at slingshot.support$stack_trace.invoke(support.clj:201)
	at maelstrom.client$check_body.invokeStatic(client.clj:188)
	at maelstrom.client$check_body.invoke(client.clj:181)
	at maelstrom.workload.broadcast$fn__16565$broadcast_BANG___16566.invoke(broadcast.clj:27)
	at maelstrom.workload.broadcast$fn__16565$broadcast_BANG___16566.invoke(broadcast.clj:27)
	at maelstrom.workload.broadcast$client$reify__16644.invoke_BANG_(broadcast.clj:203)
	at jepsen.client.Validate.invoke_BANG_(client.clj:83)
	at jepsen.generator.interpreter.ClientWorker.invoke_BANG_(interpreter.clj:65)
	at jepsen.generator.interpreter$spawn_worker$fn__12908$fn__12909.invoke(interpreter.clj:140)
	at jepsen.generator.interpreter$spawn_worker$fn__12908.invoke(interpreter.clj:123)
	at clojure.core$binding_conveyor_fn$fn__5823.invoke(core.clj:2047)
	at clojure.lang.AFn.call(AFn.java:18)
	at java.base/java.util.concurrent.FutureTask.run(FutureTask.java:264)
	at java.base/java.util.concurrent.ThreadPoolExecutor.runWorker(ThreadPoolExecutor.java:1136)
	at java.base/java.util.concurrent.ThreadPoolExecutor$Worker.run(ThreadPoolExecutor.java:635)
	at java.base/java.lang.Thread.run(Thread.java:833)
2023-03-04 08:50:31,012{GMT}	INFO	[jepsen worker 0] jepsen.util: 20	:invoke	:broadcast	20
2023-03-04 08:50:31,017{GMT}	WARN	[jepsen worker 0] jepsen.generator.interpreter: Process 20 crashed
clojure.lang.ExceptionInfo: Malformed RPC response. Maelstrom sent node n0 the following request:

{:type "broadcast", :message 20, :msg_id 1}

And expected a response of the form:

{:type (eq "broadcast_ok"), {:k :msg_id} Int, :in_reply_to Int}

... but instead received

{:in_reply_to 1, :message 20, :type "broadcast_ok"}

This is malformed because:

{:message disallowed-key}

See doc/protocol.md for more guidance.
	at slingshot.support$stack_trace.invoke(support.clj:201)
	at maelstrom.client$check_body.invokeStatic(client.clj:188)
	at maelstrom.client$check_body.invoke(client.clj:181)
	at maelstrom.workload.broadcast$fn__16565$broadcast_BANG___16566.invoke(broadcast.clj:27)
	at maelstrom.workload.broadcast$fn__16565$broadcast_BANG___16566.invoke(broadcast.clj:27)
	at maelstrom.workload.broadcast$client$reify__16644.invoke_BANG_(broadcast.clj:203)
	at jepsen.client.Validate.invoke_BANG_(client.clj:83)
	at jepsen.generator.interpreter.ClientWorker.invoke_BANG_(interpreter.clj:65)
	at jepsen.generator.interpreter$spawn_worker$fn__12908$fn__12909.invoke(interpreter.clj:140)
	at jepsen.generator.interpreter$spawn_worker$fn__12908.invoke(interpreter.clj:123)
	at clojure.core$binding_conveyor_fn$fn__5823.invoke(core.clj:2047)
	at clojure.lang.AFn.call(AFn.java:18)
	at java.base/java.util.concurrent.FutureTask.run(FutureTask.java:264)
	at java.base/java.util.concurrent.ThreadPoolExecutor.runWorker(ThreadPoolExecutor.java:1136)
	at java.base/java.util.concurrent.ThreadPoolExecutor$Worker.run(ThreadPoolExecutor.java:635)
	at java.base/java.lang.Thread.run(Thread.java:833)
2023-03-04 08:50:31,126{GMT}	INFO	[jepsen worker 0] jepsen.util: 21	:invoke	:read	nil
2023-03-04 08:50:31,127{GMT}	INFO	[jepsen worker 0] jepsen.util: 21	:ok	:read	[0 1 2 3 4 5 6 7 8 9 10 11 12 13 14 15 16 17 18 19 20]
2023-03-04 08:50:31,174{GMT}	INFO	[jepsen worker 0] jepsen.util: 21	:invoke	:read	nil
2023-03-04 08:50:31,175{GMT}	INFO	[jepsen worker 0] jepsen.util: 21	:ok	:read	[0 1 2 3 4 5 6 7 8 9 10 11 12 13 14 15 16 17 18 19 20]
2023-03-04 08:50:31,235{GMT}	INFO	[jepsen worker 0] jepsen.util: 21	:invoke	:broadcast	21
2023-03-04 08:50:31,240{GMT}	WARN	[jepsen worker 0] jepsen.generator.interpreter: Process 21 crashed
clojure.lang.ExceptionInfo: Malformed RPC response. Maelstrom sent node n0 the following request:

{:type "broadcast", :message 21, :msg_id 3}

And expected a response of the form:

{:type (eq "broadcast_ok"), {:k :msg_id} Int, :in_reply_to Int}

... but instead received

{:in_reply_to 3, :message 21, :type "broadcast_ok"}

This is malformed because:

{:message disallowed-key}

See doc/protocol.md for more guidance.
	at slingshot.support$stack_trace.invoke(support.clj:201)
	at maelstrom.client$check_body.invokeStatic(client.clj:188)
	at maelstrom.client$check_body.invoke(client.clj:181)
	at maelstrom.workload.broadcast$fn__16565$broadcast_BANG___16566.invoke(broadcast.clj:27)
	at maelstrom.workload.broadcast$fn__16565$broadcast_BANG___16566.invoke(broadcast.clj:27)
	at maelstrom.workload.broadcast$client$reify__16644.invoke_BANG_(broadcast.clj:203)
	at jepsen.client.Validate.invoke_BANG_(client.clj:83)
	at jepsen.generator.interpreter.ClientWorker.invoke_BANG_(interpreter.clj:65)
	at jepsen.generator.interpreter$spawn_worker$fn__12908$fn__12909.invoke(interpreter.clj:140)
	at jepsen.generator.interpreter$spawn_worker$fn__12908.invoke(interpreter.clj:123)
	at clojure.core$binding_conveyor_fn$fn__5823.invoke(core.clj:2047)
	at clojure.lang.AFn.call(AFn.java:18)
	at java.base/java.util.concurrent.FutureTask.run(FutureTask.java:264)
	at java.base/java.util.concurrent.ThreadPoolExecutor.runWorker(ThreadPoolExecutor.java:1136)
	at java.base/java.util.concurrent.ThreadPoolExecutor$Worker.run(ThreadPoolExecutor.java:635)
	at java.base/java.lang.Thread.run(Thread.java:833)
2023-03-04 08:50:31,384{GMT}	INFO	[jepsen worker 0] jepsen.util: 22	:invoke	:broadcast	22
2023-03-04 08:50:31,389{GMT}	WARN	[jepsen worker 0] jepsen.generator.interpreter: Process 22 crashed
clojure.lang.ExceptionInfo: Malformed RPC response. Maelstrom sent node n0 the following request:

{:type "broadcast", :message 22, :msg_id 1}

And expected a response of the form:

{:type (eq "broadcast_ok"), {:k :msg_id} Int, :in_reply_to Int}

... but instead received

{:in_reply_to 1, :message 22, :type "broadcast_ok"}

This is malformed because:

{:message disallowed-key}

See doc/protocol.md for more guidance.
	at slingshot.support$stack_trace.invoke(support.clj:201)
	at maelstrom.client$check_body.invokeStatic(client.clj:188)
	at maelstrom.client$check_body.invoke(client.clj:181)
	at maelstrom.workload.broadcast$fn__16565$broadcast_BANG___16566.invoke(broadcast.clj:27)
	at maelstrom.workload.broadcast$fn__16565$broadcast_BANG___16566.invoke(broadcast.clj:27)
	at maelstrom.workload.broadcast$client$reify__16644.invoke_BANG_(broadcast.clj:203)
	at jepsen.client.Validate.invoke_BANG_(client.clj:83)
	at jepsen.generator.interpreter.ClientWorker.invoke_BANG_(interpreter.clj:65)
	at jepsen.generator.interpreter$spawn_worker$fn__12908$fn__12909.invoke(interpreter.clj:140)
	at jepsen.generator.interpreter$spawn_worker$fn__12908.invoke(interpreter.clj:123)
	at clojure.core$binding_conveyor_fn$fn__5823.invoke(core.clj:2047)
	at clojure.lang.AFn.call(AFn.java:18)
	at java.base/java.util.concurrent.FutureTask.run(FutureTask.java:264)
	at java.base/java.util.concurrent.ThreadPoolExecutor.runWorker(ThreadPoolExecutor.java:1136)
	at java.base/java.util.concurrent.ThreadPoolExecutor$Worker.run(ThreadPoolExecutor.java:635)
	at java.base/java.lang.Thread.run(Thread.java:833)
2023-03-04 08:50:31,418{GMT}	INFO	[jepsen worker 0] jepsen.util: 23	:invoke	:read	nil
2023-03-04 08:50:31,419{GMT}	INFO	[jepsen worker 0] jepsen.util: 23	:ok	:read	[0 1 2 3 4 5 6 7 8 9 10 11 12 13 14 15 16 17 18 19 20 21 22]
2023-03-04 08:50:31,470{GMT}	INFO	[jepsen worker 0] jepsen.util: 23	:invoke	:broadcast	23
2023-03-04 08:50:31,474{GMT}	WARN	[jepsen worker 0] jepsen.generator.interpreter: Process 23 crashed
clojure.lang.ExceptionInfo: Malformed RPC response. Maelstrom sent node n0 the following request:

{:type "broadcast", :message 23, :msg_id 2}

And expected a response of the form:

{:type (eq "broadcast_ok"), {:k :msg_id} Int, :in_reply_to Int}

... but instead received

{:in_reply_to 2, :message 23, :type "broadcast_ok"}

This is malformed because:

{:message disallowed-key}

See doc/protocol.md for more guidance.
	at slingshot.support$stack_trace.invoke(support.clj:201)
	at maelstrom.client$check_body.invokeStatic(client.clj:188)
	at maelstrom.client$check_body.invoke(client.clj:181)
	at maelstrom.workload.broadcast$fn__16565$broadcast_BANG___16566.invoke(broadcast.clj:27)
	at maelstrom.workload.broadcast$fn__16565$broadcast_BANG___16566.invoke(broadcast.clj:27)
	at maelstrom.workload.broadcast$client$reify__16644.invoke_BANG_(broadcast.clj:203)
	at jepsen.client.Validate.invoke_BANG_(client.clj:83)
	at jepsen.generator.interpreter.ClientWorker.invoke_BANG_(interpreter.clj:65)
	at jepsen.generator.interpreter$spawn_worker$fn__12908$fn__12909.invoke(interpreter.clj:140)
	at jepsen.generator.interpreter$spawn_worker$fn__12908.invoke(interpreter.clj:123)
	at clojure.core$binding_conveyor_fn$fn__5823.invoke(core.clj:2047)
	at clojure.lang.AFn.call(AFn.java:18)
	at java.base/java.util.concurrent.FutureTask.run(FutureTask.java:264)
	at java.base/java.util.concurrent.ThreadPoolExecutor.runWorker(ThreadPoolExecutor.java:1136)
	at java.base/java.util.concurrent.ThreadPoolExecutor$Worker.run(ThreadPoolExecutor.java:635)
	at java.base/java.lang.Thread.run(Thread.java:833)
2023-03-04 08:50:31,580{GMT}	INFO	[jepsen worker 0] jepsen.util: 24	:invoke	:broadcast	24
2023-03-04 08:50:31,584{GMT}	WARN	[jepsen worker 0] jepsen.generator.interpreter: Process 24 crashed
clojure.lang.ExceptionInfo: Malformed RPC response. Maelstrom sent node n0 the following request:

{:type "broadcast", :message 24, :msg_id 1}

And expected a response of the form:

{:type (eq "broadcast_ok"), {:k :msg_id} Int, :in_reply_to Int}

... but instead received

{:in_reply_to 1, :message 24, :type "broadcast_ok"}

This is malformed because:

{:message disallowed-key}

See doc/protocol.md for more guidance.
	at slingshot.support$stack_trace.invoke(support.clj:201)
	at maelstrom.client$check_body.invokeStatic(client.clj:188)
	at maelstrom.client$check_body.invoke(client.clj:181)
	at maelstrom.workload.broadcast$fn__16565$broadcast_BANG___16566.invoke(broadcast.clj:27)
	at maelstrom.workload.broadcast$fn__16565$broadcast_BANG___16566.invoke(broadcast.clj:27)
	at maelstrom.workload.broadcast$client$reify__16644.invoke_BANG_(broadcast.clj:203)
	at jepsen.client.Validate.invoke_BANG_(client.clj:83)
	at jepsen.generator.interpreter.ClientWorker.invoke_BANG_(interpreter.clj:65)
	at jepsen.generator.interpreter$spawn_worker$fn__12908$fn__12909.invoke(interpreter.clj:140)
	at jepsen.generator.interpreter$spawn_worker$fn__12908.invoke(interpreter.clj:123)
	at clojure.core$binding_conveyor_fn$fn__5823.invoke(core.clj:2047)
	at clojure.lang.AFn.call(AFn.java:18)
	at java.base/java.util.concurrent.FutureTask.run(FutureTask.java:264)
	at java.base/java.util.concurrent.ThreadPoolExecutor.runWorker(ThreadPoolExecutor.java:1136)
	at java.base/java.util.concurrent.ThreadPoolExecutor$Worker.run(ThreadPoolExecutor.java:635)
	at java.base/java.lang.Thread.run(Thread.java:833)
2023-03-04 08:50:31,701{GMT}	INFO	[jepsen worker 0] jepsen.util: 25	:invoke	:broadcast	25
2023-03-04 08:50:31,706{GMT}	WARN	[jepsen worker 0] jepsen.generator.interpreter: Process 25 crashed
clojure.lang.ExceptionInfo: Malformed RPC response. Maelstrom sent node n0 the following request:

{:type "broadcast", :message 25, :msg_id 1}

And expected a response of the form:

{:type (eq "broadcast_ok"), {:k :msg_id} Int, :in_reply_to Int}

... but instead received

{:in_reply_to 1, :message 25, :type "broadcast_ok"}

This is malformed because:

{:message disallowed-key}

See doc/protocol.md for more guidance.
	at slingshot.support$stack_trace.invoke(support.clj:201)
	at maelstrom.client$check_body.invokeStatic(client.clj:188)
	at maelstrom.client$check_body.invoke(client.clj:181)
	at maelstrom.workload.broadcast$fn__16565$broadcast_BANG___16566.invoke(broadcast.clj:27)
	at maelstrom.workload.broadcast$fn__16565$broadcast_BANG___16566.invoke(broadcast.clj:27)
	at maelstrom.workload.broadcast$client$reify__16644.invoke_BANG_(broadcast.clj:203)
	at jepsen.client.Validate.invoke_BANG_(client.clj:83)
	at jepsen.generator.interpreter.ClientWorker.invoke_BANG_(interpreter.clj:65)
	at jepsen.generator.interpreter$spawn_worker$fn__12908$fn__12909.invoke(interpreter.clj:140)
	at jepsen.generator.interpreter$spawn_worker$fn__12908.invoke(interpreter.clj:123)
	at clojure.core$binding_conveyor_fn$fn__5823.invoke(core.clj:2047)
	at clojure.lang.AFn.call(AFn.java:18)
	at java.base/java.util.concurrent.FutureTask.run(FutureTask.java:264)
	at java.base/java.util.concurrent.ThreadPoolExecutor.runWorker(ThreadPoolExecutor.java:1136)
	at java.base/java.util.concurrent.ThreadPoolExecutor$Worker.run(ThreadPoolExecutor.java:635)
	at java.base/java.lang.Thread.run(Thread.java:833)
2023-03-04 08:50:31,764{GMT}	INFO	[jepsen worker 0] jepsen.util: 26	:invoke	:broadcast	26
2023-03-04 08:50:31,769{GMT}	WARN	[jepsen worker 0] jepsen.generator.interpreter: Process 26 crashed
clojure.lang.ExceptionInfo: Malformed RPC response. Maelstrom sent node n0 the following request:

{:type "broadcast", :message 26, :msg_id 1}

And expected a response of the form:

{:type (eq "broadcast_ok"), {:k :msg_id} Int, :in_reply_to Int}

... but instead received

{:in_reply_to 1, :message 26, :type "broadcast_ok"}

This is malformed because:

{:message disallowed-key}

See doc/protocol.md for more guidance.
	at slingshot.support$stack_trace.invoke(support.clj:201)
	at maelstrom.client$check_body.invokeStatic(client.clj:188)
	at maelstrom.client$check_body.invoke(client.clj:181)
	at maelstrom.workload.broadcast$fn__16565$broadcast_BANG___16566.invoke(broadcast.clj:27)
	at maelstrom.workload.broadcast$fn__16565$broadcast_BANG___16566.invoke(broadcast.clj:27)
	at maelstrom.workload.broadcast$client$reify__16644.invoke_BANG_(broadcast.clj:203)
	at jepsen.client.Validate.invoke_BANG_(client.clj:83)
	at jepsen.generator.interpreter.ClientWorker.invoke_BANG_(interpreter.clj:65)
	at jepsen.generator.interpreter$spawn_worker$fn__12908$fn__12909.invoke(interpreter.clj:140)
	at jepsen.generator.interpreter$spawn_worker$fn__12908.invoke(interpreter.clj:123)
	at clojure.core$binding_conveyor_fn$fn__5823.invoke(core.clj:2047)
	at clojure.lang.AFn.call(AFn.java:18)
	at java.base/java.util.concurrent.FutureTask.run(FutureTask.java:264)
	at java.base/java.util.concurrent.ThreadPoolExecutor.runWorker(ThreadPoolExecutor.java:1136)
	at java.base/java.util.concurrent.ThreadPoolExecutor$Worker.run(ThreadPoolExecutor.java:635)
	at java.base/java.lang.Thread.run(Thread.java:833)
2023-03-04 08:50:31,817{GMT}	INFO	[jepsen worker 0] jepsen.util: 27	:invoke	:broadcast	27
2023-03-04 08:50:31,820{GMT}	WARN	[jepsen worker 0] jepsen.generator.interpreter: Process 27 crashed
clojure.lang.ExceptionInfo: Malformed RPC response. Maelstrom sent node n0 the following request:

{:type "broadcast", :message 27, :msg_id 1}

And expected a response of the form:

{:type (eq "broadcast_ok"), {:k :msg_id} Int, :in_reply_to Int}

... but instead received

{:in_reply_to 1, :message 27, :type "broadcast_ok"}

This is malformed because:

{:message disallowed-key}

See doc/protocol.md for more guidance.
	at slingshot.support$stack_trace.invoke(support.clj:201)
	at maelstrom.client$check_body.invokeStatic(client.clj:188)
	at maelstrom.client$check_body.invoke(client.clj:181)
	at maelstrom.workload.broadcast$fn__16565$broadcast_BANG___16566.invoke(broadcast.clj:27)
	at maelstrom.workload.broadcast$fn__16565$broadcast_BANG___16566.invoke(broadcast.clj:27)
	at maelstrom.workload.broadcast$client$reify__16644.invoke_BANG_(broadcast.clj:203)
	at jepsen.client.Validate.invoke_BANG_(client.clj:83)
	at jepsen.generator.interpreter.ClientWorker.invoke_BANG_(interpreter.clj:65)
	at jepsen.generator.interpreter$spawn_worker$fn__12908$fn__12909.invoke(interpreter.clj:140)
	at jepsen.generator.interpreter$spawn_worker$fn__12908.invoke(interpreter.clj:123)
	at clojure.core$binding_conveyor_fn$fn__5823.invoke(core.clj:2047)
	at clojure.lang.AFn.call(AFn.java:18)
	at java.base/java.util.concurrent.FutureTask.run(FutureTask.java:264)
	at java.base/java.util.concurrent.ThreadPoolExecutor.runWorker(ThreadPoolExecutor.java:1136)
	at java.base/java.util.concurrent.ThreadPoolExecutor$Worker.run(ThreadPoolExecutor.java:635)
	at java.base/java.lang.Thread.run(Thread.java:833)
2023-03-04 08:50:31,946{GMT}	INFO	[jepsen worker 0] jepsen.util: 28	:invoke	:broadcast	28
2023-03-04 08:50:31,950{GMT}	WARN	[jepsen worker 0] jepsen.generator.interpreter: Process 28 crashed
clojure.lang.ExceptionInfo: Malformed RPC response. Maelstrom sent node n0 the following request:

{:type "broadcast", :message 28, :msg_id 1}

And expected a response of the form:

{:type (eq "broadcast_ok"), {:k :msg_id} Int, :in_reply_to Int}

... but instead received

{:in_reply_to 1, :message 28, :type "broadcast_ok"}

This is malformed because:

{:message disallowed-key}

See doc/protocol.md for more guidance.
	at slingshot.support$stack_trace.invoke(support.clj:201)
	at maelstrom.client$check_body.invokeStatic(client.clj:188)
	at maelstrom.client$check_body.invoke(client.clj:181)
	at maelstrom.workload.broadcast$fn__16565$broadcast_BANG___16566.invoke(broadcast.clj:27)
	at maelstrom.workload.broadcast$fn__16565$broadcast_BANG___16566.invoke(broadcast.clj:27)
	at maelstrom.workload.broadcast$client$reify__16644.invoke_BANG_(broadcast.clj:203)
	at jepsen.client.Validate.invoke_BANG_(client.clj:83)
	at jepsen.generator.interpreter.ClientWorker.invoke_BANG_(interpreter.clj:65)
	at jepsen.generator.interpreter$spawn_worker$fn__12908$fn__12909.invoke(interpreter.clj:140)
	at jepsen.generator.interpreter$spawn_worker$fn__12908.invoke(interpreter.clj:123)
	at clojure.core$binding_conveyor_fn$fn__5823.invoke(core.clj:2047)
	at clojure.lang.AFn.call(AFn.java:18)
	at java.base/java.util.concurrent.FutureTask.run(FutureTask.java:264)
	at java.base/java.util.concurrent.ThreadPoolExecutor.runWorker(ThreadPoolExecutor.java:1136)
	at java.base/java.util.concurrent.ThreadPoolExecutor$Worker.run(ThreadPoolExecutor.java:635)
	at java.base/java.lang.Thread.run(Thread.java:833)
2023-03-04 08:50:32,109{GMT}	INFO	[jepsen worker 0] jepsen.util: 29	:invoke	:broadcast	29
2023-03-04 08:50:32,113{GMT}	WARN	[jepsen worker 0] jepsen.generator.interpreter: Process 29 crashed
clojure.lang.ExceptionInfo: Malformed RPC response. Maelstrom sent node n0 the following request:

{:type "broadcast", :message 29, :msg_id 1}

And expected a response of the form:

{:type (eq "broadcast_ok"), {:k :msg_id} Int, :in_reply_to Int}

... but instead received

{:in_reply_to 1, :message 29, :type "broadcast_ok"}

This is malformed because:

{:message disallowed-key}

See doc/protocol.md for more guidance.
	at slingshot.support$stack_trace.invoke(support.clj:201)
	at maelstrom.client$check_body.invokeStatic(client.clj:188)
	at maelstrom.client$check_body.invoke(client.clj:181)
	at maelstrom.workload.broadcast$fn__16565$broadcast_BANG___16566.invoke(broadcast.clj:27)
	at maelstrom.workload.broadcast$fn__16565$broadcast_BANG___16566.invoke(broadcast.clj:27)
	at maelstrom.workload.broadcast$client$reify__16644.invoke_BANG_(broadcast.clj:203)
	at jepsen.client.Validate.invoke_BANG_(client.clj:83)
	at jepsen.generator.interpreter.ClientWorker.invoke_BANG_(interpreter.clj:65)
	at jepsen.generator.interpreter$spawn_worker$fn__12908$fn__12909.invoke(interpreter.clj:140)
	at jepsen.generator.interpreter$spawn_worker$fn__12908.invoke(interpreter.clj:123)
	at clojure.core$binding_conveyor_fn$fn__5823.invoke(core.clj:2047)
	at clojure.lang.AFn.call(AFn.java:18)
	at java.base/java.util.concurrent.FutureTask.run(FutureTask.java:264)
	at java.base/java.util.concurrent.ThreadPoolExecutor.runWorker(ThreadPoolExecutor.java:1136)
	at java.base/java.util.concurrent.ThreadPoolExecutor$Worker.run(ThreadPoolExecutor.java:635)
	at java.base/java.lang.Thread.run(Thread.java:833)
2023-03-04 08:50:32,205{GMT}	INFO	[jepsen worker 0] jepsen.util: 30	:invoke	:read	nil
2023-03-04 08:50:32,206{GMT}	INFO	[jepsen worker 0] jepsen.util: 30	:ok	:read	[0 1 2 3 4 5 6 7 8 9 10 11 12 13 14 15 16 17 18 19 20 21 22 23 24 25 26 27 28 29]
2023-03-04 08:50:32,271{GMT}	INFO	[Jepsen shutdown hook] jepsen.core: Downloading DB logs before JVM shutdown...
