2023/03/03 17:10:02 Received {c0 n0 {"type":"init","node_id":"n0","node_ids":["n0"],"msg_id":1}}
2023/03/03 17:10:02 Node n0 initialized
2023/03/03 17:10:02 Sent {"src":"n0","dest":"c0","body":{"in_reply_to":1,"type":"init_ok"}}
2023/03/03 17:10:02 Received {c1 n0 {"type":"topology","topology":{"n0":[]},"msg_id":1}}
2023/03/03 17:10:02 Sent {"src":"n0","dest":"c1","body":{"in_reply_to":1,"msg_id":1,"type":"topology_ok"}}
2023/03/03 17:10:02 Received {c2 n0 {"type":"read","msg_id":1}}
2023/03/03 17:10:02 Sent {"src":"n0","dest":"c2","body":{"in_reply_to":1,"messages":[0,0,0,0,0],"msg_id":1,"type":"read_ok"}}
2023/03/03 17:10:02 Received {c2 n0 {"type":"broadcast","message":0,"msg_id":2}}
2023/03/03 17:10:02 Sent {"src":"n0","dest":"c2","body":{"in_reply_to":2,"msg_id":2,"type":"broadcast_ok"}}
2023/03/03 17:10:03 Received {c2 n0 {"type":"broadcast","message":1,"msg_id":3}}
2023/03/03 17:10:03 Sent {"src":"n0","dest":"c2","body":{"in_reply_to":3,"msg_id":3,"type":"broadcast_ok"}}
2023/03/03 17:10:03 Received {c2 n0 {"type":"read","msg_id":4}}
2023/03/03 17:10:03 Sent {"src":"n0","dest":"c2","body":{"in_reply_to":4,"messages":[0,0,0,0,0],"msg_id":4,"type":"read_ok"}}
2023/03/03 17:10:03 Received {c2 n0 {"type":"broadcast","message":2,"msg_id":5}}
2023/03/03 17:10:03 Sent {"src":"n0","dest":"c2","body":{"in_reply_to":5,"msg_id":5,"type":"broadcast_ok"}}
2023/03/03 17:10:03 Received {c2 n0 {"type":"broadcast","message":3,"msg_id":6}}
2023/03/03 17:10:03 Sent {"src":"n0","dest":"c2","body":{"in_reply_to":6,"msg_id":6,"type":"broadcast_ok"}}
2023/03/03 17:10:03 Received {c2 n0 {"type":"read","msg_id":7}}
2023/03/03 17:10:03 Sent {"src":"n0","dest":"c2","body":{"in_reply_to":7,"messages":[0,0,0,0,0],"msg_id":7,"type":"read_ok"}}
2023/03/03 17:10:03 Received {c2 n0 {"type":"read","msg_id":8}}
2023/03/03 17:10:03 Sent {"src":"n0","dest":"c2","body":{"in_reply_to":8,"messages":[0,0,0,0,0],"msg_id":8,"type":"read_ok"}}
2023/03/03 17:10:03 Received {c2 n0 {"type":"broadcast","message":4,"msg_id":9}}
2023/03/03 17:10:03 Sent {"src":"n0","dest":"c2","body":{"in_reply_to":9,"msg_id":9,"type":"broadcast_ok"}}
2023/03/03 17:10:03 Received {c2 n0 {"type":"broadcast","message":5,"msg_id":10}}
2023/03/03 17:10:03 Sent {"src":"n0","dest":"c2","body":{"in_reply_to":10,"msg_id":10,"type":"broadcast_ok"}}
2023/03/03 17:10:03 Received {c2 n0 {"type":"read","msg_id":11}}
2023/03/03 17:10:03 Sent {"src":"n0","dest":"c2","body":{"in_reply_to":11,"messages":[0,0,0,0,0],"msg_id":11,"type":"read_ok"}}
2023/03/03 17:10:04 Received {c2 n0 {"type":"read","msg_id":12}}
2023/03/03 17:10:04 Sent {"src":"n0","dest":"c2","body":{"in_reply_to":12,"messages":[0,0,0,0,0],"msg_id":12,"type":"read_ok"}}
2023/03/03 17:10:04 Received {c2 n0 {"type":"broadcast","message":6,"msg_id":13}}
2023/03/03 17:10:04 Sent {"src":"n0","dest":"c2","body":{"in_reply_to":13,"msg_id":13,"type":"broadcast_ok"}}
2023/03/03 17:10:04 Received {c2 n0 {"type":"read","msg_id":14}}
2023/03/03 17:10:04 Sent {"src":"n0","dest":"c2","body":{"in_reply_to":14,"messages":[0,0,0,0,0],"msg_id":14,"type":"read_ok"}}
2023/03/03 17:10:04 Received {c2 n0 {"type":"broadcast","message":7,"msg_id":15}}
2023/03/03 17:10:04 Sent {"src":"n0","dest":"c2","body":{"in_reply_to":15,"msg_id":15,"type":"broadcast_ok"}}
2023/03/03 17:10:04 Received {c2 n0 {"type":"broadcast","message":8,"msg_id":16}}
2023/03/03 17:10:04 Sent {"src":"n0","dest":"c2","body":{"in_reply_to":16,"msg_id":16,"type":"broadcast_ok"}}
2023/03/03 17:10:04 Received {c2 n0 {"type":"broadcast","message":9,"msg_id":17}}
2023/03/03 17:10:04 Sent {"src":"n0","dest":"c2","body":{"in_reply_to":17,"msg_id":17,"type":"broadcast_ok"}}
2023/03/03 17:10:04 Received {c2 n0 {"type":"read","msg_id":18}}
2023/03/03 17:10:04 Sent {"src":"n0","dest":"c2","body":{"in_reply_to":18,"messages":[0,0,0,0,0],"msg_id":18,"type":"read_ok"}}
2023/03/03 17:10:04 Received {c2 n0 {"type":"broadcast","message":10,"msg_id":19}}
2023/03/03 17:10:04 Sent {"src":"n0","dest":"c2","body":{"in_reply_to":19,"msg_id":19,"type":"broadcast_ok"}}
2023/03/03 17:10:05 Received {c2 n0 {"type":"read","msg_id":20}}
2023/03/03 17:10:05 Sent {"src":"n0","dest":"c2","body":{"in_reply_to":20,"messages":[0,0,0,0,0],"msg_id":20,"type":"read_ok"}}
2023/03/03 17:10:05 Received {c2 n0 {"type":"read","msg_id":21}}
2023/03/03 17:10:05 Sent {"src":"n0","dest":"c2","body":{"in_reply_to":21,"messages":[0,0,0,0,0],"msg_id":21,"type":"read_ok"}}
2023/03/03 17:10:05 Received {c2 n0 {"type":"broadcast","message":11,"msg_id":22}}
2023/03/03 17:10:05 Sent {"src":"n0","dest":"c2","body":{"in_reply_to":22,"msg_id":22,"type":"broadcast_ok"}}
2023/03/03 17:10:05 Received {c2 n0 {"type":"read","msg_id":23}}
2023/03/03 17:10:05 Sent {"src":"n0","dest":"c2","body":{"in_reply_to":23,"messages":[0,0,0,0,0],"msg_id":23,"type":"read_ok"}}
2023/03/03 17:10:05 Received {c2 n0 {"type":"broadcast","message":12,"msg_id":24}}
2023/03/03 17:10:05 Sent {"src":"n0","dest":"c2","body":{"in_reply_to":24,"msg_id":24,"type":"broadcast_ok"}}
2023/03/03 17:10:05 Received {c2 n0 {"type":"broadcast","message":13,"msg_id":25}}
2023/03/03 17:10:05 Sent {"src":"n0","dest":"c2","body":{"in_reply_to":25,"msg_id":25,"type":"broadcast_ok"}}
2023/03/03 17:10:05 Received {c2 n0 {"type":"broadcast","message":14,"msg_id":26}}
2023/03/03 17:10:05 Sent {"src":"n0","dest":"c2","body":{"in_reply_to":26,"msg_id":26,"type":"broadcast_ok"}}
2023/03/03 17:10:06 Received {c2 n0 {"type":"broadcast","message":15,"msg_id":27}}
2023/03/03 17:10:06 Sent {"src":"n0","dest":"c2","body":{"in_reply_to":27,"msg_id":27,"type":"broadcast_ok"}}
2023/03/03 17:10:06 Received {c2 n0 {"type":"read","msg_id":28}}
2023/03/03 17:10:06 Sent {"src":"n0","dest":"c2","body":{"in_reply_to":28,"messages":[0,0,0,0,0],"msg_id":28,"type":"read_ok"}}
2023/03/03 17:10:06 Received {c2 n0 {"type":"read","msg_id":29}}
2023/03/03 17:10:06 Sent {"src":"n0","dest":"c2","body":{"in_reply_to":29,"messages":[0,0,0,0,0],"msg_id":29,"type":"read_ok"}}
2023/03/03 17:10:06 Received {c2 n0 {"type":"broadcast","message":16,"msg_id":30}}
2023/03/03 17:10:06 Sent {"src":"n0","dest":"c2","body":{"in_reply_to":30,"msg_id":30,"type":"broadcast_ok"}}
2023/03/03 17:10:06 Received {c2 n0 {"type":"broadcast","message":17,"msg_id":31}}
2023/03/03 17:10:06 Sent {"src":"n0","dest":"c2","body":{"in_reply_to":31,"msg_id":31,"type":"broadcast_ok"}}
2023/03/03 17:10:06 Received {c2 n0 {"type":"read","msg_id":32}}
2023/03/03 17:10:06 Sent {"src":"n0","dest":"c2","body":{"in_reply_to":32,"messages":[0,0,0,0,0],"msg_id":32,"type":"read_ok"}}
2023/03/03 17:10:06 Received {c2 n0 {"type":"read","msg_id":33}}
2023/03/03 17:10:06 Sent {"src":"n0","dest":"c2","body":{"in_reply_to":33,"messages":[0,0,0,0,0],"msg_id":33,"type":"read_ok"}}
2023/03/03 17:10:06 Received {c2 n0 {"type":"read","msg_id":34}}
2023/03/03 17:10:06 Sent {"src":"n0","dest":"c2","body":{"in_reply_to":34,"messages":[0,0,0,0,0],"msg_id":34,"type":"read_ok"}}
2023/03/03 17:10:06 Received {c2 n0 {"type":"read","msg_id":35}}
2023/03/03 17:10:06 Sent {"src":"n0","dest":"c2","body":{"in_reply_to":35,"messages":[0,0,0,0,0],"msg_id":35,"type":"read_ok"}}
