2023/03/03 17:32:04 Received {c0 n0 {"type":"init","node_id":"n0","node_ids":["n0"],"msg_id":1}}
2023/03/03 17:32:04 Node n0 initialized
2023/03/03 17:32:04 Sent {"src":"n0","dest":"c0","body":{"in_reply_to":1,"type":"init_ok"}}
2023/03/03 17:32:04 Received {c1 n0 {"type":"topology","topology":{"n0":[]},"msg_id":1}}
2023/03/03 17:32:04 Sent {"src":"n0","dest":"c1","body":{"in_reply_to":1,"msg_id":1,"type":"topology_ok"}}
2023/03/03 17:32:04 Received {c2 n0 {"type":"broadcast","message":0,"msg_id":1}}
2023/03/03 17:32:04 Sent {"src":"n0","dest":"c2","body":{"in_reply_to":1,"type":"broadcast"}}
2023/03/03 17:32:04 Received {c3 n0 {"type":"broadcast","message":1,"msg_id":1}}
2023/03/03 17:32:04 Sent {"src":"n0","dest":"c3","body":{"in_reply_to":1,"type":"broadcast"}}
2023/03/03 17:32:04 Received {c4 n0 {"type":"broadcast","message":2,"msg_id":1}}
2023/03/03 17:32:04 Sent {"src":"n0","dest":"c4","body":{"in_reply_to":1,"type":"broadcast"}}
2023/03/03 17:32:04 Received {c5 n0 {"type":"broadcast","message":3,"msg_id":1}}
2023/03/03 17:32:04 Sent {"src":"n0","dest":"c5","body":{"in_reply_to":1,"type":"broadcast"}}
2023/03/03 17:32:04 Received {c6 n0 {"type":"read","msg_id":1}}
2023/03/03 17:32:04 Sent {"src":"n0","dest":"c6","body":{"in_reply_to":1,"messages":[0,0],"msg_id":1,"type":"read_ok"}}
2023/03/03 17:32:04 Received {c6 n0 {"type":"broadcast","message":4,"msg_id":2}}
2023/03/03 17:32:04 Sent {"src":"n0","dest":"c6","body":{"in_reply_to":2,"type":"broadcast"}}
2023/03/03 17:32:05 Received {c7 n0 {"type":"broadcast","message":5,"msg_id":1}}
2023/03/03 17:32:05 Sent {"src":"n0","dest":"c7","body":{"in_reply_to":1,"type":"broadcast"}}
2023/03/03 17:32:05 Received {c8 n0 {"type":"read","msg_id":1}}
2023/03/03 17:32:05 Sent {"src":"n0","dest":"c8","body":{"in_reply_to":1,"messages":[0,0],"msg_id":1,"type":"read_ok"}}
2023/03/03 17:32:05 Received {c8 n0 {"type":"broadcast","message":6,"msg_id":2}}
2023/03/03 17:32:05 Sent {"src":"n0","dest":"c8","body":{"in_reply_to":2,"type":"broadcast"}}
2023/03/03 17:32:05 Received {c9 n0 {"type":"read","msg_id":1}}
2023/03/03 17:32:05 Sent {"src":"n0","dest":"c9","body":{"in_reply_to":1,"messages":[0,0],"msg_id":1,"type":"read_ok"}}
2023/03/03 17:32:05 Received {c9 n0 {"type":"broadcast","message":7,"msg_id":2}}
2023/03/03 17:32:05 Sent {"src":"n0","dest":"c9","body":{"in_reply_to":2,"type":"broadcast"}}
2023/03/03 17:32:05 Received {c10 n0 {"type":"read","msg_id":1}}
2023/03/03 17:32:05 Sent {"src":"n0","dest":"c10","body":{"in_reply_to":1,"messages":[0,0],"msg_id":1,"type":"read_ok"}}
2023/03/03 17:32:05 Received {c10 n0 {"type":"broadcast","message":8,"msg_id":2}}
2023/03/03 17:32:05 Sent {"src":"n0","dest":"c10","body":{"in_reply_to":2,"type":"broadcast"}}
2023/03/03 17:32:05 Received {c11 n0 {"type":"broadcast","message":9,"msg_id":1}}
2023/03/03 17:32:05 Sent {"src":"n0","dest":"c11","body":{"in_reply_to":1,"type":"broadcast"}}
