2023/03/03 17:12:30 Received {c0 n0 {"type":"init","node_id":"n0","node_ids":["n0"],"msg_id":1}}
2023/03/03 17:12:30 Node n0 initialized
2023/03/03 17:12:30 Sent {"src":"n0","dest":"c0","body":{"in_reply_to":1,"type":"init_ok"}}
2023/03/03 17:12:30 Received {c1 n0 {"type":"topology","topology":{"n0":[]},"msg_id":1}}
2023/03/03 17:12:30 Sent {"src":"n0","dest":"c1","body":{"in_reply_to":1,"msg_id":1,"type":"topology_ok"}}
2023/03/03 17:12:30 Received {c2 n0 {"type":"read","msg_id":1}}
2023/03/03 17:12:30 Sent {"src":"n0","dest":"c2","body":{"in_reply_to":1,"messages":[],"msg_id":1,"type":"read_ok"}}
2023/03/03 17:12:30 Received {c2 n0 {"type":"broadcast","message":0,"msg_id":2}}
2023/03/03 17:12:30 Sent {"src":"n0","dest":"c2","body":{"in_reply_to":2,"msg_id":2,"type":"broadcast_ok"}}
2023/03/03 17:12:30 Received {c2 n0 {"type":"read","msg_id":3}}
2023/03/03 17:12:30 Sent {"src":"n0","dest":"c2","body":{"in_reply_to":3,"messages":[],"msg_id":3,"type":"read_ok"}}
2023/03/03 17:12:30 Received {c2 n0 {"type":"broadcast","message":1,"msg_id":4}}
2023/03/03 17:12:30 Sent {"src":"n0","dest":"c2","body":{"in_reply_to":4,"msg_id":4,"type":"broadcast_ok"}}
2023/03/03 17:12:30 Received {c2 n0 {"type":"read","msg_id":5}}
2023/03/03 17:12:30 Sent {"src":"n0","dest":"c2","body":{"in_reply_to":5,"messages":[],"msg_id":5,"type":"read_ok"}}
2023/03/03 17:12:30 Received {c2 n0 {"type":"read","msg_id":6}}
2023/03/03 17:12:30 Sent {"src":"n0","dest":"c2","body":{"in_reply_to":6,"messages":[],"msg_id":6,"type":"read_ok"}}
2023/03/03 17:12:30 Received {c2 n0 {"type":"broadcast","message":2,"msg_id":7}}
2023/03/03 17:12:30 Sent {"src":"n0","dest":"c2","body":{"in_reply_to":7,"msg_id":7,"type":"broadcast_ok"}}
2023/03/03 17:12:31 Received {c2 n0 {"type":"read","msg_id":8}}
2023/03/03 17:12:31 Sent {"src":"n0","dest":"c2","body":{"in_reply_to":8,"messages":[],"msg_id":8,"type":"read_ok"}}
2023/03/03 17:12:31 Received {c2 n0 {"type":"read","msg_id":9}}
2023/03/03 17:12:31 Sent {"src":"n0","dest":"c2","body":{"in_reply_to":9,"messages":[],"msg_id":9,"type":"read_ok"}}
2023/03/03 17:12:31 Received {c2 n0 {"type":"broadcast","message":3,"msg_id":10}}
2023/03/03 17:12:31 Sent {"src":"n0","dest":"c2","body":{"in_reply_to":10,"msg_id":10,"type":"broadcast_ok"}}
2023/03/03 17:12:31 Received {c2 n0 {"type":"broadcast","message":4,"msg_id":11}}
2023/03/03 17:12:31 Sent {"src":"n0","dest":"c2","body":{"in_reply_to":11,"msg_id":11,"type":"broadcast_ok"}}
2023/03/03 17:12:31 Received {c2 n0 {"type":"read","msg_id":12}}
2023/03/03 17:12:31 Sent {"src":"n0","dest":"c2","body":{"in_reply_to":12,"messages":[],"msg_id":12,"type":"read_ok"}}
2023/03/03 17:12:31 Received {c2 n0 {"type":"read","msg_id":13}}
2023/03/03 17:12:31 Sent {"src":"n0","dest":"c2","body":{"in_reply_to":13,"messages":[],"msg_id":13,"type":"read_ok"}}
2023/03/03 17:12:31 Received {c2 n0 {"type":"read","msg_id":14}}
2023/03/03 17:12:31 Sent {"src":"n0","dest":"c2","body":{"in_reply_to":14,"messages":[],"msg_id":14,"type":"read_ok"}}
2023/03/03 17:12:31 Received {c2 n0 {"type":"read","msg_id":15}}
2023/03/03 17:12:31 Sent {"src":"n0","dest":"c2","body":{"in_reply_to":15,"messages":[],"msg_id":15,"type":"read_ok"}}
2023/03/03 17:12:31 Received {c2 n0 {"type":"read","msg_id":16}}
2023/03/03 17:12:31 Sent {"src":"n0","dest":"c2","body":{"in_reply_to":16,"messages":[],"msg_id":16,"type":"read_ok"}}
2023/03/03 17:12:31 Received {c2 n0 {"type":"read","msg_id":17}}
2023/03/03 17:12:31 Sent {"src":"n0","dest":"c2","body":{"in_reply_to":17,"messages":[],"msg_id":17,"type":"read_ok"}}
2023/03/03 17:12:32 Received {c2 n0 {"type":"read","msg_id":18}}
2023/03/03 17:12:32 Sent {"src":"n0","dest":"c2","body":{"in_reply_to":18,"messages":[],"msg_id":18,"type":"read_ok"}}
2023/03/03 17:12:32 Received {c2 n0 {"type":"broadcast","message":5,"msg_id":19}}
2023/03/03 17:12:32 Sent {"src":"n0","dest":"c2","body":{"in_reply_to":19,"msg_id":19,"type":"broadcast_ok"}}
2023/03/03 17:12:32 Received {c2 n0 {"type":"read","msg_id":20}}
2023/03/03 17:12:32 Sent {"src":"n0","dest":"c2","body":{"in_reply_to":20,"messages":[],"msg_id":20,"type":"read_ok"}}
2023/03/03 17:12:32 Received {c2 n0 {"type":"broadcast","message":6,"msg_id":21}}
2023/03/03 17:12:32 Sent {"src":"n0","dest":"c2","body":{"in_reply_to":21,"msg_id":21,"type":"broadcast_ok"}}
2023/03/03 17:12:32 Received {c2 n0 {"type":"read","msg_id":22}}
2023/03/03 17:12:32 Sent {"src":"n0","dest":"c2","body":{"in_reply_to":22,"messages":[],"msg_id":22,"type":"read_ok"}}
2023/03/03 17:12:32 Received {c2 n0 {"type":"read","msg_id":23}}
2023/03/03 17:12:32 Sent {"src":"n0","dest":"c2","body":{"in_reply_to":23,"messages":[],"msg_id":23,"type":"read_ok"}}
2023/03/03 17:12:32 Received {c2 n0 {"type":"read","msg_id":24}}
2023/03/03 17:12:32 Sent {"src":"n0","dest":"c2","body":{"in_reply_to":24,"messages":[],"msg_id":24,"type":"read_ok"}}
2023/03/03 17:12:32 Received {c2 n0 {"type":"read","msg_id":25}}
2023/03/03 17:12:32 Sent {"src":"n0","dest":"c2","body":{"in_reply_to":25,"messages":[],"msg_id":25,"type":"read_ok"}}
2023/03/03 17:12:32 Received {c2 n0 {"type":"read","msg_id":26}}
2023/03/03 17:12:32 Sent {"src":"n0","dest":"c2","body":{"in_reply_to":26,"messages":[],"msg_id":26,"type":"read_ok"}}
2023/03/03 17:12:32 Received {c2 n0 {"type":"broadcast","message":7,"msg_id":27}}
2023/03/03 17:12:32 Sent {"src":"n0","dest":"c2","body":{"in_reply_to":27,"msg_id":27,"type":"broadcast_ok"}}
2023/03/03 17:12:32 Received {c2 n0 {"type":"broadcast","message":8,"msg_id":28}}
2023/03/03 17:12:32 Sent {"src":"n0","dest":"c2","body":{"in_reply_to":28,"msg_id":28,"type":"broadcast_ok"}}
2023/03/03 17:12:32 Received {c2 n0 {"type":"broadcast","message":9,"msg_id":29}}
2023/03/03 17:12:32 Sent {"src":"n0","dest":"c2","body":{"in_reply_to":29,"msg_id":29,"type":"broadcast_ok"}}
2023/03/03 17:12:33 Received {c2 n0 {"type":"read","msg_id":30}}
2023/03/03 17:12:33 Sent {"src":"n0","dest":"c2","body":{"in_reply_to":30,"messages":[],"msg_id":30,"type":"read_ok"}}
2023/03/03 17:12:33 Received {c2 n0 {"type":"broadcast","message":10,"msg_id":31}}
2023/03/03 17:12:33 Sent {"src":"n0","dest":"c2","body":{"in_reply_to":31,"msg_id":31,"type":"broadcast_ok"}}
2023/03/03 17:12:33 Received {c2 n0 {"type":"broadcast","message":11,"msg_id":32}}
2023/03/03 17:12:33 Sent {"src":"n0","dest":"c2","body":{"in_reply_to":32,"msg_id":32,"type":"broadcast_ok"}}
2023/03/03 17:12:33 Received {c2 n0 {"type":"broadcast","message":12,"msg_id":33}}
2023/03/03 17:12:33 Sent {"src":"n0","dest":"c2","body":{"in_reply_to":33,"msg_id":33,"type":"broadcast_ok"}}
2023/03/03 17:12:33 Received {c2 n0 {"type":"read","msg_id":34}}
2023/03/03 17:12:33 Sent {"src":"n0","dest":"c2","body":{"in_reply_to":34,"messages":[],"msg_id":34,"type":"read_ok"}}
2023/03/03 17:12:33 Received {c2 n0 {"type":"read","msg_id":35}}
2023/03/03 17:12:33 Sent {"src":"n0","dest":"c2","body":{"in_reply_to":35,"messages":[],"msg_id":35,"type":"read_ok"}}
2023/03/03 17:12:33 Received {c2 n0 {"type":"read","msg_id":36}}
2023/03/03 17:12:33 Sent {"src":"n0","dest":"c2","body":{"in_reply_to":36,"messages":[],"msg_id":36,"type":"read_ok"}}
2023/03/03 17:12:33 Received {c2 n0 {"type":"broadcast","message":13,"msg_id":37}}
2023/03/03 17:12:33 Sent {"src":"n0","dest":"c2","body":{"in_reply_to":37,"msg_id":37,"type":"broadcast_ok"}}
2023/03/03 17:12:33 Received {c2 n0 {"type":"read","msg_id":38}}
2023/03/03 17:12:33 Sent {"src":"n0","dest":"c2","body":{"in_reply_to":38,"messages":[],"msg_id":38,"type":"read_ok"}}
2023/03/03 17:12:33 Received {c2 n0 {"type":"read","msg_id":39}}
2023/03/03 17:12:33 Sent {"src":"n0","dest":"c2","body":{"in_reply_to":39,"messages":[],"msg_id":39,"type":"read_ok"}}
2023/03/03 17:12:34 Received {c2 n0 {"type":"broadcast","message":14,"msg_id":40}}
2023/03/03 17:12:34 Sent {"src":"n0","dest":"c2","body":{"in_reply_to":40,"msg_id":40,"type":"broadcast_ok"}}
2023/03/03 17:12:34 Received {c2 n0 {"type":"broadcast","message":15,"msg_id":41}}
2023/03/03 17:12:34 Sent {"src":"n0","dest":"c2","body":{"in_reply_to":41,"msg_id":41,"type":"broadcast_ok"}}
2023/03/03 17:12:34 Received {c2 n0 {"type":"broadcast","message":16,"msg_id":42}}
2023/03/03 17:12:34 Sent {"src":"n0","dest":"c2","body":{"in_reply_to":42,"msg_id":42,"type":"broadcast_ok"}}
2023/03/03 17:12:34 Received {c2 n0 {"type":"read","msg_id":43}}
2023/03/03 17:12:34 Sent {"src":"n0","dest":"c2","body":{"in_reply_to":43,"messages":[],"msg_id":43,"type":"read_ok"}}
2023/03/03 17:12:34 Received {c2 n0 {"type":"read","msg_id":44}}
2023/03/03 17:12:34 Sent {"src":"n0","dest":"c2","body":{"in_reply_to":44,"messages":[],"msg_id":44,"type":"read_ok"}}
2023/03/03 17:12:34 Received {c2 n0 {"type":"read","msg_id":45}}
2023/03/03 17:12:34 Sent {"src":"n0","dest":"c2","body":{"in_reply_to":45,"messages":[],"msg_id":45,"type":"read_ok"}}
2023/03/03 17:12:34 Received {c2 n0 {"type":"read","msg_id":46}}
2023/03/03 17:12:34 Sent {"src":"n0","dest":"c2","body":{"in_reply_to":46,"messages":[],"msg_id":46,"type":"read_ok"}}
2023/03/03 17:12:34 Received {c2 n0 {"type":"read","msg_id":47}}
2023/03/03 17:12:34 Sent {"src":"n0","dest":"c2","body":{"in_reply_to":47,"messages":[],"msg_id":47,"type":"read_ok"}}
2023/03/03 17:12:34 Received {c2 n0 {"type":"broadcast","message":17,"msg_id":48}}
2023/03/03 17:12:34 Sent {"src":"n0","dest":"c2","body":{"in_reply_to":48,"msg_id":48,"type":"broadcast_ok"}}
2023/03/03 17:12:34 Received {c2 n0 {"type":"read","msg_id":49}}
2023/03/03 17:12:34 Sent {"src":"n0","dest":"c2","body":{"in_reply_to":49,"messages":[],"msg_id":49,"type":"read_ok"}}
2023/03/03 17:12:34 Received {c2 n0 {"type":"broadcast","message":18,"msg_id":50}}
2023/03/03 17:12:34 Sent {"src":"n0","dest":"c2","body":{"in_reply_to":50,"msg_id":50,"type":"broadcast_ok"}}
2023/03/03 17:12:35 Received {c2 n0 {"type":"broadcast","message":19,"msg_id":51}}
2023/03/03 17:12:35 Sent {"src":"n0","dest":"c2","body":{"in_reply_to":51,"msg_id":51,"type":"broadcast_ok"}}
2023/03/03 17:12:35 Received {c2 n0 {"type":"read","msg_id":52}}
2023/03/03 17:12:35 Sent {"src":"n0","dest":"c2","body":{"in_reply_to":52,"messages":[],"msg_id":52,"type":"read_ok"}}
2023/03/03 17:12:35 Received {c2 n0 {"type":"broadcast","message":20,"msg_id":53}}
2023/03/03 17:12:35 Sent {"src":"n0","dest":"c2","body":{"in_reply_to":53,"msg_id":53,"type":"broadcast_ok"}}
2023/03/03 17:12:35 Received {c2 n0 {"type":"read","msg_id":54}}
2023/03/03 17:12:35 Sent {"src":"n0","dest":"c2","body":{"in_reply_to":54,"messages":[],"msg_id":54,"type":"read_ok"}}
2023/03/03 17:12:35 Received {c2 n0 {"type":"broadcast","message":21,"msg_id":55}}
2023/03/03 17:12:35 Sent {"src":"n0","dest":"c2","body":{"in_reply_to":55,"msg_id":55,"type":"broadcast_ok"}}
2023/03/03 17:12:35 Received {c2 n0 {"type":"broadcast","message":22,"msg_id":56}}
2023/03/03 17:12:35 Sent {"src":"n0","dest":"c2","body":{"in_reply_to":56,"msg_id":56,"type":"broadcast_ok"}}
2023/03/03 17:12:35 Received {c2 n0 {"type":"broadcast","message":23,"msg_id":57}}
2023/03/03 17:12:35 Sent {"src":"n0","dest":"c2","body":{"in_reply_to":57,"msg_id":57,"type":"broadcast_ok"}}
2023/03/03 17:12:35 Received {c2 n0 {"type":"read","msg_id":58}}
2023/03/03 17:12:35 Sent {"src":"n0","dest":"c2","body":{"in_reply_to":58,"messages":[],"msg_id":58,"type":"read_ok"}}
2023/03/03 17:12:35 Received {c2 n0 {"type":"read","msg_id":59}}
2023/03/03 17:12:35 Sent {"src":"n0","dest":"c2","body":{"in_reply_to":59,"messages":[],"msg_id":59,"type":"read_ok"}}
2023/03/03 17:12:35 Received {c2 n0 {"type":"broadcast","message":24,"msg_id":60}}
2023/03/03 17:12:35 Sent {"src":"n0","dest":"c2","body":{"in_reply_to":60,"msg_id":60,"type":"broadcast_ok"}}
2023/03/03 17:12:35 Received {c2 n0 {"type":"read","msg_id":61}}
2023/03/03 17:12:35 Sent {"src":"n0","dest":"c2","body":{"in_reply_to":61,"messages":[],"msg_id":61,"type":"read_ok"}}
2023/03/03 17:12:35 Received {c2 n0 {"type":"read","msg_id":62}}
2023/03/03 17:12:35 Sent {"src":"n0","dest":"c2","body":{"in_reply_to":62,"messages":[],"msg_id":62,"type":"read_ok"}}
2023/03/03 17:12:35 Received {c2 n0 {"type":"broadcast","message":25,"msg_id":63}}
2023/03/03 17:12:35 Sent {"src":"n0","dest":"c2","body":{"in_reply_to":63,"msg_id":63,"type":"broadcast_ok"}}
2023/03/03 17:12:35 Received {c2 n0 {"type":"read","msg_id":64}}
2023/03/03 17:12:35 Sent {"src":"n0","dest":"c2","body":{"in_reply_to":64,"messages":[],"msg_id":64,"type":"read_ok"}}
2023/03/03 17:12:35 Received {c2 n0 {"type":"read","msg_id":65}}
2023/03/03 17:12:35 Sent {"src":"n0","dest":"c2","body":{"in_reply_to":65,"messages":[],"msg_id":65,"type":"read_ok"}}
2023/03/03 17:12:35 Received {c2 n0 {"type":"read","msg_id":66}}
2023/03/03 17:12:35 Sent {"src":"n0","dest":"c2","body":{"in_reply_to":66,"messages":[],"msg_id":66,"type":"read_ok"}}
2023/03/03 17:12:36 Received {c2 n0 {"type":"broadcast","message":26,"msg_id":67}}
2023/03/03 17:12:36 Sent {"src":"n0","dest":"c2","body":{"in_reply_to":67,"msg_id":67,"type":"broadcast_ok"}}
2023/03/03 17:12:36 Received {c2 n0 {"type":"broadcast","message":27,"msg_id":68}}
2023/03/03 17:12:36 Sent {"src":"n0","dest":"c2","body":{"in_reply_to":68,"msg_id":68,"type":"broadcast_ok"}}
2023/03/03 17:12:36 Received {c2 n0 {"type":"broadcast","message":28,"msg_id":69}}
2023/03/03 17:12:36 Sent {"src":"n0","dest":"c2","body":{"in_reply_to":69,"msg_id":69,"type":"broadcast_ok"}}
2023/03/03 17:12:36 Received {c2 n0 {"type":"read","msg_id":70}}
2023/03/03 17:12:36 Sent {"src":"n0","dest":"c2","body":{"in_reply_to":70,"messages":[],"msg_id":70,"type":"read_ok"}}
2023/03/03 17:12:36 Received {c2 n0 {"type":"broadcast","message":29,"msg_id":71}}
2023/03/03 17:12:36 Sent {"src":"n0","dest":"c2","body":{"in_reply_to":71,"msg_id":71,"type":"broadcast_ok"}}
2023/03/03 17:12:36 Received {c2 n0 {"type":"broadcast","message":30,"msg_id":72}}
2023/03/03 17:12:36 Sent {"src":"n0","dest":"c2","body":{"in_reply_to":72,"msg_id":72,"type":"broadcast_ok"}}
2023/03/03 17:12:36 Received {c2 n0 {"type":"read","msg_id":73}}
2023/03/03 17:12:36 Sent {"src":"n0","dest":"c2","body":{"in_reply_to":73,"messages":[],"msg_id":73,"type":"read_ok"}}
2023/03/03 17:12:36 Received {c2 n0 {"type":"read","msg_id":74}}
2023/03/03 17:12:36 Sent {"src":"n0","dest":"c2","body":{"in_reply_to":74,"messages":[],"msg_id":74,"type":"read_ok"}}
2023/03/03 17:12:36 Received {c2 n0 {"type":"read","msg_id":75}}
2023/03/03 17:12:36 Sent {"src":"n0","dest":"c2","body":{"in_reply_to":75,"messages":[],"msg_id":75,"type":"read_ok"}}
2023/03/03 17:12:37 Received {c2 n0 {"type":"broadcast","message":31,"msg_id":76}}
2023/03/03 17:12:37 Sent {"src":"n0","dest":"c2","body":{"in_reply_to":76,"msg_id":76,"type":"broadcast_ok"}}
2023/03/03 17:12:37 Received {c2 n0 {"type":"read","msg_id":77}}
2023/03/03 17:12:37 Sent {"src":"n0","dest":"c2","body":{"in_reply_to":77,"messages":[],"msg_id":77,"type":"read_ok"}}
2023/03/03 17:12:37 Received {c2 n0 {"type":"broadcast","message":32,"msg_id":78}}
2023/03/03 17:12:37 Sent {"src":"n0","dest":"c2","body":{"in_reply_to":78,"msg_id":78,"type":"broadcast_ok"}}
2023/03/03 17:12:37 Received {c2 n0 {"type":"broadcast","message":33,"msg_id":79}}
2023/03/03 17:12:37 Sent {"src":"n0","dest":"c2","body":{"in_reply_to":79,"msg_id":79,"type":"broadcast_ok"}}
2023/03/03 17:12:37 Received {c2 n0 {"type":"read","msg_id":80}}
2023/03/03 17:12:37 Sent {"src":"n0","dest":"c2","body":{"in_reply_to":80,"messages":[],"msg_id":80,"type":"read_ok"}}
2023/03/03 17:12:37 Received {c2 n0 {"type":"read","msg_id":81}}
2023/03/03 17:12:37 Sent {"src":"n0","dest":"c2","body":{"in_reply_to":81,"messages":[],"msg_id":81,"type":"read_ok"}}
2023/03/03 17:12:37 Received {c2 n0 {"type":"broadcast","message":34,"msg_id":82}}
2023/03/03 17:12:37 Sent {"src":"n0","dest":"c2","body":{"in_reply_to":82,"msg_id":82,"type":"broadcast_ok"}}
2023/03/03 17:12:37 Received {c2 n0 {"type":"broadcast","message":35,"msg_id":83}}
2023/03/03 17:12:37 Sent {"src":"n0","dest":"c2","body":{"in_reply_to":83,"msg_id":83,"type":"broadcast_ok"}}
