2023-03-03 17:32:36,991{GMT}	INFO	[jepsen test runner] jepsen.core: Test version 107bec742b20def7dd46ccfa2f0a350c542ba4cf (plus uncommitted changes)
2023-03-03 17:32:36,991{GMT}	INFO	[jepsen test runner] jepsen.core: Command line:
lein run test -w broadcast --bin /home/jln/.go/bin/maelstrom-broadcast --node-count 1 --time-limit 20 --rate 10
2023-03-03 17:32:37,035{GMT}	INFO	[jepsen test runner] jepsen.core: Running test:
{:args []
 :remote
 #jepsen.control.retry.Remote{:remote #jepsen.control.scp.Remote{:cmd-remote #jepsen.control.sshj.SSHJRemote{:concurrency-limit 6,
                                                                                                             :conn-spec nil,
                                                                                                             :client nil,
                                                                                                             :semaphore nil},
                                                                 :conn-spec nil},
                              :conn nil}
 :log-net-send false
 :node-count 1
 :availability nil
 :max-txn-length 4
 :concurrency 1
 :db
 #object[maelstrom.db$db$reify__16142
         "0x4a03c4bc"
         "maelstrom.db$db$reify__16142@4a03c4bc"]
 :max-writes-per-key 16
 :leave-db-running? false
 :name "broadcast"
 :logging-json? false
 :start-time
 #object[org.joda.time.DateTime "0x453ca7f" "2023-03-03T17:32:36.980-05:00"]
 :nemesis-interval 10
 :net
 #object[maelstrom.net$jepsen_net$reify__15251
         "0x5d41b929"
         "maelstrom.net$jepsen_net$reify__15251@5d41b929"]
 :client
 #object[maelstrom.workload.broadcast$client$reify__16644
         "0x6dd0e2f4"
         "maelstrom.workload.broadcast$client$reify__16644@6dd0e2f4"]
 :barrier
 #object[java.util.concurrent.CyclicBarrier
         "0x333813e7"
         "java.util.concurrent.CyclicBarrier@333813e7"]
 :log-stderr false
 :pure-generators true
 :ssh {:dummy? true}
 :rate 10.0
 :checker
 #object[jepsen.checker$compose$reify__11881
         "0x292237cd"
         "jepsen.checker$compose$reify__11881@292237cd"]
 :argv
 ("test"
  "-w"
  "broadcast"
  "--bin"
  "/home/jln/.go/bin/maelstrom-broadcast"
  "--node-count"
  "1"
  "--time-limit"
  "20"
  "--rate"
  "10")
 :nemesis
 (jepsen.nemesis.ReflCompose
  {:fm {:start-partition 0,
        :stop-partition 0,
        :kill 1,
        :start 1,
        :pause 1,
        :resume 1},
   :nemeses [#unprintable "jepsen.nemesis.combined$partition_nemesis$reify__16416@797a5b31"
             #unprintable "jepsen.nemesis.combined$db_nemesis$reify__16397@13d7d1a8"]})
 :nodes ["n0"]
 :test-count 1
 :latency {:mean 0, :dist :constant}
 :bin "/home/jln/.go/bin/maelstrom-broadcast"
 :generator
 ((jepsen.generator.Synchronize
   {:gen (jepsen.generator.TimeLimit
          {:limit 20000000000,
           :cutoff nil,
           :gen (jepsen.generator.Any
                 {:gens [(jepsen.generator.OnThreads
                          {:f #{:nemesis},
                           :context-filter #object[jepsen.generator.context$make_thread_filter$lazy_filter__9167
                                                   "0x72e4905c"
                                                   "jepsen.generator.context$make_thread_filter$lazy_filter__9167@72e4905c"],
                           :gen nil})
                         (jepsen.generator.OnThreads
                          {:f #jepsen.generator.context.AllBut{:element :nemesis},
                           :context-filter #object[jepsen.generator.context$make_thread_filter$lazy_filter__9167
                                                   "0x279b83ea"
                                                   "jepsen.generator.context$make_thread_filter$lazy_filter__9167@279b83ea"],
                           :gen (jepsen.generator.Stagger
                                 {:dt 200000000,
                                  :next-time nil,
                                  :gen (jepsen.generator.Mix
                                        {:i 1,
                                         :gens [({:f :broadcast, :value 0}
                                                 {:f :broadcast, :value 1}
                                                 {:f :broadcast, :value 2}
                                                 {:f :broadcast, :value 3}
                                                 {:f :broadcast, :value 4}
                                                 {:f :broadcast, :value 5}
                                                 {:f :broadcast, :value 6}
                                                 {:f :broadcast, :value 7}
                                                 ...)
                                                ({:f :read}
                                                 {:f :read}
                                                 {:f :read}
                                                 {:f :read}
                                                 {:f :read}
                                                 {:f :read}
                                                 {:f :read}
                                                 {:f :read}
                                                 ...)]})})})]})})})
  (jepsen.generator.Synchronize
   {:gen (jepsen.generator.OnThreads
          {:f #{:nemesis},
           :context-filter #object[jepsen.generator.context$make_thread_filter$lazy_filter__9167
                                   "0x40f40221"
                                   "jepsen.generator.context$make_thread_filter$lazy_filter__9167@40f40221"],
           :gen ()})})
  (jepsen.generator.Synchronize
   {:gen {:type :log, :value "Waiting for recovery..."}})
  (jepsen.generator.Synchronize {:gen {:type :sleep, :value 10}})
  (jepsen.generator.Synchronize
   {:gen (jepsen.generator.OnThreads
          {:f #jepsen.generator.context.AllBut{:element :nemesis},
           :context-filter #object[jepsen.generator.context$make_thread_filter$lazy_filter__9167
                                   "0x16441c13"
                                   "jepsen.generator.context$make_thread_filter$lazy_filter__9167@16441c13"],
           :gen (jepsen.generator.EachThread
                 {:fresh-gen {:f :read, :final? true},
                  :context-filters #object[clojure.core$promise$reify__8591
                                           "0x6d3b59e2"
                                           {:status :pending, :val nil}],
                  :gens {}})})}))
 :log-net-recv false
 :os
 #object[maelstrom.net$jepsen_os$reify__15254
         "0x164dfad2"
         "maelstrom.net$jepsen_os$reify__15254@164dfad2"]
 :time-limit 20
 :workload :broadcast
 :consistency-models [:strict-serializable]
 :topology :grid}

2023-03-03 17:32:38,108{GMT}	INFO	[jepsen node n0] maelstrom.net: Starting Maelstrom network
2023-03-03 17:32:38,109{GMT}	INFO	[jepsen test runner] jepsen.db: Tearing down DB
2023-03-03 17:32:38,110{GMT}	INFO	[jepsen test runner] jepsen.db: Setting up DB
2023-03-03 17:32:38,111{GMT}	INFO	[jepsen node n0] maelstrom.service: Starting services: (lin-kv lin-tso lww-kv seq-kv)
2023-03-03 17:32:38,112{GMT}	INFO	[jepsen node n0] maelstrom.db: Setting up n0
2023-03-03 17:32:38,112{GMT}	INFO	[jepsen node n0] maelstrom.process: launching /home/jln/.go/bin/maelstrom-broadcast []
2023-03-03 17:32:38,123{GMT}	INFO	[jepsen test runner] jepsen.core: Relative time begins now
2023-03-03 17:32:38,131{GMT}	INFO	[jepsen worker 0] jepsen.util: 0	:invoke	:read	nil
2023-03-03 17:32:38,133{GMT}	INFO	[jepsen worker 0] jepsen.util: 0	:ok	:read	[]
2023-03-03 17:32:38,270{GMT}	INFO	[jepsen worker 0] jepsen.util: 0	:invoke	:broadcast	0
2023-03-03 17:32:38,271{GMT}	INFO	[jepsen worker 0] jepsen.util: 0	:ok	:broadcast	0
2023-03-03 17:32:38,391{GMT}	INFO	[jepsen worker 0] jepsen.util: 0	:invoke	:broadcast	1
2023-03-03 17:32:38,392{GMT}	INFO	[jepsen worker 0] jepsen.util: 0	:ok	:broadcast	1
2023-03-03 17:32:38,531{GMT}	INFO	[jepsen worker 0] jepsen.util: 0	:invoke	:broadcast	2
2023-03-03 17:32:38,533{GMT}	INFO	[jepsen worker 0] jepsen.util: 0	:ok	:broadcast	2
2023-03-03 17:32:38,615{GMT}	INFO	[jepsen worker 0] jepsen.util: 0	:invoke	:read	nil
2023-03-03 17:32:38,617{GMT}	INFO	[jepsen worker 0] jepsen.util: 0	:ok	:read	[0 0]
2023-03-03 17:32:38,738{GMT}	INFO	[jepsen worker 0] jepsen.util: 0	:invoke	:read	nil
2023-03-03 17:32:38,739{GMT}	INFO	[jepsen worker 0] jepsen.util: 0	:ok	:read	[0 0]
2023-03-03 17:32:38,876{GMT}	INFO	[jepsen worker 0] jepsen.util: 0	:invoke	:broadcast	3
2023-03-03 17:32:38,877{GMT}	INFO	[jepsen worker 0] jepsen.util: 0	:ok	:broadcast	3
2023-03-03 17:32:38,983{GMT}	INFO	[jepsen worker 0] jepsen.util: 0	:invoke	:read	nil
2023-03-03 17:32:38,984{GMT}	INFO	[jepsen worker 0] jepsen.util: 0	:ok	:read	[0 0]
2023-03-03 17:32:39,043{GMT}	INFO	[jepsen worker 0] jepsen.util: 0	:invoke	:read	nil
2023-03-03 17:32:39,044{GMT}	INFO	[jepsen worker 0] jepsen.util: 0	:ok	:read	[0 0]
2023-03-03 17:32:39,136{GMT}	INFO	[jepsen worker 0] jepsen.util: 0	:invoke	:read	nil
2023-03-03 17:32:39,137{GMT}	INFO	[jepsen worker 0] jepsen.util: 0	:ok	:read	[0 0]
2023-03-03 17:32:39,281{GMT}	INFO	[jepsen worker 0] jepsen.util: 0	:invoke	:broadcast	4
2023-03-03 17:32:39,283{GMT}	INFO	[jepsen worker 0] jepsen.util: 0	:ok	:broadcast	4
2023-03-03 17:32:39,283{GMT}	INFO	[jepsen worker 0] jepsen.util: 0	:invoke	:broadcast	5
2023-03-03 17:32:39,284{GMT}	INFO	[jepsen worker 0] jepsen.util: 0	:ok	:broadcast	5
2023-03-03 17:32:39,357{GMT}	INFO	[jepsen worker 0] jepsen.util: 0	:invoke	:read	nil
2023-03-03 17:32:39,359{GMT}	INFO	[jepsen worker 0] jepsen.util: 0	:ok	:read	[0 0]
2023-03-03 17:32:39,518{GMT}	INFO	[jepsen worker 0] jepsen.util: 0	:invoke	:read	nil
2023-03-03 17:32:39,520{GMT}	INFO	[jepsen worker 0] jepsen.util: 0	:ok	:read	[0 0]
2023-03-03 17:32:39,651{GMT}	INFO	[jepsen worker 0] jepsen.util: 0	:invoke	:read	nil
2023-03-03 17:32:39,653{GMT}	INFO	[jepsen worker 0] jepsen.util: 0	:ok	:read	[0 0]
2023-03-03 17:32:39,753{GMT}	INFO	[jepsen worker 0] jepsen.util: 0	:invoke	:broadcast	6
2023-03-03 17:32:39,755{GMT}	INFO	[jepsen worker 0] jepsen.util: 0	:ok	:broadcast	6
2023-03-03 17:32:39,888{GMT}	INFO	[jepsen worker 0] jepsen.util: 0	:invoke	:read	nil
2023-03-03 17:32:39,890{GMT}	INFO	[jepsen worker 0] jepsen.util: 0	:ok	:read	[0 0]
2023-03-03 17:32:39,940{GMT}	INFO	[jepsen worker 0] jepsen.util: 0	:invoke	:read	nil
2023-03-03 17:32:39,941{GMT}	INFO	[jepsen worker 0] jepsen.util: 0	:ok	:read	[0 0]
2023-03-03 17:32:40,046{GMT}	INFO	[jepsen worker 0] jepsen.util: 0	:invoke	:broadcast	7
2023-03-03 17:32:40,047{GMT}	INFO	[jepsen worker 0] jepsen.util: 0	:ok	:broadcast	7
2023-03-03 17:32:40,164{GMT}	INFO	[jepsen worker 0] jepsen.util: 0	:invoke	:read	nil
2023-03-03 17:32:40,166{GMT}	INFO	[jepsen worker 0] jepsen.util: 0	:ok	:read	[0 0]
2023-03-03 17:32:40,319{GMT}	INFO	[jepsen worker 0] jepsen.util: 0	:invoke	:broadcast	8
2023-03-03 17:32:40,320{GMT}	INFO	[jepsen worker 0] jepsen.util: 0	:ok	:broadcast	8
2023-03-03 17:32:40,404{GMT}	INFO	[jepsen worker 0] jepsen.util: 0	:invoke	:read	nil
2023-03-03 17:32:40,405{GMT}	INFO	[jepsen worker 0] jepsen.util: 0	:ok	:read	[0 0]
2023-03-03 17:32:40,554{GMT}	INFO	[jepsen worker 0] jepsen.util: 0	:invoke	:read	nil
2023-03-03 17:32:40,555{GMT}	INFO	[jepsen worker 0] jepsen.util: 0	:ok	:read	[0 0]
2023-03-03 17:32:40,679{GMT}	INFO	[jepsen worker 0] jepsen.util: 0	:invoke	:read	nil
2023-03-03 17:32:40,681{GMT}	INFO	[jepsen worker 0] jepsen.util: 0	:ok	:read	[0 0]
2023-03-03 17:32:40,754{GMT}	INFO	[jepsen worker 0] jepsen.util: 0	:invoke	:read	nil
2023-03-03 17:32:40,755{GMT}	INFO	[jepsen worker 0] jepsen.util: 0	:ok	:read	[0 0]
2023-03-03 17:32:40,827{GMT}	INFO	[jepsen worker 0] jepsen.util: 0	:invoke	:broadcast	9
2023-03-03 17:32:40,828{GMT}	INFO	[jepsen worker 0] jepsen.util: 0	:ok	:broadcast	9
2023-03-03 17:32:40,885{GMT}	INFO	[jepsen worker 0] jepsen.util: 0	:invoke	:read	nil
2023-03-03 17:32:40,886{GMT}	INFO	[jepsen worker 0] jepsen.util: 0	:ok	:read	[0 0]
2023-03-03 17:32:41,070{GMT}	INFO	[jepsen worker 0] jepsen.util: 0	:invoke	:broadcast	10
2023-03-03 17:32:41,071{GMT}	INFO	[jepsen worker 0] jepsen.util: 0	:ok	:broadcast	10
2023-03-03 17:32:41,110{GMT}	INFO	[jepsen worker 0] jepsen.util: 0	:invoke	:broadcast	11
2023-03-03 17:32:41,111{GMT}	INFO	[jepsen worker 0] jepsen.util: 0	:ok	:broadcast	11
2023-03-03 17:32:41,230{GMT}	INFO	[jepsen worker 0] jepsen.util: 0	:invoke	:broadcast	12
2023-03-03 17:32:41,231{GMT}	INFO	[jepsen worker 0] jepsen.util: 0	:ok	:broadcast	12
2023-03-03 17:32:41,321{GMT}	INFO	[jepsen worker 0] jepsen.util: 0	:invoke	:broadcast	13
2023-03-03 17:32:41,323{GMT}	INFO	[jepsen worker 0] jepsen.util: 0	:ok	:broadcast	13
2023-03-03 17:32:41,339{GMT}	INFO	[jepsen worker 0] jepsen.util: 0	:invoke	:read	nil
2023-03-03 17:32:41,340{GMT}	INFO	[jepsen worker 0] jepsen.util: 0	:ok	:read	[0 0]
2023-03-03 17:32:41,340{GMT}	INFO	[jepsen worker 0] jepsen.util: 0	:invoke	:read	nil
2023-03-03 17:32:41,341{GMT}	INFO	[jepsen worker 0] jepsen.util: 0	:ok	:read	[0 0]
2023-03-03 17:32:41,395{GMT}	INFO	[jepsen worker 0] jepsen.util: 0	:invoke	:read	nil
2023-03-03 17:32:41,396{GMT}	INFO	[jepsen worker 0] jepsen.util: 0	:ok	:read	[0 0]
2023-03-03 17:32:41,556{GMT}	INFO	[jepsen worker 0] jepsen.util: 0	:invoke	:broadcast	14
2023-03-03 17:32:41,557{GMT}	INFO	[jepsen worker 0] jepsen.util: 0	:ok	:broadcast	14
2023-03-03 17:32:41,724{GMT}	INFO	[jepsen worker 0] jepsen.util: 0	:invoke	:broadcast	15
2023-03-03 17:32:41,725{GMT}	INFO	[jepsen worker 0] jepsen.util: 0	:ok	:broadcast	15
2023-03-03 17:32:41,852{GMT}	INFO	[jepsen worker 0] jepsen.util: 0	:invoke	:broadcast	16
2023-03-03 17:32:41,854{GMT}	INFO	[jepsen worker 0] jepsen.util: 0	:ok	:broadcast	16
2023-03-03 17:32:42,012{GMT}	INFO	[jepsen worker 0] jepsen.util: 0	:invoke	:broadcast	17
2023-03-03 17:32:42,014{GMT}	INFO	[jepsen worker 0] jepsen.util: 0	:ok	:broadcast	17
2023-03-03 17:32:42,063{GMT}	INFO	[jepsen worker 0] jepsen.util: 0	:invoke	:read	nil
2023-03-03 17:32:42,064{GMT}	INFO	[jepsen worker 0] jepsen.util: 0	:ok	:read	[0 0]
2023-03-03 17:32:42,171{GMT}	INFO	[jepsen worker 0] jepsen.util: 0	:invoke	:read	nil
2023-03-03 17:32:42,173{GMT}	INFO	[jepsen worker 0] jepsen.util: 0	:ok	:read	[0 0]
2023-03-03 17:32:42,224{GMT}	INFO	[jepsen worker 0] jepsen.util: 0	:invoke	:broadcast	18
2023-03-03 17:32:42,224{GMT}	INFO	[jepsen worker 0] jepsen.util: 0	:ok	:broadcast	18
2023-03-03 17:32:42,312{GMT}	INFO	[jepsen worker 0] jepsen.util: 0	:invoke	:read	nil
2023-03-03 17:32:42,314{GMT}	INFO	[jepsen worker 0] jepsen.util: 0	:ok	:read	[0 0]
2023-03-03 17:32:42,456{GMT}	INFO	[jepsen worker 0] jepsen.util: 0	:invoke	:broadcast	19
2023-03-03 17:32:42,457{GMT}	INFO	[jepsen worker 0] jepsen.util: 0	:ok	:broadcast	19
2023-03-03 17:32:42,558{GMT}	INFO	[jepsen worker 0] jepsen.util: 0	:invoke	:read	nil
2023-03-03 17:32:42,559{GMT}	INFO	[jepsen worker 0] jepsen.util: 0	:ok	:read	[0 0]
2023-03-03 17:32:42,678{GMT}	INFO	[jepsen worker 0] jepsen.util: 0	:invoke	:read	nil
2023-03-03 17:32:42,680{GMT}	INFO	[jepsen worker 0] jepsen.util: 0	:ok	:read	[0 0]
2023-03-03 17:32:42,683{GMT}	INFO	[jepsen worker 0] jepsen.util: 0	:invoke	:broadcast	20
2023-03-03 17:32:42,684{GMT}	INFO	[jepsen worker 0] jepsen.util: 0	:ok	:broadcast	20
2023-03-03 17:32:42,793{GMT}	INFO	[jepsen worker 0] jepsen.util: 0	:invoke	:read	nil
2023-03-03 17:32:42,794{GMT}	INFO	[jepsen worker 0] jepsen.util: 0	:ok	:read	[0 0]
2023-03-03 17:32:42,890{GMT}	INFO	[jepsen worker 0] jepsen.util: 0	:invoke	:broadcast	21
2023-03-03 17:32:42,891{GMT}	INFO	[jepsen worker 0] jepsen.util: 0	:ok	:broadcast	21
2023-03-03 17:32:43,068{GMT}	INFO	[jepsen worker 0] jepsen.util: 0	:invoke	:broadcast	22
2023-03-03 17:32:43,069{GMT}	INFO	[jepsen worker 0] jepsen.util: 0	:ok	:broadcast	22
2023-03-03 17:32:43,104{GMT}	INFO	[jepsen worker 0] jepsen.util: 0	:invoke	:read	nil
2023-03-03 17:32:43,105{GMT}	INFO	[jepsen worker 0] jepsen.util: 0	:ok	:read	[0 0]
2023-03-03 17:32:43,145{GMT}	INFO	[jepsen worker 0] jepsen.util: 0	:invoke	:read	nil
2023-03-03 17:32:43,146{GMT}	INFO	[jepsen worker 0] jepsen.util: 0	:ok	:read	[0 0]
2023-03-03 17:32:43,203{GMT}	INFO	[jepsen worker 0] jepsen.util: 0	:invoke	:read	nil
2023-03-03 17:32:43,204{GMT}	INFO	[jepsen worker 0] jepsen.util: 0	:ok	:read	[0 0]
2023-03-03 17:32:43,315{GMT}	INFO	[jepsen worker 0] jepsen.util: 0	:invoke	:broadcast	23
2023-03-03 17:32:43,316{GMT}	INFO	[jepsen worker 0] jepsen.util: 0	:ok	:broadcast	23
2023-03-03 17:32:43,485{GMT}	INFO	[jepsen worker 0] jepsen.util: 0	:invoke	:read	nil
2023-03-03 17:32:43,487{GMT}	INFO	[jepsen worker 0] jepsen.util: 0	:ok	:read	[0 0]
2023-03-03 17:32:43,543{GMT}	INFO	[jepsen worker 0] jepsen.util: 0	:invoke	:read	nil
2023-03-03 17:32:43,545{GMT}	INFO	[jepsen worker 0] jepsen.util: 0	:ok	:read	[0 0]
2023-03-03 17:32:43,667{GMT}	INFO	[jepsen worker 0] jepsen.util: 0	:invoke	:read	nil
2023-03-03 17:32:43,668{GMT}	INFO	[jepsen worker 0] jepsen.util: 0	:ok	:read	[0 0]
2023-03-03 17:32:43,761{GMT}	INFO	[jepsen worker 0] jepsen.util: 0	:invoke	:read	nil
2023-03-03 17:32:43,762{GMT}	INFO	[jepsen worker 0] jepsen.util: 0	:ok	:read	[0 0]
2023-03-03 17:32:43,886{GMT}	INFO	[jepsen worker 0] jepsen.util: 0	:invoke	:read	nil
2023-03-03 17:32:43,887{GMT}	INFO	[jepsen worker 0] jepsen.util: 0	:ok	:read	[0 0]
2023-03-03 17:32:44,051{GMT}	INFO	[jepsen worker 0] jepsen.util: 0	:invoke	:broadcast	24
2023-03-03 17:32:44,052{GMT}	INFO	[jepsen worker 0] jepsen.util: 0	:ok	:broadcast	24
2023-03-03 17:32:44,246{GMT}	INFO	[jepsen worker 0] jepsen.util: 0	:invoke	:read	nil
2023-03-03 17:32:44,247{GMT}	INFO	[jepsen worker 0] jepsen.util: 0	:ok	:read	[0 0]
2023-03-03 17:32:44,391{GMT}	INFO	[jepsen worker 0] jepsen.util: 0	:invoke	:broadcast	25
2023-03-03 17:32:44,392{GMT}	INFO	[jepsen worker 0] jepsen.util: 0	:ok	:broadcast	25
2023-03-03 17:32:44,414{GMT}	INFO	[jepsen worker 0] jepsen.util: 0	:invoke	:read	nil
2023-03-03 17:32:44,415{GMT}	INFO	[jepsen worker 0] jepsen.util: 0	:ok	:read	[0 0]
2023-03-03 17:32:44,610{GMT}	INFO	[jepsen worker 0] jepsen.util: 0	:invoke	:read	nil
2023-03-03 17:32:44,611{GMT}	INFO	[jepsen worker 0] jepsen.util: 0	:ok	:read	[0 0]
2023-03-03 17:32:44,650{GMT}	INFO	[jepsen worker 0] jepsen.util: 0	:invoke	:broadcast	26
2023-03-03 17:32:44,650{GMT}	INFO	[jepsen worker 0] jepsen.util: 0	:ok	:broadcast	26
2023-03-03 17:32:44,781{GMT}	INFO	[jepsen worker 0] jepsen.util: 0	:invoke	:read	nil
2023-03-03 17:32:44,782{GMT}	INFO	[jepsen worker 0] jepsen.util: 0	:ok	:read	[0 0]
2023-03-03 17:32:44,900{GMT}	INFO	[jepsen worker 0] jepsen.util: 0	:invoke	:broadcast	27
2023-03-03 17:32:44,901{GMT}	INFO	[jepsen worker 0] jepsen.util: 0	:ok	:broadcast	27
2023-03-03 17:32:45,087{GMT}	INFO	[jepsen worker 0] jepsen.util: 0	:invoke	:broadcast	28
2023-03-03 17:32:45,088{GMT}	INFO	[jepsen worker 0] jepsen.util: 0	:ok	:broadcast	28
2023-03-03 17:32:45,160{GMT}	INFO	[jepsen worker 0] jepsen.util: 0	:invoke	:read	nil
2023-03-03 17:32:45,161{GMT}	INFO	[jepsen worker 0] jepsen.util: 0	:ok	:read	[0 0]
2023-03-03 17:32:45,264{GMT}	INFO	[jepsen worker 0] jepsen.util: 0	:invoke	:read	nil
2023-03-03 17:32:45,265{GMT}	INFO	[jepsen worker 0] jepsen.util: 0	:ok	:read	[0 0]
2023-03-03 17:32:45,425{GMT}	INFO	[jepsen worker 0] jepsen.util: 0	:invoke	:broadcast	29
2023-03-03 17:32:45,426{GMT}	INFO	[jepsen worker 0] jepsen.util: 0	:ok	:broadcast	29
2023-03-03 17:32:45,443{GMT}	INFO	[jepsen worker 0] jepsen.util: 0	:invoke	:read	nil
2023-03-03 17:32:45,444{GMT}	INFO	[jepsen worker 0] jepsen.util: 0	:ok	:read	[0 0]
2023-03-03 17:32:45,449{GMT}	INFO	[jepsen worker 0] jepsen.util: 0	:invoke	:read	nil
2023-03-03 17:32:45,450{GMT}	INFO	[jepsen worker 0] jepsen.util: 0	:ok	:read	[0 0]
2023-03-03 17:32:45,595{GMT}	INFO	[jepsen worker 0] jepsen.util: 0	:invoke	:broadcast	30
2023-03-03 17:32:45,596{GMT}	INFO	[jepsen worker 0] jepsen.util: 0	:ok	:broadcast	30
2023-03-03 17:32:45,742{GMT}	INFO	[jepsen worker 0] jepsen.util: 0	:invoke	:read	nil
2023-03-03 17:32:45,742{GMT}	INFO	[jepsen worker 0] jepsen.util: 0	:ok	:read	[0 0]
2023-03-03 17:32:45,787{GMT}	INFO	[jepsen worker 0] jepsen.util: 0	:invoke	:read	nil
2023-03-03 17:32:45,788{GMT}	INFO	[jepsen worker 0] jepsen.util: 0	:ok	:read	[0 0]
2023-03-03 17:32:45,843{GMT}	INFO	[jepsen worker 0] jepsen.util: 0	:invoke	:broadcast	31
2023-03-03 17:32:45,844{GMT}	INFO	[jepsen worker 0] jepsen.util: 0	:ok	:broadcast	31
2023-03-03 17:32:45,947{GMT}	INFO	[jepsen worker 0] jepsen.util: 0	:invoke	:broadcast	32
2023-03-03 17:32:45,948{GMT}	INFO	[jepsen worker 0] jepsen.util: 0	:ok	:broadcast	32
2023-03-03 17:32:46,112{GMT}	INFO	[jepsen worker 0] jepsen.util: 0	:invoke	:read	nil
2023-03-03 17:32:46,113{GMT}	INFO	[jepsen worker 0] jepsen.util: 0	:ok	:read	[0 0]
2023-03-03 17:32:46,280{GMT}	INFO	[jepsen worker 0] jepsen.util: 0	:invoke	:read	nil
2023-03-03 17:32:46,281{GMT}	INFO	[jepsen worker 0] jepsen.util: 0	:ok	:read	[0 0]
2023-03-03 17:32:46,380{GMT}	INFO	[jepsen worker 0] jepsen.util: 0	:invoke	:broadcast	33
2023-03-03 17:32:46,380{GMT}	INFO	[jepsen worker 0] jepsen.util: 0	:ok	:broadcast	33
2023-03-03 17:32:46,381{GMT}	INFO	[jepsen worker 0] jepsen.util: 0	:invoke	:broadcast	34
2023-03-03 17:32:46,382{GMT}	INFO	[jepsen worker 0] jepsen.util: 0	:ok	:broadcast	34
2023-03-03 17:32:46,562{GMT}	INFO	[jepsen worker 0] jepsen.util: 0	:invoke	:broadcast	35
2023-03-03 17:32:46,563{GMT}	INFO	[jepsen worker 0] jepsen.util: 0	:ok	:broadcast	35
2023-03-03 17:32:46,705{GMT}	INFO	[jepsen worker 0] jepsen.util: 0	:invoke	:broadcast	36
2023-03-03 17:32:46,705{GMT}	INFO	[jepsen worker 0] jepsen.util: 0	:ok	:broadcast	36
2023-03-03 17:32:46,885{GMT}	INFO	[jepsen worker 0] jepsen.util: 0	:invoke	:broadcast	37
2023-03-03 17:32:46,886{GMT}	INFO	[jepsen worker 0] jepsen.util: 0	:ok	:broadcast	37
2023-03-03 17:32:46,945{GMT}	INFO	[jepsen worker 0] jepsen.util: 0	:invoke	:broadcast	38
2023-03-03 17:32:46,946{GMT}	INFO	[jepsen worker 0] jepsen.util: 0	:ok	:broadcast	38
2023-03-03 17:32:46,998{GMT}	INFO	[jepsen worker 0] jepsen.util: 0	:invoke	:broadcast	39
2023-03-03 17:32:46,998{GMT}	INFO	[jepsen worker 0] jepsen.util: 0	:ok	:broadcast	39
2023-03-03 17:32:47,053{GMT}	INFO	[jepsen worker 0] jepsen.util: 0	:invoke	:broadcast	40
2023-03-03 17:32:47,054{GMT}	INFO	[jepsen worker 0] jepsen.util: 0	:ok	:broadcast	40
2023-03-03 17:32:47,134{GMT}	INFO	[jepsen worker 0] jepsen.util: 0	:invoke	:broadcast	41
2023-03-03 17:32:47,135{GMT}	INFO	[jepsen worker 0] jepsen.util: 0	:ok	:broadcast	41
2023-03-03 17:32:47,201{GMT}	INFO	[jepsen worker 0] jepsen.util: 0	:invoke	:read	nil
2023-03-03 17:32:47,202{GMT}	INFO	[jepsen worker 0] jepsen.util: 0	:ok	:read	[0 0]
2023-03-03 17:32:47,367{GMT}	INFO	[jepsen worker 0] jepsen.util: 0	:invoke	:broadcast	42
2023-03-03 17:32:47,367{GMT}	INFO	[jepsen worker 0] jepsen.util: 0	:ok	:broadcast	42
2023-03-03 17:32:47,427{GMT}	INFO	[jepsen worker 0] jepsen.util: 0	:invoke	:broadcast	43
2023-03-03 17:32:47,427{GMT}	INFO	[jepsen worker 0] jepsen.util: 0	:ok	:broadcast	43
2023-03-03 17:32:47,492{GMT}	INFO	[jepsen worker 0] jepsen.util: 0	:invoke	:broadcast	44
2023-03-03 17:32:47,493{GMT}	INFO	[jepsen worker 0] jepsen.util: 0	:ok	:broadcast	44
2023-03-03 17:32:47,533{GMT}	INFO	[jepsen worker 0] jepsen.util: 0	:invoke	:read	nil
2023-03-03 17:32:47,534{GMT}	INFO	[jepsen worker 0] jepsen.util: 0	:ok	:read	[0 0]
2023-03-03 17:32:47,669{GMT}	INFO	[jepsen worker 0] jepsen.util: 0	:invoke	:broadcast	45
2023-03-03 17:32:47,670{GMT}	INFO	[jepsen worker 0] jepsen.util: 0	:ok	:broadcast	45
2023-03-03 17:32:47,778{GMT}	INFO	[jepsen worker 0] jepsen.util: 0	:invoke	:read	nil
2023-03-03 17:32:47,779{GMT}	INFO	[jepsen worker 0] jepsen.util: 0	:ok	:read	[0 0]
2023-03-03 17:32:47,812{GMT}	INFO	[jepsen worker 0] jepsen.util: 0	:invoke	:read	nil
2023-03-03 17:32:47,812{GMT}	INFO	[jepsen worker 0] jepsen.util: 0	:ok	:read	[0 0]
2023-03-03 17:32:47,934{GMT}	INFO	[jepsen worker 0] jepsen.util: 0	:invoke	:broadcast	46
2023-03-03 17:32:47,935{GMT}	INFO	[jepsen worker 0] jepsen.util: 0	:ok	:broadcast	46
2023-03-03 17:32:48,128{GMT}	INFO	[jepsen worker 0] jepsen.util: 0	:invoke	:broadcast	47
2023-03-03 17:32:48,129{GMT}	INFO	[jepsen worker 0] jepsen.util: 0	:ok	:broadcast	47
2023-03-03 17:32:48,228{GMT}	INFO	[jepsen worker 0] jepsen.util: 0	:invoke	:read	nil
2023-03-03 17:32:48,229{GMT}	INFO	[jepsen worker 0] jepsen.util: 0	:ok	:read	[0 0]
2023-03-03 17:32:48,388{GMT}	INFO	[jepsen worker 0] jepsen.util: 0	:invoke	:read	nil
2023-03-03 17:32:48,389{GMT}	INFO	[jepsen worker 0] jepsen.util: 0	:ok	:read	[0 0]
2023-03-03 17:32:48,459{GMT}	INFO	[jepsen worker 0] jepsen.util: 0	:invoke	:read	nil
2023-03-03 17:32:48,459{GMT}	INFO	[jepsen worker 0] jepsen.util: 0	:ok	:read	[0 0]
2023-03-03 17:32:48,643{GMT}	INFO	[jepsen worker 0] jepsen.util: 0	:invoke	:broadcast	48
2023-03-03 17:32:48,643{GMT}	INFO	[jepsen worker 0] jepsen.util: 0	:ok	:broadcast	48
2023-03-03 17:32:48,656{GMT}	INFO	[jepsen worker 0] jepsen.util: 0	:invoke	:broadcast	49
2023-03-03 17:32:48,657{GMT}	INFO	[jepsen worker 0] jepsen.util: 0	:ok	:broadcast	49
2023-03-03 17:32:48,775{GMT}	INFO	[jepsen worker 0] jepsen.util: 0	:invoke	:broadcast	50
2023-03-03 17:32:48,776{GMT}	INFO	[jepsen worker 0] jepsen.util: 0	:ok	:broadcast	50
2023-03-03 17:32:48,951{GMT}	INFO	[jepsen worker 0] jepsen.util: 0	:invoke	:broadcast	51
2023-03-03 17:32:48,951{GMT}	INFO	[jepsen worker 0] jepsen.util: 0	:ok	:broadcast	51
2023-03-03 17:32:49,125{GMT}	INFO	[jepsen worker 0] jepsen.util: 0	:invoke	:read	nil
2023-03-03 17:32:49,126{GMT}	INFO	[jepsen worker 0] jepsen.util: 0	:ok	:read	[0 0]
2023-03-03 17:32:49,158{GMT}	INFO	[jepsen worker 0] jepsen.util: 0	:invoke	:broadcast	52
2023-03-03 17:32:49,159{GMT}	INFO	[jepsen worker 0] jepsen.util: 0	:ok	:broadcast	52
2023-03-03 17:32:49,314{GMT}	INFO	[jepsen worker 0] jepsen.util: 0	:invoke	:broadcast	53
2023-03-03 17:32:49,314{GMT}	INFO	[jepsen worker 0] jepsen.util: 0	:ok	:broadcast	53
2023-03-03 17:32:49,438{GMT}	INFO	[jepsen worker 0] jepsen.util: 0	:invoke	:read	nil
2023-03-03 17:32:49,438{GMT}	INFO	[jepsen worker 0] jepsen.util: 0	:ok	:read	[0 0]
2023-03-03 17:32:49,615{GMT}	INFO	[jepsen worker 0] jepsen.util: 0	:invoke	:read	nil
2023-03-03 17:32:49,616{GMT}	INFO	[jepsen worker 0] jepsen.util: 0	:ok	:read	[0 0]
2023-03-03 17:32:49,799{GMT}	INFO	[jepsen worker 0] jepsen.util: 0	:invoke	:broadcast	54
2023-03-03 17:32:49,800{GMT}	INFO	[jepsen worker 0] jepsen.util: 0	:ok	:broadcast	54
2023-03-03 17:32:49,819{GMT}	INFO	[jepsen worker 0] jepsen.util: 0	:invoke	:read	nil
2023-03-03 17:32:49,819{GMT}	INFO	[jepsen worker 0] jepsen.util: 0	:ok	:read	[0 0]
2023-03-03 17:32:49,922{GMT}	INFO	[jepsen worker 0] jepsen.util: 0	:invoke	:broadcast	55
2023-03-03 17:32:49,922{GMT}	INFO	[jepsen worker 0] jepsen.util: 0	:ok	:broadcast	55
2023-03-03 17:32:49,983{GMT}	INFO	[jepsen worker 0] jepsen.util: 0	:invoke	:read	nil
2023-03-03 17:32:49,983{GMT}	INFO	[jepsen worker 0] jepsen.util: 0	:ok	:read	[0 0]
2023-03-03 17:32:50,058{GMT}	INFO	[jepsen worker 0] jepsen.util: 0	:invoke	:read	nil
2023-03-03 17:32:50,058{GMT}	INFO	[jepsen worker 0] jepsen.util: 0	:ok	:read	[0 0]
2023-03-03 17:32:50,146{GMT}	INFO	[jepsen worker 0] jepsen.util: 0	:invoke	:broadcast	56
2023-03-03 17:32:50,147{GMT}	INFO	[jepsen worker 0] jepsen.util: 0	:ok	:broadcast	56
2023-03-03 17:32:50,241{GMT}	INFO	[jepsen worker 0] jepsen.util: 0	:invoke	:broadcast	57
2023-03-03 17:32:50,241{GMT}	INFO	[jepsen worker 0] jepsen.util: 0	:ok	:broadcast	57
2023-03-03 17:32:50,254{GMT}	INFO	[jepsen worker 0] jepsen.util: 0	:invoke	:read	nil
2023-03-03 17:32:50,254{GMT}	INFO	[jepsen worker 0] jepsen.util: 0	:ok	:read	[0 0]
2023-03-03 17:32:50,264{GMT}	INFO	[jepsen worker 0] jepsen.util: 0	:invoke	:read	nil
2023-03-03 17:32:50,264{GMT}	INFO	[jepsen worker 0] jepsen.util: 0	:ok	:read	[0 0]
2023-03-03 17:32:50,358{GMT}	INFO	[jepsen worker 0] jepsen.util: 0	:invoke	:read	nil
2023-03-03 17:32:50,359{GMT}	INFO	[jepsen worker 0] jepsen.util: 0	:ok	:read	[0 0]
2023-03-03 17:32:50,547{GMT}	INFO	[jepsen worker 0] jepsen.util: 0	:invoke	:read	nil
2023-03-03 17:32:50,548{GMT}	INFO	[jepsen worker 0] jepsen.util: 0	:ok	:read	[0 0]
2023-03-03 17:32:50,642{GMT}	INFO	[jepsen worker 0] jepsen.util: 0	:invoke	:read	nil
2023-03-03 17:32:50,643{GMT}	INFO	[jepsen worker 0] jepsen.util: 0	:ok	:read	[0 0]
2023-03-03 17:32:50,707{GMT}	INFO	[jepsen worker 0] jepsen.util: 0	:invoke	:broadcast	58
2023-03-03 17:32:50,708{GMT}	INFO	[jepsen worker 0] jepsen.util: 0	:ok	:broadcast	58
2023-03-03 17:32:50,901{GMT}	INFO	[jepsen worker 0] jepsen.util: 0	:invoke	:broadcast	59
2023-03-03 17:32:50,902{GMT}	INFO	[jepsen worker 0] jepsen.util: 0	:ok	:broadcast	59
2023-03-03 17:32:50,967{GMT}	INFO	[jepsen worker 0] jepsen.util: 0	:invoke	:broadcast	60
2023-03-03 17:32:50,968{GMT}	INFO	[jepsen worker 0] jepsen.util: 0	:ok	:broadcast	60
2023-03-03 17:32:51,062{GMT}	INFO	[jepsen worker 0] jepsen.util: 0	:invoke	:read	nil
2023-03-03 17:32:51,063{GMT}	INFO	[jepsen worker 0] jepsen.util: 0	:ok	:read	[0 0]
2023-03-03 17:32:51,171{GMT}	INFO	[jepsen worker 0] jepsen.util: 0	:invoke	:broadcast	61
2023-03-03 17:32:51,171{GMT}	INFO	[jepsen worker 0] jepsen.util: 0	:ok	:broadcast	61
2023-03-03 17:32:51,351{GMT}	INFO	[jepsen worker 0] jepsen.util: 0	:invoke	:read	nil
2023-03-03 17:32:51,351{GMT}	INFO	[jepsen worker 0] jepsen.util: 0	:ok	:read	[0 0]
2023-03-03 17:32:51,527{GMT}	INFO	[jepsen worker 0] jepsen.util: 0	:invoke	:broadcast	62
2023-03-03 17:32:51,528{GMT}	INFO	[jepsen worker 0] jepsen.util: 0	:ok	:broadcast	62
2023-03-03 17:32:51,572{GMT}	INFO	[jepsen worker 0] jepsen.util: 0	:invoke	:read	nil
2023-03-03 17:32:51,573{GMT}	INFO	[jepsen worker 0] jepsen.util: 0	:ok	:read	[0 0]
2023-03-03 17:32:51,719{GMT}	INFO	[jepsen worker 0] jepsen.util: 0	:invoke	:read	nil
2023-03-03 17:32:51,719{GMT}	INFO	[jepsen worker 0] jepsen.util: 0	:ok	:read	[0 0]
2023-03-03 17:32:51,859{GMT}	INFO	[jepsen worker 0] jepsen.util: 0	:invoke	:read	nil
2023-03-03 17:32:51,860{GMT}	INFO	[jepsen worker 0] jepsen.util: 0	:ok	:read	[0 0]
2023-03-03 17:32:52,013{GMT}	INFO	[jepsen worker 0] jepsen.util: 0	:invoke	:read	nil
2023-03-03 17:32:52,014{GMT}	INFO	[jepsen worker 0] jepsen.util: 0	:ok	:read	[0 0]
2023-03-03 17:32:52,048{GMT}	INFO	[jepsen worker 0] jepsen.util: 0	:invoke	:broadcast	63
2023-03-03 17:32:52,048{GMT}	INFO	[jepsen worker 0] jepsen.util: 0	:ok	:broadcast	63
2023-03-03 17:32:52,094{GMT}	INFO	[jepsen worker 0] jepsen.util: 0	:invoke	:broadcast	64
2023-03-03 17:32:52,094{GMT}	INFO	[jepsen worker 0] jepsen.util: 0	:ok	:broadcast	64
2023-03-03 17:32:52,239{GMT}	INFO	[jepsen worker 0] jepsen.util: 0	:invoke	:read	nil
2023-03-03 17:32:52,240{GMT}	INFO	[jepsen worker 0] jepsen.util: 0	:ok	:read	[0 0]
2023-03-03 17:32:52,299{GMT}	INFO	[jepsen worker 0] jepsen.util: 0	:invoke	:broadcast	65
2023-03-03 17:32:52,299{GMT}	INFO	[jepsen worker 0] jepsen.util: 0	:ok	:broadcast	65
2023-03-03 17:32:52,390{GMT}	INFO	[jepsen worker 0] jepsen.util: 0	:invoke	:read	nil
2023-03-03 17:32:52,391{GMT}	INFO	[jepsen worker 0] jepsen.util: 0	:ok	:read	[0 0]
2023-03-03 17:32:52,580{GMT}	INFO	[jepsen worker 0] jepsen.util: 0	:invoke	:read	nil
2023-03-03 17:32:52,581{GMT}	INFO	[jepsen worker 0] jepsen.util: 0	:ok	:read	[0 0]
2023-03-03 17:32:52,780{GMT}	INFO	[jepsen worker 0] jepsen.util: 0	:invoke	:read	nil
2023-03-03 17:32:52,781{GMT}	INFO	[jepsen worker 0] jepsen.util: 0	:ok	:read	[0 0]
2023-03-03 17:32:52,942{GMT}	INFO	[jepsen worker 0] jepsen.util: 0	:invoke	:read	nil
2023-03-03 17:32:52,943{GMT}	INFO	[jepsen worker 0] jepsen.util: 0	:ok	:read	[0 0]
2023-03-03 17:32:53,088{GMT}	INFO	[jepsen worker 0] jepsen.util: 0	:invoke	:read	nil
2023-03-03 17:32:53,089{GMT}	INFO	[jepsen worker 0] jepsen.util: 0	:ok	:read	[0 0]
2023-03-03 17:32:53,263{GMT}	INFO	[jepsen worker 0] jepsen.util: 0	:invoke	:read	nil
2023-03-03 17:32:53,264{GMT}	INFO	[jepsen worker 0] jepsen.util: 0	:ok	:read	[0 0]
2023-03-03 17:32:53,450{GMT}	INFO	[jepsen worker 0] jepsen.util: 0	:invoke	:broadcast	66
2023-03-03 17:32:53,451{GMT}	INFO	[jepsen worker 0] jepsen.util: 0	:ok	:broadcast	66
2023-03-03 17:32:53,532{GMT}	INFO	[jepsen worker 0] jepsen.util: 0	:invoke	:read	nil
2023-03-03 17:32:53,532{GMT}	INFO	[jepsen worker 0] jepsen.util: 0	:ok	:read	[0 0]
2023-03-03 17:32:53,582{GMT}	INFO	[jepsen worker 0] jepsen.util: 0	:invoke	:read	nil
2023-03-03 17:32:53,583{GMT}	INFO	[jepsen worker 0] jepsen.util: 0	:ok	:read	[0 0]
2023-03-03 17:32:53,613{GMT}	INFO	[jepsen worker 0] jepsen.util: 0	:invoke	:broadcast	67
2023-03-03 17:32:53,613{GMT}	INFO	[jepsen worker 0] jepsen.util: 0	:ok	:broadcast	67
2023-03-03 17:32:53,783{GMT}	INFO	[jepsen worker 0] jepsen.util: 0	:invoke	:broadcast	68
2023-03-03 17:32:53,784{GMT}	INFO	[jepsen worker 0] jepsen.util: 0	:ok	:broadcast	68
2023-03-03 17:32:53,938{GMT}	INFO	[jepsen worker 0] jepsen.util: 0	:invoke	:broadcast	69
2023-03-03 17:32:53,938{GMT}	INFO	[jepsen worker 0] jepsen.util: 0	:ok	:broadcast	69
2023-03-03 17:32:53,971{GMT}	INFO	[jepsen worker 0] jepsen.util: 0	:invoke	:read	nil
2023-03-03 17:32:53,971{GMT}	INFO	[jepsen worker 0] jepsen.util: 0	:ok	:read	[0 0]
2023-03-03 17:32:54,082{GMT}	INFO	[jepsen worker 0] jepsen.util: 0	:invoke	:broadcast	70
2023-03-03 17:32:54,083{GMT}	INFO	[jepsen worker 0] jepsen.util: 0	:ok	:broadcast	70
2023-03-03 17:32:54,172{GMT}	INFO	[jepsen worker 0] jepsen.util: 0	:invoke	:read	nil
2023-03-03 17:32:54,172{GMT}	INFO	[jepsen worker 0] jepsen.util: 0	:ok	:read	[0 0]
2023-03-03 17:32:54,230{GMT}	INFO	[jepsen worker 0] jepsen.util: 0	:invoke	:broadcast	71
2023-03-03 17:32:54,230{GMT}	INFO	[jepsen worker 0] jepsen.util: 0	:ok	:broadcast	71
2023-03-03 17:32:54,325{GMT}	INFO	[jepsen worker 0] jepsen.util: 0	:invoke	:read	nil
2023-03-03 17:32:54,325{GMT}	INFO	[jepsen worker 0] jepsen.util: 0	:ok	:read	[0 0]
2023-03-03 17:32:54,383{GMT}	INFO	[jepsen worker 0] jepsen.util: 0	:invoke	:broadcast	72
2023-03-03 17:32:54,383{GMT}	INFO	[jepsen worker 0] jepsen.util: 0	:ok	:broadcast	72
2023-03-03 17:32:54,495{GMT}	INFO	[jepsen worker 0] jepsen.util: 0	:invoke	:broadcast	73
2023-03-03 17:32:54,495{GMT}	INFO	[jepsen worker 0] jepsen.util: 0	:ok	:broadcast	73
2023-03-03 17:32:54,563{GMT}	INFO	[jepsen worker 0] jepsen.util: 0	:invoke	:broadcast	74
2023-03-03 17:32:54,563{GMT}	INFO	[jepsen worker 0] jepsen.util: 0	:ok	:broadcast	74
2023-03-03 17:32:54,657{GMT}	INFO	[jepsen worker 0] jepsen.util: 0	:invoke	:broadcast	75
2023-03-03 17:32:54,657{GMT}	INFO	[jepsen worker 0] jepsen.util: 0	:ok	:broadcast	75
2023-03-03 17:32:54,836{GMT}	INFO	[jepsen worker 0] jepsen.util: 0	:invoke	:broadcast	76
2023-03-03 17:32:54,837{GMT}	INFO	[jepsen worker 0] jepsen.util: 0	:ok	:broadcast	76
2023-03-03 17:32:55,001{GMT}	INFO	[jepsen worker 0] jepsen.util: 0	:invoke	:read	nil
2023-03-03 17:32:55,002{GMT}	INFO	[jepsen worker 0] jepsen.util: 0	:ok	:read	[0 0]
2023-03-03 17:32:55,125{GMT}	INFO	[jepsen worker 0] jepsen.util: 0	:invoke	:read	nil
2023-03-03 17:32:55,126{GMT}	INFO	[jepsen worker 0] jepsen.util: 0	:ok	:read	[0 0]
2023-03-03 17:32:55,320{GMT}	INFO	[jepsen worker 0] jepsen.util: 0	:invoke	:read	nil
2023-03-03 17:32:55,321{GMT}	INFO	[jepsen worker 0] jepsen.util: 0	:ok	:read	[0 0]
2023-03-03 17:32:55,433{GMT}	INFO	[jepsen worker 0] jepsen.util: 0	:invoke	:read	nil
2023-03-03 17:32:55,434{GMT}	INFO	[jepsen worker 0] jepsen.util: 0	:ok	:read	[0 0]
2023-03-03 17:32:55,617{GMT}	INFO	[jepsen worker 0] jepsen.util: 0	:invoke	:broadcast	77
2023-03-03 17:32:55,617{GMT}	INFO	[jepsen worker 0] jepsen.util: 0	:ok	:broadcast	77
2023-03-03 17:32:55,726{GMT}	INFO	[jepsen worker 0] jepsen.util: 0	:invoke	:read	nil
2023-03-03 17:32:55,727{GMT}	INFO	[jepsen worker 0] jepsen.util: 0	:ok	:read	[0 0]
2023-03-03 17:32:55,907{GMT}	INFO	[jepsen worker 0] jepsen.util: 0	:invoke	:read	nil
2023-03-03 17:32:55,908{GMT}	INFO	[jepsen worker 0] jepsen.util: 0	:ok	:read	[0 0]
2023-03-03 17:32:56,039{GMT}	INFO	[jepsen worker 0] jepsen.util: 0	:invoke	:broadcast	78
2023-03-03 17:32:56,040{GMT}	INFO	[jepsen worker 0] jepsen.util: 0	:ok	:broadcast	78
2023-03-03 17:32:56,235{GMT}	INFO	[jepsen worker 0] jepsen.util: 0	:invoke	:read	nil
2023-03-03 17:32:56,236{GMT}	INFO	[jepsen worker 0] jepsen.util: 0	:ok	:read	[0 0]
2023-03-03 17:32:56,238{GMT}	INFO	[jepsen worker 0] jepsen.util: 0	:invoke	:read	nil
2023-03-03 17:32:56,238{GMT}	INFO	[jepsen worker 0] jepsen.util: 0	:ok	:read	[0 0]
2023-03-03 17:32:56,294{GMT}	INFO	[jepsen worker 0] jepsen.util: 0	:invoke	:read	nil
2023-03-03 17:32:56,294{GMT}	INFO	[jepsen worker 0] jepsen.util: 0	:ok	:read	[0 0]
2023-03-03 17:32:56,452{GMT}	INFO	[jepsen worker 0] jepsen.util: 0	:invoke	:broadcast	79
2023-03-03 17:32:56,453{GMT}	INFO	[jepsen worker 0] jepsen.util: 0	:ok	:broadcast	79
2023-03-03 17:32:56,457{GMT}	INFO	[jepsen worker 0] jepsen.util: 0	:invoke	:broadcast	80
2023-03-03 17:32:56,457{GMT}	INFO	[jepsen worker 0] jepsen.util: 0	:ok	:broadcast	80
2023-03-03 17:32:56,628{GMT}	INFO	[jepsen worker 0] jepsen.util: 0	:invoke	:broadcast	81
2023-03-03 17:32:56,629{GMT}	INFO	[jepsen worker 0] jepsen.util: 0	:ok	:broadcast	81
2023-03-03 17:32:56,764{GMT}	INFO	[jepsen worker 0] jepsen.util: 0	:invoke	:read	nil
2023-03-03 17:32:56,765{GMT}	INFO	[jepsen worker 0] jepsen.util: 0	:ok	:read	[0 0]
2023-03-03 17:32:56,932{GMT}	INFO	[jepsen worker 0] jepsen.util: 0	:invoke	:broadcast	82
2023-03-03 17:32:56,933{GMT}	INFO	[jepsen worker 0] jepsen.util: 0	:ok	:broadcast	82
2023-03-03 17:32:56,934{GMT}	INFO	[jepsen worker 0] jepsen.util: 0	:invoke	:broadcast	83
2023-03-03 17:32:56,934{GMT}	INFO	[jepsen worker 0] jepsen.util: 0	:ok	:broadcast	83
2023-03-03 17:32:57,037{GMT}	INFO	[jepsen worker 0] jepsen.util: 0	:invoke	:read	nil
2023-03-03 17:32:57,038{GMT}	INFO	[jepsen worker 0] jepsen.util: 0	:ok	:read	[0 0]
2023-03-03 17:32:57,115{GMT}	INFO	[jepsen worker 0] jepsen.util: 0	:invoke	:broadcast	84
2023-03-03 17:32:57,115{GMT}	INFO	[jepsen worker 0] jepsen.util: 0	:ok	:broadcast	84
2023-03-03 17:32:57,269{GMT}	INFO	[jepsen worker 0] jepsen.util: 0	:invoke	:read	nil
2023-03-03 17:32:57,270{GMT}	INFO	[jepsen worker 0] jepsen.util: 0	:ok	:read	[0 0]
2023-03-03 17:32:57,361{GMT}	INFO	[jepsen worker 0] jepsen.util: 0	:invoke	:read	nil
2023-03-03 17:32:57,362{GMT}	INFO	[jepsen worker 0] jepsen.util: 0	:ok	:read	[0 0]
2023-03-03 17:32:57,543{GMT}	INFO	[jepsen worker 0] jepsen.util: 0	:invoke	:broadcast	85
2023-03-03 17:32:57,544{GMT}	INFO	[jepsen worker 0] jepsen.util: 0	:ok	:broadcast	85
2023-03-03 17:32:57,545{GMT}	INFO	[jepsen worker 0] jepsen.util: 0	:invoke	:read	nil
2023-03-03 17:32:57,546{GMT}	INFO	[jepsen worker 0] jepsen.util: 0	:ok	:read	[0 0]
2023-03-03 17:32:57,606{GMT}	INFO	[jepsen worker 0] jepsen.util: 0	:invoke	:read	nil
2023-03-03 17:32:57,607{GMT}	INFO	[jepsen worker 0] jepsen.util: 0	:ok	:read	[0 0]
2023-03-03 17:32:57,639{GMT}	INFO	[jepsen worker 0] jepsen.util: 0	:invoke	:read	nil
2023-03-03 17:32:57,639{GMT}	INFO	[jepsen worker 0] jepsen.util: 0	:ok	:read	[0 0]
2023-03-03 17:32:57,820{GMT}	INFO	[jepsen worker 0] jepsen.util: 0	:invoke	:read	nil
2023-03-03 17:32:57,821{GMT}	INFO	[jepsen worker 0] jepsen.util: 0	:ok	:read	[0 0]
2023-03-03 17:32:57,837{GMT}	INFO	[jepsen worker 0] jepsen.util: 0	:invoke	:read	nil
2023-03-03 17:32:57,838{GMT}	INFO	[jepsen worker 0] jepsen.util: 0	:ok	:read	[0 0]
2023-03-03 17:32:57,997{GMT}	INFO	[jepsen worker 0] jepsen.util: 0	:invoke	:read	nil
2023-03-03 17:32:57,998{GMT}	INFO	[jepsen worker 0] jepsen.util: 0	:ok	:read	[0 0]
2023-03-03 17:32:58,074{GMT}	INFO	[jepsen worker 0] jepsen.util: 0	:invoke	:read	nil
2023-03-03 17:32:58,074{GMT}	INFO	[jepsen worker 0] jepsen.util: 0	:ok	:read	[0 0]
2023-03-03 17:32:58,081{GMT}	INFO	[jepsen worker 0] jepsen.util: 0	:invoke	:read	nil
2023-03-03 17:32:58,082{GMT}	INFO	[jepsen worker 0] jepsen.util: 0	:ok	:read	[0 0]
2023-03-03 17:32:58,100{GMT}	INFO	[jepsen worker 0] jepsen.util: 0	:invoke	:read	nil
2023-03-03 17:32:58,101{GMT}	INFO	[jepsen worker 0] jepsen.util: 0	:ok	:read	[0 0]
2023-03-03 17:32:58,112{GMT}	INFO	[jepsen worker 0] jepsen.util: 0	:invoke	:broadcast	86
2023-03-03 17:32:58,113{GMT}	INFO	[jepsen worker 0] jepsen.util: 0	:ok	:broadcast	86
2023-03-03 17:32:58,130{GMT}	INFO	[jepsen worker 0] jepsen.util: 0	:invoke	:read	nil
2023-03-03 17:32:58,130{GMT}	INFO	[jepsen worker 0] jepsen.util: 0	:ok	:read	[0 0]
2023-03-03 17:32:58,130{GMT}	INFO	[jepsen worker 0] jepsen.generator.interpreter: Waiting for recovery...
2023-03-03 17:33:08,132{GMT}	INFO	[jepsen worker 0] jepsen.util: 0	:invoke	:read	nil
2023-03-03 17:33:08,133{GMT}	INFO	[jepsen worker 0] jepsen.util: 0	:ok	:read	[0 0]
2023-03-03 17:33:08,156{GMT}	INFO	[jepsen test runner] jepsen.core: Run complete, writing
2023-03-03 17:33:08,183{GMT}	INFO	[jepsen node n0] maelstrom.db: Tearing down n0
2023-03-03 17:33:10,117{GMT}	INFO	[jepsen node n0] maelstrom.net: Shutting down Maelstrom network
2023-03-03 17:33:10,117{GMT}	INFO	[jepsen test runner] jepsen.core: Analyzing...
2023-03-03 17:33:10,230{GMT}	INFO	[jepsen test runner] jepsen.core: Analysis complete
2023-03-03 17:33:10,237{GMT}	INFO	[jepsen results] jepsen.store: Wrote /home/jln/Projects/gossip-glomers/maelstrom-broadcast/store/broadcast/20230303T173236.980-0500/results.edn
2023-03-03 17:33:10,261{GMT}	INFO	[jepsen test runner] jepsen.core: {:perf {:latency-graph {:valid? true},
        :rate-graph {:valid? true},
        :valid? true},
 :timeline {:valid? true},
 :exceptions {:valid? true},
 :stats {:valid? true,
         :count 193,
         :ok-count 193,
         :fail-count 0,
         :info-count 0,
         :by-f {:broadcast {:valid? true,
                            :count 87,
                            :ok-count 87,
                            :fail-count 0,
                            :info-count 0},
                :read {:valid? true,
                       :count 106,
                       :ok-count 106,
                       :fail-count 0,
                       :info-count 0}}},
 :availability {:valid? true, :ok-fraction 1.0},
 :net {:all {:send-count 390,
             :recv-count 390,
             :msg-count 390,
             :msgs-per-op 2.0207255},
       :clients {:send-count 390, :recv-count 390, :msg-count 390},
       :servers {:send-count 0,
                 :recv-count 0,
                 :msg-count 0,
                 :msgs-per-op 0.0},
       :valid? true},
 :workload {:worst-stale (),
            :duplicated-count 0,
            :valid? false,
            :lost-count 86,
            :lost (1
                   2
                   3
                   4
                   5
                   6
                   7
                   8
                   9
                   10
                   11
                   12
                   13
                   14
                   15
                   16
                   17
                   18
                   19
                   20
                   21
                   22
                   23
                   24
                   25
                   26
                   27
                   28
                   29
                   30
                   31
                   32
                   33
                   34
                   35
                   36
                   37
                   38
                   39
                   40
                   41
                   42
                   43
                   44
                   45
                   46
                   47
                   48
                   49
                   50
                   51
                   52
                   53
                   54
                   55
                   56
                   57
                   58
                   59
                   60
                   61
                   62
                   63
                   64
                   65
                   66
                   67
                   68
                   69
                   70
                   71
                   72
                   73
                   74
                   75
                   76
                   77
                   78
                   79
                   80
                   81
                   82
                   83
                   84
                   85
                   86),
            :stable-count 1,
            :stale-count 0,
            :stale (),
            :never-read-count 0,
            :stable-latencies {0 0, 0.5 0, 0.95 0, 0.99 0, 1 0},
            :attempt-count 87,
            :lost-latencies {0 0, 0.5 0, 0.95 0, 0.99 0, 1 0},
            :never-read (),
            :duplicated {}},
 :valid? false}


Analysis invalid! (ﾉಥ益ಥ）ﾉ ┻━┻
