2023/03/04 09:13:33 Received {c0 n1 {"type":"init","node_id":"n1","node_ids":["n0","n1","n2","n3","n4"],"msg_id":1}}
2023/03/04 09:13:33 Node n1 initialized
2023/03/04 09:13:33 Sent {"src":"n1","dest":"c0","body":{"in_reply_to":1,"type":"init_ok"}}
2023/03/04 09:13:33 Received {c6 n1 {"type":"topology","topology":{"n0":["n3","n1"],"n1":["n4","n2","n0"],"n2":["n1"],"n3":["n0","n4"],"n4":["n1","n3"]},"msg_id":1}}
2023/03/04 09:13:33 Sent {"src":"n1","dest":"c6","body":{"in_reply_to":1,"type":"topology_ok"}}
2023/03/04 09:13:33 Received {c11 n1 {"type":"read","msg_id":1}}
2023/03/04 09:13:33 Sent {"src":"n1","dest":"c11","body":{"in_reply_to":1,"messages":[],"type":"read_ok"}}
2023/03/04 09:13:33 Received {n2 n1 {"msg_id":1,"type":"broadcast"}}
2023/03/04 09:13:33 Sent {"src":"n1","dest":"n4","body":{"msg_id":1,"type":"broadcast"}}
2023/03/04 09:13:33 Sent {"src":"n1","dest":"n2","body":{"msg_id":2,"type":"broadcast"}}
2023/03/04 09:13:33 Sent {"src":"n1","dest":"n0","body":{"msg_id":3,"type":"broadcast"}}
2023/03/04 09:13:33 Sent {"src":"n1","dest":"n2","body":{"in_reply_to":1,"type":"broadcast_ok"}}
2023/03/04 09:13:33 Received {n4 n1 {"msg_id":1,"type":"broadcast"}}
2023/03/04 09:13:33 Sent {"src":"n1","dest":"n4","body":{"msg_id":4,"type":"broadcast"}}
2023/03/04 09:13:33 Sent {"src":"n1","dest":"n2","body":{"msg_id":5,"type":"broadcast"}}
2023/03/04 09:13:33 Sent {"src":"n1","dest":"n0","body":{"msg_id":6,"type":"broadcast"}}
2023/03/04 09:13:33 Sent {"src":"n1","dest":"n4","body":{"in_reply_to":1,"type":"broadcast_ok"}}
2023/03/04 09:13:33 Received {n2 n1 {"msg_id":2,"type":"broadcast"}}
2023/03/04 09:13:33 Sent {"src":"n1","dest":"n4","body":{"msg_id":7,"type":"broadcast"}}
2023/03/04 09:13:33 Sent {"src":"n1","dest":"n2","body":{"msg_id":8,"type":"broadcast"}}
2023/03/04 09:13:33 Sent {"src":"n1","dest":"n0","body":{"msg_id":9,"type":"broadcast"}}
2023/03/04 09:13:33 Sent {"src":"n1","dest":"n2","body":{"in_reply_to":2,"type":"broadcast_ok"}}
2023/03/04 09:13:33 Received {n2 n1 {"in_reply_to":2,"type":"broadcast_ok"}}
2023/03/04 09:13:33 Sent {"src":"n1","dest":"n2","body":{"in_reply_to":0,"type":"broadcast_ok"}}
2023/03/04 09:13:33 Received {n4 n1 {"in_reply_to":1,"type":"broadcast_ok"}}
2023/03/04 09:13:33 Sent {"src":"n1","dest":"n4","body":{"in_reply_to":0,"type":"broadcast_ok"}}
2023/03/04 09:13:33 Received {n2 n1 {"in_reply_to":0,"type":"broadcast_ok"}}
2023/03/04 09:13:33 No handler for {"id":38,"src":"n2","dest":"n1","body":{"in_reply_to":0,"type":"broadcast_ok"}}
