2023/03/04 09:13:33 Received {c2 n2 {"type":"init","node_id":"n2","node_ids":["n0","n1","n2","n3","n4"],"msg_id":1}}
2023/03/04 09:13:33 Node n2 initialized
2023/03/04 09:13:33 Sent {"src":"n2","dest":"c2","body":{"in_reply_to":1,"type":"init_ok"}}
2023/03/04 09:13:33 Received {c7 n2 {"type":"topology","topology":{"n0":["n3","n1"],"n1":["n4","n2","n0"],"n2":["n1"],"n3":["n0","n4"],"n4":["n1","n3"]},"msg_id":1}}
2023/03/04 09:13:33 Sent {"src":"n2","dest":"c7","body":{"in_reply_to":1,"type":"topology_ok"}}
2023/03/04 09:13:33 Received {c12 n2 {"type":"broadcast","message":0,"msg_id":1}}
2023/03/04 09:13:33 Sent {"src":"n2","dest":"n1","body":{"msg_id":1,"type":"broadcast"}}
2023/03/04 09:13:33 Sent {"src":"n2","dest":"c12","body":{"in_reply_to":1,"type":"broadcast_ok"}}
2023/03/04 09:13:33 Received {n1 n2 {"msg_id":2,"type":"broadcast"}}
2023/03/04 09:13:33 Sent {"src":"n2","dest":"n1","body":{"msg_id":2,"type":"broadcast"}}
2023/03/04 09:13:33 Sent {"src":"n2","dest":"n1","body":{"in_reply_to":2,"type":"broadcast_ok"}}
2023/03/04 09:13:33 Received {n1 n2 {"in_reply_to":1,"type":"broadcast_ok"}}
2023/03/04 09:13:33 Sent {"src":"n2","dest":"n1","body":{"in_reply_to":0,"type":"broadcast_ok"}}
2023/03/04 09:13:33 Received {n1 n2 {"msg_id":5,"type":"broadcast"}}
2023/03/04 09:13:33 Sent {"src":"n2","dest":"n1","body":{"msg_id":3,"type":"broadcast"}}
2023/03/04 09:13:33 Sent {"src":"n2","dest":"n1","body":{"in_reply_to":5,"type":"broadcast_ok"}}
2023/03/04 09:13:33 Received {n1 n2 {"msg_id":8,"type":"broadcast"}}
2023/03/04 09:13:33 Sent {"src":"n2","dest":"n1","body":{"msg_id":4,"type":"broadcast"}}
2023/03/04 09:13:33 Sent {"src":"n2","dest":"n1","body":{"in_reply_to":8,"type":"broadcast_ok"}}
2023/03/04 09:13:33 Received {n1 n2 {"in_reply_to":2,"type":"broadcast_ok"}}
2023/03/04 09:13:33 Received {n1 n2 {"in_reply_to":0,"type":"broadcast_ok"}}
2023/03/04 09:13:33 No handler for {"id":66,"src":"n1","dest":"n2","body":{"in_reply_to":0,"type":"broadcast_ok"}}
