2023/03/04 09:13:33 Received {c1 n3 {"type":"init","node_id":"n3","node_ids":["n0","n1","n2","n3","n4"],"msg_id":1}}
2023/03/04 09:13:33 Node n3 initialized
2023/03/04 09:13:33 Sent {"src":"n3","dest":"c1","body":{"in_reply_to":1,"type":"init_ok"}}
2023/03/04 09:13:33 Received {c8 n3 {"type":"topology","topology":{"n0":["n3","n1"],"n1":["n4","n2","n0"],"n2":["n1"],"n3":["n0","n4"],"n4":["n1","n3"]},"msg_id":1}}
2023/03/04 09:13:33 Sent {"src":"n3","dest":"c8","body":{"in_reply_to":1,"type":"topology_ok"}}
2023/03/04 09:13:33 Received {n4 n3 {"msg_id":2,"type":"broadcast"}}
2023/03/04 09:13:33 Sent {"src":"n3","dest":"n0","body":{"msg_id":1,"type":"broadcast"}}
2023/03/04 09:13:33 Sent {"src":"n3","dest":"n4","body":{"msg_id":2,"type":"broadcast"}}
2023/03/04 09:13:33 Sent {"src":"n3","dest":"n4","body":{"in_reply_to":2,"type":"broadcast_ok"}}
2023/03/04 09:13:33 Received {n0 n3 {"msg_id":1,"type":"broadcast"}}
2023/03/04 09:13:33 Sent {"src":"n3","dest":"n0","body":{"msg_id":3,"type":"broadcast"}}
2023/03/04 09:13:33 Sent {"src":"n3","dest":"n4","body":{"msg_id":4,"type":"broadcast"}}
2023/03/04 09:13:33 Sent {"src":"n3","dest":"n0","body":{"in_reply_to":1,"type":"broadcast_ok"}}
2023/03/04 09:13:33 Received {n4 n3 {"msg_id":4,"type":"broadcast"}}
2023/03/04 09:13:33 Sent {"src":"n3","dest":"n0","body":{"msg_id":5,"type":"broadcast"}}
2023/03/04 09:13:33 Sent {"src":"n3","dest":"n4","body":{"msg_id":6,"type":"broadcast"}}
2023/03/04 09:13:33 Sent {"src":"n3","dest":"n4","body":{"in_reply_to":4,"type":"broadcast_ok"}}
2023/03/04 09:13:33 Received {n0 n3 {"msg_id":3,"type":"broadcast"}}
2023/03/04 09:13:33 Sent {"src":"n3","dest":"n0","body":{"msg_id":7,"type":"broadcast"}}
2023/03/04 09:13:33 Sent {"src":"n3","dest":"n4","body":{"msg_id":8,"type":"broadcast"}}
2023/03/04 09:13:33 Sent {"src":"n3","dest":"n0","body":{"in_reply_to":3,"type":"broadcast_ok"}}
2023/03/04 09:13:33 Received {n4 n3 {"msg_id":6,"type":"broadcast"}}
2023/03/04 09:13:33 Sent {"src":"n3","dest":"n0","body":{"msg_id":9,"type":"broadcast"}}
2023/03/04 09:13:33 Sent {"src":"n3","dest":"n4","body":{"msg_id":10,"type":"broadcast"}}
2023/03/04 09:13:33 Sent {"src":"n3","dest":"n4","body":{"in_reply_to":6,"type":"broadcast_ok"}}
2023/03/04 09:13:33 Received {n0 n3 {"in_reply_to":1,"type":"broadcast_ok"}}
2023/03/04 09:13:33 Received {n4 n3 {"in_reply_to":2,"type":"broadcast_ok"}}
2023/03/04 09:13:33 Received {n0 n3 {"msg_id":5,"type":"broadcast"}}
2023/03/04 09:13:33 Sent {"src":"n3","dest":"n4","body":{"in_reply_to":0,"type":"broadcast_ok"}}
2023/03/04 09:13:33 Sent {"src":"n3","dest":"n0","body":{"in_reply_to":0,"type":"broadcast_ok"}}
2023/03/04 09:13:33 Sent {"src":"n3","dest":"n0","body":{"msg_id":11,"type":"broadcast"}}
2023/03/04 09:13:33 Sent {"src":"n3","dest":"n4","body":{"msg_id":12,"type":"broadcast"}}
2023/03/04 09:13:33 Sent {"src":"n3","dest":"n0","body":{"in_reply_to":5,"type":"broadcast_ok"}}
2023/03/04 09:13:33 Received {n4 n3 {"in_reply_to":0,"type":"broadcast_ok"}}
2023/03/04 09:13:33 No handler for {"id":76,"src":"n4","dest":"n3","body":{"in_reply_to":0,"type":"broadcast_ok"}}
